2024-11-04 05:43:58.773 [info] [main] Log level: Info
2024-11-04 05:43:58.773 [info] [main] Validating found git in: "git"
2024-11-04 05:43:58.773 [info] [main] Using git "2.25.1" from "git"
2024-11-04 05:43:58.773 [info] [Model][doInitialScan] Initial repository scan started
2024-11-04 05:43:58.773 [info] > git rev-parse --show-toplevel [1026ms]
2024-11-04 05:43:58.773 [info] fatal: not a git repository (or any of the parent directories): .git
2024-11-04 05:43:58.773 [info] > git rev-parse --show-toplevel [3ms]
2024-11-04 05:43:58.773 [info] fatal: not a git repository (or any of the parent directories): .git
2024-11-04 05:43:58.788 [info] > git rev-parse --show-toplevel [10ms]
2024-11-04 05:43:58.978 [info] > git rev-parse --git-dir --git-common-dir [186ms]
2024-11-04 05:43:58.990 [info] [Model][openRepository] Opened repository: /var/www/html/DVWA
2024-11-04 05:43:59.006 [info] > git config --get commit.template [10ms]
2024-11-04 05:43:59.012 [info] > git rev-parse --show-toplevel [12ms]
2024-11-04 05:43:59.031 [info] > git rev-parse --git-dir --git-common-dir [10ms]
2024-11-04 05:43:59.035 [info] [Model][openRepository] Opened repository: /var/www/html/kit214-tutorial9-php
2024-11-04 05:43:59.303 [info] > git rev-parse --show-toplevel [102ms]
2024-11-04 05:43:59.303 [info] fatal: not a git repository (or any of the parent directories): .git
2024-11-04 05:43:59.304 [info] > git config --get commit.template [115ms]
2024-11-04 05:43:59.304 [info] > git for-each-ref --format=%(refname)%00%(upstream:short)%00%(objectname)%00%(upstream:track)%00%(upstream:remotename)%00%(upstream:remoteref) refs/heads/master refs/remotes/master [288ms]
2024-11-04 05:43:59.323 [warning] [Git][revParse] Unable to read file: ENOENT: no such file or directory, open '/var/www/html/DVWA/.git/refs/remotes/origin/master'
2024-11-04 05:43:59.335 [info] > git rev-parse --show-toplevel [21ms]
2024-11-04 05:43:59.335 [info] fatal: not a git repository (or any of the parent directories): .git
2024-11-04 05:43:59.347 [info] > git rev-parse refs/remotes/origin/master [23ms]
2024-11-04 05:43:59.362 [info] > git rev-parse --show-toplevel [21ms]
2024-11-04 05:43:59.362 [info] fatal: not a git repository (or any of the parent directories): .git
2024-11-04 05:43:59.363 [info] > git for-each-ref --format=%(refname)%00%(upstream:short)%00%(objectname)%00%(upstream:track)%00%(upstream:remotename)%00%(upstream:remoteref) refs/heads/main refs/remotes/main [32ms]
2024-11-04 05:43:59.374 [warning] [Git][revParse] Unable to read file: ENOENT: no such file or directory, open '/var/www/html/kit214-tutorial9-php/.git/refs/remotes/origin/main'
2024-11-04 05:43:59.375 [info] > git rev-parse --show-toplevel [7ms]
2024-11-04 05:43:59.375 [info] fatal: not a git repository (or any of the parent directories): .git
2024-11-04 05:43:59.388 [info] > git rev-parse refs/remotes/origin/main [15ms]
2024-11-04 05:43:59.738 [info] > git status -z -uall [385ms]
2024-11-04 05:43:59.738 [info] > git status -z -uall [344ms]
2024-11-04 05:43:59.738 [info] > git rev-parse --show-toplevel [350ms]
2024-11-04 05:43:59.738 [info] fatal: not a git repository (or any of the parent directories): .git
2024-11-04 05:43:59.738 [info] > git for-each-ref --sort -committerdate --format %(refname) %(objectname) %(*objectname) [378ms]
2024-11-04 05:43:59.757 [info] > git for-each-ref --sort -committerdate --format %(refname) %(objectname) %(*objectname) [355ms]
2024-11-04 05:43:59.774 [info] > git for-each-ref --format=%(refname)%00%(upstream:short)%00%(objectname)%00%(upstream:track)%00%(upstream:remotename)%00%(upstream:remoteref) refs/heads/main refs/remotes/main [10ms]
2024-11-04 05:43:59.778 [info] > git for-each-ref --format=%(refname)%00%(upstream:short)%00%(objectname)%00%(upstream:track)%00%(upstream:remotename)%00%(upstream:remoteref) refs/heads/master refs/remotes/master [22ms]
2024-11-04 05:43:59.782 [info] > git rev-parse --show-toplevel [36ms]
2024-11-04 05:43:59.782 [info] fatal: not a git repository (or any of the parent directories): .git
2024-11-04 05:43:59.796 [info] > git config --local branch.main.vscode-merge-base [19ms]
2024-11-04 05:43:59.796 [warning] [Git][config] git config failed: Failed to execute git
2024-11-04 05:43:59.800 [info] > git config --get commit.template [28ms]
2024-11-04 05:43:59.800 [info] > git config --get commit.template [32ms]
2024-11-04 05:43:59.816 [info] > git check-ignore -v -z --stdin [12ms]
2024-11-04 05:43:59.817 [info] > git check-ignore -v -z --stdin [9ms]
2024-11-04 05:43:59.818 [info] > git reflog main --grep-reflog=branch: Created from *. [18ms]
2024-11-04 05:43:59.821 [info] > git rev-parse --show-toplevel [36ms]
2024-11-04 05:43:59.821 [info] fatal: not a git repository (or any of the parent directories): .git
2024-11-04 05:43:59.824 [info] [Model][doInitialScan] Initial repository scan completed - repositories (2), closed repositories (0), parent repositories (0), unsafe repositories (0)
2024-11-04 05:43:59.824 [info] > git config --local branch.master.vscode-merge-base [43ms]
2024-11-04 05:43:59.841 [info] > git symbolic-ref --short refs/remotes/origin/HEAD [20ms]
2024-11-04 05:43:59.846 [info] > git rev-parse --show-toplevel [8ms]
2024-11-04 05:43:59.847 [info] fatal: not a git repository (or any of the parent directories): .git
2024-11-04 05:43:59.847 [info] > git for-each-ref --format=%(refname)%00%(upstream:short)%00%(objectname)%00%(upstream:track)%00%(upstream:remotename)%00%(upstream:remoteref) refs/heads/main refs/remotes/main [13ms]
2024-11-04 05:43:59.847 [info] > git for-each-ref --format=%(refname)%00%(upstream:short)%00%(objectname)%00%(upstream:track)%00%(upstream:remotename)%00%(upstream:remoteref) refs/heads/master refs/remotes/master [16ms]
2024-11-04 05:43:59.847 [info] > git for-each-ref --format=%(refname)%00%(upstream:short)%00%(objectname)%00%(upstream:track)%00%(upstream:remotename)%00%(upstream:remoteref) refs/heads/origin/master refs/remotes/origin/master [20ms]
2024-11-04 05:43:59.867 [warning] [Git][revParse] Unable to read file: ENOENT: no such file or directory, open '/var/www/html/kit214-tutorial9-php/.git/refs/remotes/origin/main'
2024-11-04 05:43:59.871 [warning] [Git][revParse] Unable to read file: ENOENT: no such file or directory, open '/var/www/html/DVWA/.git/refs/remotes/origin/master'
2024-11-04 05:43:59.872 [info] > git merge-base refs/heads/master refs/remotes/origin/master [21ms]
2024-11-04 05:43:59.877 [info] > git for-each-ref --format=%(refname)%00%(upstream:short)%00%(objectname)%00%(upstream:track)%00%(upstream:remotename)%00%(upstream:remoteref) refs/heads/origin/main refs/remotes/origin/main [33ms]
2024-11-04 05:43:59.913 [info] > git diff --name-status -z --diff-filter=ADMR fd46b369c24f009ef36c7b4e7e66227a96b54db9...refs/remotes/origin/master [37ms]
2024-11-04 05:43:59.914 [info] > git rev-parse refs/remotes/origin/master [43ms]
2024-11-04 05:43:59.927 [info] > git rev-parse refs/remotes/origin/main [60ms]
2024-11-04 05:43:59.975 [info] > git status -z -uall [56ms]
2024-11-04 05:43:59.975 [info] > git status -z -uall [41ms]
2024-11-04 05:43:59.976 [info] > git for-each-ref --sort -committerdate --format %(refname) %(objectname) %(*objectname) [48ms]
2024-11-04 05:43:59.985 [info] > git config --local branch.main.vscode-merge-base origin/main [104ms]
2024-11-04 05:43:59.993 [info] > git for-each-ref --sort -committerdate --format %(refname) %(objectname) %(*objectname) [52ms] (cancelled)
2024-11-04 05:44:01.653 [info] > git for-each-ref --format=%(refname)%00%(upstream:short)%00%(objectname)%00%(upstream:track)%00%(upstream:remotename)%00%(upstream:remoteref) refs/heads/main refs/remotes/main [1639ms]
2024-11-04 05:44:01.653 [info] > git config --get commit.template [1649ms]
2024-11-04 05:44:01.653 [info] > git for-each-ref --format=%(refname)%00%(upstream:short)%00%(objectname)%00%(upstream:track)%00%(upstream:remotename)%00%(upstream:remoteref) refs/heads/main refs/remotes/main [1655ms]
2024-11-04 05:44:01.661 [warning] [Git][revParse] Unable to read file: ENOENT: no such file or directory, open '/var/www/html/kit214-tutorial9-php/.git/refs/remotes/origin/main'
2024-11-04 05:44:01.663 [info] > git config --local branch.main.vscode-merge-base [6ms]
2024-11-04 05:44:01.754 [info] > git rev-parse refs/remotes/origin/main [94ms]
2024-11-04 05:44:01.771 [info] > git status -z -uall [13ms]
2024-11-04 05:44:01.771 [info] > git for-each-ref --format=%(refname)%00%(upstream:short)%00%(objectname)%00%(upstream:track)%00%(upstream:remotename)%00%(upstream:remoteref) refs/heads/origin/main refs/remotes/origin/main [101ms]
2024-11-04 05:44:01.778 [info] > git for-each-ref --sort -committerdate --format %(refname) %(objectname) %(*objectname) [16ms]
2024-11-04 05:44:01.797 [info] > git merge-base refs/heads/main refs/remotes/origin/main [10ms]
2024-11-04 05:44:01.806 [info] > git merge-base refs/heads/main refs/remotes/origin/main [30ms]
2024-11-04 05:44:01.815 [info] > git diff --name-status -z --diff-filter=ADMR b5e820ae438b360470bc13ccf875a3ed28e316a6...refs/remotes/origin/main [12ms]
2024-11-04 05:44:01.815 [info] > git merge-base refs/heads/main refs/remotes/origin/main [27ms]
2024-11-04 05:44:01.823 [info] > git diff --name-status -z --diff-filter=ADMR b5e820ae438b360470bc13ccf875a3ed28e316a6...refs/remotes/origin/main [11ms]
2024-11-04 05:44:02.117 [info] > git diff --name-status -z --diff-filter=ADMR b5e820ae438b360470bc13ccf875a3ed28e316a6...refs/remotes/origin/main [298ms]
