2024-10-27 02:51:54.681 [info] [main] Log level: Info
2024-10-27 02:51:54.681 [info] [main] Validating found git in: "git"
2024-10-27 02:51:54.681 [info] [main] Using git "2.25.1" from "git"
2024-10-27 02:51:54.681 [info] [Model][doInitialScan] Initial repository scan started
2024-10-27 02:51:54.681 [info] > git rev-parse --show-toplevel [3655ms]
2024-10-27 02:51:54.681 [info] fatal: not a git repository (or any of the parent directories): .git
2024-10-27 02:51:54.681 [info] > git rev-parse --show-toplevel [739ms]
2024-10-27 02:51:54.682 [info] fatal: not a git repository (or any of the parent directories): .git
2024-10-27 02:51:54.684 [info] > git rev-parse --show-toplevel [71ms]
2024-10-27 02:51:54.684 [info] fatal: not a git repository (or any of the parent directories): .git
2024-10-27 02:51:55.231 [info] > git rev-parse --show-toplevel [328ms]
2024-10-27 02:51:55.231 [info] fatal: not a git repository (or any of the parent directories): .git
2024-10-27 02:51:56.433 [info] > git rev-parse --show-toplevel [67ms]
2024-10-27 02:51:56.433 [info] fatal: not a git repository (or any of the parent directories): .git
2024-10-27 02:51:56.579 [info] > git rev-parse --show-toplevel [124ms]
2024-10-27 02:51:56.584 [info] fatal: not a git repository (or any of the parent directories): .git
2024-10-27 02:51:56.637 [info] > git rev-parse --show-toplevel [44ms]
2024-10-27 02:51:56.638 [info] fatal: not a git repository (or any of the parent directories): .git
2024-10-27 02:51:56.658 [info] > git rev-parse --show-toplevel [6ms]
2024-10-27 02:51:56.658 [info] fatal: not a git repository (or any of the parent directories): .git
2024-10-27 02:51:56.701 [info] > git rev-parse --show-toplevel [26ms]
2024-10-27 02:51:56.701 [info] fatal: not a git repository (or any of the parent directories): .git
2024-10-27 02:51:56.725 [info] > git rev-parse --show-toplevel [8ms]
2024-10-27 02:51:56.759 [info] > git rev-parse --git-dir --git-common-dir [10ms]
2024-10-27 02:51:56.785 [info] [Model][openRepository] Opened repository: /home/kit214/.nvm
2024-10-27 02:51:56.845 [info] > git rev-parse --show-toplevel [15ms]
2024-10-27 02:51:56.848 [info] fatal: not a git repository (or any of the parent directories): .git
2024-10-27 02:51:56.852 [info] > git config --get commit.template [34ms]
2024-10-27 02:51:57.295 [info] > git rev-parse --show-toplevel [424ms]
2024-10-27 02:51:57.295 [info] fatal: not a git repository (or any of the parent directories): .git
2024-10-27 02:51:57.343 [info] > git for-each-ref --format %(refname) %(objectname) %(*objectname) refs/tags [468ms]
2024-10-27 02:51:58.098 [info] > git status -z -uall [741ms]
2024-10-27 02:51:58.098 [info] > git rev-parse --show-toplevel [773ms]
2024-10-27 02:51:58.098 [info] fatal: not a git repository (or any of the parent directories): .git
2024-10-27 02:51:58.109 [info] > git for-each-ref --sort -committerdate --format %(refname) %(objectname) %(*objectname) [743ms]
2024-10-27 02:51:58.150 [info] > git rev-parse --show-toplevel [43ms]
2024-10-27 02:51:58.209 [info] > git config --get commit.template [59ms]
2024-10-27 02:51:58.237 [info] > git rev-parse --git-dir --git-common-dir [78ms]
2024-10-27 02:51:58.246 [info] [Model][openRepository] Opened repository: /home/kit214/php_web_scraper
2024-10-27 02:51:58.313 [info] > git for-each-ref --format %(refname) %(objectname) %(*objectname) refs/tags [83ms]
2024-10-27 02:51:58.438 [info] > git status -z -uall [116ms]
2024-10-27 02:51:58.440 [info] > git rev-parse --show-toplevel [155ms]
2024-10-27 02:51:58.440 [info] fatal: not a git repository (or any of the parent directories): .git
2024-10-27 02:51:58.441 [info] > git config --get commit.template [166ms]
2024-10-27 02:51:58.480 [info] > git for-each-ref --sort -committerdate --format %(refname) %(objectname) %(*objectname) [144ms]
2024-10-27 02:51:58.507 [info] > git rev-parse --show-toplevel [30ms]
2024-10-27 02:51:58.507 [info] fatal: not a git repository (or any of the parent directories): .git
2024-10-27 02:51:58.585 [info] > git rev-parse --show-toplevel [63ms]
2024-10-27 02:51:58.586 [info] fatal: not a git repository (or any of the parent directories): .git
2024-10-27 02:51:58.591 [info] [Model][doInitialScan] Initial repository scan completed - repositories (2), closed repositories (0), parent repositories (0), unsafe repositories (0)
2024-10-27 02:51:58.598 [info] > git for-each-ref --format=%(refname)%00%(upstream:short)%00%(objectname)%00%(upstream:track)%00%(upstream:remotename)%00%(upstream:remoteref) refs/heads/master refs/remotes/master [96ms]
2024-10-27 02:51:58.616 [warning] [Git][revParse] Unable to read file: ENOENT: no such file or directory, open '/home/kit214/php_web_scraper/.git/refs/remotes/origin/master'
2024-10-27 02:51:58.624 [info] > git rev-parse refs/remotes/origin/master [7ms]
2024-10-27 02:51:58.687 [info] > git for-each-ref --sort -committerdate --format %(refname) %(objectname) %(*objectname) [33ms]
2024-10-27 02:51:58.899 [info] > git check-ignore -v -z --stdin [4ms]
2024-10-27 02:51:59.120 [info] > git status -z -uall [483ms]
2024-10-27 02:51:59.215 [info] > git for-each-ref --format=%(refname)%00%(upstream:short)%00%(objectname)%00%(upstream:track)%00%(upstream:remotename)%00%(upstream:remoteref) refs/heads/master refs/remotes/master [61ms]
2024-10-27 02:51:59.240 [info] > git config --get commit.template [71ms]
2024-10-27 02:51:59.363 [info] > git config --local branch.master.vscode-merge-base [130ms]
2024-10-27 02:51:59.391 [info] > git for-each-ref --format=%(refname)%00%(upstream:short)%00%(objectname)%00%(upstream:track)%00%(upstream:remotename)%00%(upstream:remoteref) refs/heads/master refs/remotes/master [136ms]
2024-10-27 02:51:59.413 [warning] [Git][revParse] Unable to read file: ENOENT: no such file or directory, open '/home/kit214/php_web_scraper/.git/refs/remotes/origin/master'
2024-10-27 02:51:59.414 [info] > git for-each-ref --format=%(refname)%00%(upstream:short)%00%(objectname)%00%(upstream:track)%00%(upstream:remotename)%00%(upstream:remoteref) refs/heads/origin/master refs/remotes/origin/master [31ms]
2024-10-27 02:51:59.694 [info] > git rev-parse refs/remotes/origin/master [281ms]
2024-10-27 02:51:59.746 [info] > git merge-base refs/heads/master refs/remotes/origin/master [318ms]
2024-10-27 02:51:59.762 [info] > git for-each-ref --sort -committerdate --format %(refname) %(objectname) %(*objectname) [42ms]
2024-10-27 02:51:59.771 [info] > git diff --name-status -z --diff-filter=ADMR 2b38783eea968fa879315155461ab44f19fd1411...refs/remotes/origin/master [11ms]
2024-10-27 02:52:02.011 [info] > git status -z -uall [2303ms]
2024-10-27 02:53:07.591 [info] > git rev-parse --show-toplevel [5ms]
2024-10-27 02:53:07.591 [info] fatal: not a git repository (or any of the parent directories): .git
2024-10-27 03:00:14.557 [info] > git check-ignore -v -z --stdin [2ms]
2024-10-27 03:00:23.640 [info] > git rev-parse --show-toplevel [25ms]
2024-10-27 03:00:23.640 [info] fatal: not a git repository (or any of the parent directories): .git
2024-10-27 03:04:31.523 [info] > git rev-parse --show-toplevel [3ms]
2024-10-27 03:04:31.524 [info] fatal: not a git repository (or any of the parent directories): .git
2024-10-27 03:11:30.165 [info] > git rev-parse --show-toplevel [3ms]
2024-10-27 03:11:30.165 [info] fatal: not a git repository (or any of the parent directories): .git
2024-10-27 03:13:51.661 [info] > git rev-parse --show-toplevel [8ms]
2024-10-27 03:13:51.666 [info] fatal: not a git repository (or any of the parent directories): .git
2024-10-27 03:18:52.130 [info] > git rev-parse --show-toplevel [2ms]
2024-10-27 03:18:52.130 [info] fatal: not a git repository (or any of the parent directories): .git
2024-10-27 03:18:54.148 [info] > git rev-parse --show-toplevel [2ms]
2024-10-27 03:18:54.148 [info] fatal: not a git repository (or any of the parent directories): .git
2024-10-27 03:20:24.784 [info] > git rev-parse --show-toplevel [2ms]
2024-10-27 03:20:24.784 [info] fatal: not a git repository (or any of the parent directories): .git
2024-10-27 03:35:01.353 [info] > git rev-parse --show-toplevel [1ms]
2024-10-27 03:35:01.353 [info] fatal: not a git repository (or any of the parent directories): .git
2024-10-27 03:44:37.763 [info] > git rev-parse --show-toplevel [3ms]
2024-10-27 03:44:37.763 [info] fatal: not a git repository (or any of the parent directories): .git
2024-10-27 04:03:11.908 [info] > git rev-parse --show-toplevel [4ms]
2024-10-27 04:03:11.912 [info] fatal: not a git repository (or any of the parent directories): .git
2024-10-27 04:04:22.287 [info] > git rev-parse --show-toplevel [2ms]
2024-10-27 04:04:22.288 [info] fatal: not a git repository (or any of the parent directories): .git
2024-10-27 04:04:28.657 [info] > git rev-parse --show-toplevel [4ms]
2024-10-27 04:04:28.657 [info] fatal: not a git repository (or any of the parent directories): .git
2024-10-27 04:05:03.413 [info] > git rev-parse --show-toplevel [3ms]
2024-10-27 04:05:03.413 [info] fatal: not a git repository (or any of the parent directories): .git
2024-10-27 04:13:48.952 [info] > git rev-parse --show-toplevel [3ms]
2024-10-27 04:13:48.952 [info] fatal: not a git repository (or any of the parent directories): .git
2024-10-27 04:13:55.717 [info] > git rev-parse --show-toplevel [2ms]
2024-10-27 04:13:55.717 [info] fatal: not a git repository (or any of the parent directories): .git
2024-10-27 04:13:58.258 [info] > git rev-parse --show-toplevel [4ms]
2024-10-27 04:13:58.258 [info] fatal: not a git repository (or any of the parent directories): .git
2024-10-27 04:14:01.364 [info] > git rev-parse --show-toplevel [2ms]
2024-10-27 04:14:01.364 [info] fatal: not a git repository (or any of the parent directories): .git
2024-10-27 04:16:09.292 [info] > git rev-parse --show-toplevel [3ms]
2024-10-27 04:16:09.292 [info] fatal: not a git repository (or any of the parent directories): .git
2024-10-27 04:16:31.788 [info] > git rev-parse --show-toplevel [5ms]
2024-10-27 04:16:31.788 [info] fatal: not a git repository (or any of the parent directories): .git
2024-10-27 04:20:58.288 [info] > git rev-parse --show-toplevel [3ms]
2024-10-27 04:20:58.288 [info] fatal: not a git repository (or any of the parent directories): .git
2024-10-27 04:21:09.133 [info] > git rev-parse --show-toplevel [2ms]
2024-10-27 04:21:09.133 [info] fatal: not a git repository (or any of the parent directories): .git
2024-10-27 04:24:37.917 [info] > git rev-parse --show-toplevel [3ms]
2024-10-27 04:24:37.917 [info] fatal: not a git repository (or any of the parent directories): .git
2024-10-27 04:33:46.274 [info] > git rev-parse --show-toplevel [3ms]
2024-10-27 04:33:46.274 [info] fatal: not a git repository (or any of the parent directories): .git
2024-10-27 04:33:48.883 [info] > git rev-parse --show-toplevel [3ms]
2024-10-27 04:33:48.883 [info] fatal: not a git repository (or any of the parent directories): .git
