2024-10-22 05:58:39.975 [info] [main] Log level: Info
2024-10-22 05:58:39.975 [info] [main] Validating found git in: "git"
2024-10-22 05:58:39.975 [info] [main] Using git "2.25.1" from "git"
2024-10-22 05:58:39.975 [info] [Model][doInitialScan] Initial repository scan started
2024-10-22 05:58:39.975 [info] > git rev-parse --show-toplevel [48ms]
2024-10-22 05:58:39.975 [info] fatal: not a git repository (or any of the parent directories): .git
2024-10-22 05:58:40.015 [info] > git rev-parse --show-toplevel [36ms]
2024-10-22 05:58:40.018 [info] fatal: not a git repository (or any of the parent directories): .git
2024-10-22 05:58:41.504 [info] > git rev-parse --show-toplevel [1475ms]
2024-10-22 05:58:41.504 [info] fatal: not a git repository (or any of the parent directories): .git
2024-10-22 05:58:41.535 [info] > git rev-parse --show-toplevel [23ms]
2024-10-22 05:58:41.535 [info] fatal: not a git repository (or any of the parent directories): .git
2024-10-22 05:58:41.857 [info] > git rev-parse --show-toplevel [317ms]
2024-10-22 05:58:41.857 [info] fatal: not a git repository (or any of the parent directories): .git
2024-10-22 05:58:42.552 [info] > git rev-parse --show-toplevel [686ms]
2024-10-22 05:58:42.552 [info] fatal: not a git repository (or any of the parent directories): .git
2024-10-22 05:58:42.609 [info] > git rev-parse --show-toplevel [46ms]
2024-10-22 05:58:42.609 [info] fatal: not a git repository (or any of the parent directories): .git
2024-10-22 05:58:42.735 [info] > git rev-parse --show-toplevel [119ms]
2024-10-22 05:58:42.773 [info] > git rev-parse --git-dir --git-common-dir [7ms]
2024-10-22 05:58:42.795 [info] [Model][openRepository] Opened repository: /home/kit214/.nvm
2024-10-22 05:58:42.816 [info] > git config --get commit.template [11ms]
2024-10-22 05:58:42.818 [info] > git rev-parse --show-toplevel [8ms]
2024-10-22 05:58:42.818 [info] fatal: not a git repository (or any of the parent directories): .git
2024-10-22 05:58:42.825 [info] > git rev-parse --show-toplevel [3ms]
2024-10-22 05:58:42.825 [info] fatal: not a git repository (or any of the parent directories): .git
2024-10-22 05:58:42.831 [info] > git rev-parse --show-toplevel [2ms]
2024-10-22 05:58:42.831 [info] fatal: not a git repository (or any of the parent directories): .git
2024-10-22 05:58:42.846 [info] > git for-each-ref --format %(refname) %(objectname) %(*objectname) refs/tags [31ms]
2024-10-22 05:58:42.905 [info] > git rev-parse --show-toplevel [70ms]
2024-10-22 05:58:42.914 [info] > git for-each-ref --sort -committerdate --format %(refname) %(objectname) %(*objectname) [56ms]
2024-10-22 05:58:42.919 [info] > git rev-parse --git-dir --git-common-dir [6ms]
2024-10-22 05:58:42.924 [info] [Model][openRepository] Opened repository: /home/kit214/php_web_scraper
2024-10-22 05:58:42.935 [info] > git status -z -uall [82ms]
2024-10-22 05:58:42.976 [info] > git rev-parse --show-toplevel [42ms]
2024-10-22 05:58:42.976 [info] fatal: not a git repository (or any of the parent directories): .git
2024-10-22 05:58:42.976 [info] > git config --get commit.template [46ms]
2024-10-22 05:58:42.981 [info] > git config --get commit.template [19ms]
2024-10-22 05:58:42.986 [info] > git rev-parse --show-toplevel [5ms]
2024-10-22 05:58:42.986 [info] fatal: not a git repository (or any of the parent directories): .git
2024-10-22 05:58:42.998 [info] > git for-each-ref --format %(refname) %(objectname) %(*objectname) refs/tags [8ms]
2024-10-22 05:58:43.007 [info] > git for-each-ref --format=%(refname)%00%(upstream:short)%00%(objectname)%00%(upstream:track)%00%(upstream:remotename)%00%(upstream:remoteref) refs/heads/master refs/remotes/master [22ms]
2024-10-22 05:58:43.008 [info] > git rev-parse --show-toplevel [14ms]
2024-10-22 05:58:43.009 [info] fatal: not a git repository (or any of the parent directories): .git
2024-10-22 05:58:43.013 [info] [Model][doInitialScan] Initial repository scan completed - repositories (2), closed repositories (0), parent repositories (0), unsafe repositories (0)
2024-10-22 05:58:43.016 [warning] [Git][revParse] Unable to read file: ENOENT: no such file or directory, open '/home/kit214/php_web_scraper/.git/refs/remotes/origin/master'
2024-10-22 05:58:43.021 [info] > git status -z -uall [19ms]
2024-10-22 05:58:43.021 [info] > git for-each-ref --sort -committerdate --format %(refname) %(objectname) %(*objectname) [14ms]
2024-10-22 05:58:43.025 [info] > git rev-parse --show-toplevel [5ms]
2024-10-22 05:58:43.025 [info] fatal: not a git repository (or any of the parent directories): .git
2024-10-22 05:58:43.025 [info] > git rev-parse refs/remotes/origin/master [9ms]
2024-10-22 05:58:43.078 [info] > git rev-parse --show-toplevel [38ms]
2024-10-22 05:58:43.078 [info] fatal: not a git repository (or any of the parent directories): .git
2024-10-22 05:58:43.078 [info] > git for-each-ref --sort -committerdate --format %(refname) %(objectname) %(*objectname) [43ms]
2024-10-22 05:58:44.931 [info] > git status -z -uall [1900ms]
2024-10-22 05:58:44.935 [info] > git check-ignore -v -z --stdin [42ms]
2024-10-22 05:58:44.936 [info] > git check-ignore -v -z --stdin [39ms]
2024-10-22 05:58:44.998 [info] > git for-each-ref --format=%(refname)%00%(upstream:short)%00%(objectname)%00%(upstream:track)%00%(upstream:remotename)%00%(upstream:remoteref) refs/heads/master refs/remotes/master [47ms]
2024-10-22 05:58:45.005 [info] > git rev-parse --show-toplevel [104ms]
2024-10-22 05:58:45.005 [info] fatal: not a git repository (or any of the parent directories): .git
2024-10-22 05:58:45.549 [info] > git config --get commit.template [552ms]
2024-10-22 05:58:45.579 [info] > git config --local branch.master.vscode-merge-base [574ms]
2024-10-22 05:58:45.579 [warning] [Git][config] git config failed: Failed to execute git
2024-10-22 05:58:45.616 [info] > git for-each-ref --format=%(refname)%00%(upstream:short)%00%(objectname)%00%(upstream:track)%00%(upstream:remotename)%00%(upstream:remoteref) refs/heads/master refs/remotes/master [26ms]
2024-10-22 05:58:45.616 [info] > git reflog master --grep-reflog=branch: Created from *. [32ms]
2024-10-22 05:58:45.624 [warning] [Git][revParse] Unable to read file: ENOENT: no such file or directory, open '/home/kit214/php_web_scraper/.git/refs/remotes/origin/master'
2024-10-22 05:58:45.628 [info] > git symbolic-ref --short refs/remotes/origin/HEAD [9ms]
2024-10-22 05:58:45.640 [info] > git rev-parse refs/remotes/origin/master [16ms]
2024-10-22 05:58:45.685 [info] > git for-each-ref --format=%(refname)%00%(upstream:short)%00%(objectname)%00%(upstream:track)%00%(upstream:remotename)%00%(upstream:remoteref) refs/heads/origin/master refs/remotes/origin/master [52ms]
2024-10-22 05:58:45.698 [info] > git for-each-ref --sort -committerdate --format %(refname) %(objectname) %(*objectname) [15ms]
2024-10-22 05:58:45.709 [info] > git config --local branch.master.vscode-merge-base origin/master [12ms]
2024-10-22 05:58:45.738 [info] > git status -z -uall [91ms] (cancelled)
2024-10-22 05:58:45.739 [info] > git for-each-ref --format=%(refname)%00%(upstream:short)%00%(objectname)%00%(upstream:track)%00%(upstream:remotename)%00%(upstream:remoteref) refs/heads/master refs/remotes/master [13ms]
2024-10-22 05:58:45.746 [info] > git config --get commit.template [9ms]
2024-10-22 05:58:45.755 [info] > git config --local branch.master.vscode-merge-base [10ms]
2024-10-22 05:58:45.761 [info] > git for-each-ref --format=%(refname)%00%(upstream:short)%00%(objectname)%00%(upstream:track)%00%(upstream:remotename)%00%(upstream:remoteref) refs/heads/master refs/remotes/master [7ms]
2024-10-22 05:58:45.766 [warning] [Git][revParse] Unable to read file: ENOENT: no such file or directory, open '/home/kit214/php_web_scraper/.git/refs/remotes/origin/master'
2024-10-22 05:58:45.766 [info] > git for-each-ref --format=%(refname)%00%(upstream:short)%00%(objectname)%00%(upstream:track)%00%(upstream:remotename)%00%(upstream:remoteref) refs/heads/origin/master refs/remotes/origin/master [6ms]
2024-10-22 05:58:45.772 [info] > git rev-parse refs/remotes/origin/master [7ms]
2024-10-22 05:58:45.794 [info] > git merge-base refs/heads/master refs/remotes/origin/master [23ms]
2024-10-22 05:58:45.807 [info] > git for-each-ref --sort -committerdate --format %(refname) %(objectname) %(*objectname) [16ms]
2024-10-22 05:58:45.820 [info] > git diff --name-status -z --diff-filter=ADMR 2b38783eea968fa879315155461ab44f19fd1411...refs/remotes/origin/master [15ms]
2024-10-22 05:58:46.302 [info] > git status -z -uall [525ms]
2024-10-22 05:58:51.843 [info] > git rev-parse --show-toplevel [11ms]
2024-10-22 05:58:51.843 [info] fatal: not a git repository (or any of the parent directories): .git
2024-10-22 05:58:53.012 [info] > git rev-parse --show-toplevel [12ms]
2024-10-22 05:58:53.012 [info] fatal: not a git repository (or any of the parent directories): .git
2024-10-22 05:59:10.919 [info] > git check-ignore -v -z --stdin [2ms]
2024-10-22 05:59:14.970 [info] > git show --textconv :guzzle_requests.php [6ms]
2024-10-22 05:59:14.971 [info] > git ls-files --stage -- /home/kit214/php_web_scraper/guzzle_requests.php [2ms]
2024-10-22 05:59:14.976 [info] > git cat-file -s 8a87cd3973c7600b1f082c6b06f9508ee6ed99cd [1ms]
2024-10-22 06:01:28.687 [info] > git config --get commit.template [5ms]
2024-10-22 06:01:28.687 [info] > git for-each-ref --format=%(refname)%00%(upstream:short)%00%(objectname)%00%(upstream:track)%00%(upstream:remotename)%00%(upstream:remoteref) refs/heads/master refs/remotes/master [2ms]
2024-10-22 06:01:28.691 [warning] [Git][revParse] Unable to read file: ENOENT: no such file or directory, open '/home/kit214/php_web_scraper/.git/refs/remotes/origin/master'
2024-10-22 06:01:28.692 [info] > git rev-parse refs/remotes/origin/master [1ms]
2024-10-22 06:01:28.705 [info] > git for-each-ref --sort -committerdate --format %(refname) %(objectname) %(*objectname) [2ms]
2024-10-22 06:01:28.766 [info] > git status -z -uall [71ms]
2024-10-22 06:01:54.174 [info] > git config --get commit.template [4ms]
2024-10-22 06:01:54.182 [info] > git for-each-ref --format=%(refname)%00%(upstream:short)%00%(objectname)%00%(upstream:track)%00%(upstream:remotename)%00%(upstream:remoteref) refs/heads/master refs/remotes/master [4ms]
2024-10-22 06:01:54.186 [warning] [Git][revParse] Unable to read file: ENOENT: no such file or directory, open '/home/kit214/php_web_scraper/.git/refs/remotes/origin/master'
2024-10-22 06:01:54.187 [info] > git rev-parse refs/remotes/origin/master [2ms]
2024-10-22 06:01:54.198 [info] > git for-each-ref --sort -committerdate --format %(refname) %(objectname) %(*objectname) [3ms]
2024-10-22 06:01:54.261 [info] > git status -z -uall [71ms]
2024-10-22 06:01:59.274 [info] > git config --get commit.template [5ms]
2024-10-22 06:01:59.275 [info] > git for-each-ref --format=%(refname)%00%(upstream:short)%00%(objectname)%00%(upstream:track)%00%(upstream:remotename)%00%(upstream:remoteref) refs/heads/master refs/remotes/master [1ms]
2024-10-22 06:01:59.279 [warning] [Git][revParse] Unable to read file: ENOENT: no such file or directory, open '/home/kit214/php_web_scraper/.git/refs/remotes/origin/master'
2024-10-22 06:01:59.281 [info] > git rev-parse refs/remotes/origin/master [2ms]
2024-10-22 06:01:59.291 [info] > git for-each-ref --sort -committerdate --format %(refname) %(objectname) %(*objectname) [2ms]
2024-10-22 06:01:59.364 [info] > git status -z -uall [80ms]
2024-10-22 06:02:04.378 [info] > git config --get commit.template [5ms]
2024-10-22 06:02:04.379 [info] > git for-each-ref --format=%(refname)%00%(upstream:short)%00%(objectname)%00%(upstream:track)%00%(upstream:remotename)%00%(upstream:remoteref) refs/heads/master refs/remotes/master [1ms]
2024-10-22 06:02:04.383 [warning] [Git][revParse] Unable to read file: ENOENT: no such file or directory, open '/home/kit214/php_web_scraper/.git/refs/remotes/origin/master'
2024-10-22 06:02:04.384 [info] > git rev-parse refs/remotes/origin/master [2ms]
2024-10-22 06:02:04.394 [info] > git for-each-ref --sort -committerdate --format %(refname) %(objectname) %(*objectname) [2ms]
2024-10-22 06:02:04.457 [info] > git status -z -uall [70ms]
2024-10-22 06:02:09.473 [info] > git for-each-ref --format=%(refname)%00%(upstream:short)%00%(objectname)%00%(upstream:track)%00%(upstream:remotename)%00%(upstream:remoteref) refs/heads/master refs/remotes/master [3ms]
2024-10-22 06:02:09.474 [info] > git config --get commit.template [9ms]
2024-10-22 06:02:09.480 [warning] [Git][revParse] Unable to read file: ENOENT: no such file or directory, open '/home/kit214/php_web_scraper/.git/refs/remotes/origin/master'
2024-10-22 06:02:09.481 [info] > git rev-parse refs/remotes/origin/master [1ms]
2024-10-22 06:02:09.492 [info] > git for-each-ref --sort -committerdate --format %(refname) %(objectname) %(*objectname) [3ms]
2024-10-22 06:02:09.555 [info] > git status -z -uall [71ms]
2024-10-22 06:02:14.979 [info] > git config --get commit.template [5ms]
2024-10-22 06:02:14.979 [info] > git for-each-ref --format=%(refname)%00%(upstream:short)%00%(objectname)%00%(upstream:track)%00%(upstream:remotename)%00%(upstream:remoteref) refs/heads/master refs/remotes/master [1ms]
2024-10-22 06:02:14.983 [warning] [Git][revParse] Unable to read file: ENOENT: no such file or directory, open '/home/kit214/php_web_scraper/.git/refs/remotes/origin/master'
2024-10-22 06:02:14.984 [info] > git rev-parse refs/remotes/origin/master [1ms]
2024-10-22 06:02:14.995 [info] > git for-each-ref --sort -committerdate --format %(refname) %(objectname) %(*objectname) [3ms]
2024-10-22 06:02:15.059 [info] > git status -z -uall [71ms]
2024-10-22 06:02:21.424 [info] > git config --get commit.template [6ms]
2024-10-22 06:02:21.425 [info] > git for-each-ref --format=%(refname)%00%(upstream:short)%00%(objectname)%00%(upstream:track)%00%(upstream:remotename)%00%(upstream:remoteref) refs/heads/master refs/remotes/master [2ms]
2024-10-22 06:02:21.434 [warning] [Git][revParse] Unable to read file: ENOENT: no such file or directory, open '/home/kit214/php_web_scraper/.git/refs/remotes/origin/master'
2024-10-22 06:02:21.436 [info] > git rev-parse refs/remotes/origin/master [2ms]
2024-10-22 06:02:21.452 [info] > git for-each-ref --sort -committerdate --format %(refname) %(objectname) %(*objectname) [3ms]
2024-10-22 06:02:21.516 [info] > git status -z -uall [72ms]
2024-10-22 06:03:12.138 [info] > git config --get commit.template [6ms]
2024-10-22 06:03:12.139 [info] > git for-each-ref --format=%(refname)%00%(upstream:short)%00%(objectname)%00%(upstream:track)%00%(upstream:remotename)%00%(upstream:remoteref) refs/heads/master refs/remotes/master [2ms]
2024-10-22 06:03:12.143 [warning] [Git][revParse] Unable to read file: ENOENT: no such file or directory, open '/home/kit214/php_web_scraper/.git/refs/remotes/origin/master'
2024-10-22 06:03:12.144 [info] > git rev-parse refs/remotes/origin/master [1ms]
2024-10-22 06:03:12.164 [info] > git for-each-ref --sort -committerdate --format %(refname) %(objectname) %(*objectname) [11ms]
2024-10-22 06:03:12.222 [info] > git status -z -uall [73ms]
2024-10-22 06:03:53.214 [info] > git config --get commit.template [2ms]
2024-10-22 06:03:53.220 [info] > git for-each-ref --format=%(refname)%00%(upstream:short)%00%(objectname)%00%(upstream:track)%00%(upstream:remotename)%00%(upstream:remoteref) refs/heads/master refs/remotes/master [1ms]
2024-10-22 06:03:53.224 [warning] [Git][revParse] Unable to read file: ENOENT: no such file or directory, open '/home/kit214/php_web_scraper/.git/refs/remotes/origin/master'
2024-10-22 06:03:53.225 [info] > git rev-parse refs/remotes/origin/master [1ms]
2024-10-22 06:03:53.236 [info] > git for-each-ref --sort -committerdate --format %(refname) %(objectname) %(*objectname) [3ms]
2024-10-22 06:03:53.298 [info] > git status -z -uall [69ms]
2024-10-22 06:03:58.309 [info] > git config --get commit.template [3ms]
2024-10-22 06:03:58.314 [info] > git for-each-ref --format=%(refname)%00%(upstream:short)%00%(objectname)%00%(upstream:track)%00%(upstream:remotename)%00%(upstream:remoteref) refs/heads/master refs/remotes/master [1ms]
2024-10-22 06:03:58.318 [warning] [Git][revParse] Unable to read file: ENOENT: no such file or directory, open '/home/kit214/php_web_scraper/.git/refs/remotes/origin/master'
2024-10-22 06:03:58.319 [info] > git rev-parse refs/remotes/origin/master [1ms]
2024-10-22 06:03:58.329 [info] > git for-each-ref --sort -committerdate --format %(refname) %(objectname) %(*objectname) [2ms]
2024-10-22 06:03:58.391 [info] > git status -z -uall [69ms]
2024-10-22 06:04:03.405 [info] > git config --get commit.template [5ms]
2024-10-22 06:04:03.406 [info] > git for-each-ref --format=%(refname)%00%(upstream:short)%00%(objectname)%00%(upstream:track)%00%(upstream:remotename)%00%(upstream:remoteref) refs/heads/master refs/remotes/master [1ms]
2024-10-22 06:04:03.410 [warning] [Git][revParse] Unable to read file: ENOENT: no such file or directory, open '/home/kit214/php_web_scraper/.git/refs/remotes/origin/master'
2024-10-22 06:04:03.411 [info] > git rev-parse refs/remotes/origin/master [1ms]
2024-10-22 06:04:03.422 [info] > git for-each-ref --sort -committerdate --format %(refname) %(objectname) %(*objectname) [2ms]
2024-10-22 06:04:03.496 [info] > git status -z -uall [80ms]
2024-10-22 06:04:08.508 [info] > git config --get commit.template [2ms]
2024-10-22 06:04:08.513 [info] > git for-each-ref --format=%(refname)%00%(upstream:short)%00%(objectname)%00%(upstream:track)%00%(upstream:remotename)%00%(upstream:remoteref) refs/heads/master refs/remotes/master [2ms]
2024-10-22 06:04:08.518 [warning] [Git][revParse] Unable to read file: ENOENT: no such file or directory, open '/home/kit214/php_web_scraper/.git/refs/remotes/origin/master'
2024-10-22 06:04:08.519 [info] > git rev-parse refs/remotes/origin/master [1ms]
2024-10-22 06:04:08.530 [info] > git for-each-ref --sort -committerdate --format %(refname) %(objectname) %(*objectname) [2ms]
2024-10-22 06:04:08.593 [info] > git status -z -uall [70ms]
2024-10-22 06:04:13.604 [info] > git config --get commit.template [3ms]
2024-10-22 06:04:13.609 [info] > git for-each-ref --format=%(refname)%00%(upstream:short)%00%(objectname)%00%(upstream:track)%00%(upstream:remotename)%00%(upstream:remoteref) refs/heads/master refs/remotes/master [1ms]
2024-10-22 06:04:13.613 [warning] [Git][revParse] Unable to read file: ENOENT: no such file or directory, open '/home/kit214/php_web_scraper/.git/refs/remotes/origin/master'
2024-10-22 06:04:13.614 [info] > git rev-parse refs/remotes/origin/master [1ms]
2024-10-22 06:04:13.625 [info] > git for-each-ref --sort -committerdate --format %(refname) %(objectname) %(*objectname) [2ms]
2024-10-22 06:04:13.696 [info] > git status -z -uall [78ms]
2024-10-22 06:04:25.658 [info] > git config --get commit.template [5ms]
2024-10-22 06:04:25.659 [info] > git for-each-ref --format=%(refname)%00%(upstream:short)%00%(objectname)%00%(upstream:track)%00%(upstream:remotename)%00%(upstream:remoteref) refs/heads/master refs/remotes/master [1ms]
2024-10-22 06:04:25.663 [warning] [Git][revParse] Unable to read file: ENOENT: no such file or directory, open '/home/kit214/php_web_scraper/.git/refs/remotes/origin/master'
2024-10-22 06:04:25.664 [info] > git rev-parse refs/remotes/origin/master [1ms]
2024-10-22 06:04:25.675 [info] > git for-each-ref --sort -committerdate --format %(refname) %(objectname) %(*objectname) [2ms]
2024-10-22 06:04:25.738 [info] > git status -z -uall [71ms]
2024-10-22 06:04:55.862 [info] > git config --get commit.template [3ms]
2024-10-22 06:04:55.868 [info] > git for-each-ref --format=%(refname)%00%(upstream:short)%00%(objectname)%00%(upstream:track)%00%(upstream:remotename)%00%(upstream:remoteref) refs/heads/master refs/remotes/master [2ms]
2024-10-22 06:04:55.872 [warning] [Git][revParse] Unable to read file: ENOENT: no such file or directory, open '/home/kit214/php_web_scraper/.git/refs/remotes/origin/master'
2024-10-22 06:04:55.873 [info] > git rev-parse refs/remotes/origin/master [2ms]
2024-10-22 06:04:55.883 [info] > git for-each-ref --sort -committerdate --format %(refname) %(objectname) %(*objectname) [2ms]
2024-10-22 06:04:55.945 [info] > git status -z -uall [69ms]
2024-10-22 06:05:00.960 [info] > git config --get commit.template [5ms]
2024-10-22 06:05:00.961 [info] > git for-each-ref --format=%(refname)%00%(upstream:short)%00%(objectname)%00%(upstream:track)%00%(upstream:remotename)%00%(upstream:remoteref) refs/heads/master refs/remotes/master [2ms]
2024-10-22 06:05:00.964 [warning] [Git][revParse] Unable to read file: ENOENT: no such file or directory, open '/home/kit214/php_web_scraper/.git/refs/remotes/origin/master'
2024-10-22 06:05:00.965 [info] > git rev-parse refs/remotes/origin/master [1ms]
2024-10-22 06:05:00.975 [info] > git for-each-ref --sort -committerdate --format %(refname) %(objectname) %(*objectname) [2ms]
2024-10-22 06:05:01.048 [info] > git status -z -uall [80ms]
2024-10-22 06:06:02.086 [info] > git for-each-ref --format=%(refname)%00%(upstream:short)%00%(objectname)%00%(upstream:track)%00%(upstream:remotename)%00%(upstream:remoteref) refs/heads/master refs/remotes/master [3ms]
2024-10-22 06:06:02.086 [info] > git config --get commit.template [7ms]
2024-10-22 06:06:02.090 [warning] [Git][revParse] Unable to read file: ENOENT: no such file or directory, open '/home/kit214/php_web_scraper/.git/refs/remotes/origin/master'
2024-10-22 06:06:02.091 [info] > git rev-parse refs/remotes/origin/master [1ms]
2024-10-22 06:06:02.103 [info] > git for-each-ref --sort -committerdate --format %(refname) %(objectname) %(*objectname) [2ms]
2024-10-22 06:06:02.166 [info] > git status -z -uall [70ms]
2024-10-22 06:06:07.178 [info] > git config --get commit.template [5ms]
2024-10-22 06:06:07.179 [info] > git for-each-ref --format=%(refname)%00%(upstream:short)%00%(objectname)%00%(upstream:track)%00%(upstream:remotename)%00%(upstream:remoteref) refs/heads/master refs/remotes/master [1ms]
2024-10-22 06:06:07.183 [warning] [Git][revParse] Unable to read file: ENOENT: no such file or directory, open '/home/kit214/php_web_scraper/.git/refs/remotes/origin/master'
2024-10-22 06:06:07.184 [info] > git rev-parse refs/remotes/origin/master [1ms]
2024-10-22 06:06:07.194 [info] > git for-each-ref --sort -committerdate --format %(refname) %(objectname) %(*objectname) [2ms]
2024-10-22 06:06:07.256 [info] > git status -z -uall [69ms]
2024-10-22 06:06:12.268 [info] > git config --get commit.template [5ms]
2024-10-22 06:06:12.269 [info] > git for-each-ref --format=%(refname)%00%(upstream:short)%00%(objectname)%00%(upstream:track)%00%(upstream:remotename)%00%(upstream:remoteref) refs/heads/master refs/remotes/master [2ms]
2024-10-22 06:06:12.273 [warning] [Git][revParse] Unable to read file: ENOENT: no such file or directory, open '/home/kit214/php_web_scraper/.git/refs/remotes/origin/master'
2024-10-22 06:06:12.274 [info] > git rev-parse refs/remotes/origin/master [1ms]
2024-10-22 06:06:12.287 [info] > git for-each-ref --sort -committerdate --format %(refname) %(objectname) %(*objectname) [3ms]
2024-10-22 06:06:12.353 [info] > git status -z -uall [76ms]
2024-10-22 06:06:17.368 [info] > git config --get commit.template [5ms]
2024-10-22 06:06:17.369 [info] > git for-each-ref --format=%(refname)%00%(upstream:short)%00%(objectname)%00%(upstream:track)%00%(upstream:remotename)%00%(upstream:remoteref) refs/heads/master refs/remotes/master [1ms]
2024-10-22 06:06:17.372 [warning] [Git][revParse] Unable to read file: ENOENT: no such file or directory, open '/home/kit214/php_web_scraper/.git/refs/remotes/origin/master'
2024-10-22 06:06:17.373 [info] > git rev-parse refs/remotes/origin/master [1ms]
2024-10-22 06:06:17.383 [info] > git for-each-ref --sort -committerdate --format %(refname) %(objectname) %(*objectname) [2ms]
2024-10-22 06:06:17.445 [info] > git status -z -uall [69ms]
2024-10-22 06:06:25.962 [info] > git config --get commit.template [5ms]
2024-10-22 06:06:25.963 [info] > git for-each-ref --format=%(refname)%00%(upstream:short)%00%(objectname)%00%(upstream:track)%00%(upstream:remotename)%00%(upstream:remoteref) refs/heads/master refs/remotes/master [2ms]
2024-10-22 06:06:25.968 [warning] [Git][revParse] Unable to read file: ENOENT: no such file or directory, open '/home/kit214/php_web_scraper/.git/refs/remotes/origin/master'
2024-10-22 06:06:25.969 [info] > git rev-parse refs/remotes/origin/master [1ms]
2024-10-22 06:06:25.979 [info] > git for-each-ref --sort -committerdate --format %(refname) %(objectname) %(*objectname) [2ms]
2024-10-22 06:06:26.044 [info] > git status -z -uall [72ms]
2024-10-22 06:06:31.065 [info] > git for-each-ref --format=%(refname)%00%(upstream:short)%00%(objectname)%00%(upstream:track)%00%(upstream:remotename)%00%(upstream:remoteref) refs/heads/master refs/remotes/master [2ms]
2024-10-22 06:06:31.065 [info] > git config --get commit.template [8ms]
2024-10-22 06:06:31.069 [warning] [Git][revParse] Unable to read file: ENOENT: no such file or directory, open '/home/kit214/php_web_scraper/.git/refs/remotes/origin/master'
2024-10-22 06:06:31.070 [info] > git rev-parse refs/remotes/origin/master [1ms]
2024-10-22 06:06:31.081 [info] > git for-each-ref --sort -committerdate --format %(refname) %(objectname) %(*objectname) [2ms]
2024-10-22 06:06:31.144 [info] > git status -z -uall [70ms]
2024-10-22 06:07:32.554 [info] > git config --get commit.template [5ms]
2024-10-22 06:07:32.555 [info] > git for-each-ref --format=%(refname)%00%(upstream:short)%00%(objectname)%00%(upstream:track)%00%(upstream:remotename)%00%(upstream:remoteref) refs/heads/master refs/remotes/master [2ms]
2024-10-22 06:07:32.558 [warning] [Git][revParse] Unable to read file: ENOENT: no such file or directory, open '/home/kit214/php_web_scraper/.git/refs/remotes/origin/master'
2024-10-22 06:07:32.559 [info] > git rev-parse refs/remotes/origin/master [1ms]
2024-10-22 06:07:32.569 [info] > git for-each-ref --sort -committerdate --format %(refname) %(objectname) %(*objectname) [2ms]
2024-10-22 06:07:32.632 [info] > git status -z -uall [70ms]
2024-10-22 06:08:01.047 [info] > git config --get commit.template [5ms]
2024-10-22 06:08:01.048 [info] > git for-each-ref --format=%(refname)%00%(upstream:short)%00%(objectname)%00%(upstream:track)%00%(upstream:remotename)%00%(upstream:remoteref) refs/heads/master refs/remotes/master [1ms]
2024-10-22 06:08:01.052 [warning] [Git][revParse] Unable to read file: ENOENT: no such file or directory, open '/home/kit214/php_web_scraper/.git/refs/remotes/origin/master'
2024-10-22 06:08:01.053 [info] > git rev-parse refs/remotes/origin/master [1ms]
2024-10-22 06:08:01.065 [info] > git for-each-ref --sort -committerdate --format %(refname) %(objectname) %(*objectname) [2ms]
2024-10-22 06:08:01.128 [info] > git status -z -uall [70ms]
2024-10-22 06:08:24.870 [info] > git config --get commit.template [2ms]
2024-10-22 06:08:24.875 [info] > git for-each-ref --format=%(refname)%00%(upstream:short)%00%(objectname)%00%(upstream:track)%00%(upstream:remotename)%00%(upstream:remoteref) refs/heads/master refs/remotes/master [1ms]
2024-10-22 06:08:24.879 [warning] [Git][revParse] Unable to read file: ENOENT: no such file or directory, open '/home/kit214/php_web_scraper/.git/refs/remotes/origin/master'
2024-10-22 06:08:24.880 [info] > git rev-parse refs/remotes/origin/master [1ms]
2024-10-22 06:08:24.890 [info] > git for-each-ref --sort -committerdate --format %(refname) %(objectname) %(*objectname) [2ms]
2024-10-22 06:08:24.953 [info] > git status -z -uall [70ms]
2024-10-22 06:09:18.665 [info] > git for-each-ref --format=%(refname)%00%(upstream:short)%00%(objectname)%00%(upstream:track)%00%(upstream:remotename)%00%(upstream:remoteref) refs/heads/master refs/remotes/master [2ms]
2024-10-22 06:09:18.665 [info] > git config --get commit.template [6ms]
2024-10-22 06:09:18.668 [warning] [Git][revParse] Unable to read file: ENOENT: no such file or directory, open '/home/kit214/php_web_scraper/.git/refs/remotes/origin/master'
2024-10-22 06:09:18.669 [info] > git rev-parse refs/remotes/origin/master [1ms]
2024-10-22 06:09:18.678 [info] > git for-each-ref --sort -committerdate --format %(refname) %(objectname) %(*objectname) [2ms]
2024-10-22 06:09:18.743 [info] > git status -z -uall [71ms]
2024-10-22 06:09:54.302 [info] > git config --get commit.template [5ms]
2024-10-22 06:09:54.303 [info] > git for-each-ref --format=%(refname)%00%(upstream:short)%00%(objectname)%00%(upstream:track)%00%(upstream:remotename)%00%(upstream:remoteref) refs/heads/master refs/remotes/master [2ms]
2024-10-22 06:09:54.306 [warning] [Git][revParse] Unable to read file: ENOENT: no such file or directory, open '/home/kit214/php_web_scraper/.git/refs/remotes/origin/master'
2024-10-22 06:09:54.307 [info] > git rev-parse refs/remotes/origin/master [1ms]
2024-10-22 06:09:54.318 [info] > git for-each-ref --sort -committerdate --format %(refname) %(objectname) %(*objectname) [2ms]
2024-10-22 06:09:54.380 [info] > git status -z -uall [70ms]
2024-10-22 06:12:55.486 [info] > git config --get commit.template [5ms]
2024-10-22 06:12:55.487 [info] > git for-each-ref --format=%(refname)%00%(upstream:short)%00%(objectname)%00%(upstream:track)%00%(upstream:remotename)%00%(upstream:remoteref) refs/heads/master refs/remotes/master [1ms]
2024-10-22 06:12:55.490 [warning] [Git][revParse] Unable to read file: ENOENT: no such file or directory, open '/home/kit214/php_web_scraper/.git/refs/remotes/origin/master'
2024-10-22 06:12:55.492 [info] > git rev-parse refs/remotes/origin/master [2ms]
2024-10-22 06:12:55.502 [info] > git for-each-ref --sort -committerdate --format %(refname) %(objectname) %(*objectname) [2ms]
2024-10-22 06:12:55.572 [info] > git status -z -uall [77ms]
2024-10-22 06:13:03.603 [info] > git config --get commit.template [5ms]
2024-10-22 06:13:03.604 [info] > git for-each-ref --format=%(refname)%00%(upstream:short)%00%(objectname)%00%(upstream:track)%00%(upstream:remotename)%00%(upstream:remoteref) refs/heads/master refs/remotes/master [2ms]
2024-10-22 06:13:03.607 [warning] [Git][revParse] Unable to read file: ENOENT: no such file or directory, open '/home/kit214/php_web_scraper/.git/refs/remotes/origin/master'
2024-10-22 06:13:03.608 [info] > git rev-parse refs/remotes/origin/master [1ms]
2024-10-22 06:13:03.617 [info] > git for-each-ref --sort -committerdate --format %(refname) %(objectname) %(*objectname) [2ms]
2024-10-22 06:13:03.679 [info] > git status -z -uall [68ms]
2024-10-22 06:13:08.873 [info] > git config --get commit.template [5ms]
2024-10-22 06:13:08.874 [info] > git for-each-ref --format=%(refname)%00%(upstream:short)%00%(objectname)%00%(upstream:track)%00%(upstream:remotename)%00%(upstream:remoteref) refs/heads/master refs/remotes/master [2ms]
2024-10-22 06:13:08.877 [warning] [Git][revParse] Unable to read file: ENOENT: no such file or directory, open '/home/kit214/php_web_scraper/.git/refs/remotes/origin/master'
2024-10-22 06:13:08.879 [info] > git rev-parse refs/remotes/origin/master [2ms]
2024-10-22 06:13:08.894 [info] > git for-each-ref --sort -committerdate --format %(refname) %(objectname) %(*objectname) [2ms]
2024-10-22 06:13:08.953 [info] > git status -z -uall [65ms]
2024-10-22 06:13:14.098 [info] > git config --get commit.template [5ms]
2024-10-22 06:13:14.098 [info] > git for-each-ref --format=%(refname)%00%(upstream:short)%00%(objectname)%00%(upstream:track)%00%(upstream:remotename)%00%(upstream:remoteref) refs/heads/master refs/remotes/master [1ms]
2024-10-22 06:13:14.102 [warning] [Git][revParse] Unable to read file: ENOENT: no such file or directory, open '/home/kit214/php_web_scraper/.git/refs/remotes/origin/master'
2024-10-22 06:13:14.103 [info] > git rev-parse refs/remotes/origin/master [2ms]
2024-10-22 06:13:14.115 [info] > git for-each-ref --sort -committerdate --format %(refname) %(objectname) %(*objectname) [2ms]
2024-10-22 06:13:14.177 [info] > git status -z -uall [71ms]
2024-10-22 06:13:28.449 [info] > git config --get commit.template [5ms]
2024-10-22 06:13:28.450 [info] > git for-each-ref --format=%(refname)%00%(upstream:short)%00%(objectname)%00%(upstream:track)%00%(upstream:remotename)%00%(upstream:remoteref) refs/heads/master refs/remotes/master [2ms]
2024-10-22 06:13:28.453 [warning] [Git][revParse] Unable to read file: ENOENT: no such file or directory, open '/home/kit214/php_web_scraper/.git/refs/remotes/origin/master'
2024-10-22 06:13:28.454 [info] > git rev-parse refs/remotes/origin/master [1ms]
2024-10-22 06:13:28.464 [info] > git for-each-ref --sort -committerdate --format %(refname) %(objectname) %(*objectname) [2ms]
2024-10-22 06:13:28.527 [info] > git status -z -uall [70ms]
2024-10-22 06:14:31.465 [info] > git config --get commit.template [5ms]
2024-10-22 06:14:31.466 [info] > git for-each-ref --format=%(refname)%00%(upstream:short)%00%(objectname)%00%(upstream:track)%00%(upstream:remotename)%00%(upstream:remoteref) refs/heads/master refs/remotes/master [1ms]
2024-10-22 06:14:31.470 [warning] [Git][revParse] Unable to read file: ENOENT: no such file or directory, open '/home/kit214/php_web_scraper/.git/refs/remotes/origin/master'
2024-10-22 06:14:31.471 [info] > git rev-parse refs/remotes/origin/master [1ms]
2024-10-22 06:14:31.480 [info] > git for-each-ref --sort -committerdate --format %(refname) %(objectname) %(*objectname) [2ms]
2024-10-22 06:14:31.542 [info] > git status -z -uall [68ms]
2024-10-22 06:17:46.723 [info] > git config --get commit.template [4ms]
2024-10-22 06:17:46.724 [info] > git for-each-ref --format=%(refname)%00%(upstream:short)%00%(objectname)%00%(upstream:track)%00%(upstream:remotename)%00%(upstream:remoteref) refs/heads/master refs/remotes/master [1ms]
2024-10-22 06:17:46.727 [warning] [Git][revParse] Unable to read file: ENOENT: no such file or directory, open '/home/kit214/php_web_scraper/.git/refs/remotes/origin/master'
2024-10-22 06:17:46.728 [info] > git rev-parse refs/remotes/origin/master [1ms]
2024-10-22 06:17:46.738 [info] > git for-each-ref --sort -committerdate --format %(refname) %(objectname) %(*objectname) [2ms]
2024-10-22 06:17:46.800 [info] > git status -z -uall [69ms]
2024-10-22 06:17:51.813 [info] > git config --get commit.template [6ms]
2024-10-22 06:17:51.814 [info] > git for-each-ref --format=%(refname)%00%(upstream:short)%00%(objectname)%00%(upstream:track)%00%(upstream:remotename)%00%(upstream:remoteref) refs/heads/master refs/remotes/master [2ms]
2024-10-22 06:17:51.817 [warning] [Git][revParse] Unable to read file: ENOENT: no such file or directory, open '/home/kit214/php_web_scraper/.git/refs/remotes/origin/master'
2024-10-22 06:17:51.818 [info] > git rev-parse refs/remotes/origin/master [1ms]
2024-10-22 06:17:51.828 [info] > git for-each-ref --sort -committerdate --format %(refname) %(objectname) %(*objectname) [2ms]
2024-10-22 06:17:51.891 [info] > git status -z -uall [70ms]
2024-10-22 06:17:56.904 [info] > git config --get commit.template [5ms]
2024-10-22 06:17:56.905 [info] > git for-each-ref --format=%(refname)%00%(upstream:short)%00%(objectname)%00%(upstream:track)%00%(upstream:remotename)%00%(upstream:remoteref) refs/heads/master refs/remotes/master [2ms]
2024-10-22 06:17:56.908 [warning] [Git][revParse] Unable to read file: ENOENT: no such file or directory, open '/home/kit214/php_web_scraper/.git/refs/remotes/origin/master'
2024-10-22 06:17:56.909 [info] > git rev-parse refs/remotes/origin/master [1ms]
2024-10-22 06:17:56.918 [info] > git for-each-ref --sort -committerdate --format %(refname) %(objectname) %(*objectname) [2ms]
2024-10-22 06:17:56.980 [info] > git status -z -uall [68ms]
2024-10-22 06:18:01.993 [info] > git config --get commit.template [4ms]
2024-10-22 06:18:01.994 [info] > git for-each-ref --format=%(refname)%00%(upstream:short)%00%(objectname)%00%(upstream:track)%00%(upstream:remotename)%00%(upstream:remoteref) refs/heads/master refs/remotes/master [2ms]
2024-10-22 06:18:01.997 [warning] [Git][revParse] Unable to read file: ENOENT: no such file or directory, open '/home/kit214/php_web_scraper/.git/refs/remotes/origin/master'
2024-10-22 06:18:01.998 [info] > git rev-parse refs/remotes/origin/master [1ms]
2024-10-22 06:18:02.007 [info] > git for-each-ref --sort -committerdate --format %(refname) %(objectname) %(*objectname) [2ms]
2024-10-22 06:18:02.071 [info] > git status -z -uall [69ms]
2024-10-22 06:18:07.086 [info] > git config --get commit.template [7ms]
2024-10-22 06:18:07.086 [info] > git for-each-ref --format=%(refname)%00%(upstream:short)%00%(objectname)%00%(upstream:track)%00%(upstream:remotename)%00%(upstream:remoteref) refs/heads/master refs/remotes/master [3ms]
2024-10-22 06:18:07.090 [warning] [Git][revParse] Unable to read file: ENOENT: no such file or directory, open '/home/kit214/php_web_scraper/.git/refs/remotes/origin/master'
2024-10-22 06:18:07.091 [info] > git rev-parse refs/remotes/origin/master [1ms]
2024-10-22 06:18:07.101 [info] > git for-each-ref --sort -committerdate --format %(refname) %(objectname) %(*objectname) [2ms]
2024-10-22 06:18:07.163 [info] > git status -z -uall [69ms]
2024-10-22 06:18:13.677 [info] > git config --get commit.template [5ms]
2024-10-22 06:18:13.678 [info] > git for-each-ref --format=%(refname)%00%(upstream:short)%00%(objectname)%00%(upstream:track)%00%(upstream:remotename)%00%(upstream:remoteref) refs/heads/master refs/remotes/master [2ms]
2024-10-22 06:18:13.681 [warning] [Git][revParse] Unable to read file: ENOENT: no such file or directory, open '/home/kit214/php_web_scraper/.git/refs/remotes/origin/master'
2024-10-22 06:18:13.682 [info] > git rev-parse refs/remotes/origin/master [1ms]
2024-10-22 06:18:13.692 [info] > git for-each-ref --sort -committerdate --format %(refname) %(objectname) %(*objectname) [3ms]
2024-10-22 06:18:13.755 [info] > git status -z -uall [70ms]
2024-10-22 06:18:22.330 [info] > git config --get commit.template [4ms]
2024-10-22 06:18:22.331 [info] > git for-each-ref --format=%(refname)%00%(upstream:short)%00%(objectname)%00%(upstream:track)%00%(upstream:remotename)%00%(upstream:remoteref) refs/heads/master refs/remotes/master [1ms]
2024-10-22 06:18:22.334 [warning] [Git][revParse] Unable to read file: ENOENT: no such file or directory, open '/home/kit214/php_web_scraper/.git/refs/remotes/origin/master'
2024-10-22 06:18:22.335 [info] > git rev-parse refs/remotes/origin/master [1ms]
2024-10-22 06:18:22.344 [info] > git for-each-ref --sort -committerdate --format %(refname) %(objectname) %(*objectname) [2ms]
2024-10-22 06:18:22.406 [info] > git status -z -uall [68ms]
2024-10-22 06:18:31.922 [info] > git config --get commit.template [5ms]
2024-10-22 06:18:31.923 [info] > git for-each-ref --format=%(refname)%00%(upstream:short)%00%(objectname)%00%(upstream:track)%00%(upstream:remotename)%00%(upstream:remoteref) refs/heads/master refs/remotes/master [2ms]
2024-10-22 06:18:31.926 [warning] [Git][revParse] Unable to read file: ENOENT: no such file or directory, open '/home/kit214/php_web_scraper/.git/refs/remotes/origin/master'
2024-10-22 06:18:31.927 [info] > git rev-parse refs/remotes/origin/master [1ms]
2024-10-22 06:18:31.939 [info] > git for-each-ref --sort -committerdate --format %(refname) %(objectname) %(*objectname) [4ms]
2024-10-22 06:18:32.000 [info] > git status -z -uall [70ms]
2024-10-22 06:18:37.013 [info] > git config --get commit.template [6ms]
2024-10-22 06:18:37.015 [info] > git for-each-ref --format=%(refname)%00%(upstream:short)%00%(objectname)%00%(upstream:track)%00%(upstream:remotename)%00%(upstream:remoteref) refs/heads/master refs/remotes/master [3ms]
2024-10-22 06:18:37.019 [warning] [Git][revParse] Unable to read file: ENOENT: no such file or directory, open '/home/kit214/php_web_scraper/.git/refs/remotes/origin/master'
2024-10-22 06:18:37.020 [info] > git rev-parse refs/remotes/origin/master [1ms]
2024-10-22 06:18:37.030 [info] > git for-each-ref --sort -committerdate --format %(refname) %(objectname) %(*objectname) [3ms]
2024-10-22 06:18:37.092 [info] > git status -z -uall [69ms]
2024-10-22 06:18:42.106 [info] > git config --get commit.template [5ms]
2024-10-22 06:18:42.107 [info] > git for-each-ref --format=%(refname)%00%(upstream:short)%00%(objectname)%00%(upstream:track)%00%(upstream:remotename)%00%(upstream:remoteref) refs/heads/master refs/remotes/master [2ms]
2024-10-22 06:18:42.110 [warning] [Git][revParse] Unable to read file: ENOENT: no such file or directory, open '/home/kit214/php_web_scraper/.git/refs/remotes/origin/master'
2024-10-22 06:18:42.113 [info] > git rev-parse refs/remotes/origin/master [2ms]
2024-10-22 06:18:42.122 [info] > git for-each-ref --sort -committerdate --format %(refname) %(objectname) %(*objectname) [2ms]
2024-10-22 06:18:42.184 [info] > git status -z -uall [68ms]
2024-10-22 06:18:47.199 [info] > git config --get commit.template [7ms]
2024-10-22 06:18:47.199 [info] > git for-each-ref --format=%(refname)%00%(upstream:short)%00%(objectname)%00%(upstream:track)%00%(upstream:remotename)%00%(upstream:remoteref) refs/heads/master refs/remotes/master [2ms]
2024-10-22 06:18:47.202 [warning] [Git][revParse] Unable to read file: ENOENT: no such file or directory, open '/home/kit214/php_web_scraper/.git/refs/remotes/origin/master'
2024-10-22 06:18:47.203 [info] > git rev-parse refs/remotes/origin/master [1ms]
2024-10-22 06:18:47.213 [info] > git for-each-ref --sort -committerdate --format %(refname) %(objectname) %(*objectname) [2ms]
2024-10-22 06:18:47.275 [info] > git status -z -uall [68ms]
2024-10-22 06:18:59.504 [info] > git config --get commit.template [4ms]
2024-10-22 06:18:59.505 [info] > git for-each-ref --format=%(refname)%00%(upstream:short)%00%(objectname)%00%(upstream:track)%00%(upstream:remotename)%00%(upstream:remoteref) refs/heads/master refs/remotes/master [2ms]
2024-10-22 06:18:59.508 [warning] [Git][revParse] Unable to read file: ENOENT: no such file or directory, open '/home/kit214/php_web_scraper/.git/refs/remotes/origin/master'
2024-10-22 06:18:59.509 [info] > git rev-parse refs/remotes/origin/master [1ms]
2024-10-22 06:18:59.519 [info] > git for-each-ref --sort -committerdate --format %(refname) %(objectname) %(*objectname) [2ms]
2024-10-22 06:18:59.589 [info] > git status -z -uall [76ms]
2024-10-22 06:19:32.287 [info] > git config --get commit.template [5ms]
2024-10-22 06:19:32.288 [info] > git for-each-ref --format=%(refname)%00%(upstream:short)%00%(objectname)%00%(upstream:track)%00%(upstream:remotename)%00%(upstream:remoteref) refs/heads/master refs/remotes/master [2ms]
2024-10-22 06:19:32.291 [warning] [Git][revParse] Unable to read file: ENOENT: no such file or directory, open '/home/kit214/php_web_scraper/.git/refs/remotes/origin/master'
2024-10-22 06:19:32.293 [info] > git rev-parse refs/remotes/origin/master [2ms]
2024-10-22 06:19:32.303 [info] > git for-each-ref --sort -committerdate --format %(refname) %(objectname) %(*objectname) [2ms]
2024-10-22 06:19:32.365 [info] > git status -z -uall [69ms]
2024-10-22 06:19:38.117 [info] > git config --get commit.template [5ms]
2024-10-22 06:19:38.118 [info] > git for-each-ref --format=%(refname)%00%(upstream:short)%00%(objectname)%00%(upstream:track)%00%(upstream:remotename)%00%(upstream:remoteref) refs/heads/master refs/remotes/master [2ms]
2024-10-22 06:19:38.121 [warning] [Git][revParse] Unable to read file: ENOENT: no such file or directory, open '/home/kit214/php_web_scraper/.git/refs/remotes/origin/master'
2024-10-22 06:19:38.122 [info] > git rev-parse refs/remotes/origin/master [1ms]
2024-10-22 06:19:38.132 [info] > git for-each-ref --sort -committerdate --format %(refname) %(objectname) %(*objectname) [2ms]
2024-10-22 06:19:38.195 [info] > git status -z -uall [69ms]
2024-10-22 06:22:31.117 [info] > git config --get commit.template [5ms]
2024-10-22 06:22:31.118 [info] > git for-each-ref --format=%(refname)%00%(upstream:short)%00%(objectname)%00%(upstream:track)%00%(upstream:remotename)%00%(upstream:remoteref) refs/heads/master refs/remotes/master [1ms]
2024-10-22 06:22:31.121 [warning] [Git][revParse] Unable to read file: ENOENT: no such file or directory, open '/home/kit214/php_web_scraper/.git/refs/remotes/origin/master'
2024-10-22 06:22:31.122 [info] > git rev-parse refs/remotes/origin/master [1ms]
2024-10-22 06:22:31.134 [info] > git for-each-ref --sort -committerdate --format %(refname) %(objectname) %(*objectname) [2ms]
2024-10-22 06:22:31.195 [info] > git status -z -uall [70ms]
2024-10-22 06:23:25.208 [info] > git config --get commit.template [6ms]
2024-10-22 06:23:25.209 [info] > git for-each-ref --format=%(refname)%00%(upstream:short)%00%(objectname)%00%(upstream:track)%00%(upstream:remotename)%00%(upstream:remoteref) refs/heads/master refs/remotes/master [2ms]
2024-10-22 06:23:25.212 [warning] [Git][revParse] Unable to read file: ENOENT: no such file or directory, open '/home/kit214/php_web_scraper/.git/refs/remotes/origin/master'
2024-10-22 06:23:25.213 [info] > git rev-parse refs/remotes/origin/master [1ms]
2024-10-22 06:23:25.225 [info] > git for-each-ref --sort -committerdate --format %(refname) %(objectname) %(*objectname) [4ms]
2024-10-22 06:23:25.285 [info] > git status -z -uall [69ms]
2024-10-22 06:23:32.368 [info] > git config --get commit.template [1ms]
2024-10-22 06:23:32.375 [info] > git for-each-ref --format=%(refname)%00%(upstream:short)%00%(objectname)%00%(upstream:track)%00%(upstream:remotename)%00%(upstream:remoteref) refs/heads/master refs/remotes/master [3ms]
2024-10-22 06:23:32.379 [warning] [Git][revParse] Unable to read file: ENOENT: no such file or directory, open '/home/kit214/php_web_scraper/.git/refs/remotes/origin/master'
2024-10-22 06:23:32.380 [info] > git rev-parse refs/remotes/origin/master [1ms]
2024-10-22 06:23:32.390 [info] > git for-each-ref --sort -committerdate --format %(refname) %(objectname) %(*objectname) [3ms]
2024-10-22 06:23:32.451 [info] > git status -z -uall [68ms]
2024-10-22 06:23:40.041 [info] > git config --get commit.template [5ms]
2024-10-22 06:23:40.042 [info] > git for-each-ref --format=%(refname)%00%(upstream:short)%00%(objectname)%00%(upstream:track)%00%(upstream:remotename)%00%(upstream:remoteref) refs/heads/master refs/remotes/master [1ms]
2024-10-22 06:23:40.046 [warning] [Git][revParse] Unable to read file: ENOENT: no such file or directory, open '/home/kit214/php_web_scraper/.git/refs/remotes/origin/master'
2024-10-22 06:23:40.047 [info] > git rev-parse refs/remotes/origin/master [1ms]
2024-10-22 06:23:40.056 [info] > git for-each-ref --sort -committerdate --format %(refname) %(objectname) %(*objectname) [2ms]
2024-10-22 06:23:40.119 [info] > git status -z -uall [69ms]
2024-10-22 06:23:46.430 [info] > git config --get commit.template [6ms]
2024-10-22 06:23:46.431 [info] > git for-each-ref --format=%(refname)%00%(upstream:short)%00%(objectname)%00%(upstream:track)%00%(upstream:remotename)%00%(upstream:remoteref) refs/heads/master refs/remotes/master [2ms]
2024-10-22 06:23:46.434 [warning] [Git][revParse] Unable to read file: ENOENT: no such file or directory, open '/home/kit214/php_web_scraper/.git/refs/remotes/origin/master'
2024-10-22 06:23:46.435 [info] > git rev-parse refs/remotes/origin/master [1ms]
2024-10-22 06:23:46.448 [info] > git for-each-ref --sort -committerdate --format %(refname) %(objectname) %(*objectname) [5ms]
2024-10-22 06:23:46.521 [info] > git status -z -uall [83ms]
2024-10-22 06:23:51.534 [info] > git config --get commit.template [6ms]
2024-10-22 06:23:51.536 [info] > git for-each-ref --format=%(refname)%00%(upstream:short)%00%(objectname)%00%(upstream:track)%00%(upstream:remotename)%00%(upstream:remoteref) refs/heads/master refs/remotes/master [1ms]
2024-10-22 06:23:51.539 [warning] [Git][revParse] Unable to read file: ENOENT: no such file or directory, open '/home/kit214/php_web_scraper/.git/refs/remotes/origin/master'
2024-10-22 06:23:51.541 [info] > git rev-parse refs/remotes/origin/master [2ms]
2024-10-22 06:23:51.551 [info] > git for-each-ref --sort -committerdate --format %(refname) %(objectname) %(*objectname) [2ms]
2024-10-22 06:23:51.614 [info] > git status -z -uall [69ms]
2024-10-22 06:24:49.370 [info] > git config --get commit.template [2ms]
2024-10-22 06:24:49.376 [info] > git for-each-ref --format=%(refname)%00%(upstream:short)%00%(objectname)%00%(upstream:track)%00%(upstream:remotename)%00%(upstream:remoteref) refs/heads/master refs/remotes/master [2ms]
2024-10-22 06:24:49.383 [warning] [Git][revParse] Unable to read file: ENOENT: no such file or directory, open '/home/kit214/php_web_scraper/.git/refs/remotes/origin/master'
2024-10-22 06:24:49.384 [info] > git rev-parse refs/remotes/origin/master [1ms]
2024-10-22 06:24:49.394 [info] > git for-each-ref --sort -committerdate --format %(refname) %(objectname) %(*objectname) [2ms]
2024-10-22 06:24:49.456 [info] > git status -z -uall [69ms]
2024-10-22 06:25:37.607 [info] > git config --get commit.template [5ms]
2024-10-22 06:25:37.608 [info] > git for-each-ref --format=%(refname)%00%(upstream:short)%00%(objectname)%00%(upstream:track)%00%(upstream:remotename)%00%(upstream:remoteref) refs/heads/master refs/remotes/master [2ms]
2024-10-22 06:25:37.613 [warning] [Git][revParse] Unable to read file: ENOENT: no such file or directory, open '/home/kit214/php_web_scraper/.git/refs/remotes/origin/master'
2024-10-22 06:25:37.615 [info] > git rev-parse refs/remotes/origin/master [2ms]
2024-10-22 06:25:37.626 [info] > git for-each-ref --sort -committerdate --format %(refname) %(objectname) %(*objectname) [3ms]
2024-10-22 06:25:37.688 [info] > git status -z -uall [70ms]
2024-10-22 06:25:48.737 [info] > git config --get commit.template [7ms]
2024-10-22 06:25:48.737 [info] > git for-each-ref --format=%(refname)%00%(upstream:short)%00%(objectname)%00%(upstream:track)%00%(upstream:remotename)%00%(upstream:remoteref) refs/heads/master refs/remotes/master [3ms]
2024-10-22 06:25:48.740 [warning] [Git][revParse] Unable to read file: ENOENT: no such file or directory, open '/home/kit214/php_web_scraper/.git/refs/remotes/origin/master'
2024-10-22 06:25:48.741 [info] > git rev-parse refs/remotes/origin/master [1ms]
2024-10-22 06:25:48.752 [info] > git for-each-ref --sort -committerdate --format %(refname) %(objectname) %(*objectname) [2ms]
2024-10-22 06:25:48.821 [info] > git status -z -uall [76ms]
2024-10-22 06:25:53.836 [info] > git for-each-ref --format=%(refname)%00%(upstream:short)%00%(objectname)%00%(upstream:track)%00%(upstream:remotename)%00%(upstream:remoteref) refs/heads/master refs/remotes/master [2ms]
2024-10-22 06:25:53.836 [info] > git config --get commit.template [7ms]
2024-10-22 06:25:53.839 [warning] [Git][revParse] Unable to read file: ENOENT: no such file or directory, open '/home/kit214/php_web_scraper/.git/refs/remotes/origin/master'
2024-10-22 06:25:53.840 [info] > git rev-parse refs/remotes/origin/master [1ms]
2024-10-22 06:25:53.850 [info] > git for-each-ref --sort -committerdate --format %(refname) %(objectname) %(*objectname) [2ms]
2024-10-22 06:25:53.912 [info] > git status -z -uall [69ms]
2024-10-22 06:30:35.935 [info] > git config --get commit.template [5ms]
2024-10-22 06:30:35.937 [info] > git for-each-ref --format=%(refname)%00%(upstream:short)%00%(objectname)%00%(upstream:track)%00%(upstream:remotename)%00%(upstream:remoteref) refs/heads/master refs/remotes/master [1ms]
2024-10-22 06:30:35.941 [warning] [Git][revParse] Unable to read file: ENOENT: no such file or directory, open '/home/kit214/php_web_scraper/.git/refs/remotes/origin/master'
2024-10-22 06:30:35.942 [info] > git rev-parse refs/remotes/origin/master [1ms]
2024-10-22 06:30:35.953 [info] > git for-each-ref --sort -committerdate --format %(refname) %(objectname) %(*objectname) [3ms]
2024-10-22 06:30:36.015 [info] > git status -z -uall [70ms]
2024-10-22 06:30:41.029 [info] > git config --get commit.template [5ms]
2024-10-22 06:30:41.030 [info] > git for-each-ref --format=%(refname)%00%(upstream:short)%00%(objectname)%00%(upstream:track)%00%(upstream:remotename)%00%(upstream:remoteref) refs/heads/master refs/remotes/master [1ms]
2024-10-22 06:30:41.034 [warning] [Git][revParse] Unable to read file: ENOENT: no such file or directory, open '/home/kit214/php_web_scraper/.git/refs/remotes/origin/master'
2024-10-22 06:30:41.035 [info] > git rev-parse refs/remotes/origin/master [1ms]
2024-10-22 06:30:41.046 [info] > git for-each-ref --sort -committerdate --format %(refname) %(objectname) %(*objectname) [2ms]
2024-10-22 06:30:41.109 [info] > git status -z -uall [70ms]
2024-10-22 06:31:24.098 [info] > git config --get commit.template [5ms]
2024-10-22 06:31:24.099 [info] > git for-each-ref --format=%(refname)%00%(upstream:short)%00%(objectname)%00%(upstream:track)%00%(upstream:remotename)%00%(upstream:remoteref) refs/heads/master refs/remotes/master [1ms]
2024-10-22 06:31:24.103 [warning] [Git][revParse] Unable to read file: ENOENT: no such file or directory, open '/home/kit214/php_web_scraper/.git/refs/remotes/origin/master'
2024-10-22 06:31:24.104 [info] > git rev-parse refs/remotes/origin/master [1ms]
2024-10-22 06:31:24.115 [info] > git for-each-ref --sort -committerdate --format %(refname) %(objectname) %(*objectname) [3ms]
2024-10-22 06:31:24.180 [info] > git status -z -uall [72ms]
2024-10-22 06:31:29.192 [info] > git config --get commit.template [5ms]
2024-10-22 06:31:29.193 [info] > git for-each-ref --format=%(refname)%00%(upstream:short)%00%(objectname)%00%(upstream:track)%00%(upstream:remotename)%00%(upstream:remoteref) refs/heads/master refs/remotes/master [1ms]
2024-10-22 06:31:29.197 [warning] [Git][revParse] Unable to read file: ENOENT: no such file or directory, open '/home/kit214/php_web_scraper/.git/refs/remotes/origin/master'
2024-10-22 06:31:29.198 [info] > git rev-parse refs/remotes/origin/master [1ms]
2024-10-22 06:31:29.208 [info] > git for-each-ref --sort -committerdate --format %(refname) %(objectname) %(*objectname) [2ms]
2024-10-22 06:31:29.270 [info] > git status -z -uall [69ms]
2024-10-22 06:31:43.799 [info] > git config --get commit.template [5ms]
2024-10-22 06:31:43.800 [info] > git for-each-ref --format=%(refname)%00%(upstream:short)%00%(objectname)%00%(upstream:track)%00%(upstream:remotename)%00%(upstream:remoteref) refs/heads/master refs/remotes/master [2ms]
2024-10-22 06:31:43.803 [warning] [Git][revParse] Unable to read file: ENOENT: no such file or directory, open '/home/kit214/php_web_scraper/.git/refs/remotes/origin/master'
2024-10-22 06:31:43.804 [info] > git rev-parse refs/remotes/origin/master [1ms]
2024-10-22 06:31:43.816 [info] > git for-each-ref --sort -committerdate --format %(refname) %(objectname) %(*objectname) [4ms]
2024-10-22 06:31:43.877 [info] > git status -z -uall [70ms]
2024-10-22 06:32:02.909 [info] > git config --get commit.template [1ms]
2024-10-22 06:32:02.915 [info] > git for-each-ref --format=%(refname)%00%(upstream:short)%00%(objectname)%00%(upstream:track)%00%(upstream:remotename)%00%(upstream:remoteref) refs/heads/master refs/remotes/master [2ms]
2024-10-22 06:32:02.918 [warning] [Git][revParse] Unable to read file: ENOENT: no such file or directory, open '/home/kit214/php_web_scraper/.git/refs/remotes/origin/master'
2024-10-22 06:32:02.919 [info] > git rev-parse refs/remotes/origin/master [1ms]
2024-10-22 06:32:02.929 [info] > git for-each-ref --sort -committerdate --format %(refname) %(objectname) %(*objectname) [2ms]
2024-10-22 06:32:02.993 [info] > git status -z -uall [69ms]
2024-10-22 06:32:09.422 [info] > git config --get commit.template [5ms]
2024-10-22 06:32:09.423 [info] > git for-each-ref --format=%(refname)%00%(upstream:short)%00%(objectname)%00%(upstream:track)%00%(upstream:remotename)%00%(upstream:remoteref) refs/heads/master refs/remotes/master [2ms]
2024-10-22 06:32:09.427 [warning] [Git][revParse] Unable to read file: ENOENT: no such file or directory, open '/home/kit214/php_web_scraper/.git/refs/remotes/origin/master'
2024-10-22 06:32:09.428 [info] > git rev-parse refs/remotes/origin/master [1ms]
2024-10-22 06:32:09.437 [info] > git for-each-ref --sort -committerdate --format %(refname) %(objectname) %(*objectname) [2ms]
2024-10-22 06:32:09.499 [info] > git status -z -uall [69ms]
2024-10-22 06:32:27.386 [info] > git for-each-ref --format=%(refname)%00%(upstream:short)%00%(objectname)%00%(upstream:track)%00%(upstream:remotename)%00%(upstream:remoteref) refs/heads/master refs/remotes/master [2ms]
2024-10-22 06:32:27.386 [info] > git config --get commit.template [6ms]
2024-10-22 06:32:27.390 [warning] [Git][revParse] Unable to read file: ENOENT: no such file or directory, open '/home/kit214/php_web_scraper/.git/refs/remotes/origin/master'
2024-10-22 06:32:27.390 [info] > git rev-parse refs/remotes/origin/master [0ms]
2024-10-22 06:32:27.408 [info] > git for-each-ref --sort -committerdate --format %(refname) %(objectname) %(*objectname) [4ms]
2024-10-22 06:32:27.466 [info] > git status -z -uall [73ms]
2024-10-22 06:32:32.478 [info] > git config --get commit.template [5ms]
2024-10-22 06:32:32.479 [info] > git for-each-ref --format=%(refname)%00%(upstream:short)%00%(objectname)%00%(upstream:track)%00%(upstream:remotename)%00%(upstream:remoteref) refs/heads/master refs/remotes/master [1ms]
2024-10-22 06:32:32.483 [warning] [Git][revParse] Unable to read file: ENOENT: no such file or directory, open '/home/kit214/php_web_scraper/.git/refs/remotes/origin/master'
2024-10-22 06:32:32.484 [info] > git rev-parse refs/remotes/origin/master [2ms]
2024-10-22 06:32:32.495 [info] > git for-each-ref --sort -committerdate --format %(refname) %(objectname) %(*objectname) [2ms]
2024-10-22 06:32:32.557 [info] > git status -z -uall [69ms]
2024-10-22 06:32:37.570 [info] > git config --get commit.template [5ms]
2024-10-22 06:32:37.571 [info] > git for-each-ref --format=%(refname)%00%(upstream:short)%00%(objectname)%00%(upstream:track)%00%(upstream:remotename)%00%(upstream:remoteref) refs/heads/master refs/remotes/master [1ms]
2024-10-22 06:32:37.575 [warning] [Git][revParse] Unable to read file: ENOENT: no such file or directory, open '/home/kit214/php_web_scraper/.git/refs/remotes/origin/master'
2024-10-22 06:32:37.576 [info] > git rev-parse refs/remotes/origin/master [1ms]
2024-10-22 06:32:37.586 [info] > git for-each-ref --sort -committerdate --format %(refname) %(objectname) %(*objectname) [2ms]
2024-10-22 06:32:37.649 [info] > git status -z -uall [70ms]
2024-10-22 06:32:42.662 [info] > git config --get commit.template [6ms]
2024-10-22 06:32:42.663 [info] > git for-each-ref --format=%(refname)%00%(upstream:short)%00%(objectname)%00%(upstream:track)%00%(upstream:remotename)%00%(upstream:remoteref) refs/heads/master refs/remotes/master [2ms]
2024-10-22 06:32:42.666 [warning] [Git][revParse] Unable to read file: ENOENT: no such file or directory, open '/home/kit214/php_web_scraper/.git/refs/remotes/origin/master'
2024-10-22 06:32:42.667 [info] > git rev-parse refs/remotes/origin/master [1ms]
2024-10-22 06:32:42.677 [info] > git for-each-ref --sort -committerdate --format %(refname) %(objectname) %(*objectname) [2ms]
2024-10-22 06:32:42.740 [info] > git status -z -uall [70ms]
2024-10-22 06:32:49.433 [info] > git config --get commit.template [5ms]
2024-10-22 06:32:49.434 [info] > git for-each-ref --format=%(refname)%00%(upstream:short)%00%(objectname)%00%(upstream:track)%00%(upstream:remotename)%00%(upstream:remoteref) refs/heads/master refs/remotes/master [1ms]
2024-10-22 06:32:49.437 [warning] [Git][revParse] Unable to read file: ENOENT: no such file or directory, open '/home/kit214/php_web_scraper/.git/refs/remotes/origin/master'
2024-10-22 06:32:49.439 [info] > git rev-parse refs/remotes/origin/master [2ms]
2024-10-22 06:32:49.449 [info] > git for-each-ref --sort -committerdate --format %(refname) %(objectname) %(*objectname) [2ms]
2024-10-22 06:32:49.511 [info] > git status -z -uall [69ms]
2024-10-22 06:32:54.524 [info] > git config --get commit.template [5ms]
2024-10-22 06:32:54.525 [info] > git for-each-ref --format=%(refname)%00%(upstream:short)%00%(objectname)%00%(upstream:track)%00%(upstream:remotename)%00%(upstream:remoteref) refs/heads/master refs/remotes/master [2ms]
2024-10-22 06:32:54.528 [warning] [Git][revParse] Unable to read file: ENOENT: no such file or directory, open '/home/kit214/php_web_scraper/.git/refs/remotes/origin/master'
2024-10-22 06:32:54.529 [info] > git rev-parse refs/remotes/origin/master [1ms]
2024-10-22 06:32:54.540 [info] > git for-each-ref --sort -committerdate --format %(refname) %(objectname) %(*objectname) [2ms]
2024-10-22 06:32:54.604 [info] > git status -z -uall [71ms]
2024-10-22 06:32:59.616 [info] > git config --get commit.template [5ms]
2024-10-22 06:32:59.617 [info] > git for-each-ref --format=%(refname)%00%(upstream:short)%00%(objectname)%00%(upstream:track)%00%(upstream:remotename)%00%(upstream:remoteref) refs/heads/master refs/remotes/master [1ms]
2024-10-22 06:32:59.620 [warning] [Git][revParse] Unable to read file: ENOENT: no such file or directory, open '/home/kit214/php_web_scraper/.git/refs/remotes/origin/master'
2024-10-22 06:32:59.621 [info] > git rev-parse refs/remotes/origin/master [1ms]
2024-10-22 06:32:59.631 [info] > git for-each-ref --sort -committerdate --format %(refname) %(objectname) %(*objectname) [2ms]
2024-10-22 06:32:59.694 [info] > git status -z -uall [70ms]
2024-10-22 06:33:04.880 [info] > git config --get commit.template [6ms]
2024-10-22 06:33:04.881 [info] > git for-each-ref --format=%(refname)%00%(upstream:short)%00%(objectname)%00%(upstream:track)%00%(upstream:remotename)%00%(upstream:remoteref) refs/heads/master refs/remotes/master [2ms]
2024-10-22 06:33:04.884 [warning] [Git][revParse] Unable to read file: ENOENT: no such file or directory, open '/home/kit214/php_web_scraper/.git/refs/remotes/origin/master'
2024-10-22 06:33:04.885 [info] > git rev-parse refs/remotes/origin/master [1ms]
2024-10-22 06:33:04.896 [info] > git for-each-ref --sort -committerdate --format %(refname) %(objectname) %(*objectname) [2ms]
2024-10-22 06:33:04.960 [info] > git status -z -uall [71ms]
2024-10-22 06:33:09.973 [info] > git config --get commit.template [5ms]
2024-10-22 06:33:09.974 [info] > git for-each-ref --format=%(refname)%00%(upstream:short)%00%(objectname)%00%(upstream:track)%00%(upstream:remotename)%00%(upstream:remoteref) refs/heads/master refs/remotes/master [1ms]
2024-10-22 06:33:09.978 [warning] [Git][revParse] Unable to read file: ENOENT: no such file or directory, open '/home/kit214/php_web_scraper/.git/refs/remotes/origin/master'
2024-10-22 06:33:09.979 [info] > git rev-parse refs/remotes/origin/master [1ms]
2024-10-22 06:33:09.989 [info] > git for-each-ref --sort -committerdate --format %(refname) %(objectname) %(*objectname) [2ms]
2024-10-22 06:33:10.053 [info] > git status -z -uall [71ms]
2024-10-22 06:33:15.064 [info] > git config --get commit.template [4ms]
2024-10-22 06:33:15.070 [info] > git for-each-ref --format=%(refname)%00%(upstream:short)%00%(objectname)%00%(upstream:track)%00%(upstream:remotename)%00%(upstream:remoteref) refs/heads/master refs/remotes/master [1ms]
2024-10-22 06:33:15.073 [warning] [Git][revParse] Unable to read file: ENOENT: no such file or directory, open '/home/kit214/php_web_scraper/.git/refs/remotes/origin/master'
2024-10-22 06:33:15.075 [info] > git rev-parse refs/remotes/origin/master [2ms]
2024-10-22 06:33:15.085 [info] > git for-each-ref --sort -committerdate --format %(refname) %(objectname) %(*objectname) [3ms]
2024-10-22 06:33:15.148 [info] > git status -z -uall [70ms]
2024-10-22 06:33:20.162 [info] > git config --get commit.template [6ms]
2024-10-22 06:33:20.163 [info] > git for-each-ref --format=%(refname)%00%(upstream:short)%00%(objectname)%00%(upstream:track)%00%(upstream:remotename)%00%(upstream:remoteref) refs/heads/master refs/remotes/master [2ms]
2024-10-22 06:33:20.166 [warning] [Git][revParse] Unable to read file: ENOENT: no such file or directory, open '/home/kit214/php_web_scraper/.git/refs/remotes/origin/master'
2024-10-22 06:33:20.167 [info] > git rev-parse refs/remotes/origin/master [1ms]
2024-10-22 06:33:20.177 [info] > git for-each-ref --sort -committerdate --format %(refname) %(objectname) %(*objectname) [2ms]
2024-10-22 06:33:20.239 [info] > git status -z -uall [69ms]
2024-10-22 06:33:40.900 [info] > git config --get commit.template [5ms]
2024-10-22 06:33:40.902 [info] > git for-each-ref --format=%(refname)%00%(upstream:short)%00%(objectname)%00%(upstream:track)%00%(upstream:remotename)%00%(upstream:remoteref) refs/heads/master refs/remotes/master [3ms]
2024-10-22 06:33:40.907 [warning] [Git][revParse] Unable to read file: ENOENT: no such file or directory, open '/home/kit214/php_web_scraper/.git/refs/remotes/origin/master'
2024-10-22 06:33:40.909 [info] > git rev-parse refs/remotes/origin/master [2ms]
2024-10-22 06:33:40.920 [info] > git for-each-ref --sort -committerdate --format %(refname) %(objectname) %(*objectname) [2ms]
2024-10-22 06:33:40.983 [info] > git status -z -uall [70ms]
2024-10-22 06:33:45.994 [info] > git config --get commit.template [3ms]
2024-10-22 06:33:45.999 [info] > git for-each-ref --format=%(refname)%00%(upstream:short)%00%(objectname)%00%(upstream:track)%00%(upstream:remotename)%00%(upstream:remoteref) refs/heads/master refs/remotes/master [1ms]
2024-10-22 06:33:46.003 [warning] [Git][revParse] Unable to read file: ENOENT: no such file or directory, open '/home/kit214/php_web_scraper/.git/refs/remotes/origin/master'
2024-10-22 06:33:46.004 [info] > git rev-parse refs/remotes/origin/master [1ms]
2024-10-22 06:33:46.019 [info] > git for-each-ref --sort -committerdate --format %(refname) %(objectname) %(*objectname) [6ms]
2024-10-22 06:33:46.081 [info] > git status -z -uall [73ms]
2024-10-22 06:33:51.093 [info] > git config --get commit.template [3ms]
2024-10-22 06:33:51.101 [info] > git for-each-ref --format=%(refname)%00%(upstream:short)%00%(objectname)%00%(upstream:track)%00%(upstream:remotename)%00%(upstream:remoteref) refs/heads/master refs/remotes/master [3ms]
2024-10-22 06:33:51.105 [warning] [Git][revParse] Unable to read file: ENOENT: no such file or directory, open '/home/kit214/php_web_scraper/.git/refs/remotes/origin/master'
2024-10-22 06:33:51.106 [info] > git rev-parse refs/remotes/origin/master [1ms]
2024-10-22 06:33:51.118 [info] > git for-each-ref --sort -committerdate --format %(refname) %(objectname) %(*objectname) [3ms]
2024-10-22 06:33:51.180 [info] > git status -z -uall [71ms]
2024-10-22 06:33:56.192 [info] > git config --get commit.template [3ms]
2024-10-22 06:33:56.197 [info] > git for-each-ref --format=%(refname)%00%(upstream:short)%00%(objectname)%00%(upstream:track)%00%(upstream:remotename)%00%(upstream:remoteref) refs/heads/master refs/remotes/master [1ms]
2024-10-22 06:33:56.201 [warning] [Git][revParse] Unable to read file: ENOENT: no such file or directory, open '/home/kit214/php_web_scraper/.git/refs/remotes/origin/master'
2024-10-22 06:33:56.202 [info] > git rev-parse refs/remotes/origin/master [1ms]
2024-10-22 06:33:56.212 [info] > git for-each-ref --sort -committerdate --format %(refname) %(objectname) %(*objectname) [2ms]
2024-10-22 06:33:56.274 [info] > git status -z -uall [69ms]
2024-10-22 06:34:10.711 [info] > git config --get commit.template [6ms]
2024-10-22 06:34:10.712 [info] > git for-each-ref --format=%(refname)%00%(upstream:short)%00%(objectname)%00%(upstream:track)%00%(upstream:remotename)%00%(upstream:remoteref) refs/heads/master refs/remotes/master [2ms]
2024-10-22 06:34:10.715 [warning] [Git][revParse] Unable to read file: ENOENT: no such file or directory, open '/home/kit214/php_web_scraper/.git/refs/remotes/origin/master'
2024-10-22 06:34:10.716 [info] > git rev-parse refs/remotes/origin/master [1ms]
2024-10-22 06:34:10.727 [info] > git for-each-ref --sort -committerdate --format %(refname) %(objectname) %(*objectname) [2ms]
2024-10-22 06:34:10.788 [info] > git status -z -uall [68ms]
2024-10-22 06:34:23.336 [info] > git config --get commit.template [3ms]
2024-10-22 06:34:23.341 [info] > git for-each-ref --format=%(refname)%00%(upstream:short)%00%(objectname)%00%(upstream:track)%00%(upstream:remotename)%00%(upstream:remoteref) refs/heads/master refs/remotes/master [1ms]
2024-10-22 06:34:23.345 [warning] [Git][revParse] Unable to read file: ENOENT: no such file or directory, open '/home/kit214/php_web_scraper/.git/refs/remotes/origin/master'
2024-10-22 06:34:23.346 [info] > git rev-parse refs/remotes/origin/master [1ms]
2024-10-22 06:34:23.357 [info] > git for-each-ref --sort -committerdate --format %(refname) %(objectname) %(*objectname) [3ms]
2024-10-22 06:34:23.419 [info] > git status -z -uall [69ms]
2024-10-22 06:34:30.719 [info] > git config --get commit.template [5ms]
2024-10-22 06:34:30.719 [info] > git for-each-ref --format=%(refname)%00%(upstream:short)%00%(objectname)%00%(upstream:track)%00%(upstream:remotename)%00%(upstream:remoteref) refs/heads/master refs/remotes/master [1ms]
2024-10-22 06:34:30.723 [warning] [Git][revParse] Unable to read file: ENOENT: no such file or directory, open '/home/kit214/php_web_scraper/.git/refs/remotes/origin/master'
2024-10-22 06:34:30.724 [info] > git rev-parse refs/remotes/origin/master [1ms]
2024-10-22 06:34:30.734 [info] > git for-each-ref --sort -committerdate --format %(refname) %(objectname) %(*objectname) [2ms]
2024-10-22 06:34:30.797 [info] > git status -z -uall [70ms]
2024-10-22 06:34:50.256 [info] > git config --get commit.template [5ms]
2024-10-22 06:34:50.257 [info] > git for-each-ref --format=%(refname)%00%(upstream:short)%00%(objectname)%00%(upstream:track)%00%(upstream:remotename)%00%(upstream:remoteref) refs/heads/master refs/remotes/master [2ms]
2024-10-22 06:34:50.261 [warning] [Git][revParse] Unable to read file: ENOENT: no such file or directory, open '/home/kit214/php_web_scraper/.git/refs/remotes/origin/master'
2024-10-22 06:34:50.262 [info] > git rev-parse refs/remotes/origin/master [1ms]
2024-10-22 06:34:50.272 [info] > git for-each-ref --sort -committerdate --format %(refname) %(objectname) %(*objectname) [2ms]
2024-10-22 06:34:50.336 [info] > git status -z -uall [71ms]
2024-10-22 06:34:55.351 [info] > git config --get commit.template [5ms]
2024-10-22 06:34:55.351 [info] > git for-each-ref --format=%(refname)%00%(upstream:short)%00%(objectname)%00%(upstream:track)%00%(upstream:remotename)%00%(upstream:remoteref) refs/heads/master refs/remotes/master [1ms]
2024-10-22 06:34:55.355 [warning] [Git][revParse] Unable to read file: ENOENT: no such file or directory, open '/home/kit214/php_web_scraper/.git/refs/remotes/origin/master'
2024-10-22 06:34:55.356 [info] > git rev-parse refs/remotes/origin/master [1ms]
2024-10-22 06:34:55.366 [info] > git for-each-ref --sort -committerdate --format %(refname) %(objectname) %(*objectname) [2ms]
2024-10-22 06:34:55.428 [info] > git status -z -uall [69ms]
2024-10-22 06:35:00.442 [info] > git config --get commit.template [5ms]
2024-10-22 06:35:00.442 [info] > git for-each-ref --format=%(refname)%00%(upstream:short)%00%(objectname)%00%(upstream:track)%00%(upstream:remotename)%00%(upstream:remoteref) refs/heads/master refs/remotes/master [1ms]
2024-10-22 06:35:00.446 [warning] [Git][revParse] Unable to read file: ENOENT: no such file or directory, open '/home/kit214/php_web_scraper/.git/refs/remotes/origin/master'
2024-10-22 06:35:00.447 [info] > git rev-parse refs/remotes/origin/master [1ms]
2024-10-22 06:35:00.459 [info] > git for-each-ref --sort -committerdate --format %(refname) %(objectname) %(*objectname) [3ms]
2024-10-22 06:35:00.520 [info] > git status -z -uall [70ms]
2024-10-22 06:35:05.533 [info] > git config --get commit.template [5ms]
2024-10-22 06:35:05.534 [info] > git for-each-ref --format=%(refname)%00%(upstream:short)%00%(objectname)%00%(upstream:track)%00%(upstream:remotename)%00%(upstream:remoteref) refs/heads/master refs/remotes/master [2ms]
2024-10-22 06:35:05.537 [warning] [Git][revParse] Unable to read file: ENOENT: no such file or directory, open '/home/kit214/php_web_scraper/.git/refs/remotes/origin/master'
2024-10-22 06:35:05.538 [info] > git rev-parse refs/remotes/origin/master [1ms]
2024-10-22 06:35:05.550 [info] > git for-each-ref --sort -committerdate --format %(refname) %(objectname) %(*objectname) [2ms]
2024-10-22 06:35:05.615 [info] > git status -z -uall [72ms]
2024-10-22 06:35:10.629 [info] > git config --get commit.template [4ms]
2024-10-22 06:35:10.629 [info] > git for-each-ref --format=%(refname)%00%(upstream:short)%00%(objectname)%00%(upstream:track)%00%(upstream:remotename)%00%(upstream:remoteref) refs/heads/master refs/remotes/master [1ms]
2024-10-22 06:35:10.633 [warning] [Git][revParse] Unable to read file: ENOENT: no such file or directory, open '/home/kit214/php_web_scraper/.git/refs/remotes/origin/master'
2024-10-22 06:35:10.634 [info] > git rev-parse refs/remotes/origin/master [1ms]
2024-10-22 06:35:10.644 [info] > git for-each-ref --sort -committerdate --format %(refname) %(objectname) %(*objectname) [2ms]
2024-10-22 06:35:10.708 [info] > git status -z -uall [71ms]
2024-10-22 06:35:15.720 [info] > git config --get commit.template [5ms]
2024-10-22 06:35:15.721 [info] > git for-each-ref --format=%(refname)%00%(upstream:short)%00%(objectname)%00%(upstream:track)%00%(upstream:remotename)%00%(upstream:remoteref) refs/heads/master refs/remotes/master [1ms]
2024-10-22 06:35:15.725 [warning] [Git][revParse] Unable to read file: ENOENT: no such file or directory, open '/home/kit214/php_web_scraper/.git/refs/remotes/origin/master'
2024-10-22 06:35:15.726 [info] > git rev-parse refs/remotes/origin/master [1ms]
2024-10-22 06:35:15.737 [info] > git for-each-ref --sort -committerdate --format %(refname) %(objectname) %(*objectname) [3ms]
2024-10-22 06:35:15.799 [info] > git status -z -uall [70ms]
2024-10-22 06:35:20.813 [info] > git config --get commit.template [5ms]
2024-10-22 06:35:20.814 [info] > git for-each-ref --format=%(refname)%00%(upstream:short)%00%(objectname)%00%(upstream:track)%00%(upstream:remotename)%00%(upstream:remoteref) refs/heads/master refs/remotes/master [1ms]
2024-10-22 06:35:20.818 [warning] [Git][revParse] Unable to read file: ENOENT: no such file or directory, open '/home/kit214/php_web_scraper/.git/refs/remotes/origin/master'
2024-10-22 06:35:20.820 [info] > git rev-parse refs/remotes/origin/master [2ms]
2024-10-22 06:35:20.831 [info] > git for-each-ref --sort -committerdate --format %(refname) %(objectname) %(*objectname) [3ms]
2024-10-22 06:35:20.892 [info] > git status -z -uall [69ms]
2024-10-22 06:35:25.907 [info] > git config --get commit.template [5ms]
2024-10-22 06:35:25.908 [info] > git for-each-ref --format=%(refname)%00%(upstream:short)%00%(objectname)%00%(upstream:track)%00%(upstream:remotename)%00%(upstream:remoteref) refs/heads/master refs/remotes/master [2ms]
2024-10-22 06:35:25.911 [warning] [Git][revParse] Unable to read file: ENOENT: no such file or directory, open '/home/kit214/php_web_scraper/.git/refs/remotes/origin/master'
2024-10-22 06:35:25.912 [info] > git rev-parse refs/remotes/origin/master [1ms]
2024-10-22 06:35:25.924 [info] > git for-each-ref --sort -committerdate --format %(refname) %(objectname) %(*objectname) [3ms]
2024-10-22 06:35:25.985 [info] > git status -z -uall [69ms]
2024-10-22 06:35:30.999 [info] > git config --get commit.template [5ms]
2024-10-22 06:35:31.000 [info] > git for-each-ref --format=%(refname)%00%(upstream:short)%00%(objectname)%00%(upstream:track)%00%(upstream:remotename)%00%(upstream:remoteref) refs/heads/master refs/remotes/master [2ms]
2024-10-22 06:35:31.005 [warning] [Git][revParse] Unable to read file: ENOENT: no such file or directory, open '/home/kit214/php_web_scraper/.git/refs/remotes/origin/master'
2024-10-22 06:35:31.005 [info] > git rev-parse refs/remotes/origin/master [0ms]
2024-10-22 06:35:31.016 [info] > git for-each-ref --sort -committerdate --format %(refname) %(objectname) %(*objectname) [2ms]
2024-10-22 06:35:31.078 [info] > git status -z -uall [69ms]
2024-10-22 06:35:36.090 [info] > git config --get commit.template [5ms]
2024-10-22 06:35:36.091 [info] > git for-each-ref --format=%(refname)%00%(upstream:short)%00%(objectname)%00%(upstream:track)%00%(upstream:remotename)%00%(upstream:remoteref) refs/heads/master refs/remotes/master [2ms]
2024-10-22 06:35:36.094 [warning] [Git][revParse] Unable to read file: ENOENT: no such file or directory, open '/home/kit214/php_web_scraper/.git/refs/remotes/origin/master'
2024-10-22 06:35:36.095 [info] > git rev-parse refs/remotes/origin/master [1ms]
2024-10-22 06:35:36.107 [info] > git for-each-ref --sort -committerdate --format %(refname) %(objectname) %(*objectname) [4ms]
2024-10-22 06:35:36.168 [info] > git status -z -uall [70ms]
2024-10-22 06:35:41.181 [info] > git config --get commit.template [5ms]
2024-10-22 06:35:41.182 [info] > git for-each-ref --format=%(refname)%00%(upstream:short)%00%(objectname)%00%(upstream:track)%00%(upstream:remotename)%00%(upstream:remoteref) refs/heads/master refs/remotes/master [2ms]
2024-10-22 06:35:41.186 [warning] [Git][revParse] Unable to read file: ENOENT: no such file or directory, open '/home/kit214/php_web_scraper/.git/refs/remotes/origin/master'
2024-10-22 06:35:41.187 [info] > git rev-parse refs/remotes/origin/master [1ms]
2024-10-22 06:35:41.201 [info] > git for-each-ref --sort -committerdate --format %(refname) %(objectname) %(*objectname) [2ms]
2024-10-22 06:35:41.261 [info] > git status -z -uall [71ms]
2024-10-22 06:36:16.095 [info] > git config --get commit.template [5ms]
2024-10-22 06:36:16.096 [info] > git for-each-ref --format=%(refname)%00%(upstream:short)%00%(objectname)%00%(upstream:track)%00%(upstream:remotename)%00%(upstream:remoteref) refs/heads/master refs/remotes/master [2ms]
2024-10-22 06:36:16.100 [warning] [Git][revParse] Unable to read file: ENOENT: no such file or directory, open '/home/kit214/php_web_scraper/.git/refs/remotes/origin/master'
2024-10-22 06:36:16.101 [info] > git rev-parse refs/remotes/origin/master [2ms]
2024-10-22 06:36:16.113 [info] > git for-each-ref --sort -committerdate --format %(refname) %(objectname) %(*objectname) [5ms]
2024-10-22 06:36:16.176 [info] > git status -z -uall [72ms]
2024-10-22 06:36:21.189 [info] > git config --get commit.template [5ms]
2024-10-22 06:36:21.190 [info] > git for-each-ref --format=%(refname)%00%(upstream:short)%00%(objectname)%00%(upstream:track)%00%(upstream:remotename)%00%(upstream:remoteref) refs/heads/master refs/remotes/master [2ms]
2024-10-22 06:36:21.193 [warning] [Git][revParse] Unable to read file: ENOENT: no such file or directory, open '/home/kit214/php_web_scraper/.git/refs/remotes/origin/master'
2024-10-22 06:36:21.194 [info] > git rev-parse refs/remotes/origin/master [1ms]
2024-10-22 06:36:21.204 [info] > git for-each-ref --sort -committerdate --format %(refname) %(objectname) %(*objectname) [2ms]
2024-10-22 06:36:21.267 [info] > git status -z -uall [69ms]
2024-10-22 06:36:26.281 [info] > git config --get commit.template [5ms]
2024-10-22 06:36:26.282 [info] > git for-each-ref --format=%(refname)%00%(upstream:short)%00%(objectname)%00%(upstream:track)%00%(upstream:remotename)%00%(upstream:remoteref) refs/heads/master refs/remotes/master [1ms]
2024-10-22 06:36:26.286 [warning] [Git][revParse] Unable to read file: ENOENT: no such file or directory, open '/home/kit214/php_web_scraper/.git/refs/remotes/origin/master'
2024-10-22 06:36:26.287 [info] > git rev-parse refs/remotes/origin/master [1ms]
2024-10-22 06:36:26.298 [info] > git for-each-ref --sort -committerdate --format %(refname) %(objectname) %(*objectname) [2ms]
2024-10-22 06:36:26.359 [info] > git status -z -uall [69ms]
2024-10-22 06:36:31.376 [info] > git config --get commit.template [7ms]
2024-10-22 06:36:31.377 [info] > git for-each-ref --format=%(refname)%00%(upstream:short)%00%(objectname)%00%(upstream:track)%00%(upstream:remotename)%00%(upstream:remoteref) refs/heads/master refs/remotes/master [2ms]
2024-10-22 06:36:31.380 [warning] [Git][revParse] Unable to read file: ENOENT: no such file or directory, open '/home/kit214/php_web_scraper/.git/refs/remotes/origin/master'
2024-10-22 06:36:31.382 [info] > git rev-parse refs/remotes/origin/master [1ms]
2024-10-22 06:36:31.394 [info] > git for-each-ref --sort -committerdate --format %(refname) %(objectname) %(*objectname) [4ms]
2024-10-22 06:36:31.460 [info] > git status -z -uall [75ms]
2024-10-22 06:36:36.474 [info] > git config --get commit.template [6ms]
2024-10-22 06:36:36.475 [info] > git for-each-ref --format=%(refname)%00%(upstream:short)%00%(objectname)%00%(upstream:track)%00%(upstream:remotename)%00%(upstream:remoteref) refs/heads/master refs/remotes/master [2ms]
2024-10-22 06:36:36.478 [warning] [Git][revParse] Unable to read file: ENOENT: no such file or directory, open '/home/kit214/php_web_scraper/.git/refs/remotes/origin/master'
2024-10-22 06:36:36.479 [info] > git rev-parse refs/remotes/origin/master [1ms]
2024-10-22 06:36:36.491 [info] > git for-each-ref --sort -committerdate --format %(refname) %(objectname) %(*objectname) [4ms]
2024-10-22 06:36:36.552 [info] > git status -z -uall [69ms]
2024-10-22 06:37:22.293 [info] > git config --get commit.template [4ms]
2024-10-22 06:37:22.293 [info] > git for-each-ref --format=%(refname)%00%(upstream:short)%00%(objectname)%00%(upstream:track)%00%(upstream:remotename)%00%(upstream:remoteref) refs/heads/master refs/remotes/master [1ms]
2024-10-22 06:37:22.297 [warning] [Git][revParse] Unable to read file: ENOENT: no such file or directory, open '/home/kit214/php_web_scraper/.git/refs/remotes/origin/master'
2024-10-22 06:37:22.298 [info] > git rev-parse refs/remotes/origin/master [1ms]
2024-10-22 06:37:22.310 [info] > git for-each-ref --sort -committerdate --format %(refname) %(objectname) %(*objectname) [3ms]
2024-10-22 06:37:22.372 [info] > git status -z -uall [71ms]
2024-10-22 06:37:27.386 [info] > git config --get commit.template [6ms]
2024-10-22 06:37:27.387 [info] > git for-each-ref --format=%(refname)%00%(upstream:short)%00%(objectname)%00%(upstream:track)%00%(upstream:remotename)%00%(upstream:remoteref) refs/heads/master refs/remotes/master [2ms]
2024-10-22 06:37:27.391 [warning] [Git][revParse] Unable to read file: ENOENT: no such file or directory, open '/home/kit214/php_web_scraper/.git/refs/remotes/origin/master'
2024-10-22 06:37:27.393 [info] > git rev-parse refs/remotes/origin/master [2ms]
2024-10-22 06:37:27.407 [info] > git for-each-ref --sort -committerdate --format %(refname) %(objectname) %(*objectname) [2ms]
2024-10-22 06:37:27.472 [info] > git status -z -uall [74ms]
2024-10-22 06:37:32.485 [info] > git config --get commit.template [5ms]
2024-10-22 06:37:32.486 [info] > git for-each-ref --format=%(refname)%00%(upstream:short)%00%(objectname)%00%(upstream:track)%00%(upstream:remotename)%00%(upstream:remoteref) refs/heads/master refs/remotes/master [1ms]
2024-10-22 06:37:32.490 [warning] [Git][revParse] Unable to read file: ENOENT: no such file or directory, open '/home/kit214/php_web_scraper/.git/refs/remotes/origin/master'
2024-10-22 06:37:32.491 [info] > git rev-parse refs/remotes/origin/master [1ms]
2024-10-22 06:37:32.501 [info] > git for-each-ref --sort -committerdate --format %(refname) %(objectname) %(*objectname) [2ms]
2024-10-22 06:37:32.566 [info] > git status -z -uall [71ms]
2024-10-22 06:37:38.889 [info] > git config --get commit.template [5ms]
2024-10-22 06:37:38.890 [info] > git for-each-ref --format=%(refname)%00%(upstream:short)%00%(objectname)%00%(upstream:track)%00%(upstream:remotename)%00%(upstream:remoteref) refs/heads/master refs/remotes/master [2ms]
2024-10-22 06:37:38.893 [warning] [Git][revParse] Unable to read file: ENOENT: no such file or directory, open '/home/kit214/php_web_scraper/.git/refs/remotes/origin/master'
2024-10-22 06:37:38.894 [info] > git rev-parse refs/remotes/origin/master [1ms]
2024-10-22 06:37:38.905 [info] > git for-each-ref --sort -committerdate --format %(refname) %(objectname) %(*objectname) [2ms]
2024-10-22 06:37:38.966 [info] > git status -z -uall [68ms]
2024-10-22 06:37:46.646 [info] > git config --get commit.template [6ms]
2024-10-22 06:37:46.647 [info] > git for-each-ref --format=%(refname)%00%(upstream:short)%00%(objectname)%00%(upstream:track)%00%(upstream:remotename)%00%(upstream:remoteref) refs/heads/master refs/remotes/master [2ms]
2024-10-22 06:37:46.650 [warning] [Git][revParse] Unable to read file: ENOENT: no such file or directory, open '/home/kit214/php_web_scraper/.git/refs/remotes/origin/master'
2024-10-22 06:37:46.651 [info] > git rev-parse refs/remotes/origin/master [1ms]
2024-10-22 06:37:46.662 [info] > git for-each-ref --sort -committerdate --format %(refname) %(objectname) %(*objectname) [2ms]
2024-10-22 06:37:46.724 [info] > git status -z -uall [68ms]
2024-10-22 06:38:10.634 [info] > git config --get commit.template [5ms]
2024-10-22 06:38:10.635 [info] > git for-each-ref --format=%(refname)%00%(upstream:short)%00%(objectname)%00%(upstream:track)%00%(upstream:remotename)%00%(upstream:remoteref) refs/heads/master refs/remotes/master [2ms]
2024-10-22 06:38:10.638 [warning] [Git][revParse] Unable to read file: ENOENT: no such file or directory, open '/home/kit214/php_web_scraper/.git/refs/remotes/origin/master'
2024-10-22 06:38:10.639 [info] > git rev-parse refs/remotes/origin/master [1ms]
2024-10-22 06:38:10.651 [info] > git for-each-ref --sort -committerdate --format %(refname) %(objectname) %(*objectname) [4ms]
2024-10-22 06:38:10.713 [info] > git status -z -uall [70ms]
2024-10-22 06:38:16.185 [info] > git config --get commit.template [5ms]
2024-10-22 06:38:16.186 [info] > git for-each-ref --format=%(refname)%00%(upstream:short)%00%(objectname)%00%(upstream:track)%00%(upstream:remotename)%00%(upstream:remoteref) refs/heads/master refs/remotes/master [2ms]
2024-10-22 06:38:16.189 [warning] [Git][revParse] Unable to read file: ENOENT: no such file or directory, open '/home/kit214/php_web_scraper/.git/refs/remotes/origin/master'
2024-10-22 06:38:16.190 [info] > git rev-parse refs/remotes/origin/master [1ms]
2024-10-22 06:38:16.201 [info] > git for-each-ref --sort -committerdate --format %(refname) %(objectname) %(*objectname) [2ms]
2024-10-22 06:38:16.263 [info] > git status -z -uall [69ms]
2024-10-22 06:38:21.278 [info] > git config --get commit.template [5ms]
2024-10-22 06:38:21.279 [info] > git for-each-ref --format=%(refname)%00%(upstream:short)%00%(objectname)%00%(upstream:track)%00%(upstream:remotename)%00%(upstream:remoteref) refs/heads/master refs/remotes/master [2ms]
2024-10-22 06:38:21.282 [warning] [Git][revParse] Unable to read file: ENOENT: no such file or directory, open '/home/kit214/php_web_scraper/.git/refs/remotes/origin/master'
2024-10-22 06:38:21.283 [info] > git rev-parse refs/remotes/origin/master [1ms]
2024-10-22 06:38:21.295 [info] > git for-each-ref --sort -committerdate --format %(refname) %(objectname) %(*objectname) [2ms]
2024-10-22 06:38:21.359 [info] > git status -z -uall [72ms]
2024-10-22 06:38:26.371 [info] > git config --get commit.template [4ms]
2024-10-22 06:38:26.376 [info] > git for-each-ref --format=%(refname)%00%(upstream:short)%00%(objectname)%00%(upstream:track)%00%(upstream:remotename)%00%(upstream:remoteref) refs/heads/master refs/remotes/master [1ms]
2024-10-22 06:38:26.380 [warning] [Git][revParse] Unable to read file: ENOENT: no such file or directory, open '/home/kit214/php_web_scraper/.git/refs/remotes/origin/master'
2024-10-22 06:38:26.381 [info] > git rev-parse refs/remotes/origin/master [2ms]
2024-10-22 06:38:26.391 [info] > git for-each-ref --sort -committerdate --format %(refname) %(objectname) %(*objectname) [2ms]
2024-10-22 06:38:26.453 [info] > git status -z -uall [69ms]
2024-10-22 06:38:31.466 [info] > git config --get commit.template [6ms]
2024-10-22 06:38:31.467 [info] > git for-each-ref --format=%(refname)%00%(upstream:short)%00%(objectname)%00%(upstream:track)%00%(upstream:remotename)%00%(upstream:remoteref) refs/heads/master refs/remotes/master [2ms]
2024-10-22 06:38:31.470 [warning] [Git][revParse] Unable to read file: ENOENT: no such file or directory, open '/home/kit214/php_web_scraper/.git/refs/remotes/origin/master'
2024-10-22 06:38:31.471 [info] > git rev-parse refs/remotes/origin/master [1ms]
2024-10-22 06:38:31.482 [info] > git for-each-ref --sort -committerdate --format %(refname) %(objectname) %(*objectname) [2ms]
2024-10-22 06:38:31.544 [info] > git status -z -uall [69ms]
2024-10-22 06:38:36.557 [info] > git config --get commit.template [6ms]
2024-10-22 06:38:36.558 [info] > git for-each-ref --format=%(refname)%00%(upstream:short)%00%(objectname)%00%(upstream:track)%00%(upstream:remotename)%00%(upstream:remoteref) refs/heads/master refs/remotes/master [2ms]
2024-10-22 06:38:36.561 [warning] [Git][revParse] Unable to read file: ENOENT: no such file or directory, open '/home/kit214/php_web_scraper/.git/refs/remotes/origin/master'
2024-10-22 06:38:36.562 [info] > git rev-parse refs/remotes/origin/master [1ms]
2024-10-22 06:38:36.572 [info] > git for-each-ref --sort -committerdate --format %(refname) %(objectname) %(*objectname) [2ms]
2024-10-22 06:38:36.634 [info] > git status -z -uall [68ms]
2024-10-22 06:38:43.069 [info] > git config --get commit.template [6ms]
2024-10-22 06:38:43.070 [info] > git for-each-ref --format=%(refname)%00%(upstream:short)%00%(objectname)%00%(upstream:track)%00%(upstream:remotename)%00%(upstream:remoteref) refs/heads/master refs/remotes/master [2ms]
2024-10-22 06:38:43.074 [warning] [Git][revParse] Unable to read file: ENOENT: no such file or directory, open '/home/kit214/php_web_scraper/.git/refs/remotes/origin/master'
2024-10-22 06:38:43.075 [info] > git rev-parse refs/remotes/origin/master [1ms]
2024-10-22 06:38:43.090 [info] > git for-each-ref --sort -committerdate --format %(refname) %(objectname) %(*objectname) [6ms]
2024-10-22 06:38:43.158 [info] > git status -z -uall [79ms]
2024-10-22 06:38:48.171 [info] > git config --get commit.template [5ms]
2024-10-22 06:38:48.172 [info] > git for-each-ref --format=%(refname)%00%(upstream:short)%00%(objectname)%00%(upstream:track)%00%(upstream:remotename)%00%(upstream:remoteref) refs/heads/master refs/remotes/master [1ms]
2024-10-22 06:38:48.176 [warning] [Git][revParse] Unable to read file: ENOENT: no such file or directory, open '/home/kit214/php_web_scraper/.git/refs/remotes/origin/master'
2024-10-22 06:38:48.177 [info] > git rev-parse refs/remotes/origin/master [1ms]
2024-10-22 06:38:48.189 [info] > git for-each-ref --sort -committerdate --format %(refname) %(objectname) %(*objectname) [3ms]
2024-10-22 06:38:48.251 [info] > git status -z -uall [70ms]
2024-10-22 06:38:57.012 [info] > git config --get commit.template [7ms]
2024-10-22 06:38:57.012 [info] > git for-each-ref --format=%(refname)%00%(upstream:short)%00%(objectname)%00%(upstream:track)%00%(upstream:remotename)%00%(upstream:remoteref) refs/heads/master refs/remotes/master [3ms]
2024-10-22 06:38:57.015 [warning] [Git][revParse] Unable to read file: ENOENT: no such file or directory, open '/home/kit214/php_web_scraper/.git/refs/remotes/origin/master'
2024-10-22 06:38:57.016 [info] > git rev-parse refs/remotes/origin/master [1ms]
2024-10-22 06:38:57.027 [info] > git for-each-ref --sort -committerdate --format %(refname) %(objectname) %(*objectname) [3ms]
2024-10-22 06:38:57.089 [info] > git status -z -uall [69ms]
2024-10-22 06:41:01.516 [info] > git config --get commit.template [5ms]
2024-10-22 06:41:01.517 [info] > git for-each-ref --format=%(refname)%00%(upstream:short)%00%(objectname)%00%(upstream:track)%00%(upstream:remotename)%00%(upstream:remoteref) refs/heads/master refs/remotes/master [1ms]
2024-10-22 06:41:01.521 [warning] [Git][revParse] Unable to read file: ENOENT: no such file or directory, open '/home/kit214/php_web_scraper/.git/refs/remotes/origin/master'
2024-10-22 06:41:01.522 [info] > git rev-parse refs/remotes/origin/master [1ms]
2024-10-22 06:41:01.534 [info] > git for-each-ref --sort -committerdate --format %(refname) %(objectname) %(*objectname) [4ms]
2024-10-22 06:41:01.597 [info] > git status -z -uall [72ms]
2024-10-22 06:41:07.260 [info] > git config --get commit.template [6ms]
2024-10-22 06:41:07.261 [info] > git for-each-ref --format=%(refname)%00%(upstream:short)%00%(objectname)%00%(upstream:track)%00%(upstream:remotename)%00%(upstream:remoteref) refs/heads/master refs/remotes/master [2ms]
2024-10-22 06:41:07.264 [warning] [Git][revParse] Unable to read file: ENOENT: no such file or directory, open '/home/kit214/php_web_scraper/.git/refs/remotes/origin/master'
2024-10-22 06:41:07.265 [info] > git rev-parse refs/remotes/origin/master [1ms]
2024-10-22 06:41:07.277 [info] > git for-each-ref --sort -committerdate --format %(refname) %(objectname) %(*objectname) [4ms]
2024-10-22 06:41:07.337 [info] > git status -z -uall [68ms]
2024-10-22 06:41:12.350 [info] > git config --get commit.template [5ms]
2024-10-22 06:41:12.351 [info] > git for-each-ref --format=%(refname)%00%(upstream:short)%00%(objectname)%00%(upstream:track)%00%(upstream:remotename)%00%(upstream:remoteref) refs/heads/master refs/remotes/master [2ms]
2024-10-22 06:41:12.355 [warning] [Git][revParse] Unable to read file: ENOENT: no such file or directory, open '/home/kit214/php_web_scraper/.git/refs/remotes/origin/master'
2024-10-22 06:41:12.356 [info] > git rev-parse refs/remotes/origin/master [1ms]
2024-10-22 06:41:12.366 [info] > git for-each-ref --sort -committerdate --format %(refname) %(objectname) %(*objectname) [3ms]
2024-10-22 06:41:12.427 [info] > git status -z -uall [68ms]
2024-10-22 06:41:17.440 [info] > git config --get commit.template [5ms]
2024-10-22 06:41:17.441 [info] > git for-each-ref --format=%(refname)%00%(upstream:short)%00%(objectname)%00%(upstream:track)%00%(upstream:remotename)%00%(upstream:remoteref) refs/heads/master refs/remotes/master [2ms]
2024-10-22 06:41:17.444 [warning] [Git][revParse] Unable to read file: ENOENT: no such file or directory, open '/home/kit214/php_web_scraper/.git/refs/remotes/origin/master'
2024-10-22 06:41:17.446 [info] > git rev-parse refs/remotes/origin/master [1ms]
2024-10-22 06:41:17.457 [info] > git for-each-ref --sort -committerdate --format %(refname) %(objectname) %(*objectname) [4ms]
2024-10-22 06:41:17.519 [info] > git status -z -uall [70ms]
2024-10-22 06:41:22.532 [info] > git config --get commit.template [5ms]
2024-10-22 06:41:22.533 [info] > git for-each-ref --format=%(refname)%00%(upstream:short)%00%(objectname)%00%(upstream:track)%00%(upstream:remotename)%00%(upstream:remoteref) refs/heads/master refs/remotes/master [2ms]
2024-10-22 06:41:22.537 [warning] [Git][revParse] Unable to read file: ENOENT: no such file or directory, open '/home/kit214/php_web_scraper/.git/refs/remotes/origin/master'
2024-10-22 06:41:22.538 [info] > git rev-parse refs/remotes/origin/master [2ms]
2024-10-22 06:41:22.548 [info] > git for-each-ref --sort -committerdate --format %(refname) %(objectname) %(*objectname) [2ms]
2024-10-22 06:41:22.610 [info] > git status -z -uall [69ms]
2024-10-22 06:41:27.623 [info] > git config --get commit.template [5ms]
2024-10-22 06:41:27.624 [info] > git for-each-ref --format=%(refname)%00%(upstream:short)%00%(objectname)%00%(upstream:track)%00%(upstream:remotename)%00%(upstream:remoteref) refs/heads/master refs/remotes/master [2ms]
2024-10-22 06:41:27.627 [warning] [Git][revParse] Unable to read file: ENOENT: no such file or directory, open '/home/kit214/php_web_scraper/.git/refs/remotes/origin/master'
2024-10-22 06:41:27.629 [info] > git rev-parse refs/remotes/origin/master [2ms]
2024-10-22 06:41:27.639 [info] > git for-each-ref --sort -committerdate --format %(refname) %(objectname) %(*objectname) [2ms]
2024-10-22 06:41:27.704 [info] > git status -z -uall [72ms]
2024-10-22 06:43:02.096 [info] > git config --get commit.template [5ms]
2024-10-22 06:43:02.097 [info] > git for-each-ref --format=%(refname)%00%(upstream:short)%00%(objectname)%00%(upstream:track)%00%(upstream:remotename)%00%(upstream:remoteref) refs/heads/master refs/remotes/master [1ms]
2024-10-22 06:43:02.101 [warning] [Git][revParse] Unable to read file: ENOENT: no such file or directory, open '/home/kit214/php_web_scraper/.git/refs/remotes/origin/master'
2024-10-22 06:43:02.102 [info] > git rev-parse refs/remotes/origin/master [1ms]
2024-10-22 06:43:02.113 [info] > git for-each-ref --sort -committerdate --format %(refname) %(objectname) %(*objectname) [3ms]
2024-10-22 06:43:02.176 [info] > git status -z -uall [71ms]
2024-10-22 06:43:08.851 [info] > git config --get commit.template [4ms]
2024-10-22 06:43:08.859 [info] > git for-each-ref --format=%(refname)%00%(upstream:short)%00%(objectname)%00%(upstream:track)%00%(upstream:remotename)%00%(upstream:remoteref) refs/heads/master refs/remotes/master [2ms]
2024-10-22 06:43:08.863 [warning] [Git][revParse] Unable to read file: ENOENT: no such file or directory, open '/home/kit214/php_web_scraper/.git/refs/remotes/origin/master'
2024-10-22 06:43:08.865 [info] > git rev-parse refs/remotes/origin/master [2ms]
2024-10-22 06:43:08.876 [info] > git for-each-ref --sort -committerdate --format %(refname) %(objectname) %(*objectname) [2ms]
2024-10-22 06:43:08.938 [info] > git status -z -uall [69ms]
2024-10-22 06:43:13.952 [info] > git config --get commit.template [6ms]
2024-10-22 06:43:13.953 [info] > git for-each-ref --format=%(refname)%00%(upstream:short)%00%(objectname)%00%(upstream:track)%00%(upstream:remotename)%00%(upstream:remoteref) refs/heads/master refs/remotes/master [2ms]
2024-10-22 06:43:13.957 [warning] [Git][revParse] Unable to read file: ENOENT: no such file or directory, open '/home/kit214/php_web_scraper/.git/refs/remotes/origin/master'
2024-10-22 06:43:13.958 [info] > git rev-parse refs/remotes/origin/master [1ms]
2024-10-22 06:43:13.970 [info] > git for-each-ref --sort -committerdate --format %(refname) %(objectname) %(*objectname) [4ms]
2024-10-22 06:43:14.031 [info] > git status -z -uall [70ms]
2024-10-22 06:43:19.048 [info] > git for-each-ref --format=%(refname)%00%(upstream:short)%00%(objectname)%00%(upstream:track)%00%(upstream:remotename)%00%(upstream:remoteref) refs/heads/master refs/remotes/master [3ms]
2024-10-22 06:43:19.048 [info] > git config --get commit.template [7ms]
2024-10-22 06:43:19.051 [warning] [Git][revParse] Unable to read file: ENOENT: no such file or directory, open '/home/kit214/php_web_scraper/.git/refs/remotes/origin/master'
2024-10-22 06:43:19.053 [info] > git rev-parse refs/remotes/origin/master [2ms]
2024-10-22 06:43:19.063 [info] > git for-each-ref --sort -committerdate --format %(refname) %(objectname) %(*objectname) [2ms]
2024-10-22 06:43:19.125 [info] > git status -z -uall [69ms]
