2024-10-16 04:18:06.333 [info] Log level: Info
2024-10-16 04:18:06.333 [info] Validating found git in: "git"
2024-10-16 04:18:06.333 [info] Using git "2.25.1" from "git"
2024-10-16 04:18:06.334 [info] > git rev-parse --show-toplevel [31ms]
2024-10-16 04:18:06.334 [info] fatal: not a git repository (or any of the parent directories): .git
2024-10-16 04:18:06.334 [info] > git rev-parse --show-toplevel [47ms]
2024-10-16 04:18:06.334 [info] fatal: not a git repository (or any of the parent directories): .git
2024-10-16 04:18:06.340 [info] > git rev-parse --show-toplevel [22ms]
2024-10-16 04:18:06.349 [info] fatal: not a git repository (or any of the parent directories): .git
2024-10-16 04:18:06.420 [info] > git rev-parse --show-toplevel [13ms]
2024-10-16 04:18:06.423 [info] fatal: not a git repository (or any of the parent directories): .git
2024-10-16 04:18:06.464 [info] > git rev-parse --show-toplevel [27ms]
2024-10-16 04:18:06.464 [info] fatal: not a git repository (or any of the parent directories): .git
2024-10-16 04:18:09.107 [info] > git rev-parse --show-toplevel [2617ms]
2024-10-16 04:18:09.107 [info] fatal: not a git repository (or any of the parent directories): .git
2024-10-16 04:18:09.359 [info] > git rev-parse --show-toplevel [219ms]
2024-10-16 04:18:09.359 [info] fatal: not a git repository (or any of the parent directories): .git
2024-10-16 04:18:09.421 [info] > git rev-parse --show-toplevel [30ms]
2024-10-16 04:18:09.422 [info] fatal: not a git repository (or any of the parent directories): .git
2024-10-16 04:18:09.486 [info] > git rev-parse --show-toplevel [29ms]
2024-10-16 04:18:09.524 [info] > git rev-parse --git-dir --git-common-dir [8ms]
2024-10-16 04:18:09.558 [info] Open repository: /home/kit214/.nvm
2024-10-16 04:18:09.622 [info] > git config --get commit.template [33ms]
2024-10-16 04:18:09.679 [info] > git rev-parse --show-toplevel [58ms]
2024-10-16 04:18:09.686 [info] fatal: not a git repository (or any of the parent directories): .git
2024-10-16 04:18:09.713 [info] > git for-each-ref --format %(refname) %(objectname) %(*objectname) refs/tags [51ms]
2024-10-16 04:18:09.731 [info] > git rev-parse --show-toplevel [20ms]
2024-10-16 04:18:09.731 [info] fatal: not a git repository (or any of the parent directories): .git
2024-10-16 04:18:09.750 [info] > git rev-parse --show-toplevel [6ms]
2024-10-16 04:18:09.750 [info] fatal: not a git repository (or any of the parent directories): .git
2024-10-16 04:18:09.781 [info] > git rev-parse --show-toplevel [7ms]
2024-10-16 04:18:09.782 [info] fatal: not a git repository (or any of the parent directories): .git
2024-10-16 04:18:09.803 [info] > git rev-parse --show-toplevel [8ms]
2024-10-16 04:18:09.803 [info] fatal: not a git repository (or any of the parent directories): .git
2024-10-16 04:18:09.821 [info] > git status -z -uall [92ms]
2024-10-16 04:18:09.844 [info] > git rev-parse --show-toplevel [25ms]
2024-10-16 04:18:09.844 [info] fatal: not a git repository (or any of the parent directories): .git
2024-10-16 04:18:09.862 [info] > git config --get commit.template [18ms]
2024-10-16 04:18:09.878 [info] > git rev-parse --show-toplevel [18ms]
2024-10-16 04:18:09.878 [info] fatal: not a git repository (or any of the parent directories): .git
2024-10-16 04:18:09.883 [info] > git for-each-ref --format %(refname) %(objectname) %(*objectname) refs/tags [6ms]
2024-10-16 04:18:09.906 [info] > git status -z -uall [12ms]
2024-10-16 04:18:10.319 [info] > git check-ignore -v -z --stdin [3ms]
2024-10-16 04:19:51.419 [info] > git rev-parse --show-toplevel [2ms]
2024-10-16 04:19:51.419 [info] fatal: not a git repository (or any of the parent directories): .git
2024-10-16 04:19:55.444 [info] > git rev-parse --show-toplevel [16ms]
2024-10-16 04:19:55.444 [info] fatal: not a git repository (or any of the parent directories): .git
2024-10-16 04:19:59.241 [info] > git rev-parse --show-toplevel [14ms]
2024-10-16 04:19:59.241 [info] fatal: not a git repository (or any of the parent directories): .git
2024-10-16 04:20:02.940 [info] > git rev-parse --show-toplevel [2ms]
2024-10-16 04:20:02.940 [info] fatal: not a git repository (or any of the parent directories): .git
2024-10-16 04:20:13.526 [info] > git rev-parse --show-toplevel [14ms]
2024-10-16 04:20:13.526 [info] fatal: not a git repository (or any of the parent directories): .git
2024-10-16 04:20:35.319 [info] > git rev-parse --show-toplevel [13ms]
2024-10-16 04:20:35.319 [info] fatal: not a git repository (or any of the parent directories): .git
2024-10-16 04:20:58.577 [info] > git rev-parse --show-toplevel [12ms]
2024-10-16 04:20:58.577 [info] fatal: not a git repository (or any of the parent directories): .git
2024-10-16 04:21:18.351 [info] > git rev-parse --show-toplevel [2ms]
2024-10-16 04:21:18.351 [info] fatal: not a git repository (or any of the parent directories): .git
2024-10-16 04:21:22.042 [info] > git rev-parse --show-toplevel [1ms]
2024-10-16 04:21:22.042 [info] fatal: not a git repository (or any of the parent directories): .git
2024-10-16 04:23:55.143 [info] > git rev-parse --show-toplevel [1ms]
2024-10-16 04:23:55.143 [info] fatal: not a git repository (or any of the parent directories): .git
2024-10-16 04:23:56.624 [info] > git rev-parse --show-toplevel [2ms]
2024-10-16 04:23:56.624 [info] fatal: not a git repository (or any of the parent directories): .git
2024-10-16 04:29:46.627 [info] > git rev-parse --show-toplevel [2ms]
2024-10-16 04:29:46.627 [info] fatal: not a git repository (or any of the parent directories): .git
2024-10-16 04:46:14.882 [info] > git rev-parse --show-toplevel [2ms]
2024-10-16 04:46:14.887 [info] fatal: not a git repository (or any of the parent directories): .git
2024-10-16 04:48:29.514 [info] > git rev-parse --show-toplevel [1ms]
2024-10-16 04:48:29.514 [info] fatal: not a git repository (or any of the parent directories): .git
2024-10-16 04:48:32.584 [info] > git rev-parse --show-toplevel [2ms]
2024-10-16 04:48:32.584 [info] fatal: not a git repository (or any of the parent directories): .git
2024-10-16 05:04:39.723 [info] > git rev-parse --show-toplevel [3ms]
2024-10-16 05:04:39.723 [info] fatal: not a git repository (or any of the parent directories): .git
2024-10-16 05:05:01.875 [info] > git rev-parse --show-toplevel [7ms]
2024-10-16 05:05:01.876 [info] fatal: not a git repository (or any of the parent directories): .git
2024-10-16 05:05:03.786 [info] > git rev-parse --show-toplevel [5ms]
2024-10-16 05:05:03.787 [info] fatal: not a git repository (or any of the parent directories): .git
2024-10-16 05:05:09.255 [info] > git rev-parse --show-toplevel [1ms]
2024-10-16 05:05:09.255 [info] fatal: not a git repository (or any of the parent directories): .git
2024-10-16 05:06:26.960 [info] > git rev-parse --show-toplevel [2ms]
2024-10-16 05:06:26.961 [info] fatal: not a git repository (or any of the parent directories): .git
2024-10-16 05:08:42.677 [info] > git rev-parse --show-toplevel [7ms]
2024-10-16 05:08:42.678 [info] fatal: not a git repository (or any of the parent directories): .git
2024-10-16 05:08:49.663 [info] > git rev-parse --show-toplevel [10ms]
2024-10-16 05:08:49.663 [info] fatal: not a git repository (or any of the parent directories): .git
2024-10-16 05:08:58.318 [info] > git rev-parse --show-toplevel [2ms]
2024-10-16 05:08:58.319 [info] fatal: not a git repository (or any of the parent directories): .git
2024-10-16 05:09:21.665 [info] > git rev-parse --show-toplevel [3ms]
2024-10-16 05:09:21.665 [info] fatal: not a git repository (or any of the parent directories): .git
2024-10-16 05:09:36.246 [info] > git rev-parse --show-toplevel [14ms]
2024-10-16 05:09:36.247 [info] fatal: not a git repository (or any of the parent directories): .git
2024-10-16 05:09:39.954 [info] > git rev-parse --show-toplevel [5ms]
2024-10-16 05:09:39.954 [info] fatal: not a git repository (or any of the parent directories): .git
2024-10-16 05:09:39.974 [info] > git rev-parse --show-toplevel [1ms]
2024-10-16 05:09:39.974 [info] fatal: not a git repository (or any of the parent directories): .git
2024-10-16 05:09:39.987 [info] > git rev-parse --show-toplevel [2ms]
2024-10-16 05:09:39.987 [info] fatal: not a git repository (or any of the parent directories): .git
2024-10-16 05:09:45.065 [info] > git rev-parse --show-toplevel [4ms]
2024-10-16 05:09:45.065 [info] fatal: not a git repository (or any of the parent directories): .git
2024-10-16 05:09:45.083 [info] > git rev-parse --show-toplevel [3ms]
2024-10-16 05:09:45.083 [info] fatal: not a git repository (or any of the parent directories): .git
2024-10-16 05:09:45.098 [info] > git rev-parse --show-toplevel [1ms]
2024-10-16 05:09:45.098 [info] fatal: not a git repository (or any of the parent directories): .git
2024-10-16 05:09:58.818 [info] > git rev-parse --show-toplevel [1ms]
2024-10-16 05:09:58.818 [info] fatal: not a git repository (or any of the parent directories): .git
2024-10-16 05:09:58.914 [info] > git rev-parse --show-toplevel [9ms]
2024-10-16 05:09:58.914 [info] fatal: not a git repository (or any of the parent directories): .git
2024-10-16 05:09:58.941 [info] > git rev-parse --show-toplevel [3ms]
2024-10-16 05:09:58.941 [info] fatal: not a git repository (or any of the parent directories): .git
2024-10-16 05:11:57.084 [info] > git rev-parse --show-toplevel [3ms]
2024-10-16 05:11:57.084 [info] fatal: not a git repository (or any of the parent directories): .git
2024-10-16 05:11:57.101 [info] > git rev-parse --show-toplevel [2ms]
2024-10-16 05:11:57.101 [info] fatal: not a git repository (or any of the parent directories): .git
2024-10-16 05:11:57.115 [info] > git rev-parse --show-toplevel [1ms]
2024-10-16 05:11:57.115 [info] fatal: not a git repository (or any of the parent directories): .git
2024-10-16 05:12:09.665 [info] > git rev-parse --show-toplevel [3ms]
2024-10-16 05:12:09.665 [info] fatal: not a git repository (or any of the parent directories): .git
2024-10-16 05:12:09.682 [info] > git rev-parse --show-toplevel [5ms]
2024-10-16 05:12:09.683 [info] fatal: not a git repository (or any of the parent directories): .git
2024-10-16 05:12:09.699 [info] > git rev-parse --show-toplevel [3ms]
2024-10-16 05:12:09.699 [info] fatal: not a git repository (or any of the parent directories): .git
2024-10-16 05:12:09.723 [info] > git rev-parse --show-toplevel [2ms]
2024-10-16 05:12:09.723 [info] fatal: not a git repository (or any of the parent directories): .git
2024-10-16 05:12:16.063 [info] > git rev-parse --show-toplevel [1ms]
2024-10-16 05:12:16.063 [info] fatal: not a git repository (or any of the parent directories): .git
2024-10-16 05:12:16.147 [info] > git rev-parse --show-toplevel [3ms]
2024-10-16 05:12:16.147 [info] fatal: not a git repository (or any of the parent directories): .git
2024-10-16 05:12:16.165 [info] > git rev-parse --show-toplevel [3ms]
2024-10-16 05:12:16.165 [info] fatal: not a git repository (or any of the parent directories): .git
2024-10-16 05:12:17.694 [info] > git rev-parse --show-toplevel [3ms]
2024-10-16 05:12:17.695 [info] fatal: not a git repository (or any of the parent directories): .git
2024-10-16 05:12:17.710 [info] > git rev-parse --show-toplevel [1ms]
2024-10-16 05:12:17.710 [info] fatal: not a git repository (or any of the parent directories): .git
2024-10-16 05:12:17.724 [info] > git rev-parse --show-toplevel [2ms]
2024-10-16 05:12:17.724 [info] fatal: not a git repository (or any of the parent directories): .git
2024-10-16 05:14:24.034 [info] > git rev-parse --show-toplevel [2ms]
2024-10-16 05:14:24.034 [info] fatal: not a git repository (or any of the parent directories): .git
2024-10-16 05:14:24.110 [info] > git rev-parse --show-toplevel [1ms]
2024-10-16 05:14:24.110 [info] fatal: not a git repository (or any of the parent directories): .git
2024-10-16 05:14:24.124 [info] > git rev-parse --show-toplevel [0ms]
2024-10-16 05:14:24.124 [info] fatal: not a git repository (or any of the parent directories): .git
2024-10-16 05:15:42.835 [info] > git rev-parse --show-toplevel [2ms]
2024-10-16 05:15:42.835 [info] fatal: not a git repository (or any of the parent directories): .git
2024-10-16 05:15:43.034 [info] > git rev-parse --show-toplevel [7ms]
2024-10-16 05:15:43.034 [info] fatal: not a git repository (or any of the parent directories): .git
2024-10-16 05:15:43.074 [info] > git rev-parse --show-toplevel [11ms]
2024-10-16 05:15:43.074 [info] fatal: not a git repository (or any of the parent directories): .git
2024-10-16 05:16:15.910 [info] > git rev-parse --show-toplevel [6ms]
2024-10-16 05:16:15.910 [info] fatal: not a git repository (or any of the parent directories): .git
2024-10-16 05:16:15.925 [info] > git rev-parse --show-toplevel [2ms]
2024-10-16 05:16:15.925 [info] fatal: not a git repository (or any of the parent directories): .git
2024-10-16 05:16:15.939 [info] > git rev-parse --show-toplevel [2ms]
2024-10-16 05:16:15.939 [info] fatal: not a git repository (or any of the parent directories): .git
2024-10-16 05:17:58.064 [info] > git rev-parse --show-toplevel [5ms]
2024-10-16 05:17:58.064 [info] fatal: not a git repository (or any of the parent directories): .git
2024-10-16 05:17:58.083 [info] > git rev-parse --show-toplevel [3ms]
2024-10-16 05:17:58.083 [info] fatal: not a git repository (or any of the parent directories): .git
2024-10-16 05:17:58.100 [info] > git rev-parse --show-toplevel [2ms]
2024-10-16 05:17:58.100 [info] fatal: not a git repository (or any of the parent directories): .git
2024-10-16 05:17:58.542 [info] > git rev-parse --show-toplevel [3ms]
2024-10-16 05:17:58.542 [info] fatal: not a git repository (or any of the parent directories): .git
2024-10-16 05:17:58.560 [info] > git rev-parse --show-toplevel [4ms]
2024-10-16 05:17:58.560 [info] fatal: not a git repository (or any of the parent directories): .git
2024-10-16 05:17:58.574 [info] > git rev-parse --show-toplevel [2ms]
2024-10-16 05:17:58.574 [info] fatal: not a git repository (or any of the parent directories): .git
2024-10-16 05:18:00.257 [info] > git rev-parse --show-toplevel [5ms]
2024-10-16 05:18:00.257 [info] fatal: not a git repository (or any of the parent directories): .git
2024-10-16 05:18:00.275 [info] > git rev-parse --show-toplevel [1ms]
2024-10-16 05:18:00.275 [info] fatal: not a git repository (or any of the parent directories): .git
2024-10-16 05:18:00.293 [info] > git rev-parse --show-toplevel [2ms]
2024-10-16 05:18:00.293 [info] fatal: not a git repository (or any of the parent directories): .git
2024-10-16 05:18:05.736 [info] > git rev-parse --show-toplevel [1ms]
2024-10-16 05:18:05.736 [info] fatal: not a git repository (or any of the parent directories): .git
2024-10-16 05:18:05.750 [info] > git rev-parse --show-toplevel [1ms]
2024-10-16 05:18:05.750 [info] fatal: not a git repository (or any of the parent directories): .git
2024-10-16 05:18:05.769 [info] > git rev-parse --show-toplevel [1ms]
2024-10-16 05:18:05.769 [info] fatal: not a git repository (or any of the parent directories): .git
2024-10-16 05:18:06.367 [info] > git rev-parse --show-toplevel [5ms]
2024-10-16 05:18:06.367 [info] fatal: not a git repository (or any of the parent directories): .git
2024-10-16 05:18:06.384 [info] > git rev-parse --show-toplevel [2ms]
2024-10-16 05:18:06.384 [info] fatal: not a git repository (or any of the parent directories): .git
2024-10-16 05:18:06.399 [info] > git rev-parse --show-toplevel [2ms]
2024-10-16 05:18:06.399 [info] fatal: not a git repository (or any of the parent directories): .git
2024-10-16 05:18:17.937 [info] > git rev-parse --show-toplevel [6ms]
2024-10-16 05:18:17.937 [info] fatal: not a git repository (or any of the parent directories): .git
2024-10-16 05:18:17.955 [info] > git rev-parse --show-toplevel [2ms]
2024-10-16 05:18:17.955 [info] fatal: not a git repository (or any of the parent directories): .git
2024-10-16 05:18:17.970 [info] > git rev-parse --show-toplevel [1ms]
2024-10-16 05:18:17.970 [info] fatal: not a git repository (or any of the parent directories): .git
2024-10-16 05:21:20.598 [info] > git rev-parse --show-toplevel [5ms]
2024-10-16 05:21:20.598 [info] fatal: not a git repository (or any of the parent directories): .git
2024-10-16 05:21:20.615 [info] > git rev-parse --show-toplevel [2ms]
2024-10-16 05:21:20.615 [info] fatal: not a git repository (or any of the parent directories): .git
2024-10-16 05:21:20.630 [info] > git rev-parse --show-toplevel [1ms]
2024-10-16 05:21:20.630 [info] fatal: not a git repository (or any of the parent directories): .git
2024-10-16 05:27:16.344 [info] > git rev-parse --show-toplevel [3ms]
2024-10-16 05:27:16.344 [info] fatal: not a git repository (or any of the parent directories): .git
2024-10-16 05:27:16.360 [info] > git rev-parse --show-toplevel [2ms]
2024-10-16 05:27:16.360 [info] fatal: not a git repository (or any of the parent directories): .git
2024-10-16 05:27:16.374 [info] > git rev-parse --show-toplevel [1ms]
2024-10-16 05:27:16.374 [info] fatal: not a git repository (or any of the parent directories): .git
2024-10-16 05:27:17.170 [info] > git rev-parse --show-toplevel [3ms]
2024-10-16 05:27:17.170 [info] fatal: not a git repository (or any of the parent directories): .git
2024-10-16 05:27:17.190 [info] > git rev-parse --show-toplevel [2ms]
2024-10-16 05:27:17.190 [info] fatal: not a git repository (or any of the parent directories): .git
2024-10-16 05:27:17.214 [info] > git rev-parse --show-toplevel [7ms]
2024-10-16 05:27:17.214 [info] fatal: not a git repository (or any of the parent directories): .git
2024-10-16 05:27:21.312 [info] > git rev-parse --show-toplevel [3ms]
2024-10-16 05:27:21.312 [info] fatal: not a git repository (or any of the parent directories): .git
2024-10-16 05:27:21.327 [info] > git rev-parse --show-toplevel [2ms]
2024-10-16 05:27:21.327 [info] fatal: not a git repository (or any of the parent directories): .git
2024-10-16 05:27:21.342 [info] > git rev-parse --show-toplevel [2ms]
2024-10-16 05:27:21.342 [info] fatal: not a git repository (or any of the parent directories): .git
2024-10-16 05:30:37.438 [info] > git rev-parse --show-toplevel [1ms]
2024-10-16 05:30:37.454 [info] > git rev-parse --git-dir --git-common-dir [1ms]
2024-10-16 05:30:37.470 [info] Open repository: /home/kit214/php_web_scraper
2024-10-16 05:30:37.515 [info] > git config --get commit.template [18ms]
2024-10-16 05:30:37.516 [info] > git for-each-ref --format=%(refname)%00%(upstream:short)%00%(objectname)%00%(upstream:track)%00%(upstream:remotename)%00%(upstream:remoteref) refs/heads/master refs/remotes/master [2ms]
2024-10-16 05:30:37.537 [info] > git status -z -uall [2ms]
2024-10-16 05:30:37.562 [info] > git config --get commit.template [2ms]
2024-10-16 05:30:37.582 [info] > git for-each-ref --format=%(refname)%00%(upstream:short)%00%(objectname)%00%(upstream:track)%00%(upstream:remotename)%00%(upstream:remoteref) refs/heads/master refs/remotes/master [1ms]
2024-10-16 05:30:37.602 [info] > git status -z -uall [2ms]
2024-10-16 05:30:38.110 [info] > git check-ignore -v -z --stdin [24ms]
2024-10-16 05:30:38.114 [info] > git check-ignore -v -z --stdin [5ms]
2024-10-16 05:32:28.478 [info] > git config --get commit.template [15ms]
2024-10-16 05:32:28.478 [info] > git for-each-ref --format=%(refname)%00%(upstream:short)%00%(objectname)%00%(upstream:track)%00%(upstream:remotename)%00%(upstream:remoteref) refs/heads/master refs/remotes/master [2ms]
2024-10-16 05:32:28.490 [warning] ENOENT: no such file or directory, open '/home/kit214/php_web_scraper/.git/refs/remotes/origin/master'
2024-10-16 05:32:28.491 [info] > git rev-parse refs/remotes/origin/master [1ms]
2024-10-16 05:32:28.589 [info] > git status -z -uall [85ms]
2024-10-16 05:32:32.351 [info] > git check-ignore -v -z --stdin [1ms]
2024-10-16 05:32:33.618 [info] > git config --get commit.template [2ms]
2024-10-16 05:32:33.635 [info] > git for-each-ref --format=%(refname)%00%(upstream:short)%00%(objectname)%00%(upstream:track)%00%(upstream:remotename)%00%(upstream:remoteref) refs/heads/master refs/remotes/master [1ms]
2024-10-16 05:32:33.648 [warning] ENOENT: no such file or directory, open '/home/kit214/php_web_scraper/.git/refs/remotes/origin/master'
2024-10-16 05:32:33.649 [info] > git rev-parse refs/remotes/origin/master [1ms]
2024-10-16 05:32:33.732 [info] > git status -z -uall [70ms]
2024-10-16 05:32:34.818 [info] > git rev-parse --show-toplevel [1ms]
2024-10-16 05:32:34.818 [info] fatal: not a git repository (or any of the parent directories): .git
2024-10-16 05:32:35.096 [info] > git rev-parse --show-toplevel [14ms]
2024-10-16 05:32:35.096 [info] fatal: not a git repository (or any of the parent directories): .git
2024-10-16 05:32:35.257 [info] > git show --textconv :guzzle_requests.php [15ms]
2024-10-16 05:32:35.258 [info] > git ls-files --stage -- /home/kit214/php_web_scraper/guzzle_requests.php [2ms]
2024-10-16 05:32:35.275 [info] > git cat-file -s 8a87cd3973c7600b1f082c6b06f9508ee6ed99cd [2ms]
2024-10-16 05:56:06.338 [info] > git config --get commit.template [14ms]
2024-10-16 05:56:06.339 [info] > git for-each-ref --format=%(refname)%00%(upstream:short)%00%(objectname)%00%(upstream:track)%00%(upstream:remotename)%00%(upstream:remoteref) refs/heads/master refs/remotes/master [2ms]
2024-10-16 05:56:06.350 [warning] ENOENT: no such file or directory, open '/home/kit214/php_web_scraper/.git/refs/remotes/origin/master'
2024-10-16 05:56:06.351 [info] > git rev-parse refs/remotes/origin/master [1ms]
2024-10-16 05:56:06.432 [info] > git status -z -uall [70ms]
2024-10-16 05:56:47.974 [info] > git config --get commit.template [2ms]
2024-10-16 05:56:47.991 [info] > git for-each-ref --format=%(refname)%00%(upstream:short)%00%(objectname)%00%(upstream:track)%00%(upstream:remotename)%00%(upstream:remoteref) refs/heads/master refs/remotes/master [2ms]
2024-10-16 05:56:48.004 [warning] ENOENT: no such file or directory, open '/home/kit214/php_web_scraper/.git/refs/remotes/origin/master'
2024-10-16 05:56:48.006 [info] > git rev-parse refs/remotes/origin/master [1ms]
2024-10-16 05:56:48.087 [info] > git status -z -uall [69ms]
2024-10-16 05:58:03.587 [info] > git config --get commit.template [16ms]
2024-10-16 05:58:03.587 [info] > git for-each-ref --format=%(refname)%00%(upstream:short)%00%(objectname)%00%(upstream:track)%00%(upstream:remotename)%00%(upstream:remoteref) refs/heads/master refs/remotes/master [2ms]
2024-10-16 05:58:03.601 [warning] ENOENT: no such file or directory, open '/home/kit214/php_web_scraper/.git/refs/remotes/origin/master'
2024-10-16 05:58:03.602 [info] > git rev-parse refs/remotes/origin/master [1ms]
2024-10-16 05:58:03.682 [info] > git status -z -uall [67ms]
2024-10-16 05:59:36.961 [info] > git config --get commit.template [15ms]
2024-10-16 05:59:36.961 [info] > git for-each-ref --format=%(refname)%00%(upstream:short)%00%(objectname)%00%(upstream:track)%00%(upstream:remotename)%00%(upstream:remoteref) refs/heads/master refs/remotes/master [3ms]
2024-10-16 05:59:36.972 [warning] ENOENT: no such file or directory, open '/home/kit214/php_web_scraper/.git/refs/remotes/origin/master'
2024-10-16 05:59:36.974 [info] > git rev-parse refs/remotes/origin/master [2ms]
2024-10-16 05:59:37.054 [info] > git status -z -uall [69ms]
2024-10-16 05:59:42.887 [info] > git config --get commit.template [17ms]
2024-10-16 05:59:42.887 [info] > git for-each-ref --format=%(refname)%00%(upstream:short)%00%(objectname)%00%(upstream:track)%00%(upstream:remotename)%00%(upstream:remoteref) refs/heads/master refs/remotes/master [2ms]
2024-10-16 05:59:42.901 [warning] ENOENT: no such file or directory, open '/home/kit214/php_web_scraper/.git/refs/remotes/origin/master'
2024-10-16 05:59:42.903 [info] > git rev-parse refs/remotes/origin/master [2ms]
2024-10-16 05:59:42.984 [info] > git status -z -uall [67ms]
2024-10-16 06:00:29.735 [info] > git config --get commit.template [15ms]
2024-10-16 06:00:29.736 [info] > git for-each-ref --format=%(refname)%00%(upstream:short)%00%(objectname)%00%(upstream:track)%00%(upstream:remotename)%00%(upstream:remoteref) refs/heads/master refs/remotes/master [1ms]
2024-10-16 06:00:29.748 [warning] ENOENT: no such file or directory, open '/home/kit214/php_web_scraper/.git/refs/remotes/origin/master'
2024-10-16 06:00:29.749 [info] > git rev-parse refs/remotes/origin/master [1ms]
2024-10-16 06:00:29.828 [info] > git status -z -uall [68ms]
2024-10-16 06:01:35.246 [info] > git config --get commit.template [16ms]
2024-10-16 06:01:35.247 [info] > git for-each-ref --format=%(refname)%00%(upstream:short)%00%(objectname)%00%(upstream:track)%00%(upstream:remotename)%00%(upstream:remoteref) refs/heads/master refs/remotes/master [2ms]
2024-10-16 06:01:35.262 [warning] ENOENT: no such file or directory, open '/home/kit214/php_web_scraper/.git/refs/remotes/origin/master'
2024-10-16 06:01:35.264 [info] > git rev-parse refs/remotes/origin/master [2ms]
2024-10-16 06:01:35.349 [info] > git status -z -uall [70ms]
2024-10-16 06:03:57.307 [info] > git config --get commit.template [15ms]
2024-10-16 06:03:57.308 [info] > git for-each-ref --format=%(refname)%00%(upstream:short)%00%(objectname)%00%(upstream:track)%00%(upstream:remotename)%00%(upstream:remoteref) refs/heads/master refs/remotes/master [3ms]
2024-10-16 06:03:57.323 [warning] ENOENT: no such file or directory, open '/home/kit214/php_web_scraper/.git/refs/remotes/origin/master'
2024-10-16 06:03:57.324 [info] > git rev-parse refs/remotes/origin/master [3ms]
2024-10-16 06:03:57.408 [info] > git status -z -uall [71ms]
2024-10-16 06:04:46.244 [info] > git config --get commit.template [15ms]
2024-10-16 06:04:46.245 [info] > git for-each-ref --format=%(refname)%00%(upstream:short)%00%(objectname)%00%(upstream:track)%00%(upstream:remotename)%00%(upstream:remoteref) refs/heads/master refs/remotes/master [2ms]
2024-10-16 06:04:46.257 [warning] ENOENT: no such file or directory, open '/home/kit214/php_web_scraper/.git/refs/remotes/origin/master'
2024-10-16 06:04:46.259 [info] > git rev-parse refs/remotes/origin/master [1ms]
2024-10-16 06:04:46.340 [info] > git status -z -uall [68ms]
2024-10-16 06:14:14.628 [info] > git config --get commit.template [15ms]
2024-10-16 06:14:14.628 [info] > git for-each-ref --format=%(refname)%00%(upstream:short)%00%(objectname)%00%(upstream:track)%00%(upstream:remotename)%00%(upstream:remoteref) refs/heads/master refs/remotes/master [2ms]
2024-10-16 06:14:14.641 [warning] ENOENT: no such file or directory, open '/home/kit214/php_web_scraper/.git/refs/remotes/origin/master'
2024-10-16 06:14:14.642 [info] > git rev-parse refs/remotes/origin/master [2ms]
2024-10-16 06:14:14.723 [info] > git status -z -uall [69ms]
2024-10-16 06:14:31.186 [info] > git config --get commit.template [15ms]
2024-10-16 06:14:31.187 [info] > git for-each-ref --format=%(refname)%00%(upstream:short)%00%(objectname)%00%(upstream:track)%00%(upstream:remotename)%00%(upstream:remoteref) refs/heads/master refs/remotes/master [2ms]
2024-10-16 06:14:31.200 [warning] ENOENT: no such file or directory, open '/home/kit214/php_web_scraper/.git/refs/remotes/origin/master'
2024-10-16 06:14:31.201 [info] > git rev-parse refs/remotes/origin/master [1ms]
2024-10-16 06:14:31.281 [info] > git status -z -uall [68ms]
2024-10-16 06:15:12.037 [info] > git config --get commit.template [18ms]
2024-10-16 06:15:12.038 [info] > git for-each-ref --format=%(refname)%00%(upstream:short)%00%(objectname)%00%(upstream:track)%00%(upstream:remotename)%00%(upstream:remoteref) refs/heads/master refs/remotes/master [1ms]
2024-10-16 06:15:12.050 [warning] ENOENT: no such file or directory, open '/home/kit214/php_web_scraper/.git/refs/remotes/origin/master'
2024-10-16 06:15:12.051 [info] > git rev-parse refs/remotes/origin/master [1ms]
2024-10-16 06:15:12.132 [info] > git status -z -uall [68ms]
2024-10-16 06:15:47.183 [info] > git config --get commit.template [17ms]
2024-10-16 06:15:47.184 [info] > git for-each-ref --format=%(refname)%00%(upstream:short)%00%(objectname)%00%(upstream:track)%00%(upstream:remotename)%00%(upstream:remoteref) refs/heads/master refs/remotes/master [2ms]
2024-10-16 06:15:47.197 [warning] ENOENT: no such file or directory, open '/home/kit214/php_web_scraper/.git/refs/remotes/origin/master'
2024-10-16 06:15:47.198 [info] > git rev-parse refs/remotes/origin/master [1ms]
2024-10-16 06:15:47.279 [info] > git status -z -uall [67ms]
2024-10-16 06:16:06.970 [info] > git config --get commit.template [15ms]
2024-10-16 06:16:06.971 [info] > git for-each-ref --format=%(refname)%00%(upstream:short)%00%(objectname)%00%(upstream:track)%00%(upstream:remotename)%00%(upstream:remoteref) refs/heads/master refs/remotes/master [2ms]
2024-10-16 06:16:06.984 [warning] ENOENT: no such file or directory, open '/home/kit214/php_web_scraper/.git/refs/remotes/origin/master'
2024-10-16 06:16:06.984 [info] > git rev-parse refs/remotes/origin/master [2ms]
2024-10-16 06:16:07.066 [info] > git status -z -uall [69ms]
2024-10-16 06:16:39.026 [info] > git config --get commit.template [3ms]
2024-10-16 06:16:39.048 [info] > git for-each-ref --format=%(refname)%00%(upstream:short)%00%(objectname)%00%(upstream:track)%00%(upstream:remotename)%00%(upstream:remoteref) refs/heads/master refs/remotes/master [3ms]
2024-10-16 06:16:39.063 [warning] ENOENT: no such file or directory, open '/home/kit214/php_web_scraper/.git/refs/remotes/origin/master'
2024-10-16 06:16:39.064 [info] > git rev-parse refs/remotes/origin/master [1ms]
2024-10-16 06:16:39.145 [info] > git status -z -uall [68ms]
2024-10-16 06:24:52.673 [info] > git config --get commit.template [16ms]
2024-10-16 06:24:52.673 [info] > git for-each-ref --format=%(refname)%00%(upstream:short)%00%(objectname)%00%(upstream:track)%00%(upstream:remotename)%00%(upstream:remoteref) refs/heads/master refs/remotes/master [2ms]
2024-10-16 06:24:52.688 [warning] ENOENT: no such file or directory, open '/home/kit214/php_web_scraper/.git/refs/remotes/origin/master'
2024-10-16 06:24:52.688 [info] > git rev-parse refs/remotes/origin/master [0ms]
2024-10-16 06:24:52.769 [info] > git status -z -uall [69ms]
2024-10-16 06:25:29.170 [info] > git config --get commit.template [14ms]
2024-10-16 06:25:29.170 [info] > git for-each-ref --format=%(refname)%00%(upstream:short)%00%(objectname)%00%(upstream:track)%00%(upstream:remotename)%00%(upstream:remoteref) refs/heads/master refs/remotes/master [2ms]
2024-10-16 06:25:29.182 [warning] ENOENT: no such file or directory, open '/home/kit214/php_web_scraper/.git/refs/remotes/origin/master'
2024-10-16 06:25:29.184 [info] > git rev-parse refs/remotes/origin/master [2ms]
2024-10-16 06:25:29.264 [info] > git status -z -uall [69ms]
