2024-11-01 02:21:46.141 [info] [main] Log level: Info
2024-11-01 02:21:46.141 [info] [main] Validating found git in: "git"
2024-11-01 02:21:46.141 [info] [main] Using git "2.25.1" from "git"
2024-11-01 02:21:46.141 [info] [Model][doInitialScan] Initial repository scan started
2024-11-01 02:21:46.141 [info] > git rev-parse --show-toplevel [749ms]
2024-11-01 02:21:46.583 [info] > git rev-parse --git-dir --git-common-dir [491ms]
2024-11-01 02:21:46.638 [info] [Model][openRepository] Opened repository: /home/kit214
2024-11-01 02:21:47.048 [info] > git config --get commit.template [169ms]
2024-11-01 02:21:48.569 [info] > git check-ignore -v -z --stdin [93ms]
2024-11-01 02:21:48.592 [info] > git for-each-ref --format=%(refname)%00%(upstream:short)%00%(objectname)%00%(upstream:track)%00%(upstream:remotename)%00%(upstream:remoteref) refs/heads/master refs/remotes/master [1449ms]
2024-11-01 02:21:48.845 [info] > git rev-parse --show-toplevel [160ms]
2024-11-01 02:21:48.932 [info] > git for-each-ref --sort -committerdate --format %(refname) %(objectname) %(*objectname) [33ms]
2024-11-01 02:21:48.939 [info] > git rev-parse --show-toplevel [22ms]
2024-11-01 02:21:48.987 [info] > git rev-parse --show-toplevel [41ms]
2024-11-01 02:21:49.766 [info] > git status -z -uall [883ms]
2024-11-01 02:21:49.809 [info] > git rev-parse --show-toplevel [814ms]
2024-11-01 02:21:49.831 [info] > git rev-parse --show-toplevel [2ms]
2024-11-01 02:21:49.831 [info] > git config --get commit.template [12ms]
2024-11-01 02:21:49.832 [info] > git for-each-ref --format=%(refname)%00%(upstream:short)%00%(objectname)%00%(upstream:track)%00%(upstream:remotename)%00%(upstream:remoteref) refs/heads/master refs/remotes/master [28ms]
2024-11-01 02:21:50.200 [info] > git rev-parse --show-toplevel [229ms]
2024-11-01 02:21:50.201 [info] > git config --local branch.master.vscode-merge-base [362ms]
2024-11-01 02:21:50.201 [warning] [Git][config] git config failed: Failed to execute git
2024-11-01 02:21:50.225 [info] > git for-each-ref --format=%(refname)%00%(upstream:short)%00%(objectname)%00%(upstream:track)%00%(upstream:remotename)%00%(upstream:remoteref) refs/heads/master refs/remotes/master [41ms]
2024-11-01 02:21:50.228 [info] > git reflog master --grep-reflog=branch: Created from *. [20ms]
2024-11-01 02:21:50.238 [info] > git rev-parse --show-toplevel [14ms]
2024-11-01 02:21:50.376 [info] > git status -z -uall [85ms]
2024-11-01 02:21:50.377 [info] > git symbolic-ref --short refs/remotes/origin/HEAD [140ms]
2024-11-01 02:21:50.377 [info] fatal: ref refs/remotes/origin/HEAD is not a symbolic ref
2024-11-01 02:21:50.377 [warning] [Repository][getDefaultBranch] Failed to get default branch details: Failed to execute git.
2024-11-01 02:21:50.403 [info] > git for-each-ref --sort -committerdate --format %(refname) %(objectname) %(*objectname) [96ms]
2024-11-01 02:21:50.432 [info] > git rev-parse --git-dir --git-common-dir [148ms]
2024-11-01 02:21:50.436 [info] [Model][openRepository] Opened repository: /home/kit214/.nvm
2024-11-01 02:21:50.484 [info] > git merge-base refs/heads/master refs/remotes/origin/master [53ms]
2024-11-01 02:21:50.504 [info] > git merge-base refs/heads/master refs/remotes/origin/master [120ms]
2024-11-01 02:21:50.800 [info] > git diff --name-status -z --diff-filter=ADMR b2a6cdf0726442b7d2d35997a8004ec00932e19b...refs/remotes/origin/master [282ms]
2024-11-01 02:21:50.802 [info] > git diff --name-status -z --diff-filter=ADMR b2a6cdf0726442b7d2d35997a8004ec00932e19b...refs/remotes/origin/master [299ms]
2024-11-01 02:21:50.802 [info] > git rev-parse --show-toplevel [323ms]
2024-11-01 02:21:50.803 [info] > git config --get commit.template [331ms]
2024-11-01 02:21:50.831 [info] > git rev-parse --show-toplevel [12ms]
2024-11-01 02:21:50.842 [info] > git for-each-ref --format %(refname) %(objectname) %(*objectname) refs/tags [13ms]
2024-11-01 02:21:50.857 [info] > git status -z -uall [8ms]
2024-11-01 02:21:50.857 [info] > git rev-parse --show-toplevel [21ms]
2024-11-01 02:21:50.867 [info] > git rev-parse --show-toplevel [3ms]
2024-11-01 02:21:50.872 [info] [Model][doInitialScan] Initial repository scan completed - repositories (2), closed repositories (0), parent repositories (0), unsafe repositories (0)
2024-11-01 02:21:50.886 [info] > git for-each-ref --sort -committerdate --format %(refname) %(objectname) %(*objectname) [31ms]
2024-11-01 02:21:50.906 [info] > git show --textconv :races.js [29ms]
2024-11-01 02:21:50.907 [info] > git ls-files --stage -- /home/kit214/races.js [22ms]
2024-11-01 02:21:50.922 [info] > git config --get commit.template [20ms]
2024-11-01 02:21:50.942 [info] > git cat-file -s 675b6f0b8f567744fa5cd3637a5636d8e7909c80 [27ms]
2024-11-01 02:21:50.944 [info] > git for-each-ref --format %(refname) %(objectname) %(*objectname) refs/tags [4ms]
2024-11-01 02:21:50.965 [info] > git status -z -uall [14ms]
2024-11-01 02:21:50.973 [info] > git for-each-ref --sort -committerdate --format %(refname) %(objectname) %(*objectname) [10ms]
2024-11-01 02:21:51.284 [info] > git check-ignore -v -z --stdin [12ms]
2024-11-01 02:21:55.468 [info] > git config --get commit.template [14ms]
2024-11-01 02:21:55.469 [info] > git for-each-ref --format=%(refname)%00%(upstream:short)%00%(objectname)%00%(upstream:track)%00%(upstream:remotename)%00%(upstream:remoteref) refs/heads/master refs/remotes/master [2ms]
2024-11-01 02:21:55.489 [info] > git for-each-ref --sort -committerdate --format %(refname) %(objectname) %(*objectname) [2ms]
2024-11-01 02:21:55.524 [info] > git status -z -uall [50ms]
2024-11-01 02:21:59.479 [info] > git check-ignore -v -z --stdin [8ms]
2024-11-01 02:21:59.480 [info] > git check-ignore -v -z --stdin [3ms]
2024-11-01 02:22:00.561 [info] > git config --get commit.template [7ms]
2024-11-01 02:22:00.562 [info] > git for-each-ref --format=%(refname)%00%(upstream:short)%00%(objectname)%00%(upstream:track)%00%(upstream:remotename)%00%(upstream:remoteref) refs/heads/master refs/remotes/master [2ms]
2024-11-01 02:22:00.583 [info] > git for-each-ref --sort -committerdate --format %(refname) %(objectname) %(*objectname) [2ms]
2024-11-01 02:22:00.617 [info] > git status -z -uall [50ms]
2024-11-01 02:22:05.652 [info] > git config --get commit.template [7ms]
2024-11-01 02:22:05.653 [info] > git for-each-ref --format=%(refname)%00%(upstream:short)%00%(objectname)%00%(upstream:track)%00%(upstream:remotename)%00%(upstream:remoteref) refs/heads/master refs/remotes/master [2ms]
2024-11-01 02:22:05.676 [info] > git for-each-ref --sort -committerdate --format %(refname) %(objectname) %(*objectname) [3ms]
2024-11-01 02:22:05.708 [info] > git status -z -uall [50ms]
