0 verbose cli /home/kit214/.nvm/versions/node/v20.17.0/bin/node /home/kit214/.nvm/versions/node/v20.17.0/bin/npm
1 info using npm@10.8.2
2 info using node@v20.17.0
3 silly config load:file:/home/kit214/.nvm/versions/node/v20.17.0/lib/node_modules/npm/npmrc
4 silly config load:file:/home/kit214/.cache/typescript/5.6/.npmrc
5 silly config load:file:/home/kit214/.npmrc
6 silly config load:file:/home/kit214/.nvm/versions/node/v20.17.0/etc/npmrc
7 verbose title npm install @types/ejs@ts5.6 @types/express@ts5.6 @types/mysql@ts5.6
8 verbose argv "install" "--ignore-scripts" "@types/ejs@ts5.6" "@types/express@ts5.6" "@types/mysql@ts5.6" "--save-dev" "--user-agent" "typesInstaller/5.6.3"
9 verbose logfile logs-max:10 dir:/home/kit214/.npm/_logs/2024-10-24T09_42_46_170Z-
10 verbose logfile /home/kit214/.npm/_logs/2024-10-24T09_42_46_170Z-debug-0.log
11 silly packumentCache heap:2102657024 maxSize:525664256 maxEntrySize:262832128
12 silly logfile start cleaning logs, removing 1 files
13 silly logfile done cleaning log files
14 silly packumentCache corgi:https://registry.npmjs.org/@types%2fejs cache-miss
15 silly packumentCache corgi:https://registry.npmjs.org/@types%2fexpress cache-miss
16 silly packumentCache corgi:https://registry.npmjs.org/@types%2fmysql cache-miss
17 http fetch GET 200 https://registry.npmjs.org/@types%2fexpress 234ms (cache revalidated)
18 silly packumentCache corgi:https://registry.npmjs.org/@types%2fexpress set size:47900 disposed:false
19 http fetch GET 200 https://registry.npmjs.org/@types%2fejs 247ms (cache revalidated)
20 silly packumentCache corgi:https://registry.npmjs.org/@types%2fejs set size:32706 disposed:false
21 http fetch GET 200 https://registry.npmjs.org/@types%2fmysql 1623ms (cache revalidated)
22 silly packumentCache corgi:https://registry.npmjs.org/@types%2fmysql set size:39462 disposed:false
23 silly idealTree buildDeps
24 silly fetch manifest @types/ejs@3.1.5
25 silly packumentCache full:https://registry.npmjs.org/@types%2fejs cache-miss
26 http fetch GET 200 https://registry.npmjs.org/@types%2fejs 89ms (cache revalidated)
27 silly packumentCache full:https://registry.npmjs.org/@types%2fejs set size:65262 disposed:false
28 silly fetch manifest @types/express@5.0.0
29 silly packumentCache full:https://registry.npmjs.org/@types%2fexpress cache-miss
30 http fetch GET 200 https://registry.npmjs.org/@types%2fexpress 62ms (cache revalidated)
31 silly packumentCache full:https://registry.npmjs.org/@types%2fexpress set size:92801 disposed:false
32 silly fetch manifest @types/mysql@2.15.26
33 silly packumentCache full:https://registry.npmjs.org/@types%2fmysql cache-miss
34 http fetch GET 200 https://registry.npmjs.org/@types%2fmysql 1454ms (cache revalidated)
35 silly packumentCache full:https://registry.npmjs.org/@types%2fmysql set size:82833 disposed:false
36 silly placeDep ROOT @types/ejs@3.1.5 REPLACE for:  want: 3.1.5
37 silly placeDep ROOT @types/express@5.0.0 REPLACE for:  want: 5.0.0
38 silly placeDep ROOT @types/mysql@2.15.26 REPLACE for:  want: 2.15.26
39 silly reify moves {}
40 silly audit bulk request {
40 silly audit   '@types/body-parser': [ '1.19.5' ],
40 silly audit   '@types/connect': [ '3.4.38' ],
40 silly audit   '@types/express-serve-static-core': [ '5.0.0' ],
40 silly audit   '@types/http-errors': [ '2.0.4' ],
40 silly audit   '@types/merge-descriptors': [ '1.0.3' ],
40 silly audit   '@types/mime': [ '1.3.5' ],
40 silly audit   '@types/node': [ '22.7.8' ],
40 silly audit   '@types/qs': [ '6.9.16' ],
40 silly audit   '@types/range-parser': [ '1.2.7' ],
40 silly audit   '@types/send': [ '0.17.4' ],
40 silly audit   '@types/serve-static': [ '1.15.7' ],
40 silly audit   '@types/sqlstring': [ '2.3.2' ],
40 silly audit   'types-registry': [ '0.1.691' ],
40 silly audit   'undici-types': [ '6.19.8' ],
40 silly audit   '@types/ejs': [ '3.1.5' ],
40 silly audit   '@types/express': [ '5.0.0' ],
40 silly audit   '@types/mysql': [ '2.15.26' ]
40 silly audit }
41 http fetch POST 200 https://registry.npmjs.org/-/npm/v1/security/advisories/bulk 202ms
42 silly audit report {}
43 verbose cwd /home/kit214/.cache/typescript/5.6
44 verbose os Linux 5.15.0-1073-azure
45 verbose node v20.17.0
46 verbose npm  v10.8.2
47 verbose exit 0
48 info ok
