0 verbose cli /home/kit214/.nvm/versions/node/v20.17.0/bin/node /home/kit214/.nvm/versions/node/v20.17.0/bin/npm
1 info using npm@10.8.2
2 info using node@v20.17.0
3 silly config load:file:/home/kit214/.nvm/versions/node/v20.17.0/lib/node_modules/npm/npmrc
4 silly config load:file:/home/kit214/.npmrc
5 silly config load:file:/home/kit214/.nvm/versions/node/v20.17.0/etc/npmrc
6 verbose title npm install axios
7 verbose argv "install" "axios"
8 verbose logfile logs-max:10 dir:/home/kit214/.npm/_logs/2024-10-24T05_39_20_505Z-
9 verbose logfile /home/kit214/.npm/_logs/2024-10-24T05_39_20_505Z-debug-0.log
10 silly packumentCache heap:2102657024 maxSize:525664256 maxEntrySize:262832128
11 silly logfile start cleaning logs, removing 1 files
12 silly logfile done cleaning log files
13 silly idealTree buildDeps
14 silly fetch manifest axios@*
15 silly packumentCache full:https://registry.npmjs.org/axios cache-miss
16 http fetch GET 200 https://registry.npmjs.org/axios 154ms (cache miss)
17 silly packumentCache full:https://registry.npmjs.org/axios set size:undefined disposed:false
18 silly placeDep ROOT axios@1.7.7 OK for: tute8@1.0.0 want: *
19 silly fetch manifest form-data@^4.0.0
20 silly packumentCache full:https://registry.npmjs.org/form-data cache-miss
21 http fetch GET 200 https://registry.npmjs.org/form-data 41ms (cache miss)
22 silly packumentCache full:https://registry.npmjs.org/form-data set size:undefined disposed:false
23 silly fetch manifest proxy-from-env@^1.1.0
24 silly packumentCache full:https://registry.npmjs.org/proxy-from-env cache-miss
25 http fetch GET 200 https://registry.npmjs.org/proxy-from-env 37ms (cache miss)
26 silly packumentCache full:https://registry.npmjs.org/proxy-from-env set size:undefined disposed:false
27 silly fetch manifest follow-redirects@^1.15.6
28 silly packumentCache full:https://registry.npmjs.org/follow-redirects cache-miss
29 http fetch GET 200 https://registry.npmjs.org/follow-redirects 49ms (cache miss)
30 silly packumentCache full:https://registry.npmjs.org/follow-redirects set size:undefined disposed:false
31 silly placeDep ROOT follow-redirects@1.15.9 OK for: axios@1.7.7 want: ^1.15.6
32 silly placeDep ROOT form-data@4.0.1 OK for: axios@1.7.7 want: ^4.0.0
33 silly placeDep ROOT proxy-from-env@1.1.0 OK for: axios@1.7.7 want: ^1.1.0
34 silly fetch manifest asynckit@^0.4.0
35 silly packumentCache full:https://registry.npmjs.org/asynckit cache-miss
36 http fetch GET 200 https://registry.npmjs.org/asynckit 39ms (cache miss)
37 silly packumentCache full:https://registry.npmjs.org/asynckit set size:undefined disposed:false
38 silly fetch manifest combined-stream@^1.0.8
39 silly packumentCache full:https://registry.npmjs.org/combined-stream cache-miss
40 http fetch GET 200 https://registry.npmjs.org/combined-stream 36ms (cache miss)
41 silly packumentCache full:https://registry.npmjs.org/combined-stream set size:undefined disposed:false
42 silly placeDep ROOT asynckit@0.4.0 OK for: form-data@4.0.1 want: ^0.4.0
43 silly placeDep ROOT combined-stream@1.0.8 OK for: form-data@4.0.1 want: ^1.0.8
44 silly fetch manifest delayed-stream@~1.0.0
45 silly packumentCache full:https://registry.npmjs.org/delayed-stream cache-miss
46 http fetch GET 200 https://registry.npmjs.org/delayed-stream 32ms (cache miss)
47 silly packumentCache full:https://registry.npmjs.org/delayed-stream set size:undefined disposed:false
48 silly placeDep ROOT delayed-stream@1.0.0 OK for: combined-stream@1.0.8 want: ~1.0.0
49 silly reify moves {}
50 silly audit bulk request {
50 silly audit   accepts: [ '1.3.8' ],
50 silly audit   'ansi-styles': [ '4.3.0' ],
50 silly audit   'array-flatten': [ '1.1.1' ],
50 silly audit   async: [ '3.2.6' ],
50 silly audit   'balanced-match': [ '1.0.2' ],
50 silly audit   'bignumber.js': [ '9.0.0' ],
50 silly audit   'body-parser': [ '1.20.3' ],
50 silly audit   'brace-expansion': [ '1.1.11', '2.0.1' ],
50 silly audit   bytes: [ '3.1.2' ],
50 silly audit   'call-bind': [ '1.0.7' ],
50 silly audit   chalk: [ '4.1.2' ],
50 silly audit   'color-convert': [ '2.0.1' ],
50 silly audit   'color-name': [ '1.1.4' ],
50 silly audit   'concat-map': [ '0.0.1' ],
50 silly audit   'content-disposition': [ '0.5.4' ],
50 silly audit   'content-type': [ '1.0.5' ],
50 silly audit   cookie: [ '0.7.1' ],
50 silly audit   'cookie-signature': [ '1.0.6' ],
50 silly audit   'core-util-is': [ '1.0.3' ],
50 silly audit   debug: [ '2.6.9' ],
50 silly audit   'define-data-property': [ '1.1.4' ],
50 silly audit   depd: [ '2.0.0' ],
50 silly audit   destroy: [ '1.2.0' ],
50 silly audit   'ee-first': [ '1.1.1' ],
50 silly audit   ejs: [ '3.1.10' ],
50 silly audit   encodeurl: [ '2.0.0', '1.0.2' ],
50 silly audit   'es-define-property': [ '1.0.0' ],
50 silly audit   'es-errors': [ '1.3.0' ],
50 silly audit   'escape-html': [ '1.0.3' ],
50 silly audit   etag: [ '1.8.1' ],
50 silly audit   express: [ '4.21.1' ],
50 silly audit   filelist: [ '1.0.4' ],
50 silly audit   minimatch: [ '5.1.6', '3.1.2' ],
50 silly audit   finalhandler: [ '1.3.1' ],
50 silly audit   forwarded: [ '0.2.0' ],
50 silly audit   fresh: [ '0.5.2' ],
50 silly audit   'function-bind': [ '1.1.2' ],
50 silly audit   'get-intrinsic': [ '1.2.4' ],
50 silly audit   gopd: [ '1.0.1' ],
50 silly audit   'has-flag': [ '4.0.0' ],
50 silly audit   'has-property-descriptors': [ '1.0.2' ],
50 silly audit   'has-proto': [ '1.0.3' ],
50 silly audit   'has-symbols': [ '1.0.3' ],
50 silly audit   hasown: [ '2.0.2' ],
50 silly audit   'http-errors': [ '2.0.0' ],
50 silly audit   'iconv-lite': [ '0.4.24' ],
50 silly audit   inherits: [ '2.0.4' ],
50 silly audit   'ipaddr.js': [ '1.9.1' ],
50 silly audit   isarray: [ '1.0.0' ],
50 silly audit   jake: [ '10.9.2' ],
50 silly audit   'media-typer': [ '0.3.0' ],
50 silly audit   'merge-descriptors': [ '1.0.3' ],
50 silly audit   methods: [ '1.1.2' ],
50 silly audit   mime: [ '1.6.0' ],
50 silly audit   'mime-db': [ '1.52.0' ],
50 silly audit   'mime-types': [ '2.1.35' ],
50 silly audit   ms: [ '2.0.0', '2.1.3' ],
50 silly audit   mysql: [ '2.18.1' ],
50 silly audit   'safe-buffer': [ '5.1.2', '5.2.1' ],
50 silly audit   negotiator: [ '0.6.3' ],
50 silly audit   'object-inspect': [ '1.13.2' ],
50 silly audit   'on-finished': [ '2.4.1' ],
50 silly audit   parseurl: [ '1.3.3' ],
50 silly audit   'path-to-regexp': [ '0.1.10' ],
50 silly audit   'process-nextick-args': [ '2.0.1' ],
50 silly audit   'proxy-addr': [ '2.0.7' ],
50 silly audit   qs: [ '6.13.0' ],
50 silly audit   'range-parser': [ '1.2.1' ],
50 silly audit   'raw-body': [ '2.5.2' ],
50 silly audit   'readable-stream': [ '2.3.7' ],
50 silly audit   'safer-buffer': [ '2.1.2' ],
50 silly audit   send: [ '0.19.0' ],
50 silly audit   'serve-static': [ '1.16.2' ],
50 silly audit   'set-function-length': [ '1.2.2' ],
50 silly audit   setprototypeof: [ '1.2.0' ],
50 silly audit   'side-channel': [ '1.0.6' ],
50 silly audit   sqlstring: [ '2.3.1' ],
50 silly audit   statuses: [ '2.0.1' ],
50 silly audit   string_decoder: [ '1.1.1' ],
50 silly audit   'supports-color': [ '7.2.0' ],
50 silly audit   toidentifier: [ '1.0.1' ],
50 silly audit   'type-is': [ '1.6.18' ],
50 silly audit   unpipe: [ '1.0.0' ],
50 silly audit   'util-deprecate': [ '1.0.2' ],
50 silly audit   'utils-merge': [ '1.0.1' ],
50 silly audit   vary: [ '1.1.2' ],
50 silly audit   axios: [ '1.7.7' ],
50 silly audit   'follow-redirects': [ '1.15.9' ],
50 silly audit   'form-data': [ '4.0.1' ],
50 silly audit   'proxy-from-env': [ '1.1.0' ],
50 silly audit   asynckit: [ '0.4.0' ],
50 silly audit   'combined-stream': [ '1.0.8' ],
50 silly audit   'delayed-stream': [ '1.0.0' ]
50 silly audit }
51 silly tarball no local data for delayed-stream@https://registry.npmjs.org/delayed-stream/-/delayed-stream-1.0.0.tgz. Extracting by manifest.
52 silly tarball no local data for combined-stream@https://registry.npmjs.org/combined-stream/-/combined-stream-1.0.8.tgz. Extracting by manifest.
53 silly tarball no local data for asynckit@https://registry.npmjs.org/asynckit/-/asynckit-0.4.0.tgz. Extracting by manifest.
54 silly tarball no local data for proxy-from-env@https://registry.npmjs.org/proxy-from-env/-/proxy-from-env-1.1.0.tgz. Extracting by manifest.
55 silly tarball no local data for form-data@https://registry.npmjs.org/form-data/-/form-data-4.0.1.tgz. Extracting by manifest.
56 silly tarball no local data for follow-redirects@https://registry.npmjs.org/follow-redirects/-/follow-redirects-1.15.9.tgz. Extracting by manifest.
57 silly tarball no local data for axios@https://registry.npmjs.org/axios/-/axios-1.7.7.tgz. Extracting by manifest.
58 http fetch GET 200 https://registry.npmjs.org/delayed-stream/-/delayed-stream-1.0.0.tgz 143ms (cache miss)
59 http fetch GET 200 https://registry.npmjs.org/combined-stream/-/combined-stream-1.0.8.tgz 144ms (cache miss)
60 http fetch GET 200 https://registry.npmjs.org/follow-redirects/-/follow-redirects-1.15.9.tgz 149ms (cache miss)
61 http fetch GET 200 https://registry.npmjs.org/asynckit/-/asynckit-0.4.0.tgz 155ms (cache miss)
62 http fetch GET 200 https://registry.npmjs.org/proxy-from-env/-/proxy-from-env-1.1.0.tgz 155ms (cache miss)
63 http fetch GET 200 https://registry.npmjs.org/form-data/-/form-data-4.0.1.tgz 154ms (cache miss)
64 http fetch POST 200 https://registry.npmjs.org/-/npm/v1/security/advisories/bulk 192ms
65 silly audit report {}
66 http fetch GET 200 https://registry.npmjs.org/axios/-/axios-1.7.7.tgz 241ms (cache miss)
67 silly ADD node_modules/delayed-stream
68 silly ADD node_modules/combined-stream
69 silly ADD node_modules/asynckit
70 silly ADD node_modules/proxy-from-env
71 silly ADD node_modules/form-data
72 silly ADD node_modules/follow-redirects
73 silly ADD node_modules/axios
74 verbose cwd /home/kit214
75 verbose os Linux 5.15.0-1073-azure
76 verbose node v20.17.0
77 verbose npm  v10.8.2
78 verbose exit 0
79 info ok
