0 verbose cli /home/kit214/.nvm/versions/node/v20.17.0/bin/node /home/kit214/.nvm/versions/node/v20.17.0/bin/npm
1 info using npm@10.8.2
2 info using node@v20.17.0
3 silly config load:file:/home/kit214/.nvm/versions/node/v20.17.0/lib/node_modules/npm/npmrc
4 silly config load:file:/home/kit214/.cache/typescript/5.6/.npmrc
5 silly config load:file:/home/kit214/.npmrc
6 silly config load:file:/home/kit214/.nvm/versions/node/v20.17.0/etc/npmrc
7 verbose title npm install @types/cors@ts5.6 @types/ejs@ts5.6 @types/express@ts5.6 @types/mysql@ts5.6
8 verbose argv "install" "--ignore-scripts" "@types/cors@ts5.6" "@types/ejs@ts5.6" "@types/express@ts5.6" "@types/mysql@ts5.6" "--save-dev" "--user-agent" "typesInstaller/5.6.3"
9 verbose logfile logs-max:10 dir:/home/kit214/.npm/_logs/2024-11-04T05_47_09_044Z-
10 verbose logfile /home/kit214/.npm/_logs/2024-11-04T05_47_09_044Z-debug-0.log
11 silly packumentCache heap:2102657024 maxSize:525664256 maxEntrySize:262832128
12 silly logfile start cleaning logs, removing 1 files
13 silly logfile done cleaning log files
14 silly packumentCache corgi:https://registry.npmjs.org/@types%2fcors cache-miss
15 silly packumentCache corgi:https://registry.npmjs.org/@types%2fejs cache-miss
16 silly packumentCache corgi:https://registry.npmjs.org/@types%2fexpress cache-miss
17 silly packumentCache corgi:https://registry.npmjs.org/@types%2fmysql cache-miss
18 http fetch GET 200 https://registry.npmjs.org/@types%2fejs 55ms (cache hit)
19 silly packumentCache corgi:https://registry.npmjs.org/@types%2fejs set size:32706 disposed:false
20 http fetch GET 200 https://registry.npmjs.org/@types%2fcors 66ms (cache hit)
21 silly packumentCache corgi:https://registry.npmjs.org/@types%2fcors set size:26813 disposed:false
22 http fetch GET 200 https://registry.npmjs.org/@types%2fmysql 64ms (cache hit)
23 silly packumentCache corgi:https://registry.npmjs.org/@types%2fmysql set size:39462 disposed:false
24 http fetch GET 200 https://registry.npmjs.org/@types%2fexpress 66ms (cache hit)
25 silly packumentCache corgi:https://registry.npmjs.org/@types%2fexpress set size:47900 disposed:false
26 silly idealTree buildDeps
27 silly fetch manifest @types/cors@2.8.17
28 silly packumentCache full:https://registry.npmjs.org/@types%2fcors cache-miss
29 http fetch GET 200 https://registry.npmjs.org/@types%2fcors 5ms (cache hit)
30 silly packumentCache full:https://registry.npmjs.org/@types%2fcors set size:53634 disposed:false
31 silly fetch manifest @types/ejs@3.1.5
32 silly packumentCache full:https://registry.npmjs.org/@types%2fejs cache-miss
33 http fetch GET 200 https://registry.npmjs.org/@types%2fejs 7ms (cache hit)
34 silly packumentCache full:https://registry.npmjs.org/@types%2fejs set size:65262 disposed:false
35 silly fetch manifest @types/express@5.0.0
36 silly packumentCache full:https://registry.npmjs.org/@types%2fexpress cache-miss
37 http fetch GET 200 https://registry.npmjs.org/@types%2fexpress 4ms (cache hit)
38 silly packumentCache full:https://registry.npmjs.org/@types%2fexpress set size:92801 disposed:false
39 silly fetch manifest @types/mysql@2.15.26
40 silly packumentCache full:https://registry.npmjs.org/@types%2fmysql cache-miss
41 http fetch GET 200 https://registry.npmjs.org/@types%2fmysql 4ms (cache hit)
42 silly packumentCache full:https://registry.npmjs.org/@types%2fmysql set size:82833 disposed:false
43 silly placeDep ROOT @types/cors@2.8.17 REPLACE for:  want: 2.8.17
44 silly placeDep ROOT @types/ejs@3.1.5 REPLACE for:  want: 3.1.5
45 silly placeDep ROOT @types/express@5.0.0 REPLACE for:  want: 5.0.0
46 silly placeDep ROOT @types/mysql@2.15.26 REPLACE for:  want: 2.15.26
47 silly reify moves {}
48 silly audit bulk request {
48 silly audit   '@types/body-parser': [ '1.19.5' ],
48 silly audit   '@types/connect': [ '3.4.38' ],
48 silly audit   '@types/express-serve-static-core': [ '5.0.0' ],
48 silly audit   '@types/http-errors': [ '2.0.4' ],
48 silly audit   '@types/merge-descriptors': [ '1.0.3' ],
48 silly audit   '@types/mime': [ '1.3.5' ],
48 silly audit   '@types/node': [ '22.7.8' ],
48 silly audit   '@types/qs': [ '6.9.16' ],
48 silly audit   '@types/range-parser': [ '1.2.7' ],
48 silly audit   '@types/send': [ '0.17.4' ],
48 silly audit   '@types/serve-static': [ '1.15.7' ],
48 silly audit   '@types/sqlstring': [ '2.3.2' ],
48 silly audit   'types-registry': [ '0.1.693' ],
48 silly audit   'undici-types': [ '6.19.8' ],
48 silly audit   '@types/cors': [ '2.8.17' ],
48 silly audit   '@types/ejs': [ '3.1.5' ],
48 silly audit   '@types/express': [ '5.0.0' ],
48 silly audit   '@types/mysql': [ '2.15.26' ]
48 silly audit }
49 http fetch POST 200 https://registry.npmjs.org/-/npm/v1/security/advisories/bulk 306ms
50 silly audit report {}
51 verbose cwd /home/kit214/.cache/typescript/5.6
52 verbose os Linux 5.15.0-1074-azure
53 verbose node v20.17.0
54 verbose npm  v10.8.2
55 verbose exit 0
56 info ok
