0 verbose cli /home/kit214/.nvm/versions/node/v20.17.0/bin/node /home/kit214/.nvm/versions/node/v20.17.0/bin/npm
1 info using npm@10.8.2
2 info using node@v20.17.0
3 silly config load:file:/home/kit214/.nvm/versions/node/v20.17.0/lib/node_modules/npm/npmrc
4 silly config load:file:/home/kit214/.cache/typescript/5.6/.npmrc
5 silly config load:file:/home/kit214/.npmrc
6 silly config load:file:/home/kit214/.nvm/versions/node/v20.17.0/etc/npmrc
7 verbose title npm install types-registry@latest
8 verbose argv "install" "--ignore-scripts" "types-registry@latest"
9 verbose logfile logs-max:10 dir:/home/kit214/.npm/_logs/2024-11-01T02_21_48_696Z-
10 verbose logfile /home/kit214/.npm/_logs/2024-11-01T02_21_48_696Z-debug-0.log
11 silly packumentCache heap:2102657024 maxSize:525664256 maxEntrySize:262832128
12 silly logfile start cleaning logs, removing 1 files
13 silly logfile done cleaning log files
14 silly packumentCache corgi:https://registry.npmjs.org/types-registry cache-miss
15 http fetch GET 200 https://registry.npmjs.org/npm 258ms
16 http fetch GET 200 https://registry.npmjs.org/types-registry 227ms (cache revalidated)
17 silly packumentCache corgi:https://registry.npmjs.org/types-registry set size:583422 disposed:false
18 silly idealTree buildDeps
19 silly fetch manifest types-registry@0.1.692
20 silly packumentCache full:https://registry.npmjs.org/types-registry cache-miss
21 http fetch GET 200 https://registry.npmjs.org/types-registry 79ms (cache revalidated)
22 silly packumentCache full:https://registry.npmjs.org/types-registry set size:1215595 disposed:false
23 silly placeDep ROOT types-registry@0.1.692 REPLACE for:  want: 0.1.692
24 silly reify moves {}
25 silly audit bulk request {
25 silly audit   '@types/body-parser': [ '1.19.5' ],
25 silly audit   '@types/connect': [ '3.4.38' ],
25 silly audit   '@types/cors': [ '2.8.17' ],
25 silly audit   '@types/ejs': [ '3.1.5' ],
25 silly audit   '@types/express': [ '5.0.0' ],
25 silly audit   '@types/express-serve-static-core': [ '5.0.0' ],
25 silly audit   '@types/http-errors': [ '2.0.4' ],
25 silly audit   '@types/merge-descriptors': [ '1.0.3' ],
25 silly audit   '@types/mime': [ '1.3.5' ],
25 silly audit   '@types/mysql': [ '2.15.26' ],
25 silly audit   '@types/node': [ '22.7.8' ],
25 silly audit   '@types/qs': [ '6.9.16' ],
25 silly audit   '@types/range-parser': [ '1.2.7' ],
25 silly audit   '@types/send': [ '0.17.4' ],
25 silly audit   '@types/serve-static': [ '1.15.7' ],
25 silly audit   '@types/sqlstring': [ '2.3.2' ],
25 silly audit   'undici-types': [ '6.19.8' ],
25 silly audit   'types-registry': [ '0.1.692' ]
25 silly audit }
26 http fetch POST 200 https://registry.npmjs.org/-/npm/v1/security/advisories/bulk 204ms
27 silly audit report {}
28 verbose cwd /home/kit214/.cache/typescript/5.6
29 verbose os Linux 5.15.0-1074-azure
30 verbose node v20.17.0
31 verbose npm  v10.8.2
32 notice
32 notice New minor version of npm available! 10.8.2 -> 10.9.0
32 notice Changelog: https://github.com/npm/cli/releases/tag/v10.9.0
32 notice To update run: npm install -g npm@10.9.0
32 notice  { force: true, [Symbol(proc-log.meta)]: true }
33 verbose exit 0
34 info ok
