0 verbose cli /home/kit214/.nvm/versions/node/v20.17.0/bin/node /home/kit214/.nvm/versions/node/v20.17.0/bin/npm
1 info using npm@10.8.2
2 info using node@v20.17.0
3 silly config load:file:/home/kit214/.nvm/versions/node/v20.17.0/lib/node_modules/npm/npmrc
4 silly config load:file:/home/kit214/.npmrc
5 silly config load:file:/home/kit214/.nvm/versions/node/v20.17.0/etc/npmrc
6 verbose title npm install cors
7 verbose argv "install" "cors"
8 verbose logfile logs-max:10 dir:/home/kit214/.npm/_logs/2024-10-27T02_59_30_582Z-
9 verbose logfile /home/kit214/.npm/_logs/2024-10-27T02_59_30_582Z-debug-0.log
10 silly packumentCache heap:2102657024 maxSize:525664256 maxEntrySize:262832128
11 silly logfile start cleaning logs, removing 1 files
12 silly logfile done cleaning log files
13 silly idealTree buildDeps
14 silly fetch manifest cors@*
15 silly packumentCache full:https://registry.npmjs.org/cors cache-miss
16 http fetch GET 200 https://registry.npmjs.org/cors 133ms (cache miss)
17 silly packumentCache full:https://registry.npmjs.org/cors set size:undefined disposed:false
18 silly placeDep ROOT cors@2.8.5 OK for: tute8@1.0.0 want: *
19 silly fetch manifest object-assign@^4
20 silly packumentCache full:https://registry.npmjs.org/object-assign cache-miss
21 http fetch GET 200 https://registry.npmjs.org/object-assign 29ms (cache miss)
22 silly packumentCache full:https://registry.npmjs.org/object-assign set size:undefined disposed:false
23 silly placeDep ROOT object-assign@4.1.1 OK for: cors@2.8.5 want: ^4
24 silly reify moves {}
25 silly audit bulk request {
25 silly audit   accepts: [ '1.3.8' ],
25 silly audit   'ansi-styles': [ '4.3.0' ],
25 silly audit   'array-flatten': [ '1.1.1' ],
25 silly audit   async: [ '3.2.6' ],
25 silly audit   asynckit: [ '0.4.0' ],
25 silly audit   axios: [ '1.7.7' ],
25 silly audit   'balanced-match': [ '1.0.2' ],
25 silly audit   'bignumber.js': [ '9.0.0' ],
25 silly audit   'body-parser': [ '1.20.3' ],
25 silly audit   'brace-expansion': [ '1.1.11', '2.0.1' ],
25 silly audit   bytes: [ '3.1.2' ],
25 silly audit   'call-bind': [ '1.0.7' ],
25 silly audit   chalk: [ '4.1.2' ],
25 silly audit   'color-convert': [ '2.0.1' ],
25 silly audit   'color-name': [ '1.1.4' ],
25 silly audit   'combined-stream': [ '1.0.8' ],
25 silly audit   'concat-map': [ '0.0.1' ],
25 silly audit   'content-disposition': [ '0.5.4' ],
25 silly audit   'content-type': [ '1.0.5' ],
25 silly audit   cookie: [ '0.7.1' ],
25 silly audit   'cookie-signature': [ '1.0.6' ],
25 silly audit   'core-util-is': [ '1.0.3' ],
25 silly audit   debug: [ '2.6.9' ],
25 silly audit   'define-data-property': [ '1.1.4' ],
25 silly audit   'delayed-stream': [ '1.0.0' ],
25 silly audit   depd: [ '2.0.0' ],
25 silly audit   destroy: [ '1.2.0' ],
25 silly audit   'ee-first': [ '1.1.1' ],
25 silly audit   ejs: [ '3.1.10' ],
25 silly audit   encodeurl: [ '2.0.0', '1.0.2' ],
25 silly audit   'es-define-property': [ '1.0.0' ],
25 silly audit   'es-errors': [ '1.3.0' ],
25 silly audit   'escape-html': [ '1.0.3' ],
25 silly audit   etag: [ '1.8.1' ],
25 silly audit   express: [ '4.21.1' ],
25 silly audit   filelist: [ '1.0.4' ],
25 silly audit   minimatch: [ '5.1.6', '3.1.2' ],
25 silly audit   finalhandler: [ '1.3.1' ],
25 silly audit   'follow-redirects': [ '1.15.9' ],
25 silly audit   'form-data': [ '4.0.1' ],
25 silly audit   forwarded: [ '0.2.0' ],
25 silly audit   fresh: [ '0.5.2' ],
25 silly audit   'function-bind': [ '1.1.2' ],
25 silly audit   'get-intrinsic': [ '1.2.4' ],
25 silly audit   gopd: [ '1.0.1' ],
25 silly audit   'has-flag': [ '4.0.0' ],
25 silly audit   'has-property-descriptors': [ '1.0.2' ],
25 silly audit   'has-proto': [ '1.0.3' ],
25 silly audit   'has-symbols': [ '1.0.3' ],
25 silly audit   hasown: [ '2.0.2' ],
25 silly audit   'http-errors': [ '2.0.0' ],
25 silly audit   'iconv-lite': [ '0.4.24' ],
25 silly audit   inherits: [ '2.0.4' ],
25 silly audit   'ipaddr.js': [ '1.9.1' ],
25 silly audit   isarray: [ '1.0.0' ],
25 silly audit   jake: [ '10.9.2' ],
25 silly audit   'media-typer': [ '0.3.0' ],
25 silly audit   'merge-descriptors': [ '1.0.3' ],
25 silly audit   methods: [ '1.1.2' ],
25 silly audit   mime: [ '1.6.0' ],
25 silly audit   'mime-db': [ '1.52.0' ],
25 silly audit   'mime-types': [ '2.1.35' ],
25 silly audit   ms: [ '2.0.0', '2.1.3' ],
25 silly audit   mysql: [ '2.18.1' ],
25 silly audit   'safe-buffer': [ '5.1.2', '5.2.1' ],
25 silly audit   negotiator: [ '0.6.3' ],
25 silly audit   'object-inspect': [ '1.13.2' ],
25 silly audit   'on-finished': [ '2.4.1' ],
25 silly audit   parseurl: [ '1.3.3' ],
25 silly audit   'path-to-regexp': [ '0.1.10' ],
25 silly audit   'process-nextick-args': [ '2.0.1' ],
25 silly audit   'proxy-addr': [ '2.0.7' ],
25 silly audit   'proxy-from-env': [ '1.1.0' ],
25 silly audit   qs: [ '6.13.0' ],
25 silly audit   'range-parser': [ '1.2.1' ],
25 silly audit   'raw-body': [ '2.5.2' ],
25 silly audit   'readable-stream': [ '2.3.7' ],
25 silly audit   'safer-buffer': [ '2.1.2' ],
25 silly audit   send: [ '0.19.0' ],
25 silly audit   'serve-static': [ '1.16.2' ],
25 silly audit   'set-function-length': [ '1.2.2' ],
25 silly audit   setprototypeof: [ '1.2.0' ],
25 silly audit   'side-channel': [ '1.0.6' ],
25 silly audit   sqlstring: [ '2.3.1' ],
25 silly audit   statuses: [ '2.0.1' ],
25 silly audit   string_decoder: [ '1.1.1' ],
25 silly audit   'supports-color': [ '7.2.0' ],
25 silly audit   toidentifier: [ '1.0.1' ],
25 silly audit   'type-is': [ '1.6.18' ],
25 silly audit   unpipe: [ '1.0.0' ],
25 silly audit   'util-deprecate': [ '1.0.2' ],
25 silly audit   'utils-merge': [ '1.0.1' ],
25 silly audit   vary: [ '1.1.2' ],
25 silly audit   cors: [ '2.8.5' ],
25 silly audit   'object-assign': [ '4.1.1' ]
25 silly audit }
26 silly tarball no local data for object-assign@https://registry.npmjs.org/object-assign/-/object-assign-4.1.1.tgz. Extracting by manifest.
27 silly tarball no local data for cors@https://registry.npmjs.org/cors/-/cors-2.8.5.tgz. Extracting by manifest.
28 http fetch GET 200 https://registry.npmjs.org/object-assign/-/object-assign-4.1.1.tgz 52ms (cache miss)
29 http fetch GET 200 https://registry.npmjs.org/cors/-/cors-2.8.5.tgz 69ms (cache miss)
30 http fetch POST 200 https://registry.npmjs.org/-/npm/v1/security/advisories/bulk 175ms
31 silly audit report {}
32 silly ADD node_modules/object-assign
33 silly ADD node_modules/cors
34 verbose cwd /home/kit214
35 verbose os Linux 5.15.0-1073-azure
36 verbose node v20.17.0
37 verbose npm  v10.8.2
38 verbose exit 0
39 info ok
