2024-10-31 02:01:12.088 [info] [main] Log level: Info
2024-10-31 02:01:12.088 [info] [main] Validating found git in: "git"
2024-10-31 02:01:12.088 [info] [main] Using git "2.25.1" from "git"
2024-10-31 02:01:12.088 [info] [Model][doInitialScan] Initial repository scan started
2024-10-31 02:01:12.088 [info] > git rev-parse --show-toplevel [349ms]
2024-10-31 02:01:12.088 [info] > git rev-parse --git-dir --git-common-dir [341ms]
2024-10-31 02:01:12.088 [info] [Model][openRepository] Opened repository: /home/kit214
2024-10-31 02:01:12.449 [info] > git config --get commit.template [336ms]
2024-10-31 02:01:13.427 [info] > git rev-parse --show-toplevel [28ms]
2024-10-31 02:01:13.432 [info] > git for-each-ref --format=%(refname)%00%(upstream:short)%00%(objectname)%00%(upstream:track)%00%(upstream:remotename)%00%(upstream:remoteref) refs/heads/master refs/remotes/master [907ms]
2024-10-31 02:01:13.505 [info] > git check-ignore -v -z --stdin [98ms]
2024-10-31 02:01:13.598 [info] > git rev-parse --show-toplevel [149ms]
2024-10-31 02:01:13.758 [info] > git rev-parse --show-toplevel [140ms]
2024-10-31 02:01:13.780 [info] > git for-each-ref --sort -committerdate --format %(refname) %(objectname) %(*objectname) [69ms]
2024-10-31 02:01:13.825 [info] > git rev-parse --show-toplevel [47ms]
2024-10-31 02:01:14.294 [info] > git status -z -uall [602ms]
2024-10-31 02:01:14.385 [info] > git rev-parse --show-toplevel [533ms]
2024-10-31 02:01:15.024 [info] > git rev-parse --show-toplevel [611ms]
2024-10-31 02:01:15.025 [info] > git config --get commit.template [623ms]
2024-10-31 02:01:15.025 [info] > git for-each-ref --format=%(refname)%00%(upstream:short)%00%(objectname)%00%(upstream:track)%00%(upstream:remotename)%00%(upstream:remoteref) refs/heads/master refs/remotes/master [645ms]
2024-10-31 02:01:15.086 [info] > git config --local branch.master.vscode-merge-base [29ms]
2024-10-31 02:01:15.087 [warning] [Git][config] git config failed: Failed to execute git
2024-10-31 02:01:15.523 [info] > git rev-parse --show-toplevel [434ms]
2024-10-31 02:01:15.583 [info] > git for-each-ref --format=%(refname)%00%(upstream:short)%00%(objectname)%00%(upstream:track)%00%(upstream:remotename)%00%(upstream:remoteref) refs/heads/master refs/remotes/master [65ms]
2024-10-31 02:01:15.583 [info] > git reflog master --grep-reflog=branch: Created from *. [489ms]
2024-10-31 02:01:15.592 [info] > git rev-parse --git-dir --git-common-dir [33ms]
2024-10-31 02:01:15.597 [info] [Model][openRepository] Opened repository: /home/kit214/.nvm
2024-10-31 02:01:15.625 [info] > git symbolic-ref --short refs/remotes/origin/HEAD [35ms]
2024-10-31 02:01:15.625 [info] fatal: ref refs/remotes/origin/HEAD is not a symbolic ref
2024-10-31 02:01:15.625 [warning] [Repository][getDefaultBranch] Failed to get default branch details: Failed to execute git.
2024-10-31 02:01:15.671 [info] > git rev-parse --show-toplevel [52ms]
2024-10-31 02:01:15.672 [info] > git config --get commit.template [56ms]
2024-10-31 02:01:15.711 [info] > git merge-base refs/heads/master refs/remotes/origin/master [80ms]
2024-10-31 02:01:15.752 [info] > git rev-parse --show-toplevel [42ms]
2024-10-31 02:01:15.753 [info] > git for-each-ref --sort -committerdate --format %(refname) %(objectname) %(*objectname) [59ms]
2024-10-31 02:01:15.762 [info] > git diff --name-status -z --diff-filter=ADMR b2a6cdf0726442b7d2d35997a8004ec00932e19b...refs/remotes/origin/master [34ms]
2024-10-31 02:01:15.765 [info] > git for-each-ref --format %(refname) %(objectname) %(*objectname) refs/tags [18ms]
2024-10-31 02:01:15.806 [info] > git status -z -uall [33ms]
2024-10-31 02:01:15.807 [info] > git rev-parse --show-toplevel [46ms]
2024-10-31 02:01:15.829 [info] > git for-each-ref --sort -committerdate --format %(refname) %(objectname) %(*objectname) [39ms]
2024-10-31 02:01:15.875 [info] > git rev-parse --show-toplevel [51ms]
2024-10-31 02:01:15.878 [info] [Model][doInitialScan] Initial repository scan completed - repositories (2), closed repositories (0), parent repositories (0), unsafe repositories (0)
2024-10-31 02:01:15.915 [info] > git status -z -uall [228ms]
2024-10-31 02:01:15.915 [info] > git show --textconv :index.js [18ms]
2024-10-31 02:01:15.921 [info] > git config --get commit.template [72ms]
2024-10-31 02:01:15.945 [info] > git ls-files --stage -- /home/kit214/index.js [38ms]
2024-10-31 02:01:15.980 [info] > git for-each-ref --format %(refname) %(objectname) %(*objectname) refs/tags [20ms]
2024-10-31 02:01:15.996 [info] > git cat-file -s 6848aa2f30fb427bfbd20983f0a7ed4008c89cd0 [44ms]
2024-10-31 02:01:16.005 [info] > git status -z -uall [20ms]
2024-10-31 02:01:16.008 [info] > git for-each-ref --sort -committerdate --format %(refname) %(objectname) %(*objectname) [13ms]
2024-10-31 02:01:16.277 [info] > git check-ignore -v -z --stdin [20ms]
2024-10-31 02:01:16.280 [info] > git check-ignore -v -z --stdin [9ms]
2024-10-31 02:02:30.755 [info] > git config --get commit.template [5ms]
2024-10-31 02:02:30.756 [info] > git for-each-ref --format=%(refname)%00%(upstream:short)%00%(objectname)%00%(upstream:track)%00%(upstream:remotename)%00%(upstream:remoteref) refs/heads/master refs/remotes/master [2ms]
2024-10-31 02:02:30.774 [info] > git for-each-ref --sort -committerdate --format %(refname) %(objectname) %(*objectname) [9ms]
2024-10-31 02:02:30.810 [info] > git status -z -uall [50ms]
2024-10-31 02:02:35.854 [info] > git for-each-ref --format=%(refname)%00%(upstream:short)%00%(objectname)%00%(upstream:track)%00%(upstream:remotename)%00%(upstream:remoteref) refs/heads/master refs/remotes/master [3ms]
2024-10-31 02:02:35.855 [info] > git config --get commit.template [10ms]
2024-10-31 02:02:35.875 [info] > git for-each-ref --sort -committerdate --format %(refname) %(objectname) %(*objectname) [8ms]
2024-10-31 02:02:35.912 [info] > git status -z -uall [51ms]
2024-10-31 02:02:40.946 [info] > git config --get commit.template [5ms]
2024-10-31 02:02:40.947 [info] > git for-each-ref --format=%(refname)%00%(upstream:short)%00%(objectname)%00%(upstream:track)%00%(upstream:remotename)%00%(upstream:remoteref) refs/heads/master refs/remotes/master [1ms]
2024-10-31 02:02:40.967 [info] > git for-each-ref --sort -committerdate --format %(refname) %(objectname) %(*objectname) [5ms]
2024-10-31 02:02:40.999 [info] > git status -z -uall [48ms]
2024-10-31 02:02:46.026 [info] > git config --get commit.template [5ms]
2024-10-31 02:02:46.026 [info] > git for-each-ref --format=%(refname)%00%(upstream:short)%00%(objectname)%00%(upstream:track)%00%(upstream:remotename)%00%(upstream:remoteref) refs/heads/master refs/remotes/master [1ms]
2024-10-31 02:02:46.044 [info] > git for-each-ref --sort -committerdate --format %(refname) %(objectname) %(*objectname) [8ms]
2024-10-31 02:02:46.079 [info] > git status -z -uall [49ms]
2024-10-31 02:02:51.105 [info] > git config --get commit.template [3ms]
2024-10-31 02:02:51.112 [info] > git for-each-ref --format=%(refname)%00%(upstream:short)%00%(objectname)%00%(upstream:track)%00%(upstream:remotename)%00%(upstream:remoteref) refs/heads/master refs/remotes/master [2ms]
2024-10-31 02:02:51.134 [info] > git for-each-ref --sort -committerdate --format %(refname) %(objectname) %(*objectname) [5ms]
2024-10-31 02:02:51.168 [info] > git status -z -uall [51ms]
2024-10-31 02:02:56.198 [info] > git for-each-ref --format=%(refname)%00%(upstream:short)%00%(objectname)%00%(upstream:track)%00%(upstream:remotename)%00%(upstream:remoteref) refs/heads/master refs/remotes/master [4ms]
2024-10-31 02:02:56.198 [info] > git config --get commit.template [9ms]
2024-10-31 02:02:56.220 [info] > git for-each-ref --sort -committerdate --format %(refname) %(objectname) %(*objectname) [3ms]
2024-10-31 02:02:56.255 [info] > git status -z -uall [50ms]
2024-10-31 02:05:19.585 [info] > git config --get commit.template [6ms]
2024-10-31 02:05:19.586 [info] > git for-each-ref --format=%(refname)%00%(upstream:short)%00%(objectname)%00%(upstream:track)%00%(upstream:remotename)%00%(upstream:remoteref) refs/heads/master refs/remotes/master [2ms]
2024-10-31 02:05:19.603 [info] > git for-each-ref --sort -committerdate --format %(refname) %(objectname) %(*objectname) [7ms]
2024-10-31 02:05:19.643 [info] > git status -z -uall [53ms]
2024-10-31 02:05:23.567 [info] > git show --textconv :races.js [63ms]
2024-10-31 02:05:23.571 [info] > git ls-files --stage -- /home/kit214/races.js [50ms]
2024-10-31 02:05:23.581 [info] > git cat-file -s 675b6f0b8f567744fa5cd3637a5636d8e7909c80 [3ms]
2024-10-31 02:05:24.674 [info] > git config --get commit.template [6ms]
2024-10-31 02:05:24.675 [info] > git for-each-ref --format=%(refname)%00%(upstream:short)%00%(objectname)%00%(upstream:track)%00%(upstream:remotename)%00%(upstream:remoteref) refs/heads/master refs/remotes/master [2ms]
2024-10-31 02:05:24.698 [info] > git for-each-ref --sort -committerdate --format %(refname) %(objectname) %(*objectname) [3ms]
2024-10-31 02:05:24.733 [info] > git status -z -uall [54ms]
2024-10-31 02:05:29.757 [info] > git config --get commit.template [6ms]
2024-10-31 02:05:29.758 [info] > git for-each-ref --format=%(refname)%00%(upstream:short)%00%(objectname)%00%(upstream:track)%00%(upstream:remotename)%00%(upstream:remoteref) refs/heads/master refs/remotes/master [2ms]
2024-10-31 02:05:29.776 [info] > git for-each-ref --sort -committerdate --format %(refname) %(objectname) %(*objectname) [7ms]
2024-10-31 02:05:29.812 [info] > git status -z -uall [49ms]
2024-10-31 02:05:34.838 [info] > git for-each-ref --format=%(refname)%00%(upstream:short)%00%(objectname)%00%(upstream:track)%00%(upstream:remotename)%00%(upstream:remoteref) refs/heads/master refs/remotes/master [1ms]
2024-10-31 02:05:34.838 [info] > git config --get commit.template [8ms]
2024-10-31 02:05:34.856 [info] > git for-each-ref --sort -committerdate --format %(refname) %(objectname) %(*objectname) [8ms]
2024-10-31 02:05:34.891 [info] > git status -z -uall [49ms]
2024-10-31 02:05:39.917 [info] > git config --get commit.template [6ms]
2024-10-31 02:05:39.918 [info] > git for-each-ref --format=%(refname)%00%(upstream:short)%00%(objectname)%00%(upstream:track)%00%(upstream:remotename)%00%(upstream:remoteref) refs/heads/master refs/remotes/master [2ms]
2024-10-31 02:05:39.942 [info] > git for-each-ref --sort -committerdate --format %(refname) %(objectname) %(*objectname) [15ms]
2024-10-31 02:05:39.975 [info] > git status -z -uall [53ms]
2024-10-31 02:05:45.003 [info] > git config --get commit.template [6ms]
2024-10-31 02:05:45.004 [info] > git for-each-ref --format=%(refname)%00%(upstream:short)%00%(objectname)%00%(upstream:track)%00%(upstream:remotename)%00%(upstream:remoteref) refs/heads/master refs/remotes/master [1ms]
2024-10-31 02:05:45.038 [info] > git for-each-ref --sort -committerdate --format %(refname) %(objectname) %(*objectname) [4ms]
2024-10-31 02:05:45.065 [info] > git status -z -uall [56ms]
2024-10-31 02:05:50.086 [info] > git config --get commit.template [6ms]
2024-10-31 02:05:50.087 [info] > git for-each-ref --format=%(refname)%00%(upstream:short)%00%(objectname)%00%(upstream:track)%00%(upstream:remotename)%00%(upstream:remoteref) refs/heads/master refs/remotes/master [2ms]
2024-10-31 02:05:50.106 [info] > git for-each-ref --sort -committerdate --format %(refname) %(objectname) %(*objectname) [8ms]
2024-10-31 02:05:50.141 [info] > git status -z -uall [49ms]
2024-10-31 02:05:55.163 [info] > git config --get commit.template [6ms]
2024-10-31 02:05:55.164 [info] > git for-each-ref --format=%(refname)%00%(upstream:short)%00%(objectname)%00%(upstream:track)%00%(upstream:remotename)%00%(upstream:remoteref) refs/heads/master refs/remotes/master [2ms]
2024-10-31 02:05:55.182 [info] > git for-each-ref --sort -committerdate --format %(refname) %(objectname) %(*objectname) [8ms]
2024-10-31 02:05:55.218 [info] > git status -z -uall [50ms]
2024-10-31 02:06:00.238 [info] > git config --get commit.template [5ms]
2024-10-31 02:06:00.240 [info] > git for-each-ref --format=%(refname)%00%(upstream:short)%00%(objectname)%00%(upstream:track)%00%(upstream:remotename)%00%(upstream:remoteref) refs/heads/master refs/remotes/master [3ms]
2024-10-31 02:06:00.254 [info] > git for-each-ref --sort -committerdate --format %(refname) %(objectname) %(*objectname) [3ms]
2024-10-31 02:06:00.296 [info] > git status -z -uall [51ms]
2024-10-31 02:06:05.409 [info] > git config --get commit.template [78ms]
2024-10-31 02:06:05.416 [info] > git for-each-ref --format=%(refname)%00%(upstream:short)%00%(objectname)%00%(upstream:track)%00%(upstream:remotename)%00%(upstream:remoteref) refs/heads/master refs/remotes/master [42ms]
2024-10-31 02:06:05.455 [info] > git for-each-ref --sort -committerdate --format %(refname) %(objectname) %(*objectname) [14ms]
2024-10-31 02:06:05.497 [info] > git status -z -uall [65ms]
2024-10-31 02:06:11.349 [info] > git config --get commit.template [6ms]
2024-10-31 02:06:11.350 [info] > git for-each-ref --format=%(refname)%00%(upstream:short)%00%(objectname)%00%(upstream:track)%00%(upstream:remotename)%00%(upstream:remoteref) refs/heads/master refs/remotes/master [1ms]
2024-10-31 02:06:11.371 [info] > git for-each-ref --sort -committerdate --format %(refname) %(objectname) %(*objectname) [3ms]
2024-10-31 02:06:11.401 [info] > git status -z -uall [47ms]
2024-10-31 02:06:16.420 [info] > git config --get commit.template [4ms]
2024-10-31 02:06:16.426 [info] > git for-each-ref --format=%(refname)%00%(upstream:short)%00%(objectname)%00%(upstream:track)%00%(upstream:remotename)%00%(upstream:remoteref) refs/heads/master refs/remotes/master [1ms]
2024-10-31 02:06:16.445 [info] > git for-each-ref --sort -committerdate --format %(refname) %(objectname) %(*objectname) [9ms]
2024-10-31 02:06:16.478 [info] > git status -z -uall [48ms]
2024-10-31 02:06:21.500 [info] > git config --get commit.template [5ms]
2024-10-31 02:06:21.501 [info] > git for-each-ref --format=%(refname)%00%(upstream:short)%00%(objectname)%00%(upstream:track)%00%(upstream:remotename)%00%(upstream:remoteref) refs/heads/master refs/remotes/master [1ms]
2024-10-31 02:06:21.519 [info] > git for-each-ref --sort -committerdate --format %(refname) %(objectname) %(*objectname) [8ms]
2024-10-31 02:06:21.554 [info] > git status -z -uall [49ms]
2024-10-31 02:06:26.574 [info] > git config --get commit.template [5ms]
2024-10-31 02:06:26.575 [info] > git for-each-ref --format=%(refname)%00%(upstream:short)%00%(objectname)%00%(upstream:track)%00%(upstream:remotename)%00%(upstream:remoteref) refs/heads/master refs/remotes/master [1ms]
2024-10-31 02:06:26.597 [info] > git for-each-ref --sort -committerdate --format %(refname) %(objectname) %(*objectname) [3ms]
2024-10-31 02:06:26.629 [info] > git status -z -uall [49ms]
2024-10-31 02:06:31.651 [info] > git for-each-ref --format=%(refname)%00%(upstream:short)%00%(objectname)%00%(upstream:track)%00%(upstream:remotename)%00%(upstream:remoteref) refs/heads/master refs/remotes/master [2ms]
2024-10-31 02:06:31.652 [info] > git config --get commit.template [7ms]
2024-10-31 02:06:31.668 [info] > git for-each-ref --sort -committerdate --format %(refname) %(objectname) %(*objectname) [7ms]
2024-10-31 02:06:31.708 [info] > git status -z -uall [52ms]
2024-10-31 02:07:05.282 [info] > git config --get commit.template [6ms]
2024-10-31 02:07:05.283 [info] > git for-each-ref --format=%(refname)%00%(upstream:short)%00%(objectname)%00%(upstream:track)%00%(upstream:remotename)%00%(upstream:remoteref) refs/heads/master refs/remotes/master [2ms]
2024-10-31 02:07:05.299 [info] > git for-each-ref --sort -committerdate --format %(refname) %(objectname) %(*objectname) [6ms]
2024-10-31 02:07:05.335 [info] > git status -z -uall [48ms]
2024-10-31 02:07:10.355 [info] > git config --get commit.template [5ms]
2024-10-31 02:07:10.356 [info] > git for-each-ref --format=%(refname)%00%(upstream:short)%00%(objectname)%00%(upstream:track)%00%(upstream:remotename)%00%(upstream:remoteref) refs/heads/master refs/remotes/master [1ms]
2024-10-31 02:07:10.374 [info] > git for-each-ref --sort -committerdate --format %(refname) %(objectname) %(*objectname) [9ms]
2024-10-31 02:07:10.408 [info] > git status -z -uall [48ms]
2024-10-31 02:07:23.357 [info] > git config --get commit.template [5ms]
2024-10-31 02:07:23.358 [info] > git for-each-ref --format=%(refname)%00%(upstream:short)%00%(objectname)%00%(upstream:track)%00%(upstream:remotename)%00%(upstream:remoteref) refs/heads/master refs/remotes/master [1ms]
2024-10-31 02:07:23.376 [info] > git for-each-ref --sort -committerdate --format %(refname) %(objectname) %(*objectname) [8ms]
2024-10-31 02:07:23.412 [info] > git status -z -uall [50ms]
2024-10-31 02:07:28.441 [info] > git config --get commit.template [6ms]
2024-10-31 02:07:28.442 [info] > git for-each-ref --format=%(refname)%00%(upstream:short)%00%(objectname)%00%(upstream:track)%00%(upstream:remotename)%00%(upstream:remoteref) refs/heads/master refs/remotes/master [2ms]
2024-10-31 02:07:28.466 [info] > git for-each-ref --sort -committerdate --format %(refname) %(objectname) %(*objectname) [4ms]
2024-10-31 02:07:28.494 [info] > git status -z -uall [48ms]
2024-10-31 02:07:33.521 [info] > git config --get commit.template [7ms]
2024-10-31 02:07:33.521 [info] > git for-each-ref --format=%(refname)%00%(upstream:short)%00%(objectname)%00%(upstream:track)%00%(upstream:remotename)%00%(upstream:remoteref) refs/heads/master refs/remotes/master [1ms]
2024-10-31 02:07:33.541 [info] > git for-each-ref --sort -committerdate --format %(refname) %(objectname) %(*objectname) [9ms]
2024-10-31 02:07:33.575 [info] > git status -z -uall [49ms]
2024-10-31 02:07:45.399 [info] > git config --get commit.template [6ms]
2024-10-31 02:07:45.400 [info] > git for-each-ref --format=%(refname)%00%(upstream:short)%00%(objectname)%00%(upstream:track)%00%(upstream:remotename)%00%(upstream:remoteref) refs/heads/master refs/remotes/master [1ms]
2024-10-31 02:07:45.416 [info] > git for-each-ref --sort -committerdate --format %(refname) %(objectname) %(*objectname) [7ms]
2024-10-31 02:07:45.453 [info] > git status -z -uall [49ms]
2024-10-31 02:07:50.475 [info] > git config --get commit.template [6ms]
2024-10-31 02:07:50.476 [info] > git for-each-ref --format=%(refname)%00%(upstream:short)%00%(objectname)%00%(upstream:track)%00%(upstream:remotename)%00%(upstream:remoteref) refs/heads/master refs/remotes/master [2ms]
2024-10-31 02:07:50.494 [info] > git for-each-ref --sort -committerdate --format %(refname) %(objectname) %(*objectname) [8ms]
2024-10-31 02:07:50.529 [info] > git status -z -uall [49ms]
2024-10-31 02:07:55.550 [info] > git config --get commit.template [6ms]
2024-10-31 02:07:55.551 [info] > git for-each-ref --format=%(refname)%00%(upstream:short)%00%(objectname)%00%(upstream:track)%00%(upstream:remotename)%00%(upstream:remoteref) refs/heads/master refs/remotes/master [2ms]
2024-10-31 02:07:55.564 [info] > git for-each-ref --sort -committerdate --format %(refname) %(objectname) %(*objectname) [3ms]
2024-10-31 02:07:55.605 [info] > git status -z -uall [50ms]
2024-10-31 02:08:00.638 [info] > git config --get commit.template [6ms]
2024-10-31 02:08:00.639 [info] > git for-each-ref --format=%(refname)%00%(upstream:short)%00%(objectname)%00%(upstream:track)%00%(upstream:remotename)%00%(upstream:remoteref) refs/heads/master refs/remotes/master [2ms]
2024-10-31 02:08:00.656 [info] > git for-each-ref --sort -committerdate --format %(refname) %(objectname) %(*objectname) [7ms]
2024-10-31 02:08:00.690 [info] > git status -z -uall [47ms]
2024-10-31 02:08:05.711 [info] > git config --get commit.template [5ms]
2024-10-31 02:08:05.712 [info] > git for-each-ref --format=%(refname)%00%(upstream:short)%00%(objectname)%00%(upstream:track)%00%(upstream:remotename)%00%(upstream:remoteref) refs/heads/master refs/remotes/master [1ms]
2024-10-31 02:08:05.732 [info] > git for-each-ref --sort -committerdate --format %(refname) %(objectname) %(*objectname) [10ms]
2024-10-31 02:08:05.764 [info] > git status -z -uall [47ms]
2024-10-31 02:08:10.787 [info] > git config --get commit.template [5ms]
2024-10-31 02:08:10.788 [info] > git for-each-ref --format=%(refname)%00%(upstream:short)%00%(objectname)%00%(upstream:track)%00%(upstream:remotename)%00%(upstream:remoteref) refs/heads/master refs/remotes/master [1ms]
2024-10-31 02:08:10.805 [info] > git for-each-ref --sort -committerdate --format %(refname) %(objectname) %(*objectname) [8ms]
2024-10-31 02:08:10.839 [info] > git status -z -uall [47ms]
2024-10-31 02:09:18.113 [info] > git config --get commit.template [5ms]
2024-10-31 02:09:18.114 [info] > git for-each-ref --format=%(refname)%00%(upstream:short)%00%(objectname)%00%(upstream:track)%00%(upstream:remotename)%00%(upstream:remoteref) refs/heads/master refs/remotes/master [1ms]
2024-10-31 02:09:18.136 [info] > git for-each-ref --sort -committerdate --format %(refname) %(objectname) %(*objectname) [3ms]
2024-10-31 02:09:18.165 [info] > git status -z -uall [47ms]
2024-10-31 02:09:23.184 [info] > git config --get commit.template [3ms]
2024-10-31 02:09:23.189 [info] > git for-each-ref --format=%(refname)%00%(upstream:short)%00%(objectname)%00%(upstream:track)%00%(upstream:remotename)%00%(upstream:remoteref) refs/heads/master refs/remotes/master [1ms]
2024-10-31 02:09:23.205 [info] > git for-each-ref --sort -committerdate --format %(refname) %(objectname) %(*objectname) [6ms]
2024-10-31 02:09:23.244 [info] > git status -z -uall [51ms]
2024-10-31 02:09:28.268 [info] > git config --get commit.template [4ms]
2024-10-31 02:09:28.274 [info] > git for-each-ref --format=%(refname)%00%(upstream:short)%00%(objectname)%00%(upstream:track)%00%(upstream:remotename)%00%(upstream:remoteref) refs/heads/master refs/remotes/master [1ms]
2024-10-31 02:09:28.289 [info] > git for-each-ref --sort -committerdate --format %(refname) %(objectname) %(*objectname) [6ms]
2024-10-31 02:09:28.329 [info] > git status -z -uall [51ms]
2024-10-31 02:09:50.101 [info] > git config --get commit.template [6ms]
2024-10-31 02:09:50.102 [info] > git for-each-ref --format=%(refname)%00%(upstream:short)%00%(objectname)%00%(upstream:track)%00%(upstream:remotename)%00%(upstream:remoteref) refs/heads/master refs/remotes/master [2ms]
2024-10-31 02:09:50.119 [info] > git for-each-ref --sort -committerdate --format %(refname) %(objectname) %(*objectname) [9ms]
2024-10-31 02:09:50.152 [info] > git status -z -uall [47ms]
2024-10-31 02:11:17.024 [info] > git config --get commit.template [3ms]
2024-10-31 02:11:17.030 [info] > git for-each-ref --format=%(refname)%00%(upstream:short)%00%(objectname)%00%(upstream:track)%00%(upstream:remotename)%00%(upstream:remoteref) refs/heads/master refs/remotes/master [2ms]
2024-10-31 02:11:17.051 [info] > git for-each-ref --sort -committerdate --format %(refname) %(objectname) %(*objectname) [9ms]
2024-10-31 02:11:17.084 [info] > git status -z -uall [50ms]
2024-10-31 02:11:22.114 [info] > git config --get commit.template [7ms]
2024-10-31 02:11:22.115 [info] > git for-each-ref --format=%(refname)%00%(upstream:short)%00%(objectname)%00%(upstream:track)%00%(upstream:remotename)%00%(upstream:remoteref) refs/heads/master refs/remotes/master [2ms]
2024-10-31 02:11:22.133 [info] > git for-each-ref --sort -committerdate --format %(refname) %(objectname) %(*objectname) [7ms]
2024-10-31 02:11:22.169 [info] > git status -z -uall [49ms]
2024-10-31 02:11:27.190 [info] > git config --get commit.template [2ms]
2024-10-31 02:11:27.195 [info] > git for-each-ref --format=%(refname)%00%(upstream:short)%00%(objectname)%00%(upstream:track)%00%(upstream:remotename)%00%(upstream:remoteref) refs/heads/master refs/remotes/master [1ms]
2024-10-31 02:11:27.208 [info] > git for-each-ref --sort -committerdate --format %(refname) %(objectname) %(*objectname) [3ms]
2024-10-31 02:11:27.249 [info] > git status -z -uall [49ms]
2024-10-31 02:11:32.274 [info] > git config --get commit.template [7ms]
2024-10-31 02:11:32.275 [info] > git for-each-ref --format=%(refname)%00%(upstream:short)%00%(objectname)%00%(upstream:track)%00%(upstream:remotename)%00%(upstream:remoteref) refs/heads/master refs/remotes/master [2ms]
2024-10-31 02:11:32.296 [info] > git for-each-ref --sort -committerdate --format %(refname) %(objectname) %(*objectname) [3ms]
2024-10-31 02:11:32.326 [info] > git status -z -uall [47ms]
2024-10-31 02:12:04.211 [info] > git config --get commit.template [5ms]
2024-10-31 02:12:04.212 [info] > git for-each-ref --format=%(refname)%00%(upstream:short)%00%(objectname)%00%(upstream:track)%00%(upstream:remotename)%00%(upstream:remoteref) refs/heads/master refs/remotes/master [2ms]
2024-10-31 02:12:04.234 [info] > git for-each-ref --sort -committerdate --format %(refname) %(objectname) %(*objectname) [11ms]
2024-10-31 02:12:04.266 [info] > git status -z -uall [48ms]
