2024-11-04 05:47:05.603 [info] [main] Log level: Info
2024-11-04 05:47:05.603 [info] [main] Validating found git in: "git"
2024-11-04 05:47:05.603 [info] [main] Using git "2.25.1" from "git"
2024-11-04 05:47:05.603 [info] [Model][doInitialScan] Initial repository scan started
2024-11-04 05:47:05.603 [info] > git rev-parse --show-toplevel [645ms]
2024-11-04 05:47:05.678 [info] > git rev-parse --git-dir --git-common-dir [521ms]
2024-11-04 05:47:05.734 [info] [Model][openRepository] Opened repository: /home/kit214
2024-11-04 05:47:05.998 [info] > git config --get commit.template [120ms]
2024-11-04 05:47:06.334 [info] > git for-each-ref --format=%(refname)%00%(upstream:short)%00%(objectname)%00%(upstream:track)%00%(upstream:remotename)%00%(upstream:remoteref) refs/heads/master refs/remotes/master [146ms]
2024-11-04 05:47:07.621 [info] > git check-ignore -v -z --stdin [35ms]
2024-11-04 05:47:07.623 [info] > git rev-parse --show-toplevel [22ms]
2024-11-04 05:47:07.817 [info] > git status -z -uall [168ms]
2024-11-04 05:47:07.817 [info] > git rev-parse --show-toplevel [129ms]
2024-11-04 05:47:07.820 [info] > git for-each-ref --sort -committerdate --format %(refname) %(objectname) %(*objectname) [140ms]
2024-11-04 05:47:08.964 [info] > git for-each-ref --format=%(refname)%00%(upstream:short)%00%(objectname)%00%(upstream:track)%00%(upstream:remotename)%00%(upstream:remoteref) refs/heads/master refs/remotes/master [881ms]
2024-11-04 05:47:08.973 [info] > git rev-parse --show-toplevel [1129ms]
2024-11-04 05:47:09.118 [info] > git config --local branch.master.vscode-merge-base [144ms]
2024-11-04 05:47:09.118 [warning] [Git][config] git config failed: Failed to execute git
2024-11-04 05:47:09.128 [info] > git config --get commit.template [415ms]
2024-11-04 05:47:09.132 [info] > git rev-parse --show-toplevel [42ms]
2024-11-04 05:47:09.370 [info] > git for-each-ref --format=%(refname)%00%(upstream:short)%00%(objectname)%00%(upstream:track)%00%(upstream:remotename)%00%(upstream:remoteref) refs/heads/master refs/remotes/master [230ms]
2024-11-04 05:47:09.370 [info] > git reflog master --grep-reflog=branch: Created from *. [243ms]
2024-11-04 05:47:09.396 [info] > git rev-parse --show-toplevel [53ms]
2024-11-04 05:47:09.422 [info] > git symbolic-ref --short refs/remotes/origin/HEAD [27ms]
2024-11-04 05:47:09.422 [info] fatal: ref refs/remotes/origin/HEAD is not a symbolic ref
2024-11-04 05:47:09.422 [warning] [Repository][getDefaultBranch] Failed to get default branch details: Failed to execute git.
2024-11-04 05:47:09.549 [info] > git rev-parse --show-toplevel [139ms]
2024-11-04 05:47:09.566 [info] > git for-each-ref --sort -committerdate --format %(refname) %(objectname) %(*objectname) [87ms]
2024-11-04 05:47:09.567 [info] > git merge-base refs/heads/master refs/remotes/origin/master [115ms]
2024-11-04 05:47:09.591 [info] > git rev-parse --show-toplevel [35ms]
2024-11-04 05:47:09.635 [info] > git status -z -uall [167ms]
2024-11-04 05:47:09.635 [info] > git diff --name-status -z --diff-filter=ADMR 0e5543c27140ccff0401e8cbdba7a2ff5a202009...refs/remotes/origin/master [48ms]
2024-11-04 05:47:09.777 [info] > git rev-parse --git-dir --git-common-dir [146ms]
2024-11-04 05:47:09.781 [info] [Model][openRepository] Opened repository: /home/kit214/.nvm
2024-11-04 05:47:10.482 [info] > git rev-parse --show-toplevel [69ms]
2024-11-04 05:47:10.486 [info] > git config --get commit.template [95ms]
2024-11-04 05:47:10.513 [info] > git for-each-ref --format %(refname) %(objectname) %(*objectname) refs/tags [9ms]
2024-11-04 05:47:10.523 [info] > git rev-parse --show-toplevel [29ms]
2024-11-04 05:47:10.529 [info] > git status -z -uall [12ms]
2024-11-04 05:47:10.532 [info] > git rev-parse --show-toplevel [4ms]
2024-11-04 05:47:10.538 [info] > git for-each-ref --sort -committerdate --format %(refname) %(objectname) %(*objectname) [16ms]
2024-11-04 05:47:10.551 [info] > git rev-parse --show-toplevel [13ms]
2024-11-04 05:47:10.554 [info] [Model][doInitialScan] Initial repository scan completed - repositories (2), closed repositories (0), parent repositories (0), unsafe repositories (0)
2024-11-04 05:47:10.567 [info] > git config --get commit.template [16ms]
2024-11-04 05:47:10.574 [info] > git for-each-ref --format %(refname) %(objectname) %(*objectname) refs/tags [2ms]
2024-11-04 05:47:10.590 [info] > git show --textconv :races.js [29ms]
2024-11-04 05:47:10.590 [info] > git status -z -uall [11ms]
2024-11-04 05:47:10.593 [info] > git for-each-ref --sort -committerdate --format %(refname) %(objectname) %(*objectname) [4ms]
2024-11-04 05:47:10.595 [info] > git ls-files --stage -- /home/kit214/races.js [29ms]
2024-11-04 05:47:10.609 [info] > git cat-file -s f367e57e92153392629acd7d772c89d3555b2b00 [9ms]
2024-11-04 05:47:12.522 [info] > git check-ignore -v -z --stdin [18ms]
2024-11-04 05:47:12.523 [info] > git check-ignore -v -z --stdin [11ms]
2024-11-04 05:47:12.526 [info] > git config --get commit.template [5ms]
2024-11-04 05:47:12.531 [info] > git for-each-ref --format=%(refname)%00%(upstream:short)%00%(objectname)%00%(upstream:track)%00%(upstream:remotename)%00%(upstream:remoteref) refs/heads/master refs/remotes/master [2ms]
2024-11-04 05:47:12.548 [info] > git for-each-ref --sort -committerdate --format %(refname) %(objectname) %(*objectname) [8ms]
2024-11-04 05:47:12.583 [info] > git status -z -uall [48ms]
2024-11-04 05:47:17.628 [info] > git config --get commit.template [6ms]
2024-11-04 05:47:17.629 [info] > git for-each-ref --format=%(refname)%00%(upstream:short)%00%(objectname)%00%(upstream:track)%00%(upstream:remotename)%00%(upstream:remoteref) refs/heads/master refs/remotes/master [2ms]
2024-11-04 05:47:17.654 [info] > git for-each-ref --sort -committerdate --format %(refname) %(objectname) %(*objectname) [6ms]
2024-11-04 05:47:17.683 [info] > git status -z -uall [50ms]
2024-11-04 05:47:22.746 [info] > git config --get commit.template [7ms]
2024-11-04 05:47:22.747 [info] > git for-each-ref --format=%(refname)%00%(upstream:short)%00%(objectname)%00%(upstream:track)%00%(upstream:remotename)%00%(upstream:remoteref) refs/heads/master refs/remotes/master [2ms]
2024-11-04 05:47:22.771 [info] > git for-each-ref --sort -committerdate --format %(refname) %(objectname) %(*objectname) [5ms]
2024-11-04 05:47:22.813 [info] > git status -z -uall [56ms]
2024-11-04 05:47:28.185 [info] > git config --get commit.template [7ms]
2024-11-04 05:47:28.186 [info] > git for-each-ref --format=%(refname)%00%(upstream:short)%00%(objectname)%00%(upstream:track)%00%(upstream:remotename)%00%(upstream:remoteref) refs/heads/master refs/remotes/master [2ms]
2024-11-04 05:47:28.205 [info] > git for-each-ref --sort -committerdate --format %(refname) %(objectname) %(*objectname) [8ms]
2024-11-04 05:47:28.240 [info] > git status -z -uall [50ms]
2024-11-04 05:47:33.291 [info] > git config --get commit.template [7ms]
2024-11-04 05:47:33.292 [info] > git for-each-ref --format=%(refname)%00%(upstream:short)%00%(objectname)%00%(upstream:track)%00%(upstream:remotename)%00%(upstream:remoteref) refs/heads/master refs/remotes/master [2ms]
2024-11-04 05:47:33.318 [info] > git for-each-ref --sort -committerdate --format %(refname) %(objectname) %(*objectname) [8ms]
2024-11-04 05:47:33.346 [info] > git status -z -uall [49ms]
