2024-10-27 05:40:32.540 [info] [main] Log level: Info
2024-10-27 05:40:32.540 [info] [main] Validating found git in: "git"
2024-10-27 05:40:32.540 [info] [main] Using git "2.25.1" from "git"
2024-10-27 05:40:32.540 [info] [Model][doInitialScan] Initial repository scan started
2024-10-27 05:40:32.540 [info] > git rev-parse --show-toplevel [504ms]
2024-10-27 05:40:32.540 [info] fatal: not a git repository (or any of the parent directories): .git
2024-10-27 05:40:32.540 [info] > git rev-parse --show-toplevel [441ms]
2024-10-27 05:40:32.540 [info] fatal: not a git repository (or any of the parent directories): .git
2024-10-27 05:40:32.540 [info] > git rev-parse --show-toplevel [41ms]
2024-10-27 05:40:32.540 [info] fatal: not a git repository (or any of the parent directories): .git
2024-10-27 05:40:33.796 [info] > git rev-parse --show-toplevel [71ms]
2024-10-27 05:40:33.796 [info] fatal: not a git repository (or any of the parent directories): .git
2024-10-27 05:40:33.809 [info] > git rev-parse --show-toplevel [3ms]
2024-10-27 05:40:33.809 [info] fatal: not a git repository (or any of the parent directories): .git
2024-10-27 05:40:33.830 [info] > git rev-parse --show-toplevel [8ms]
2024-10-27 05:40:33.830 [info] fatal: not a git repository (or any of the parent directories): .git
2024-10-27 05:40:33.861 [info] > git rev-parse --show-toplevel [15ms]
2024-10-27 05:40:33.861 [info] fatal: not a git repository (or any of the parent directories): .git
2024-10-27 05:40:33.927 [info] > git rev-parse --show-toplevel [40ms]
2024-10-27 05:40:33.927 [info] fatal: not a git repository (or any of the parent directories): .git
2024-10-27 05:40:33.947 [info] > git rev-parse --show-toplevel [11ms]
2024-10-27 05:40:33.947 [info] fatal: not a git repository (or any of the parent directories): .git
2024-10-27 05:40:33.963 [info] > git rev-parse --show-toplevel [8ms]
2024-10-27 05:40:33.980 [info] > git rev-parse --git-dir --git-common-dir [5ms]
2024-10-27 05:40:34.004 [info] [Model][openRepository] Opened repository: /home/kit214/.nvm
2024-10-27 05:40:34.049 [info] > git config --get commit.template [16ms]
2024-10-27 05:40:34.089 [info] > git rev-parse --show-toplevel [46ms]
2024-10-27 05:40:34.089 [info] fatal: not a git repository (or any of the parent directories): .git
2024-10-27 05:40:34.968 [info] > git for-each-ref --format %(refname) %(objectname) %(*objectname) refs/tags [896ms]
2024-10-27 05:40:35.294 [info] > git rev-parse --show-toplevel [1183ms]
2024-10-27 05:40:35.304 [info] fatal: not a git repository (or any of the parent directories): .git
2024-10-27 05:40:35.338 [info] > git status -z -uall [353ms]
2024-10-27 05:40:35.339 [info] > git check-ignore -v -z --stdin [311ms]
2024-10-27 05:40:35.342 [info] > git for-each-ref --sort -committerdate --format %(refname) %(objectname) %(*objectname) [349ms]
2024-10-27 05:40:35.465 [info] > git rev-parse --show-toplevel [128ms]
2024-10-27 05:40:35.466 [info] fatal: not a git repository (or any of the parent directories): .git
2024-10-27 05:40:35.471 [info] > git config --get commit.template [61ms]
2024-10-27 05:40:35.579 [info] > git rev-parse --show-toplevel [94ms]
2024-10-27 05:40:35.607 [info] > git for-each-ref --format %(refname) %(objectname) %(*objectname) refs/tags [53ms]
2024-10-27 05:40:35.656 [info] > git status -z -uall [42ms]
2024-10-27 05:40:35.657 [info] > git rev-parse --git-dir --git-common-dir [50ms]
2024-10-27 05:40:35.687 [info] [Model][openRepository] Opened repository: /home/kit214/php_web_scraper
2024-10-27 05:40:35.730 [info] > git for-each-ref --sort -committerdate --format %(refname) %(objectname) %(*objectname) [106ms]
2024-10-27 05:40:35.770 [info] > git config --get commit.template [55ms]
2024-10-27 05:40:35.803 [info] > git rev-parse --show-toplevel [77ms]
2024-10-27 05:40:35.803 [info] fatal: not a git repository (or any of the parent directories): .git
2024-10-27 05:40:35.834 [info] > git for-each-ref --format=%(refname)%00%(upstream:short)%00%(objectname)%00%(upstream:track)%00%(upstream:remotename)%00%(upstream:remoteref) refs/heads/master refs/remotes/master [23ms]
2024-10-27 05:40:35.855 [warning] [Git][revParse] Unable to read file: ENOENT: no such file or directory, open '/home/kit214/php_web_scraper/.git/refs/remotes/origin/master'
2024-10-27 05:40:35.856 [info] > git rev-parse --show-toplevel [30ms]
2024-10-27 05:40:35.856 [info] fatal: not a git repository (or any of the parent directories): .git
2024-10-27 05:40:35.868 [info] > git rev-parse refs/remotes/origin/master [13ms]
2024-10-27 05:40:35.888 [info] > git rev-parse --show-toplevel [24ms]
2024-10-27 05:40:35.888 [info] fatal: not a git repository (or any of the parent directories): .git
2024-10-27 05:40:35.892 [info] [Model][doInitialScan] Initial repository scan completed - repositories (2), closed repositories (0), parent repositories (0), unsafe repositories (0)
2024-10-27 05:40:35.898 [info] > git for-each-ref --sort -committerdate --format %(refname) %(objectname) %(*objectname) [11ms]
2024-10-27 05:40:36.286 [info] > git check-ignore -v -z --stdin [6ms]
2024-10-27 05:40:36.287 [info] > git check-ignore -v -z --stdin [2ms]
2024-10-27 05:40:36.309 [info] > git status -z -uall [430ms]
2024-10-27 05:40:36.325 [info] > git for-each-ref --format=%(refname)%00%(upstream:short)%00%(objectname)%00%(upstream:track)%00%(upstream:remotename)%00%(upstream:remoteref) refs/heads/master refs/remotes/master [7ms]
2024-10-27 05:40:36.336 [info] > git config --get commit.template [11ms]
2024-10-27 05:40:36.342 [info] > git config --local branch.master.vscode-merge-base [7ms]
2024-10-27 05:40:36.346 [info] > git for-each-ref --format=%(refname)%00%(upstream:short)%00%(objectname)%00%(upstream:track)%00%(upstream:remotename)%00%(upstream:remoteref) refs/heads/master refs/remotes/master [5ms]
2024-10-27 05:40:36.350 [warning] [Git][revParse] Unable to read file: ENOENT: no such file or directory, open '/home/kit214/php_web_scraper/.git/refs/remotes/origin/master'
2024-10-27 05:40:36.351 [info] > git for-each-ref --format=%(refname)%00%(upstream:short)%00%(objectname)%00%(upstream:track)%00%(upstream:remotename)%00%(upstream:remoteref) refs/heads/origin/master refs/remotes/origin/master [5ms]
2024-10-27 05:40:36.357 [info] > git rev-parse refs/remotes/origin/master [7ms]
2024-10-27 05:40:36.367 [info] > git merge-base refs/heads/master refs/remotes/origin/master [11ms]
2024-10-27 05:40:36.388 [info] > git for-each-ref --sort -committerdate --format %(refname) %(objectname) %(*objectname) [22ms]
2024-10-27 05:40:36.396 [info] > git diff --name-status -z --diff-filter=ADMR 2b38783eea968fa879315155461ab44f19fd1411...refs/remotes/origin/master [23ms]
2024-10-27 05:40:36.513 [info] > git status -z -uall [152ms]
2024-10-27 07:50:55.519 [info] > git rev-parse --show-toplevel [5ms]
2024-10-27 07:50:55.519 [info] fatal: not a git repository (or any of the parent directories): .git
2024-10-27 07:51:13.286 [info] > git rev-parse --show-toplevel [13ms]
2024-10-27 07:51:13.286 [info] fatal: not a git repository (or any of the parent directories): .git
2024-10-27 07:51:14.244 [info] > git rev-parse --show-toplevel [6ms]
2024-10-27 07:51:14.244 [info] fatal: not a git repository (or any of the parent directories): .git
2024-10-27 08:43:03.543 [info] > git rev-parse --show-toplevel [1ms]
2024-10-27 08:43:03.548 [info] > git rev-parse --git-dir --git-common-dir [1ms]
2024-10-27 08:43:03.556 [info] [Model][openRepository] Opened repository: /home/kit214
2024-10-27 08:43:03.564 [info] [Git][getRemotes] No remotes found in the git config file
2024-10-27 08:43:03.565 [info] > git config --get commit.template [5ms]
2024-10-27 08:43:03.565 [info] > git for-each-ref --format=%(refname)%00%(upstream:short)%00%(objectname)%00%(upstream:track)%00%(upstream:remotename)%00%(upstream:remoteref) refs/heads/master refs/remotes/master [1ms]
2024-10-27 08:43:03.566 [warning] [Git][getBranch] No such branch: master
2024-10-27 08:43:03.575 [info] > git for-each-ref --sort -committerdate --format %(refname) %(objectname) %(*objectname) [2ms]
2024-10-27 08:43:03.670 [info] > git status -z -uall [101ms] (cancelled)
2024-10-27 08:43:03.675 [info] > git check-ignore -v -z --stdin [1ms]
2024-10-27 08:43:03.966 [info] > git show --textconv :races.js [5ms]
2024-10-27 08:43:03.967 [info] > git ls-files --stage -- /home/kit214/races.js [2ms]
2024-10-27 08:43:04.176 [info] > git check-ignore -v -z --stdin [11ms]
2024-10-27 08:43:04.177 [info] > git check-ignore -v -z --stdin [8ms]
2024-10-27 08:43:04.177 [info] > git check-ignore -v -z --stdin [4ms]
2024-10-27 08:43:16.515 [info] > git for-each-ref --format=%(refname)%00%(upstream:short)%00%(objectname)%00%(upstream:track)%00%(upstream:remotename)%00%(upstream:remoteref) refs/heads/master refs/remotes/master [1168ms]
2024-10-27 08:43:16.516 [warning] [Git][getBranch] No such branch: master
2024-10-27 08:43:16.516 [error] [GitHistoryProvider][resolveHEADMergeBase] Failed to resolve merge base for master: Error: No such branch: master.
2024-10-27 08:43:16.527 [info] > git config --get commit.template [12ms]
2024-10-27 08:43:16.532 [info] [Git][getRemotes] No remotes found in the git config file
2024-10-27 08:43:16.533 [info] > git for-each-ref --format=%(refname)%00%(upstream:short)%00%(objectname)%00%(upstream:track)%00%(upstream:remotename)%00%(upstream:remoteref) refs/heads/master refs/remotes/master [2ms]
2024-10-27 08:43:16.533 [warning] [Git][getBranch] No such branch: master
2024-10-27 08:43:16.543 [info] > git for-each-ref --sort -committerdate --format %(refname) %(objectname) %(*objectname) [2ms]
2024-10-27 08:43:16.658 [info] > git status -z -uall [122ms] (cancelled)
2024-10-27 08:43:16.663 [info] > git check-ignore -v -z --stdin [1ms]
2024-10-27 08:43:17.568 [info] > git check-ignore -v -z --stdin [1ms]
2024-10-27 08:43:17.705 [info] [Git][getRemotes] No remotes found in the git config file
2024-10-27 08:43:17.706 [info] > git config --get commit.template [4ms]
2024-10-27 08:43:17.706 [info] > git for-each-ref --format=%(refname)%00%(upstream:short)%00%(objectname)%00%(upstream:track)%00%(upstream:remotename)%00%(upstream:remoteref) refs/heads/master refs/remotes/master [1ms]
2024-10-27 08:43:17.706 [warning] [Git][getBranch] No such branch: master
2024-10-27 08:43:17.715 [info] > git for-each-ref --sort -committerdate --format %(refname) %(objectname) %(*objectname) [2ms]
2024-10-27 08:43:17.766 [info] > git status -z -uall [57ms]
2024-10-27 08:43:18.345 [info] > git show --textconv :races.js [7ms]
2024-10-27 08:43:18.345 [info] > git ls-files --stage -- /home/kit214/races.js [1ms]
2024-10-27 08:43:18.374 [info] > git check-ignore -v -z --stdin [8ms]
2024-10-27 08:43:18.374 [info] > git check-ignore -v -z --stdin [5ms]
2024-10-27 08:43:18.374 [info] > git check-ignore -v -z --stdin [2ms]
2024-10-27 08:43:23.531 [info] > git show --textconv :.gitignore [4ms]
2024-10-27 08:43:23.532 [info] > git ls-files --stage -- /home/kit214/.gitignore [2ms]
2024-10-27 08:43:54.161 [info] > git check-ignore -v -z --stdin [4ms]
2024-10-27 08:43:54.161 [info] > git check-ignore -v -z --stdin [1ms]
2024-10-27 08:43:54.162 [info] > git check-ignore -v -z --stdin [9ms]
2024-10-27 08:43:56.047 [info] > git check-ignore -v -z --stdin [8ms]
2024-10-27 08:43:56.048 [info] > git check-ignore -v -z --stdin [5ms]
2024-10-27 08:43:56.048 [info] > git check-ignore -v -z --stdin [2ms]
2024-10-27 08:45:27.069 [info] > git ls-files --stage -- /home/kit214/.gitignore [3ms]
2024-10-27 08:45:27.075 [info] > git cat-file -s 1f2a9e406d64492256ae67307a1ba8ab3a3965c8 [2ms]
2024-10-27 08:45:27.141 [info] > git show --textconv :.gitignore [4ms]
2024-10-27 08:45:59.411 [info] > git check-ignore -v -z --stdin [2ms]
2024-10-27 08:46:36.363 [info] > git check-ignore -v -z --stdin [3ms]
2024-10-27 08:46:42.478 [info] > git check-ignore -v -z --stdin [2ms]
2024-10-27 08:47:01.506 [info] > git check-ignore -v -z --stdin [3ms]
2024-10-27 08:47:07.917 [info] > git check-ignore -v -z --stdin [4ms]
2024-10-27 08:47:09.996 [info] > git check-ignore -v -z --stdin [2ms]
2024-10-27 08:47:13.098 [info] > git check-ignore -v -z --stdin [4ms]
2024-10-27 08:47:31.243 [info] > git show --textconv :tracks.js [5ms]
2024-10-27 08:47:31.245 [info] > git ls-files --stage -- /home/kit214/tracks.js [2ms]
2024-10-27 08:47:31.250 [info] > git cat-file -s 1a80aea7ac360488214587119afc02460e7285d1 [1ms]
2024-10-27 08:49:47.777 [warning] [Git][getHEAD] Failed to parse HEAD file: ENOENT: no such file or directory, open '/home/kit214/php_web_scraper/.git/HEAD'
2024-10-27 08:49:47.783 [warning] [Git][getRemotes] Error: ENOENT: no such file or directory, open '/home/kit214/php_web_scraper/.git/config'
2024-10-27 08:49:47.793 [warning] [Git][getHEAD] Failed to parse HEAD file: ENOENT: no such file or directory, open '/home/kit214/php_web_scraper/.git/HEAD'
2024-10-27 08:49:47.801 [warning] [Git][getRemotes] Error: ENOENT: no such file or directory, open '/home/kit214/php_web_scraper/.git/config'
2024-10-27 08:49:48.440 [info] > git check-ignore -v -z --stdin [6ms]
2024-10-27 08:49:48.455 [info] > git check-ignore -v -z --stdin [18ms]
2024-10-27 08:50:19.495 [info] > git config --get commit.template [5ms]
2024-10-27 08:50:19.495 [info] > git for-each-ref --format %(refname) %(objectname) %(*objectname) refs/tags [2ms]
2024-10-27 08:50:19.505 [info] > git status -z -uall [6ms]
2024-10-27 08:50:19.506 [info] > git for-each-ref --sort -committerdate --format %(refname) %(objectname) %(*objectname) [2ms]
2024-10-27 08:50:20.228 [info] > git ls-files --stage -- /home/kit214/tracks.js [2ms]
2024-10-27 08:50:20.232 [info] > git cat-file -s d2f5db5aaf3be96ca198628fac5c119ae2146b6e [1ms]
2024-10-27 08:50:20.274 [info] > git show --textconv :tracks.js [3ms]
2024-10-27 08:50:24.954 [info] > git check-ignore -v -z --stdin [4ms]
2024-10-27 08:50:38.049 [info] > git ls-files --stage -- /home/kit214/tracks.js [3ms]
2024-10-27 08:50:38.054 [info] > git cat-file -s d2f5db5aaf3be96ca198628fac5c119ae2146b6e [1ms]
2024-10-27 08:50:38.103 [info] > git show --textconv :tracks.js [2ms]
2024-10-27 08:51:22.272 [info] > git show --textconv :.sudo_as_admin_successful [6ms]
2024-10-27 08:51:22.274 [info] > git ls-files --stage -- /home/kit214/.sudo_as_admin_successful [3ms]
2024-10-27 08:51:22.279 [info] > git cat-file -s e69de29bb2d1d6434b8b29ae775ad8c2e48c5391 [2ms]
2024-10-27 08:51:25.796 [info] > git show --textconv :tracks.js [9ms]
2024-10-27 08:51:25.798 [info] > git ls-files --stage -- /home/kit214/tracks.js [5ms]
2024-10-27 08:51:25.802 [info] > git cat-file -s d2f5db5aaf3be96ca198628fac5c119ae2146b6e [1ms]
2024-10-27 08:51:35.085 [info] > git log --format=%H%n%aN%n%aE%n%at%n%ct%n%P%n%D%n%B -z --shortstat -n50 --skip=0 --topo-order --decorate=full --stdin [43ms]
2024-10-27 08:51:35.086 [info] fatal: bad revision 'refs/heads/master'
2024-10-27 08:51:35.086 [error] [GitHistoryProvider][provideHistoryItems] Failed to get history items with options '{"historyItemRefs":["refs/heads/master"],"limit":50,"skip":0}': Failed to execute git {
  "exitCode": 128,
  "gitCommand": "log",
  "stdout": "",
  "stderr": "fatal: bad revision 'refs/heads/master'\n"
}
2024-10-27 08:51:35.583 [info] > git check-ignore -v -z --stdin [2ms]
2024-10-27 08:51:40.250 [info] > git check-ignore -v -z --stdin [3ms]
2024-10-27 08:51:48.151 [info] > git check-ignore -v -z --stdin [16ms]
2024-10-27 08:53:40.926 [info] > git ls-files --stage -- /home/kit214/tracks.js [3ms]
2024-10-27 08:53:40.930 [info] > git cat-file -s d2f5db5aaf3be96ca198628fac5c119ae2146b6e [1ms]
2024-10-27 08:53:41.000 [info] > git show --textconv :tracks.js [4ms]
2024-10-27 08:54:21.417 [info] > git ls-files --stage -- /home/kit214/tracks.js [4ms]
2024-10-27 08:54:21.422 [info] > git cat-file -s d2f5db5aaf3be96ca198628fac5c119ae2146b6e [1ms]
2024-10-27 08:54:21.492 [info] > git show --textconv :tracks.js [3ms]
2024-10-27 08:56:12.664 [info] > git ls-files --stage -- /home/kit214/tracks.js [2ms]
2024-10-27 08:56:12.668 [info] > git cat-file -s d2f5db5aaf3be96ca198628fac5c119ae2146b6e [1ms]
2024-10-27 08:56:12.735 [info] > git show --textconv :tracks.js [3ms]
2024-10-27 08:58:43.593 [info] > git ls-files --stage -- /home/kit214/tracks.js [3ms]
2024-10-27 08:58:43.598 [info] > git cat-file -s d2f5db5aaf3be96ca198628fac5c119ae2146b6e [2ms]
2024-10-27 08:58:43.642 [info] > git show --textconv :tracks.js [8ms]
2024-10-27 09:02:48.162 [info] > git ls-files --stage -- /home/kit214/tracks.js [4ms]
2024-10-27 09:02:48.166 [info] > git cat-file -s d2f5db5aaf3be96ca198628fac5c119ae2146b6e [1ms]
2024-10-27 09:02:48.210 [info] > git show --textconv :tracks.js [3ms]
2024-10-27 09:02:53.086 [info] > git ls-files --stage -- /home/kit214/tracks.js [3ms]
2024-10-27 09:02:53.090 [info] > git cat-file -s d2f5db5aaf3be96ca198628fac5c119ae2146b6e [1ms]
2024-10-27 09:02:53.130 [info] > git show --textconv :tracks.js [3ms]
2024-10-27 09:04:17.311 [info] > git show --textconv :races.js [9ms]
2024-10-27 09:04:17.315 [info] > git ls-files --stage -- /home/kit214/races.js [9ms]
2024-10-27 09:04:17.322 [info] > git cat-file -s 675b6f0b8f567744fa5cd3637a5636d8e7909c80 [1ms]
2024-10-27 09:14:44.256 [info] > git show --textconv :tracks.js [5ms]
2024-10-27 09:14:44.259 [info] > git ls-files --stage -- /home/kit214/tracks.js [3ms]
2024-10-27 09:14:44.263 [info] > git cat-file -s d2f5db5aaf3be96ca198628fac5c119ae2146b6e [1ms]
2024-10-27 09:16:01.350 [info] > git show --textconv :races.js [5ms]
2024-10-27 09:16:01.353 [info] > git ls-files --stage -- /home/kit214/races.js [3ms]
2024-10-27 09:16:01.357 [info] > git cat-file -s 675b6f0b8f567744fa5cd3637a5636d8e7909c80 [1ms]
