2024-10-22 11:10:29.504 [info] [main] Log level: Info
2024-10-22 11:10:29.507 [info] [main] Validating found git in: "git"
2024-10-22 11:10:29.591 [info] [main] Using git "2.25.1" from "git"
2024-10-22 11:10:29.592 [info] [Model][doInitialScan] Initial repository scan started
2024-10-22 11:10:29.754 [info] > git rev-parse --show-toplevel [143ms]
2024-10-22 11:10:29.754 [info] fatal: not a git repository (or any of the parent directories): .git
2024-10-22 11:10:31.322 [info] > git rev-parse --show-toplevel [1563ms]
2024-10-22 11:10:31.666 [info] > git rev-parse --git-dir --git-common-dir [320ms]
2024-10-22 11:10:31.681 [info] [Model][openRepository] Opened repository: /home/kit214/php_web_scraper
2024-10-22 11:10:31.715 [info] > git config --get commit.template [24ms]
2024-10-22 11:10:31.746 [info] > git rev-parse --show-toplevel [27ms]
2024-10-22 11:10:31.746 [info] fatal: not a git repository (or any of the parent directories): .git
2024-10-22 11:10:31.747 [info] > git for-each-ref --format=%(refname)%00%(upstream:short)%00%(objectname)%00%(upstream:track)%00%(upstream:remotename)%00%(upstream:remoteref) refs/heads/master refs/remotes/master [45ms]
2024-10-22 11:10:31.758 [warning] [Git][revParse] Unable to read file: ENOENT: no such file or directory, open '/home/kit214/php_web_scraper/.git/refs/remotes/origin/master'
2024-10-22 11:10:31.759 [info] > git rev-parse --show-toplevel [7ms]
2024-10-22 11:10:31.759 [info] fatal: not a git repository (or any of the parent directories): .git
2024-10-22 11:10:31.890 [info] > git rev-parse refs/remotes/origin/master [132ms]
2024-10-22 11:10:31.998 [info] > git rev-parse --show-toplevel [233ms]
2024-10-22 11:10:31.998 [info] fatal: not a git repository (or any of the parent directories): .git
2024-10-22 11:10:32.050 [info] > git for-each-ref --sort -committerdate --format %(refname) %(objectname) %(*objectname) [148ms]
2024-10-22 11:10:32.073 [info] > git rev-parse --show-toplevel [48ms]
2024-10-22 11:10:32.073 [info] fatal: not a git repository (or any of the parent directories): .git
2024-10-22 11:10:32.114 [info] > git rev-parse --show-toplevel [5ms]
2024-10-22 11:10:32.114 [info] fatal: not a git repository (or any of the parent directories): .git
2024-10-22 11:10:32.511 [info] > git status -z -uall [615ms]
2024-10-22 11:10:32.531 [info] > git rev-parse --show-toplevel [402ms]
2024-10-22 11:10:32.531 [info] fatal: not a git repository (or any of the parent directories): .git
2024-10-22 11:10:32.542 [info] > git check-ignore -v -z --stdin [25ms]
2024-10-22 11:10:32.543 [info] > git for-each-ref --format=%(refname)%00%(upstream:short)%00%(objectname)%00%(upstream:track)%00%(upstream:remotename)%00%(upstream:remoteref) refs/heads/master refs/remotes/master [14ms]
2024-10-22 11:10:32.565 [info] > git rev-parse --show-toplevel [25ms]
2024-10-22 11:10:32.565 [info] > git config --get commit.template [30ms]
2024-10-22 11:10:32.587 [info] > git config --local branch.master.vscode-merge-base [40ms]
2024-10-22 11:10:32.599 [info] > git rev-parse --git-dir --git-common-dir [29ms]
2024-10-22 11:10:32.602 [info] [Model][openRepository] Opened repository: /home/kit214/.nvm
2024-10-22 11:10:32.611 [info] > git for-each-ref --format=%(refname)%00%(upstream:short)%00%(objectname)%00%(upstream:track)%00%(upstream:remotename)%00%(upstream:remoteref) refs/heads/master refs/remotes/master [16ms]
2024-10-22 11:10:32.611 [info] > git for-each-ref --format=%(refname)%00%(upstream:short)%00%(objectname)%00%(upstream:track)%00%(upstream:remotename)%00%(upstream:remoteref) refs/heads/origin/master refs/remotes/origin/master [20ms]
2024-10-22 11:10:32.712 [warning] [Git][revParse] Unable to read file: ENOENT: no such file or directory, open '/home/kit214/php_web_scraper/.git/refs/remotes/origin/master'
2024-10-22 11:10:32.782 [info] > git merge-base refs/heads/master refs/remotes/origin/master [167ms]
2024-10-22 11:10:32.787 [info] > git rev-parse --show-toplevel [177ms]
2024-10-22 11:10:32.787 [info] fatal: not a git repository (or any of the parent directories): .git
2024-10-22 11:10:32.788 [info] > git config --get commit.template [182ms]
2024-10-22 11:10:32.793 [info] > git rev-parse refs/remotes/origin/master [81ms]
2024-10-22 11:10:32.809 [info] > git rev-parse --show-toplevel [16ms]
2024-10-22 11:10:32.809 [info] fatal: not a git repository (or any of the parent directories): .git
2024-10-22 11:10:32.810 [info] > git diff --name-status -z --diff-filter=ADMR 2b38783eea968fa879315155461ab44f19fd1411...refs/remotes/origin/master [23ms]
2024-10-22 11:10:34.444 [info] > git for-each-ref --sort -committerdate --format %(refname) %(objectname) %(*objectname) [1643ms]
2024-10-22 11:10:34.462 [info] > git status -z -uall [1665ms]
2024-10-22 11:10:34.462 [info] > git check-ignore -v -z --stdin [12ms]
2024-10-22 11:10:34.463 [info] > git check-ignore -v -z --stdin [9ms]
2024-10-22 11:10:34.464 [info] > git rev-parse --show-toplevel [1648ms]
2024-10-22 11:10:34.464 [info] fatal: not a git repository (or any of the parent directories): .git
2024-10-22 11:10:34.467 [info] > git for-each-ref --format %(refname) %(objectname) %(*objectname) refs/tags [1659ms]
2024-10-22 11:10:34.484 [info] > git rev-parse --show-toplevel [4ms]
2024-10-22 11:10:34.484 [info] fatal: not a git repository (or any of the parent directories): .git
2024-10-22 11:10:34.594 [info] > git status -z -uall [123ms]
2024-10-22 11:10:34.596 [info] > git for-each-ref --sort -committerdate --format %(refname) %(objectname) %(*objectname) [121ms]
2024-10-22 11:10:34.606 [info] > git rev-parse --show-toplevel [17ms]
2024-10-22 11:10:34.606 [info] fatal: not a git repository (or any of the parent directories): .git
2024-10-22 11:10:34.617 [info] > git config --get commit.template [12ms]
2024-10-22 11:10:34.623 [info] > git rev-parse --show-toplevel [7ms]
2024-10-22 11:10:34.624 [info] fatal: not a git repository (or any of the parent directories): .git
2024-10-22 11:10:34.628 [info] [Model][doInitialScan] Initial repository scan completed - repositories (2), closed repositories (0), parent repositories (0), unsafe repositories (0)
2024-10-22 11:10:34.643 [info] > git show --textconv :guzzle_requests.php [9ms]
2024-10-22 11:10:34.643 [info] > git for-each-ref --format %(refname) %(objectname) %(*objectname) refs/tags [20ms]
2024-10-22 11:10:34.669 [info] > git ls-files --stage -- /home/kit214/php_web_scraper/guzzle_requests.php [30ms]
2024-10-22 11:10:34.683 [info] > git status -z -uall [23ms]
2024-10-22 11:10:34.683 [info] > git cat-file -s 8a87cd3973c7600b1f082c6b06f9508ee6ed99cd [4ms]
2024-10-22 11:10:34.684 [info] > git for-each-ref --sort -committerdate --format %(refname) %(objectname) %(*objectname) [17ms]
2024-10-22 11:13:39.347 [info] > git config --get commit.template [5ms]
2024-10-22 11:13:39.348 [info] > git for-each-ref --format=%(refname)%00%(upstream:short)%00%(objectname)%00%(upstream:track)%00%(upstream:remotename)%00%(upstream:remoteref) refs/heads/master refs/remotes/master [2ms]
2024-10-22 11:13:39.352 [warning] [Git][revParse] Unable to read file: ENOENT: no such file or directory, open '/home/kit214/php_web_scraper/.git/refs/remotes/origin/master'
2024-10-22 11:13:39.352 [info] > git rev-parse refs/remotes/origin/master [0ms]
2024-10-22 11:13:39.362 [info] > git for-each-ref --sort -committerdate --format %(refname) %(objectname) %(*objectname) [3ms]
2024-10-22 11:13:39.426 [info] > git status -z -uall [71ms]
2024-10-22 11:13:47.706 [info] > git config --get commit.template [5ms]
2024-10-22 11:13:47.706 [info] > git for-each-ref --format=%(refname)%00%(upstream:short)%00%(objectname)%00%(upstream:track)%00%(upstream:remotename)%00%(upstream:remoteref) refs/heads/master refs/remotes/master [2ms]
2024-10-22 11:13:47.709 [warning] [Git][revParse] Unable to read file: ENOENT: no such file or directory, open '/home/kit214/php_web_scraper/.git/refs/remotes/origin/master'
2024-10-22 11:13:47.710 [info] > git rev-parse refs/remotes/origin/master [1ms]
2024-10-22 11:13:47.720 [info] > git for-each-ref --sort -committerdate --format %(refname) %(objectname) %(*objectname) [3ms]
2024-10-22 11:13:47.782 [info] > git status -z -uall [69ms]
2024-10-22 11:13:52.794 [info] > git config --get commit.template [4ms]
2024-10-22 11:13:52.795 [info] > git for-each-ref --format=%(refname)%00%(upstream:short)%00%(objectname)%00%(upstream:track)%00%(upstream:remotename)%00%(upstream:remoteref) refs/heads/master refs/remotes/master [2ms]
2024-10-22 11:13:52.798 [warning] [Git][revParse] Unable to read file: ENOENT: no such file or directory, open '/home/kit214/php_web_scraper/.git/refs/remotes/origin/master'
2024-10-22 11:13:52.799 [info] > git rev-parse refs/remotes/origin/master [2ms]
2024-10-22 11:13:52.807 [info] > git for-each-ref --sort -committerdate --format %(refname) %(objectname) %(*objectname) [2ms]
2024-10-22 11:13:52.870 [info] > git status -z -uall [69ms]
2024-10-22 11:14:02.218 [info] > git config --get commit.template [4ms]
2024-10-22 11:14:02.218 [info] > git for-each-ref --format=%(refname)%00%(upstream:short)%00%(objectname)%00%(upstream:track)%00%(upstream:remotename)%00%(upstream:remoteref) refs/heads/master refs/remotes/master [2ms]
2024-10-22 11:14:02.222 [warning] [Git][revParse] Unable to read file: ENOENT: no such file or directory, open '/home/kit214/php_web_scraper/.git/refs/remotes/origin/master'
2024-10-22 11:14:02.223 [info] > git rev-parse refs/remotes/origin/master [1ms]
2024-10-22 11:14:02.232 [info] > git for-each-ref --sort -committerdate --format %(refname) %(objectname) %(*objectname) [3ms]
2024-10-22 11:14:02.296 [info] > git status -z -uall [70ms]
2024-10-22 11:17:54.830 [info] > git config --get commit.template [4ms]
2024-10-22 11:17:54.831 [info] > git for-each-ref --format=%(refname)%00%(upstream:short)%00%(objectname)%00%(upstream:track)%00%(upstream:remotename)%00%(upstream:remoteref) refs/heads/master refs/remotes/master [2ms]
2024-10-22 11:17:54.835 [warning] [Git][revParse] Unable to read file: ENOENT: no such file or directory, open '/home/kit214/php_web_scraper/.git/refs/remotes/origin/master'
2024-10-22 11:17:54.836 [info] > git rev-parse refs/remotes/origin/master [2ms]
2024-10-22 11:17:54.844 [info] > git for-each-ref --sort -committerdate --format %(refname) %(objectname) %(*objectname) [2ms]
2024-10-22 11:17:54.907 [info] > git status -z -uall [69ms]
2024-10-22 11:19:34.207 [info] > git config --get commit.template [5ms]
2024-10-22 11:19:34.208 [info] > git for-each-ref --format=%(refname)%00%(upstream:short)%00%(objectname)%00%(upstream:track)%00%(upstream:remotename)%00%(upstream:remoteref) refs/heads/master refs/remotes/master [2ms]
2024-10-22 11:19:34.210 [warning] [Git][revParse] Unable to read file: ENOENT: no such file or directory, open '/home/kit214/php_web_scraper/.git/refs/remotes/origin/master'
2024-10-22 11:19:34.211 [info] > git rev-parse refs/remotes/origin/master [1ms]
2024-10-22 11:19:34.221 [info] > git for-each-ref --sort -committerdate --format %(refname) %(objectname) %(*objectname) [2ms]
2024-10-22 11:19:34.283 [info] > git status -z -uall [69ms]
2024-10-22 11:20:59.656 [info] > git config --get commit.template [5ms]
2024-10-22 11:20:59.657 [info] > git for-each-ref --format=%(refname)%00%(upstream:short)%00%(objectname)%00%(upstream:track)%00%(upstream:remotename)%00%(upstream:remoteref) refs/heads/master refs/remotes/master [1ms]
2024-10-22 11:20:59.661 [warning] [Git][revParse] Unable to read file: ENOENT: no such file or directory, open '/home/kit214/php_web_scraper/.git/refs/remotes/origin/master'
2024-10-22 11:20:59.663 [info] > git rev-parse refs/remotes/origin/master [2ms]
2024-10-22 11:20:59.676 [info] > git for-each-ref --sort -committerdate --format %(refname) %(objectname) %(*objectname) [4ms]
2024-10-22 11:20:59.738 [info] > git status -z -uall [69ms]
2024-10-22 11:22:17.406 [info] > git config --get commit.template [2ms]
2024-10-22 11:22:17.410 [info] > git for-each-ref --format=%(refname)%00%(upstream:short)%00%(objectname)%00%(upstream:track)%00%(upstream:remotename)%00%(upstream:remoteref) refs/heads/master refs/remotes/master [1ms]
2024-10-22 11:22:17.413 [warning] [Git][revParse] Unable to read file: ENOENT: no such file or directory, open '/home/kit214/php_web_scraper/.git/refs/remotes/origin/master'
2024-10-22 11:22:17.414 [info] > git rev-parse refs/remotes/origin/master [1ms]
2024-10-22 11:22:17.423 [info] > git for-each-ref --sort -committerdate --format %(refname) %(objectname) %(*objectname) [2ms]
2024-10-22 11:22:17.487 [info] > git status -z -uall [70ms]
2024-10-22 11:22:58.515 [info] > git config --get commit.template [5ms]
2024-10-22 11:22:58.518 [info] > git for-each-ref --format=%(refname)%00%(upstream:short)%00%(objectname)%00%(upstream:track)%00%(upstream:remotename)%00%(upstream:remoteref) refs/heads/master refs/remotes/master [4ms]
2024-10-22 11:22:58.521 [warning] [Git][revParse] Unable to read file: ENOENT: no such file or directory, open '/home/kit214/php_web_scraper/.git/refs/remotes/origin/master'
2024-10-22 11:22:58.523 [info] > git rev-parse refs/remotes/origin/master [2ms]
2024-10-22 11:22:58.533 [info] > git for-each-ref --sort -committerdate --format %(refname) %(objectname) %(*objectname) [2ms]
2024-10-22 11:22:58.603 [info] > git status -z -uall [77ms]
2024-10-22 11:23:05.018 [info] > git config --get commit.template [4ms]
2024-10-22 11:23:05.019 [info] > git for-each-ref --format=%(refname)%00%(upstream:short)%00%(objectname)%00%(upstream:track)%00%(upstream:remotename)%00%(upstream:remoteref) refs/heads/master refs/remotes/master [2ms]
2024-10-22 11:23:05.022 [warning] [Git][revParse] Unable to read file: ENOENT: no such file or directory, open '/home/kit214/php_web_scraper/.git/refs/remotes/origin/master'
2024-10-22 11:23:05.023 [info] > git rev-parse refs/remotes/origin/master [2ms]
2024-10-22 11:23:05.034 [info] > git for-each-ref --sort -committerdate --format %(refname) %(objectname) %(*objectname) [4ms]
2024-10-22 11:23:05.096 [info] > git status -z -uall [71ms]
2024-10-22 11:23:10.107 [info] > git config --get commit.template [4ms]
2024-10-22 11:23:10.108 [info] > git for-each-ref --format=%(refname)%00%(upstream:short)%00%(objectname)%00%(upstream:track)%00%(upstream:remotename)%00%(upstream:remoteref) refs/heads/master refs/remotes/master [1ms]
2024-10-22 11:23:10.111 [warning] [Git][revParse] Unable to read file: ENOENT: no such file or directory, open '/home/kit214/php_web_scraper/.git/refs/remotes/origin/master'
2024-10-22 11:23:10.112 [info] > git rev-parse refs/remotes/origin/master [1ms]
2024-10-22 11:23:10.122 [info] > git for-each-ref --sort -committerdate --format %(refname) %(objectname) %(*objectname) [4ms]
2024-10-22 11:23:10.184 [info] > git status -z -uall [69ms]
2024-10-22 11:23:55.722 [info] > git config --get commit.template [4ms]
2024-10-22 11:23:55.723 [info] > git for-each-ref --format=%(refname)%00%(upstream:short)%00%(objectname)%00%(upstream:track)%00%(upstream:remotename)%00%(upstream:remoteref) refs/heads/master refs/remotes/master [1ms]
2024-10-22 11:23:55.729 [warning] [Git][revParse] Unable to read file: ENOENT: no such file or directory, open '/home/kit214/php_web_scraper/.git/refs/remotes/origin/master'
2024-10-22 11:23:55.729 [info] > git rev-parse refs/remotes/origin/master [1ms]
2024-10-22 11:23:55.740 [info] > git for-each-ref --sort -committerdate --format %(refname) %(objectname) %(*objectname) [2ms]
2024-10-22 11:23:55.803 [info] > git status -z -uall [69ms]
2024-10-22 11:24:08.216 [info] > git config --get commit.template [4ms]
2024-10-22 11:24:08.217 [info] > git for-each-ref --format=%(refname)%00%(upstream:short)%00%(objectname)%00%(upstream:track)%00%(upstream:remotename)%00%(upstream:remoteref) refs/heads/master refs/remotes/master [2ms]
2024-10-22 11:24:08.220 [warning] [Git][revParse] Unable to read file: ENOENT: no such file or directory, open '/home/kit214/php_web_scraper/.git/refs/remotes/origin/master'
2024-10-22 11:24:08.221 [info] > git rev-parse refs/remotes/origin/master [1ms]
2024-10-22 11:24:08.230 [info] > git for-each-ref --sort -committerdate --format %(refname) %(objectname) %(*objectname) [4ms]
2024-10-22 11:24:08.292 [info] > git status -z -uall [69ms]
2024-10-22 11:24:35.581 [info] > git config --get commit.template [7ms]
2024-10-22 11:24:35.584 [info] > git for-each-ref --format=%(refname)%00%(upstream:short)%00%(objectname)%00%(upstream:track)%00%(upstream:remotename)%00%(upstream:remoteref) refs/heads/master refs/remotes/master [2ms]
2024-10-22 11:24:35.587 [warning] [Git][revParse] Unable to read file: ENOENT: no such file or directory, open '/home/kit214/php_web_scraper/.git/refs/remotes/origin/master'
2024-10-22 11:24:35.589 [info] > git rev-parse refs/remotes/origin/master [2ms]
2024-10-22 11:24:35.598 [info] > git for-each-ref --sort -committerdate --format %(refname) %(objectname) %(*objectname) [3ms]
2024-10-22 11:24:35.667 [info] > git status -z -uall [75ms]
2024-10-22 11:24:40.678 [info] > git for-each-ref --format=%(refname)%00%(upstream:short)%00%(objectname)%00%(upstream:track)%00%(upstream:remotename)%00%(upstream:remoteref) refs/heads/master refs/remotes/master [2ms]
2024-10-22 11:24:40.679 [info] > git config --get commit.template [6ms]
2024-10-22 11:24:40.681 [warning] [Git][revParse] Unable to read file: ENOENT: no such file or directory, open '/home/kit214/php_web_scraper/.git/refs/remotes/origin/master'
2024-10-22 11:24:40.682 [info] > git rev-parse refs/remotes/origin/master [1ms]
2024-10-22 11:24:40.692 [info] > git for-each-ref --sort -committerdate --format %(refname) %(objectname) %(*objectname) [2ms]
2024-10-22 11:24:40.756 [info] > git status -z -uall [69ms]
2024-10-22 11:25:08.182 [info] > git config --get commit.template [4ms]
2024-10-22 11:25:08.183 [info] > git for-each-ref --format=%(refname)%00%(upstream:short)%00%(objectname)%00%(upstream:track)%00%(upstream:remotename)%00%(upstream:remoteref) refs/heads/master refs/remotes/master [1ms]
2024-10-22 11:25:08.186 [warning] [Git][revParse] Unable to read file: ENOENT: no such file or directory, open '/home/kit214/php_web_scraper/.git/refs/remotes/origin/master'
2024-10-22 11:25:08.187 [info] > git rev-parse refs/remotes/origin/master [1ms]
2024-10-22 11:25:08.195 [info] > git for-each-ref --sort -committerdate --format %(refname) %(objectname) %(*objectname) [2ms]
2024-10-22 11:25:08.258 [info] > git status -z -uall [68ms]
2024-10-22 11:29:27.137 [info] > git config --get commit.template [6ms]
2024-10-22 11:29:27.139 [info] > git for-each-ref --format=%(refname)%00%(upstream:short)%00%(objectname)%00%(upstream:track)%00%(upstream:remotename)%00%(upstream:remoteref) refs/heads/master refs/remotes/master [3ms]
2024-10-22 11:29:27.144 [warning] [Git][revParse] Unable to read file: ENOENT: no such file or directory, open '/home/kit214/php_web_scraper/.git/refs/remotes/origin/master'
2024-10-22 11:29:27.144 [info] > git rev-parse refs/remotes/origin/master [0ms]
2024-10-22 11:29:27.162 [info] > git for-each-ref --sort -committerdate --format %(refname) %(objectname) %(*objectname) [9ms]
2024-10-22 11:29:27.225 [info] > git status -z -uall [77ms]
2024-10-22 11:30:30.666 [info] > git config --get commit.template [4ms]
2024-10-22 11:30:30.668 [info] > git for-each-ref --format=%(refname)%00%(upstream:short)%00%(objectname)%00%(upstream:track)%00%(upstream:remotename)%00%(upstream:remoteref) refs/heads/master refs/remotes/master [2ms]
2024-10-22 11:30:30.671 [warning] [Git][revParse] Unable to read file: ENOENT: no such file or directory, open '/home/kit214/php_web_scraper/.git/refs/remotes/origin/master'
2024-10-22 11:30:30.672 [info] > git rev-parse refs/remotes/origin/master [2ms]
2024-10-22 11:30:30.681 [info] > git for-each-ref --sort -committerdate --format %(refname) %(objectname) %(*objectname) [3ms]
2024-10-22 11:30:30.744 [info] > git status -z -uall [70ms]
2024-10-22 11:30:36.784 [info] > git config --get commit.template [6ms]
2024-10-22 11:30:36.784 [info] > git for-each-ref --format=%(refname)%00%(upstream:short)%00%(objectname)%00%(upstream:track)%00%(upstream:remotename)%00%(upstream:remoteref) refs/heads/master refs/remotes/master [1ms]
2024-10-22 11:30:36.787 [warning] [Git][revParse] Unable to read file: ENOENT: no such file or directory, open '/home/kit214/php_web_scraper/.git/refs/remotes/origin/master'
2024-10-22 11:30:36.793 [info] > git rev-parse refs/remotes/origin/master [6ms]
2024-10-22 11:30:36.808 [info] > git for-each-ref --sort -committerdate --format %(refname) %(objectname) %(*objectname) [3ms]
2024-10-22 11:30:36.873 [info] > git status -z -uall [75ms]
2024-10-22 11:30:45.490 [info] > git config --get commit.template [2ms]
2024-10-22 11:30:45.495 [info] > git for-each-ref --format=%(refname)%00%(upstream:short)%00%(objectname)%00%(upstream:track)%00%(upstream:remotename)%00%(upstream:remoteref) refs/heads/master refs/remotes/master [2ms]
2024-10-22 11:30:45.497 [warning] [Git][revParse] Unable to read file: ENOENT: no such file or directory, open '/home/kit214/php_web_scraper/.git/refs/remotes/origin/master'
2024-10-22 11:30:45.498 [info] > git rev-parse refs/remotes/origin/master [1ms]
2024-10-22 11:30:45.508 [info] > git for-each-ref --sort -committerdate --format %(refname) %(objectname) %(*objectname) [3ms]
2024-10-22 11:30:45.571 [info] > git status -z -uall [68ms]
2024-10-22 11:31:09.319 [info] > git for-each-ref --format=%(refname)%00%(upstream:short)%00%(objectname)%00%(upstream:track)%00%(upstream:remotename)%00%(upstream:remoteref) refs/heads/master refs/remotes/master [2ms]
2024-10-22 11:31:09.320 [info] > git config --get commit.template [7ms]
2024-10-22 11:31:09.323 [warning] [Git][revParse] Unable to read file: ENOENT: no such file or directory, open '/home/kit214/php_web_scraper/.git/refs/remotes/origin/master'
2024-10-22 11:31:09.324 [info] > git rev-parse refs/remotes/origin/master [2ms]
2024-10-22 11:31:09.333 [info] > git for-each-ref --sort -committerdate --format %(refname) %(objectname) %(*objectname) [3ms]
2024-10-22 11:31:09.395 [info] > git status -z -uall [69ms]
2024-10-22 11:31:30.242 [info] > git config --get commit.template [2ms]
2024-10-22 11:31:30.246 [info] > git for-each-ref --format=%(refname)%00%(upstream:short)%00%(objectname)%00%(upstream:track)%00%(upstream:remotename)%00%(upstream:remoteref) refs/heads/master refs/remotes/master [1ms]
2024-10-22 11:31:30.249 [warning] [Git][revParse] Unable to read file: ENOENT: no such file or directory, open '/home/kit214/php_web_scraper/.git/refs/remotes/origin/master'
2024-10-22 11:31:30.250 [info] > git rev-parse refs/remotes/origin/master [1ms]
2024-10-22 11:31:30.259 [info] > git for-each-ref --sort -committerdate --format %(refname) %(objectname) %(*objectname) [2ms]
2024-10-22 11:31:30.324 [info] > git status -z -uall [71ms]
2024-10-22 11:31:30.672 [info] > git rev-parse --show-toplevel [6ms]
2024-10-22 11:31:30.672 [info] fatal: not a git repository (or any of the parent directories): .git
2024-10-22 11:33:34.883 [info] > git show --textconv :guzzle_requests.php [6ms]
2024-10-22 11:33:34.884 [info] > git ls-files --stage -- /home/kit214/php_web_scraper/guzzle_requests.php [2ms]
2024-10-22 11:33:34.888 [info] > git cat-file -s 8a87cd3973c7600b1f082c6b06f9508ee6ed99cd [1ms]
2024-10-22 11:33:54.201 [info] > git rev-parse --show-toplevel [2ms]
2024-10-22 11:33:54.201 [info] fatal: not a git repository (or any of the parent directories): .git
2024-10-22 11:34:52.788 [info] > git show --textconv :guzzle_requests.php [7ms]
2024-10-22 11:34:52.789 [info] > git ls-files --stage -- /home/kit214/php_web_scraper/guzzle_requests.php [3ms]
2024-10-22 11:34:52.794 [info] > git cat-file -s 8a87cd3973c7600b1f082c6b06f9508ee6ed99cd [1ms]
2024-10-22 11:35:03.850 [info] > git config --get commit.template [11ms]
2024-10-22 11:35:03.851 [info] > git for-each-ref --format=%(refname)%00%(upstream:short)%00%(objectname)%00%(upstream:track)%00%(upstream:remotename)%00%(upstream:remoteref) refs/heads/master refs/remotes/master [6ms]
2024-10-22 11:35:03.859 [warning] [Git][revParse] Unable to read file: ENOENT: no such file or directory, open '/home/kit214/php_web_scraper/.git/refs/remotes/origin/master'
2024-10-22 11:35:03.863 [info] > git rev-parse refs/remotes/origin/master [5ms]
2024-10-22 11:35:03.879 [info] > git for-each-ref --sort -committerdate --format %(refname) %(objectname) %(*objectname) [3ms]
2024-10-22 11:35:03.941 [info] > git status -z -uall [72ms]
2024-10-22 11:35:13.199 [info] > git config --get commit.template [6ms]
2024-10-22 11:35:13.200 [info] > git for-each-ref --format=%(refname)%00%(upstream:short)%00%(objectname)%00%(upstream:track)%00%(upstream:remotename)%00%(upstream:remoteref) refs/heads/master refs/remotes/master [2ms]
2024-10-22 11:35:13.203 [warning] [Git][revParse] Unable to read file: ENOENT: no such file or directory, open '/home/kit214/php_web_scraper/.git/refs/remotes/origin/master'
2024-10-22 11:35:13.204 [info] > git rev-parse refs/remotes/origin/master [1ms]
2024-10-22 11:35:13.214 [info] > git for-each-ref --sort -committerdate --format %(refname) %(objectname) %(*objectname) [2ms]
2024-10-22 11:35:13.277 [info] > git status -z -uall [69ms]
2024-10-22 11:35:39.971 [info] > git config --get commit.template [7ms]
2024-10-22 11:35:39.972 [info] > git for-each-ref --format=%(refname)%00%(upstream:short)%00%(objectname)%00%(upstream:track)%00%(upstream:remotename)%00%(upstream:remoteref) refs/heads/master refs/remotes/master [2ms]
2024-10-22 11:35:39.976 [warning] [Git][revParse] Unable to read file: ENOENT: no such file or directory, open '/home/kit214/php_web_scraper/.git/refs/remotes/origin/master'
2024-10-22 11:35:39.977 [info] > git rev-parse refs/remotes/origin/master [2ms]
2024-10-22 11:35:39.997 [info] > git for-each-ref --sort -committerdate --format %(refname) %(objectname) %(*objectname) [12ms]
2024-10-22 11:35:40.056 [info] > git status -z -uall [76ms]
2024-10-22 11:35:46.901 [info] > git config --get commit.template [5ms]
2024-10-22 11:35:46.902 [info] > git for-each-ref --format=%(refname)%00%(upstream:short)%00%(objectname)%00%(upstream:track)%00%(upstream:remotename)%00%(upstream:remoteref) refs/heads/master refs/remotes/master [1ms]
2024-10-22 11:35:46.906 [warning] [Git][revParse] Unable to read file: ENOENT: no such file or directory, open '/home/kit214/php_web_scraper/.git/refs/remotes/origin/master'
2024-10-22 11:35:46.907 [info] > git rev-parse refs/remotes/origin/master [1ms]
2024-10-22 11:35:46.920 [info] > git for-each-ref --sort -committerdate --format %(refname) %(objectname) %(*objectname) [4ms]
2024-10-22 11:35:46.982 [info] > git status -z -uall [71ms]
2024-10-22 11:35:51.997 [info] > git config --get commit.template [5ms]
2024-10-22 11:35:51.998 [info] > git for-each-ref --format=%(refname)%00%(upstream:short)%00%(objectname)%00%(upstream:track)%00%(upstream:remotename)%00%(upstream:remoteref) refs/heads/master refs/remotes/master [1ms]
2024-10-22 11:35:52.002 [warning] [Git][revParse] Unable to read file: ENOENT: no such file or directory, open '/home/kit214/php_web_scraper/.git/refs/remotes/origin/master'
2024-10-22 11:35:52.003 [info] > git rev-parse refs/remotes/origin/master [1ms]
2024-10-22 11:35:52.013 [info] > git for-each-ref --sort -committerdate --format %(refname) %(objectname) %(*objectname) [2ms]
2024-10-22 11:35:52.076 [info] > git status -z -uall [70ms]
2024-10-22 11:36:07.752 [info] > git config --get commit.template [6ms]
2024-10-22 11:36:07.753 [info] > git for-each-ref --format=%(refname)%00%(upstream:short)%00%(objectname)%00%(upstream:track)%00%(upstream:remotename)%00%(upstream:remoteref) refs/heads/master refs/remotes/master [2ms]
2024-10-22 11:36:07.757 [warning] [Git][revParse] Unable to read file: ENOENT: no such file or directory, open '/home/kit214/php_web_scraper/.git/refs/remotes/origin/master'
2024-10-22 11:36:07.758 [info] > git rev-parse refs/remotes/origin/master [1ms]
2024-10-22 11:36:07.769 [info] > git for-each-ref --sort -committerdate --format %(refname) %(objectname) %(*objectname) [3ms]
2024-10-22 11:36:07.832 [info] > git status -z -uall [71ms]
2024-10-22 11:36:12.847 [info] > git config --get commit.template [6ms]
2024-10-22 11:36:12.848 [info] > git for-each-ref --format=%(refname)%00%(upstream:short)%00%(objectname)%00%(upstream:track)%00%(upstream:remotename)%00%(upstream:remoteref) refs/heads/master refs/remotes/master [2ms]
2024-10-22 11:36:12.851 [warning] [Git][revParse] Unable to read file: ENOENT: no such file or directory, open '/home/kit214/php_web_scraper/.git/refs/remotes/origin/master'
2024-10-22 11:36:12.852 [info] > git rev-parse refs/remotes/origin/master [1ms]
2024-10-22 11:36:12.863 [info] > git for-each-ref --sort -committerdate --format %(refname) %(objectname) %(*objectname) [2ms]
2024-10-22 11:36:12.925 [info] > git status -z -uall [69ms]
2024-10-22 11:36:17.939 [info] > git config --get commit.template [5ms]
2024-10-22 11:36:17.940 [info] > git for-each-ref --format=%(refname)%00%(upstream:short)%00%(objectname)%00%(upstream:track)%00%(upstream:remotename)%00%(upstream:remoteref) refs/heads/master refs/remotes/master [2ms]
2024-10-22 11:36:17.943 [warning] [Git][revParse] Unable to read file: ENOENT: no such file or directory, open '/home/kit214/php_web_scraper/.git/refs/remotes/origin/master'
2024-10-22 11:36:17.944 [info] > git rev-parse refs/remotes/origin/master [1ms]
2024-10-22 11:36:17.955 [info] > git for-each-ref --sort -committerdate --format %(refname) %(objectname) %(*objectname) [2ms]
2024-10-22 11:36:18.018 [info] > git status -z -uall [70ms]
2024-10-22 11:36:30.006 [info] > git config --get commit.template [6ms]
2024-10-22 11:36:30.007 [info] > git for-each-ref --format=%(refname)%00%(upstream:short)%00%(objectname)%00%(upstream:track)%00%(upstream:remotename)%00%(upstream:remoteref) refs/heads/master refs/remotes/master [2ms]
2024-10-22 11:36:30.011 [warning] [Git][revParse] Unable to read file: ENOENT: no such file or directory, open '/home/kit214/php_web_scraper/.git/refs/remotes/origin/master'
2024-10-22 11:36:30.012 [info] > git rev-parse refs/remotes/origin/master [1ms]
2024-10-22 11:36:30.025 [info] > git for-each-ref --sort -committerdate --format %(refname) %(objectname) %(*objectname) [4ms]
2024-10-22 11:36:30.087 [info] > git status -z -uall [71ms]
2024-10-22 11:36:35.102 [info] > git config --get commit.template [6ms]
2024-10-22 11:36:35.103 [info] > git for-each-ref --format=%(refname)%00%(upstream:short)%00%(objectname)%00%(upstream:track)%00%(upstream:remotename)%00%(upstream:remoteref) refs/heads/master refs/remotes/master [2ms]
2024-10-22 11:36:35.106 [warning] [Git][revParse] Unable to read file: ENOENT: no such file or directory, open '/home/kit214/php_web_scraper/.git/refs/remotes/origin/master'
2024-10-22 11:36:35.107 [info] > git rev-parse refs/remotes/origin/master [1ms]
2024-10-22 11:36:35.118 [info] > git for-each-ref --sort -committerdate --format %(refname) %(objectname) %(*objectname) [3ms]
2024-10-22 11:36:35.180 [info] > git status -z -uall [70ms]
2024-10-22 11:36:41.016 [info] > git config --get commit.template [2ms]
2024-10-22 11:36:41.022 [info] > git for-each-ref --format=%(refname)%00%(upstream:short)%00%(objectname)%00%(upstream:track)%00%(upstream:remotename)%00%(upstream:remoteref) refs/heads/master refs/remotes/master [1ms]
2024-10-22 11:36:41.026 [warning] [Git][revParse] Unable to read file: ENOENT: no such file or directory, open '/home/kit214/php_web_scraper/.git/refs/remotes/origin/master'
2024-10-22 11:36:41.027 [info] > git rev-parse refs/remotes/origin/master [1ms]
2024-10-22 11:36:41.038 [info] > git for-each-ref --sort -committerdate --format %(refname) %(objectname) %(*objectname) [2ms]
2024-10-22 11:36:41.100 [info] > git status -z -uall [69ms]
2024-10-22 11:36:46.115 [info] > git config --get commit.template [5ms]
2024-10-22 11:36:46.116 [info] > git for-each-ref --format=%(refname)%00%(upstream:short)%00%(objectname)%00%(upstream:track)%00%(upstream:remotename)%00%(upstream:remoteref) refs/heads/master refs/remotes/master [2ms]
2024-10-22 11:36:46.121 [warning] [Git][revParse] Unable to read file: ENOENT: no such file or directory, open '/home/kit214/php_web_scraper/.git/refs/remotes/origin/master'
2024-10-22 11:36:46.121 [info] > git rev-parse refs/remotes/origin/master [0ms]
2024-10-22 11:36:46.132 [info] > git for-each-ref --sort -committerdate --format %(refname) %(objectname) %(*objectname) [2ms]
2024-10-22 11:36:46.194 [info] > git status -z -uall [69ms]
2024-10-22 11:36:55.243 [info] > git rev-parse --show-toplevel [3ms]
2024-10-22 11:36:55.244 [info] fatal: not a git repository (or any of the parent directories): .git
2024-10-22 11:50:15.122 [info] > git show --textconv :guzzle_requests.php [7ms]
2024-10-22 11:50:15.123 [info] > git ls-files --stage -- /home/kit214/php_web_scraper/guzzle_requests.php [4ms]
2024-10-22 11:50:15.127 [info] > git cat-file -s 8a87cd3973c7600b1f082c6b06f9508ee6ed99cd [1ms]
2024-10-22 11:52:43.584 [info] > git config --get commit.template [5ms]
2024-10-22 11:52:43.585 [info] > git for-each-ref --format=%(refname)%00%(upstream:short)%00%(objectname)%00%(upstream:track)%00%(upstream:remotename)%00%(upstream:remoteref) refs/heads/master refs/remotes/master [2ms]
2024-10-22 11:52:43.588 [warning] [Git][revParse] Unable to read file: ENOENT: no such file or directory, open '/home/kit214/php_web_scraper/.git/refs/remotes/origin/master'
2024-10-22 11:52:43.589 [info] > git rev-parse refs/remotes/origin/master [1ms]
2024-10-22 11:52:43.600 [info] > git for-each-ref --sort -committerdate --format %(refname) %(objectname) %(*objectname) [2ms]
2024-10-22 11:52:43.663 [info] > git status -z -uall [70ms]
2024-10-22 11:53:23.085 [info] > git config --get commit.template [2ms]
2024-10-22 11:53:23.091 [info] > git for-each-ref --format=%(refname)%00%(upstream:short)%00%(objectname)%00%(upstream:track)%00%(upstream:remotename)%00%(upstream:remoteref) refs/heads/master refs/remotes/master [2ms]
2024-10-22 11:53:23.095 [warning] [Git][revParse] Unable to read file: ENOENT: no such file or directory, open '/home/kit214/php_web_scraper/.git/refs/remotes/origin/master'
2024-10-22 11:53:23.096 [info] > git rev-parse refs/remotes/origin/master [1ms]
2024-10-22 11:53:23.107 [info] > git for-each-ref --sort -committerdate --format %(refname) %(objectname) %(*objectname) [3ms]
2024-10-22 11:53:23.169 [info] > git status -z -uall [69ms]
2024-10-22 11:54:13.998 [info] > git config --get commit.template [2ms]
2024-10-22 11:54:14.004 [info] > git for-each-ref --format=%(refname)%00%(upstream:short)%00%(objectname)%00%(upstream:track)%00%(upstream:remotename)%00%(upstream:remoteref) refs/heads/master refs/remotes/master [2ms]
2024-10-22 11:54:14.008 [warning] [Git][revParse] Unable to read file: ENOENT: no such file or directory, open '/home/kit214/php_web_scraper/.git/refs/remotes/origin/master'
2024-10-22 11:54:14.009 [info] > git rev-parse refs/remotes/origin/master [1ms]
2024-10-22 11:54:14.020 [info] > git for-each-ref --sort -committerdate --format %(refname) %(objectname) %(*objectname) [3ms]
2024-10-22 11:54:14.082 [info] > git status -z -uall [70ms]
2024-10-22 11:54:19.097 [info] > git config --get commit.template [6ms]
2024-10-22 11:54:19.098 [info] > git for-each-ref --format=%(refname)%00%(upstream:short)%00%(objectname)%00%(upstream:track)%00%(upstream:remotename)%00%(upstream:remoteref) refs/heads/master refs/remotes/master [2ms]
2024-10-22 11:54:19.101 [warning] [Git][revParse] Unable to read file: ENOENT: no such file or directory, open '/home/kit214/php_web_scraper/.git/refs/remotes/origin/master'
2024-10-22 11:54:19.102 [info] > git rev-parse refs/remotes/origin/master [1ms]
2024-10-22 11:54:19.114 [info] > git for-each-ref --sort -committerdate --format %(refname) %(objectname) %(*objectname) [4ms]
2024-10-22 11:54:19.176 [info] > git status -z -uall [70ms]
2024-10-22 11:54:27.265 [info] > git config --get commit.template [5ms]
2024-10-22 11:54:27.266 [info] > git for-each-ref --format=%(refname)%00%(upstream:short)%00%(objectname)%00%(upstream:track)%00%(upstream:remotename)%00%(upstream:remoteref) refs/heads/master refs/remotes/master [1ms]
2024-10-22 11:54:27.270 [warning] [Git][revParse] Unable to read file: ENOENT: no such file or directory, open '/home/kit214/php_web_scraper/.git/refs/remotes/origin/master'
2024-10-22 11:54:27.271 [info] > git rev-parse refs/remotes/origin/master [1ms]
2024-10-22 11:54:27.281 [info] > git for-each-ref --sort -committerdate --format %(refname) %(objectname) %(*objectname) [2ms]
2024-10-22 11:54:27.344 [info] > git status -z -uall [70ms]
2024-10-22 11:54:32.359 [info] > git config --get commit.template [5ms]
2024-10-22 11:54:32.360 [info] > git for-each-ref --format=%(refname)%00%(upstream:short)%00%(objectname)%00%(upstream:track)%00%(upstream:remotename)%00%(upstream:remoteref) refs/heads/master refs/remotes/master [1ms]
2024-10-22 11:54:32.364 [warning] [Git][revParse] Unable to read file: ENOENT: no such file or directory, open '/home/kit214/php_web_scraper/.git/refs/remotes/origin/master'
2024-10-22 11:54:32.366 [info] > git rev-parse refs/remotes/origin/master [2ms]
2024-10-22 11:54:32.376 [info] > git for-each-ref --sort -committerdate --format %(refname) %(objectname) %(*objectname) [2ms]
2024-10-22 11:54:32.439 [info] > git status -z -uall [70ms]
2024-10-22 11:54:37.452 [info] > git config --get commit.template [5ms]
2024-10-22 11:54:37.453 [info] > git for-each-ref --format=%(refname)%00%(upstream:short)%00%(objectname)%00%(upstream:track)%00%(upstream:remotename)%00%(upstream:remoteref) refs/heads/master refs/remotes/master [2ms]
2024-10-22 11:54:37.456 [warning] [Git][revParse] Unable to read file: ENOENT: no such file or directory, open '/home/kit214/php_web_scraper/.git/refs/remotes/origin/master'
2024-10-22 11:54:37.457 [info] > git rev-parse refs/remotes/origin/master [1ms]
2024-10-22 11:54:37.469 [info] > git for-each-ref --sort -committerdate --format %(refname) %(objectname) %(*objectname) [5ms]
2024-10-22 11:54:37.531 [info] > git status -z -uall [71ms]
2024-10-22 11:54:42.545 [info] > git config --get commit.template [5ms]
2024-10-22 11:54:42.545 [info] > git for-each-ref --format=%(refname)%00%(upstream:short)%00%(objectname)%00%(upstream:track)%00%(upstream:remotename)%00%(upstream:remoteref) refs/heads/master refs/remotes/master [1ms]
2024-10-22 11:54:42.549 [warning] [Git][revParse] Unable to read file: ENOENT: no such file or directory, open '/home/kit214/php_web_scraper/.git/refs/remotes/origin/master'
2024-10-22 11:54:42.550 [info] > git rev-parse refs/remotes/origin/master [1ms]
2024-10-22 11:54:42.560 [info] > git for-each-ref --sort -committerdate --format %(refname) %(objectname) %(*objectname) [2ms]
2024-10-22 11:54:42.623 [info] > git status -z -uall [70ms]
2024-10-22 11:55:31.664 [info] > git config --get commit.template [3ms]
2024-10-22 11:55:31.671 [info] > git for-each-ref --format=%(refname)%00%(upstream:short)%00%(objectname)%00%(upstream:track)%00%(upstream:remotename)%00%(upstream:remoteref) refs/heads/master refs/remotes/master [3ms]
2024-10-22 11:55:31.674 [warning] [Git][revParse] Unable to read file: ENOENT: no such file or directory, open '/home/kit214/php_web_scraper/.git/refs/remotes/origin/master'
2024-10-22 11:55:31.675 [info] > git rev-parse refs/remotes/origin/master [1ms]
2024-10-22 11:55:31.685 [info] > git for-each-ref --sort -committerdate --format %(refname) %(objectname) %(*objectname) [2ms]
2024-10-22 11:55:31.747 [info] > git status -z -uall [69ms]
2024-10-22 11:55:37.585 [info] > git config --get commit.template [3ms]
2024-10-22 11:55:37.591 [info] > git for-each-ref --format=%(refname)%00%(upstream:short)%00%(objectname)%00%(upstream:track)%00%(upstream:remotename)%00%(upstream:remoteref) refs/heads/master refs/remotes/master [1ms]
2024-10-22 11:55:37.594 [warning] [Git][revParse] Unable to read file: ENOENT: no such file or directory, open '/home/kit214/php_web_scraper/.git/refs/remotes/origin/master'
2024-10-22 11:55:37.595 [info] > git rev-parse refs/remotes/origin/master [1ms]
2024-10-22 11:55:37.608 [info] > git for-each-ref --sort -committerdate --format %(refname) %(objectname) %(*objectname) [5ms]
2024-10-22 11:55:37.671 [info] > git status -z -uall [72ms]
2024-10-22 11:55:42.685 [info] > git config --get commit.template [6ms]
2024-10-22 11:55:42.686 [info] > git for-each-ref --format=%(refname)%00%(upstream:short)%00%(objectname)%00%(upstream:track)%00%(upstream:remotename)%00%(upstream:remoteref) refs/heads/master refs/remotes/master [1ms]
2024-10-22 11:55:42.690 [warning] [Git][revParse] Unable to read file: ENOENT: no such file or directory, open '/home/kit214/php_web_scraper/.git/refs/remotes/origin/master'
2024-10-22 11:55:42.691 [info] > git rev-parse refs/remotes/origin/master [1ms]
2024-10-22 11:55:42.703 [info] > git for-each-ref --sort -committerdate --format %(refname) %(objectname) %(*objectname) [3ms]
2024-10-22 11:55:42.764 [info] > git status -z -uall [69ms]
2024-10-22 11:55:50.196 [info] > git config --get commit.template [6ms]
2024-10-22 11:55:50.196 [info] > git for-each-ref --format=%(refname)%00%(upstream:short)%00%(objectname)%00%(upstream:track)%00%(upstream:remotename)%00%(upstream:remoteref) refs/heads/master refs/remotes/master [1ms]
2024-10-22 11:55:50.203 [warning] [Git][revParse] Unable to read file: ENOENT: no such file or directory, open '/home/kit214/php_web_scraper/.git/refs/remotes/origin/master'
2024-10-22 11:55:50.205 [info] > git rev-parse refs/remotes/origin/master [2ms]
2024-10-22 11:55:50.223 [info] > git for-each-ref --sort -committerdate --format %(refname) %(objectname) %(*objectname) [8ms]
2024-10-22 11:55:50.282 [info] > git status -z -uall [72ms]
2024-10-22 11:55:55.295 [info] > git config --get commit.template [5ms]
2024-10-22 11:55:55.297 [info] > git for-each-ref --format=%(refname)%00%(upstream:short)%00%(objectname)%00%(upstream:track)%00%(upstream:remotename)%00%(upstream:remoteref) refs/heads/master refs/remotes/master [3ms]
2024-10-22 11:55:55.303 [warning] [Git][revParse] Unable to read file: ENOENT: no such file or directory, open '/home/kit214/php_web_scraper/.git/refs/remotes/origin/master'
2024-10-22 11:55:55.304 [info] > git rev-parse refs/remotes/origin/master [1ms]
2024-10-22 11:55:55.314 [info] > git for-each-ref --sort -committerdate --format %(refname) %(objectname) %(*objectname) [2ms]
2024-10-22 11:55:55.376 [info] > git status -z -uall [69ms]
2024-10-22 11:56:00.390 [info] > git config --get commit.template [5ms]
2024-10-22 11:56:00.391 [info] > git for-each-ref --format=%(refname)%00%(upstream:short)%00%(objectname)%00%(upstream:track)%00%(upstream:remotename)%00%(upstream:remoteref) refs/heads/master refs/remotes/master [2ms]
2024-10-22 11:56:00.394 [warning] [Git][revParse] Unable to read file: ENOENT: no such file or directory, open '/home/kit214/php_web_scraper/.git/refs/remotes/origin/master'
2024-10-22 11:56:00.396 [info] > git rev-parse refs/remotes/origin/master [2ms]
2024-10-22 11:56:00.405 [info] > git for-each-ref --sort -committerdate --format %(refname) %(objectname) %(*objectname) [2ms]
2024-10-22 11:56:00.470 [info] > git status -z -uall [71ms]
2024-10-22 11:56:23.996 [info] > git config --get commit.template [5ms]
2024-10-22 11:56:23.997 [info] > git for-each-ref --format=%(refname)%00%(upstream:short)%00%(objectname)%00%(upstream:track)%00%(upstream:remotename)%00%(upstream:remoteref) refs/heads/master refs/remotes/master [1ms]
2024-10-22 11:56:24.000 [warning] [Git][revParse] Unable to read file: ENOENT: no such file or directory, open '/home/kit214/php_web_scraper/.git/refs/remotes/origin/master'
2024-10-22 11:56:24.001 [info] > git rev-parse refs/remotes/origin/master [1ms]
2024-10-22 11:56:24.011 [info] > git for-each-ref --sort -committerdate --format %(refname) %(objectname) %(*objectname) [3ms]
2024-10-22 11:56:24.077 [info] > git status -z -uall [73ms]
2024-10-22 11:56:38.130 [info] > git config --get commit.template [7ms]
2024-10-22 11:56:38.130 [info] > git for-each-ref --format=%(refname)%00%(upstream:short)%00%(objectname)%00%(upstream:track)%00%(upstream:remotename)%00%(upstream:remoteref) refs/heads/master refs/remotes/master [3ms]
2024-10-22 11:56:38.134 [warning] [Git][revParse] Unable to read file: ENOENT: no such file or directory, open '/home/kit214/php_web_scraper/.git/refs/remotes/origin/master'
2024-10-22 11:56:38.135 [info] > git rev-parse refs/remotes/origin/master [1ms]
2024-10-22 11:56:38.147 [info] > git for-each-ref --sort -committerdate --format %(refname) %(objectname) %(*objectname) [2ms]
2024-10-22 11:56:38.210 [info] > git status -z -uall [70ms]
2024-10-22 11:56:43.224 [info] > git config --get commit.template [6ms]
2024-10-22 11:56:43.225 [info] > git for-each-ref --format=%(refname)%00%(upstream:short)%00%(objectname)%00%(upstream:track)%00%(upstream:remotename)%00%(upstream:remoteref) refs/heads/master refs/remotes/master [2ms]
2024-10-22 11:56:43.228 [warning] [Git][revParse] Unable to read file: ENOENT: no such file or directory, open '/home/kit214/php_web_scraper/.git/refs/remotes/origin/master'
2024-10-22 11:56:43.229 [info] > git rev-parse refs/remotes/origin/master [1ms]
2024-10-22 11:56:43.239 [info] > git for-each-ref --sort -committerdate --format %(refname) %(objectname) %(*objectname) [2ms]
2024-10-22 11:56:43.301 [info] > git status -z -uall [69ms]
2024-10-22 11:58:12.933 [info] > git config --get commit.template [7ms]
2024-10-22 11:58:12.933 [info] > git for-each-ref --format=%(refname)%00%(upstream:short)%00%(objectname)%00%(upstream:track)%00%(upstream:remotename)%00%(upstream:remoteref) refs/heads/master refs/remotes/master [1ms]
2024-10-22 11:58:12.937 [warning] [Git][revParse] Unable to read file: ENOENT: no such file or directory, open '/home/kit214/php_web_scraper/.git/refs/remotes/origin/master'
2024-10-22 11:58:12.938 [info] > git rev-parse refs/remotes/origin/master [1ms]
2024-10-22 11:58:12.950 [info] > git for-each-ref --sort -committerdate --format %(refname) %(objectname) %(*objectname) [2ms]
2024-10-22 11:58:13.011 [info] > git status -z -uall [68ms]
2024-10-22 11:58:28.546 [info] > git config --get commit.template [6ms]
2024-10-22 11:58:28.547 [info] > git for-each-ref --format=%(refname)%00%(upstream:short)%00%(objectname)%00%(upstream:track)%00%(upstream:remotename)%00%(upstream:remoteref) refs/heads/master refs/remotes/master [2ms]
2024-10-22 11:58:28.550 [warning] [Git][revParse] Unable to read file: ENOENT: no such file or directory, open '/home/kit214/php_web_scraper/.git/refs/remotes/origin/master'
2024-10-22 11:58:28.551 [info] > git rev-parse refs/remotes/origin/master [1ms]
2024-10-22 11:58:28.562 [info] > git for-each-ref --sort -committerdate --format %(refname) %(objectname) %(*objectname) [3ms]
2024-10-22 11:58:28.624 [info] > git status -z -uall [69ms]
2024-10-22 11:59:33.163 [info] > git config --get commit.template [5ms]
2024-10-22 11:59:33.164 [info] > git for-each-ref --format=%(refname)%00%(upstream:short)%00%(objectname)%00%(upstream:track)%00%(upstream:remotename)%00%(upstream:remoteref) refs/heads/master refs/remotes/master [2ms]
2024-10-22 11:59:33.168 [warning] [Git][revParse] Unable to read file: ENOENT: no such file or directory, open '/home/kit214/php_web_scraper/.git/refs/remotes/origin/master'
2024-10-22 11:59:33.170 [info] > git rev-parse refs/remotes/origin/master [2ms]
2024-10-22 11:59:33.181 [info] > git for-each-ref --sort -committerdate --format %(refname) %(objectname) %(*objectname) [2ms]
2024-10-22 11:59:33.246 [info] > git status -z -uall [72ms]
2024-10-22 11:59:38.259 [info] > git config --get commit.template [4ms]
2024-10-22 11:59:38.260 [info] > git for-each-ref --format=%(refname)%00%(upstream:short)%00%(objectname)%00%(upstream:track)%00%(upstream:remotename)%00%(upstream:remoteref) refs/heads/master refs/remotes/master [2ms]
2024-10-22 11:59:38.263 [warning] [Git][revParse] Unable to read file: ENOENT: no such file or directory, open '/home/kit214/php_web_scraper/.git/refs/remotes/origin/master'
2024-10-22 11:59:38.264 [info] > git rev-parse refs/remotes/origin/master [1ms]
2024-10-22 11:59:38.276 [info] > git for-each-ref --sort -committerdate --format %(refname) %(objectname) %(*objectname) [4ms]
2024-10-22 11:59:38.338 [info] > git status -z -uall [70ms]
2024-10-22 11:59:43.348 [info] > git config --get commit.template [3ms]
2024-10-22 11:59:43.354 [info] > git for-each-ref --format=%(refname)%00%(upstream:short)%00%(objectname)%00%(upstream:track)%00%(upstream:remotename)%00%(upstream:remoteref) refs/heads/master refs/remotes/master [2ms]
2024-10-22 11:59:43.357 [warning] [Git][revParse] Unable to read file: ENOENT: no such file or directory, open '/home/kit214/php_web_scraper/.git/refs/remotes/origin/master'
2024-10-22 11:59:43.359 [info] > git rev-parse refs/remotes/origin/master [1ms]
2024-10-22 11:59:43.369 [info] > git for-each-ref --sort -committerdate --format %(refname) %(objectname) %(*objectname) [2ms]
2024-10-22 11:59:43.431 [info] > git status -z -uall [69ms]
2024-10-22 11:59:48.444 [info] > git config --get commit.template [5ms]
2024-10-22 11:59:48.445 [info] > git for-each-ref --format=%(refname)%00%(upstream:short)%00%(objectname)%00%(upstream:track)%00%(upstream:remotename)%00%(upstream:remoteref) refs/heads/master refs/remotes/master [2ms]
2024-10-22 11:59:48.448 [warning] [Git][revParse] Unable to read file: ENOENT: no such file or directory, open '/home/kit214/php_web_scraper/.git/refs/remotes/origin/master'
2024-10-22 11:59:48.449 [info] > git rev-parse refs/remotes/origin/master [1ms]
2024-10-22 11:59:48.459 [info] > git for-each-ref --sort -committerdate --format %(refname) %(objectname) %(*objectname) [2ms]
2024-10-22 11:59:48.522 [info] > git status -z -uall [70ms]
2024-10-22 12:00:05.462 [info] > git config --get commit.template [6ms]
2024-10-22 12:00:05.463 [info] > git for-each-ref --format=%(refname)%00%(upstream:short)%00%(objectname)%00%(upstream:track)%00%(upstream:remotename)%00%(upstream:remoteref) refs/heads/master refs/remotes/master [2ms]
2024-10-22 12:00:05.467 [warning] [Git][revParse] Unable to read file: ENOENT: no such file or directory, open '/home/kit214/php_web_scraper/.git/refs/remotes/origin/master'
2024-10-22 12:00:05.468 [info] > git rev-parse refs/remotes/origin/master [1ms]
2024-10-22 12:00:05.481 [info] > git for-each-ref --sort -committerdate --format %(refname) %(objectname) %(*objectname) [3ms]
2024-10-22 12:00:05.544 [info] > git status -z -uall [71ms]
2024-10-22 12:00:10.562 [info] > git config --get commit.template [9ms]
2024-10-22 12:00:10.562 [info] > git for-each-ref --format=%(refname)%00%(upstream:short)%00%(objectname)%00%(upstream:track)%00%(upstream:remotename)%00%(upstream:remoteref) refs/heads/master refs/remotes/master [3ms]
2024-10-22 12:00:10.566 [warning] [Git][revParse] Unable to read file: ENOENT: no such file or directory, open '/home/kit214/php_web_scraper/.git/refs/remotes/origin/master'
2024-10-22 12:00:10.568 [info] > git rev-parse refs/remotes/origin/master [2ms]
2024-10-22 12:00:10.580 [info] > git for-each-ref --sort -committerdate --format %(refname) %(objectname) %(*objectname) [3ms]
2024-10-22 12:00:10.645 [info] > git status -z -uall [71ms]
2024-10-22 12:00:18.738 [info] > git config --get commit.template [5ms]
2024-10-22 12:00:18.739 [info] > git for-each-ref --format=%(refname)%00%(upstream:short)%00%(objectname)%00%(upstream:track)%00%(upstream:remotename)%00%(upstream:remoteref) refs/heads/master refs/remotes/master [1ms]
2024-10-22 12:00:18.742 [warning] [Git][revParse] Unable to read file: ENOENT: no such file or directory, open '/home/kit214/php_web_scraper/.git/refs/remotes/origin/master'
2024-10-22 12:00:18.744 [info] > git rev-parse refs/remotes/origin/master [2ms]
2024-10-22 12:00:18.754 [info] > git for-each-ref --sort -committerdate --format %(refname) %(objectname) %(*objectname) [2ms]
2024-10-22 12:00:18.816 [info] > git status -z -uall [69ms]
2024-10-22 12:00:23.830 [info] > git config --get commit.template [5ms]
2024-10-22 12:00:23.831 [info] > git for-each-ref --format=%(refname)%00%(upstream:short)%00%(objectname)%00%(upstream:track)%00%(upstream:remotename)%00%(upstream:remoteref) refs/heads/master refs/remotes/master [1ms]
2024-10-22 12:00:23.835 [warning] [Git][revParse] Unable to read file: ENOENT: no such file or directory, open '/home/kit214/php_web_scraper/.git/refs/remotes/origin/master'
2024-10-22 12:00:23.836 [info] > git rev-parse refs/remotes/origin/master [1ms]
2024-10-22 12:00:23.845 [info] > git for-each-ref --sort -committerdate --format %(refname) %(objectname) %(*objectname) [2ms]
2024-10-22 12:00:23.910 [info] > git status -z -uall [71ms]
2024-10-22 12:00:28.925 [info] > git config --get commit.template [6ms]
2024-10-22 12:00:28.926 [info] > git for-each-ref --format=%(refname)%00%(upstream:short)%00%(objectname)%00%(upstream:track)%00%(upstream:remotename)%00%(upstream:remoteref) refs/heads/master refs/remotes/master [2ms]
2024-10-22 12:00:28.929 [warning] [Git][revParse] Unable to read file: ENOENT: no such file or directory, open '/home/kit214/php_web_scraper/.git/refs/remotes/origin/master'
2024-10-22 12:00:28.930 [info] > git rev-parse refs/remotes/origin/master [1ms]
2024-10-22 12:00:28.940 [info] > git for-each-ref --sort -committerdate --format %(refname) %(objectname) %(*objectname) [2ms]
2024-10-22 12:00:29.002 [info] > git status -z -uall [69ms]
2024-10-22 12:00:37.819 [info] > git config --get commit.template [5ms]
2024-10-22 12:00:37.820 [info] > git for-each-ref --format=%(refname)%00%(upstream:short)%00%(objectname)%00%(upstream:track)%00%(upstream:remotename)%00%(upstream:remoteref) refs/heads/master refs/remotes/master [1ms]
2024-10-22 12:00:37.824 [warning] [Git][revParse] Unable to read file: ENOENT: no such file or directory, open '/home/kit214/php_web_scraper/.git/refs/remotes/origin/master'
2024-10-22 12:00:37.825 [info] > git rev-parse refs/remotes/origin/master [1ms]
2024-10-22 12:00:37.836 [info] > git for-each-ref --sort -committerdate --format %(refname) %(objectname) %(*objectname) [3ms]
2024-10-22 12:00:37.898 [info] > git status -z -uall [69ms]
2024-10-22 12:00:42.909 [info] > git config --get commit.template [1ms]
2024-10-22 12:00:42.914 [info] > git for-each-ref --format=%(refname)%00%(upstream:short)%00%(objectname)%00%(upstream:track)%00%(upstream:remotename)%00%(upstream:remoteref) refs/heads/master refs/remotes/master [1ms]
2024-10-22 12:00:42.918 [warning] [Git][revParse] Unable to read file: ENOENT: no such file or directory, open '/home/kit214/php_web_scraper/.git/refs/remotes/origin/master'
2024-10-22 12:00:42.919 [info] > git rev-parse refs/remotes/origin/master [1ms]
2024-10-22 12:00:42.930 [info] > git for-each-ref --sort -committerdate --format %(refname) %(objectname) %(*objectname) [3ms]
2024-10-22 12:00:42.993 [info] > git status -z -uall [71ms]
2024-10-22 12:00:48.006 [info] > git config --get commit.template [5ms]
2024-10-22 12:00:48.007 [info] > git for-each-ref --format=%(refname)%00%(upstream:short)%00%(objectname)%00%(upstream:track)%00%(upstream:remotename)%00%(upstream:remoteref) refs/heads/master refs/remotes/master [2ms]
2024-10-22 12:00:48.010 [warning] [Git][revParse] Unable to read file: ENOENT: no such file or directory, open '/home/kit214/php_web_scraper/.git/refs/remotes/origin/master'
2024-10-22 12:00:48.012 [info] > git rev-parse refs/remotes/origin/master [1ms]
2024-10-22 12:00:48.022 [info] > git for-each-ref --sort -committerdate --format %(refname) %(objectname) %(*objectname) [3ms]
2024-10-22 12:00:48.085 [info] > git status -z -uall [70ms]
2024-10-22 12:00:53.100 [info] > git config --get commit.template [7ms]
2024-10-22 12:00:53.101 [info] > git for-each-ref --format=%(refname)%00%(upstream:short)%00%(objectname)%00%(upstream:track)%00%(upstream:remotename)%00%(upstream:remoteref) refs/heads/master refs/remotes/master [1ms]
2024-10-22 12:00:53.104 [warning] [Git][revParse] Unable to read file: ENOENT: no such file or directory, open '/home/kit214/php_web_scraper/.git/refs/remotes/origin/master'
2024-10-22 12:00:53.105 [info] > git rev-parse refs/remotes/origin/master [1ms]
2024-10-22 12:00:53.119 [info] > git for-each-ref --sort -committerdate --format %(refname) %(objectname) %(*objectname) [5ms]
2024-10-22 12:00:53.179 [info] > git status -z -uall [70ms]
2024-10-22 12:00:58.194 [info] > git config --get commit.template [5ms]
2024-10-22 12:00:58.195 [info] > git for-each-ref --format=%(refname)%00%(upstream:short)%00%(objectname)%00%(upstream:track)%00%(upstream:remotename)%00%(upstream:remoteref) refs/heads/master refs/remotes/master [2ms]
2024-10-22 12:00:58.199 [warning] [Git][revParse] Unable to read file: ENOENT: no such file or directory, open '/home/kit214/php_web_scraper/.git/refs/remotes/origin/master'
2024-10-22 12:00:58.200 [info] > git rev-parse refs/remotes/origin/master [1ms]
2024-10-22 12:00:58.210 [info] > git for-each-ref --sort -committerdate --format %(refname) %(objectname) %(*objectname) [2ms]
2024-10-22 12:00:58.273 [info] > git status -z -uall [69ms]
2024-10-22 12:01:06.528 [info] > git config --get commit.template [6ms]
2024-10-22 12:01:06.529 [info] > git for-each-ref --format=%(refname)%00%(upstream:short)%00%(objectname)%00%(upstream:track)%00%(upstream:remotename)%00%(upstream:remoteref) refs/heads/master refs/remotes/master [2ms]
2024-10-22 12:01:06.533 [warning] [Git][revParse] Unable to read file: ENOENT: no such file or directory, open '/home/kit214/php_web_scraper/.git/refs/remotes/origin/master'
2024-10-22 12:01:06.534 [info] > git rev-parse refs/remotes/origin/master [1ms]
2024-10-22 12:01:06.547 [info] > git for-each-ref --sort -committerdate --format %(refname) %(objectname) %(*objectname) [2ms]
2024-10-22 12:01:06.609 [info] > git status -z -uall [70ms]
2024-10-22 12:01:57.042 [info] > git config --get commit.template [5ms]
2024-10-22 12:01:57.043 [info] > git for-each-ref --format=%(refname)%00%(upstream:short)%00%(objectname)%00%(upstream:track)%00%(upstream:remotename)%00%(upstream:remoteref) refs/heads/master refs/remotes/master [2ms]
2024-10-22 12:01:57.046 [warning] [Git][revParse] Unable to read file: ENOENT: no such file or directory, open '/home/kit214/php_web_scraper/.git/refs/remotes/origin/master'
2024-10-22 12:01:57.047 [info] > git rev-parse refs/remotes/origin/master [1ms]
2024-10-22 12:01:57.056 [info] > git for-each-ref --sort -committerdate --format %(refname) %(objectname) %(*objectname) [2ms]
2024-10-22 12:01:57.120 [info] > git status -z -uall [70ms]
2024-10-22 12:03:03.779 [info] > git config --get commit.template [5ms]
2024-10-22 12:03:03.780 [info] > git for-each-ref --format=%(refname)%00%(upstream:short)%00%(objectname)%00%(upstream:track)%00%(upstream:remotename)%00%(upstream:remoteref) refs/heads/master refs/remotes/master [1ms]
2024-10-22 12:03:03.785 [warning] [Git][revParse] Unable to read file: ENOENT: no such file or directory, open '/home/kit214/php_web_scraper/.git/refs/remotes/origin/master'
2024-10-22 12:03:03.787 [info] > git rev-parse refs/remotes/origin/master [2ms]
2024-10-22 12:03:03.802 [info] > git for-each-ref --sort -committerdate --format %(refname) %(objectname) %(*objectname) [3ms]
2024-10-22 12:03:03.864 [info] > git status -z -uall [72ms]
2024-10-22 12:07:49.557 [info] > git rev-parse --show-toplevel [4ms]
2024-10-22 12:07:49.557 [info] fatal: not a git repository (or any of the parent directories): .git
2024-10-22 12:07:49.567 [info] > git config --get commit.template [5ms]
2024-10-22 12:07:49.568 [info] > git for-each-ref --format=%(refname)%00%(upstream:short)%00%(objectname)%00%(upstream:track)%00%(upstream:remotename)%00%(upstream:remoteref) refs/heads/master refs/remotes/master [2ms]
2024-10-22 12:07:49.572 [warning] [Git][revParse] Unable to read file: ENOENT: no such file or directory, open '/home/kit214/php_web_scraper/.git/refs/remotes/origin/master'
2024-10-22 12:07:49.573 [info] > git rev-parse refs/remotes/origin/master [2ms]
2024-10-22 12:07:49.583 [info] > git for-each-ref --sort -committerdate --format %(refname) %(objectname) %(*objectname) [2ms]
2024-10-22 12:07:49.648 [info] > git status -z -uall [72ms]
