2024-10-02 05:51:38.316 [info] Log level: Info
2024-10-02 05:51:38.316 [info] Validating found git in: "git"
2024-10-02 05:51:38.316 [info] Using git "2.25.1" from "git"
2024-10-02 05:51:38.316 [info] > git rev-parse --show-toplevel [3ms]
2024-10-02 05:51:38.316 [info] fatal: not a git repository (or any of the parent directories): .git
2024-10-02 05:51:38.316 [info] > git rev-parse --show-toplevel [51ms]
2024-10-02 05:51:38.316 [info] fatal: not a git repository (or any of the parent directories): .git
2024-10-02 05:51:38.316 [info] > git rev-parse --show-toplevel [5ms]
2024-10-02 05:51:38.316 [info] fatal: not a git repository (or any of the parent directories): .git
2024-10-02 05:51:38.318 [info] > git rev-parse --show-toplevel [3ms]
2024-10-02 05:51:38.318 [info] fatal: not a git repository (or any of the parent directories): .git
2024-10-02 05:51:38.328 [info] > git rev-parse --show-toplevel [1ms]
2024-10-02 05:51:38.328 [info] fatal: not a git repository (or any of the parent directories): .git
2024-10-02 05:51:38.338 [info] > git rev-parse --show-toplevel [1ms]
2024-10-02 05:51:38.338 [info] fatal: not a git repository (or any of the parent directories): .git
2024-10-02 05:51:38.360 [info] > git rev-parse --show-toplevel [11ms]
2024-10-02 05:51:38.371 [info] > git rev-parse --git-dir --git-common-dir [2ms]
2024-10-02 05:51:38.383 [info] Open repository: /home/kit214/.nvm
2024-10-02 05:51:38.403 [info] > git config --get commit.template [10ms]
2024-10-02 05:51:38.404 [info] > git rev-parse --show-toplevel [3ms]
2024-10-02 05:51:38.404 [info] fatal: not a git repository (or any of the parent directories): .git
2024-10-02 05:51:38.425 [info] > git rev-parse --show-toplevel [2ms]
2024-10-02 05:51:38.425 [info] fatal: not a git repository (or any of the parent directories): .git
2024-10-02 05:51:38.434 [info] > git for-each-ref --format %(refname) %(objectname) %(*objectname) refs/tags [20ms]
2024-10-02 05:51:38.462 [info] > git rev-parse --show-toplevel [30ms]
2024-10-02 05:51:38.462 [info] fatal: not a git repository (or any of the parent directories): .git
2024-10-02 05:51:38.484 [info] > git rev-parse --show-toplevel [5ms]
2024-10-02 05:51:38.484 [info] fatal: not a git repository (or any of the parent directories): .git
2024-10-02 05:51:38.511 [info] > git status -z -uall [67ms]
2024-10-02 05:51:38.528 [info] > git config --get commit.template [1ms]
2024-10-02 05:51:38.539 [info] > git for-each-ref --format %(refname) %(objectname) %(*objectname) refs/tags [2ms]
2024-10-02 05:51:38.554 [info] > git status -z -uall [8ms]
2024-10-02 05:51:38.993 [info] > git check-ignore -v -z --stdin [1ms]
2024-10-02 05:51:57.166 [info] > git rev-parse --show-toplevel [2ms]
2024-10-02 05:51:57.166 [info] fatal: not a git repository (or any of the parent directories): .git
2024-10-02 05:52:44.766 [info] > git rev-parse --show-toplevel [6ms]
2024-10-02 05:52:44.766 [info] fatal: not a git repository (or any of the parent directories): .git
2024-10-02 05:54:12.786 [info] > git rev-parse --show-toplevel [5ms]
2024-10-02 05:54:12.786 [info] fatal: not a git repository (or any of the parent directories): .git
2024-10-02 05:54:52.459 [info] > git rev-parse --show-toplevel [1ms]
2024-10-02 05:54:52.460 [info] fatal: not a git repository (or any of the parent directories): .git
2024-10-02 05:57:59.818 [info] > git rev-parse --show-toplevel [5ms]
2024-10-02 05:57:59.818 [info] fatal: not a git repository (or any of the parent directories): .git
2024-10-02 06:02:19.953 [info] > git rev-parse --show-toplevel [2ms]
2024-10-02 06:02:19.953 [info] fatal: not a git repository (or any of the parent directories): .git
2024-10-02 06:02:23.436 [info] > git rev-parse --show-toplevel [3ms]
2024-10-02 06:02:23.436 [info] fatal: not a git repository (or any of the parent directories): .git
2024-10-02 06:02:36.877 [info] > git rev-parse --show-toplevel [6ms]
2024-10-02 06:02:36.877 [info] fatal: not a git repository (or any of the parent directories): .git
2024-10-02 06:02:37.244 [info] > git rev-parse --show-toplevel [2ms]
2024-10-02 06:02:37.244 [info] fatal: not a git repository (or any of the parent directories): .git
2024-10-02 06:05:35.995 [info] > git rev-parse --show-toplevel [6ms]
2024-10-02 06:05:35.995 [info] fatal: not a git repository (or any of the parent directories): .git
2024-10-02 06:07:23.832 [info] > git rev-parse --show-toplevel [1ms]
2024-10-02 06:07:23.832 [info] fatal: not a git repository (or any of the parent directories): .git
2024-10-02 06:07:24.487 [info] > git rev-parse --show-toplevel [6ms]
2024-10-02 06:07:24.487 [info] fatal: not a git repository (or any of the parent directories): .git
2024-10-02 06:08:31.418 [info] > git rev-parse --show-toplevel [5ms]
2024-10-02 06:08:31.418 [info] fatal: not a git repository (or any of the parent directories): .git
2024-10-02 06:09:41.581 [info] > git rev-parse --show-toplevel [4ms]
2024-10-02 06:09:41.581 [info] fatal: not a git repository (or any of the parent directories): .git
2024-10-02 06:09:46.574 [info] > git rev-parse --show-toplevel [10ms]
2024-10-02 06:09:46.574 [info] fatal: not a git repository (or any of the parent directories): .git
2024-10-02 06:09:47.404 [info] > git rev-parse --show-toplevel [6ms]
2024-10-02 06:09:47.404 [info] fatal: not a git repository (or any of the parent directories): .git
2024-10-02 06:09:47.906 [info] > git rev-parse --show-toplevel [4ms]
2024-10-02 06:09:47.906 [info] fatal: not a git repository (or any of the parent directories): .git
