2024-10-24 04:09:57.265 [info] [main] Log level: Info
2024-10-24 04:09:57.265 [info] [main] Validating found git in: "git"
2024-10-24 04:09:57.265 [info] [main] Using git "2.25.1" from "git"
2024-10-24 04:09:57.265 [info] [Model][doInitialScan] Initial repository scan started
2024-10-24 04:09:57.265 [info] > git rev-parse --show-toplevel [89ms]
2024-10-24 04:09:57.265 [info] fatal: not a git repository (or any of the parent directories): .git
2024-10-24 04:09:57.265 [info] > git rev-parse --show-toplevel [69ms]
2024-10-24 04:09:57.265 [info] fatal: not a git repository (or any of the parent directories): .git
2024-10-24 04:09:58.944 [info] > git rev-parse --show-toplevel [1036ms]
2024-10-24 04:09:58.944 [info] fatal: not a git repository (or any of the parent directories): .git
2024-10-24 04:09:59.011 [info] > git rev-parse --show-toplevel [52ms]
2024-10-24 04:09:59.011 [info] fatal: not a git repository (or any of the parent directories): .git
2024-10-24 04:09:59.093 [info] > git rev-parse --show-toplevel [51ms]
2024-10-24 04:09:59.093 [info] fatal: not a git repository (or any of the parent directories): .git
2024-10-24 04:09:59.114 [info] > git rev-parse --show-toplevel [8ms]
2024-10-24 04:09:59.114 [info] fatal: not a git repository (or any of the parent directories): .git
2024-10-24 04:09:59.123 [info] > git rev-parse --show-toplevel [3ms]
2024-10-24 04:09:59.123 [info] fatal: not a git repository (or any of the parent directories): .git
2024-10-24 04:09:59.139 [info] > git rev-parse --show-toplevel [3ms]
2024-10-24 04:09:59.139 [info] fatal: not a git repository (or any of the parent directories): .git
2024-10-24 04:09:59.172 [info] > git rev-parse --show-toplevel [17ms]
2024-10-24 04:09:59.569 [info] > git rev-parse --git-dir --git-common-dir [389ms]
2024-10-24 04:09:59.623 [info] [Model][openRepository] Opened repository: /home/kit214/.nvm
2024-10-24 04:09:59.984 [info] > git rev-parse --show-toplevel [311ms]
2024-10-24 04:09:59.984 [info] fatal: not a git repository (or any of the parent directories): .git
2024-10-24 04:09:59.990 [info] > git config --get commit.template [324ms]
2024-10-24 04:10:00.790 [info] > git for-each-ref --format %(refname) %(objectname) %(*objectname) refs/tags [854ms]
2024-10-24 04:10:00.832 [info] > git check-ignore -v -z --stdin [6ms]
2024-10-24 04:10:00.833 [info] > git for-each-ref --sort -committerdate --format %(refname) %(objectname) %(*objectname) [32ms]
2024-10-24 04:10:00.834 [info] > git rev-parse --show-toplevel [49ms]
2024-10-24 04:10:00.834 [info] fatal: not a git repository (or any of the parent directories): .git
2024-10-24 04:10:00.874 [info] > git rev-parse --show-toplevel [35ms]
2024-10-24 04:10:00.874 [info] fatal: not a git repository (or any of the parent directories): .git
2024-10-24 04:10:00.917 [info] > git status -z -uall [121ms]
2024-10-24 04:10:00.946 [info] > git rev-parse --show-toplevel [54ms]
2024-10-24 04:10:00.960 [info] > git config --get commit.template [8ms]
2024-10-24 04:10:00.970 [info] > git for-each-ref --format %(refname) %(objectname) %(*objectname) refs/tags [1ms]
2024-10-24 04:10:00.987 [info] > git rev-parse --git-dir --git-common-dir [29ms]
2024-10-24 04:10:00.992 [info] [Model][openRepository] Opened repository: /home/kit214/php_web_scraper
2024-10-24 04:10:01.027 [info] > git status -z -uall [47ms]
2024-10-24 04:10:01.027 [info] > git config --get commit.template [11ms]
2024-10-24 04:10:01.027 [info] > git for-each-ref --sort -committerdate --format %(refname) %(objectname) %(*objectname) [41ms]
2024-10-24 04:10:01.054 [info] > git rev-parse --show-toplevel [30ms]
2024-10-24 04:10:01.054 [info] fatal: not a git repository (or any of the parent directories): .git
2024-10-24 04:10:01.085 [info] > git rev-parse --show-toplevel [27ms]
2024-10-24 04:10:01.085 [info] fatal: not a git repository (or any of the parent directories): .git
2024-10-24 04:10:01.085 [info] > git for-each-ref --format=%(refname)%00%(upstream:short)%00%(objectname)%00%(upstream:track)%00%(upstream:remotename)%00%(upstream:remoteref) refs/heads/master refs/remotes/master [32ms]
2024-10-24 04:10:01.095 [warning] [Git][revParse] Unable to read file: ENOENT: no such file or directory, open '/home/kit214/php_web_scraper/.git/refs/remotes/origin/master'
2024-10-24 04:10:01.139 [info] > git rev-parse refs/remotes/origin/master [44ms]
2024-10-24 04:10:01.150 [info] > git rev-parse --show-toplevel [59ms]
2024-10-24 04:10:01.150 [info] fatal: not a git repository (or any of the parent directories): .git
2024-10-24 04:10:01.153 [info] [Model][doInitialScan] Initial repository scan completed - repositories (2), closed repositories (0), parent repositories (0), unsafe repositories (0)
2024-10-24 04:10:01.158 [info] > git for-each-ref --sort -committerdate --format %(refname) %(objectname) %(*objectname) [8ms]
2024-10-24 04:10:01.605 [info] > git status -z -uall [460ms]
2024-10-24 04:10:01.622 [info] > git check-ignore -v -z --stdin [26ms]
2024-10-24 04:10:01.623 [info] > git check-ignore -v -z --stdin [20ms]
2024-10-24 04:10:01.624 [info] > git for-each-ref --format=%(refname)%00%(upstream:short)%00%(objectname)%00%(upstream:track)%00%(upstream:remotename)%00%(upstream:remoteref) refs/heads/master refs/remotes/master [11ms]
2024-10-24 04:10:01.633 [info] > git config --get commit.template [12ms]
2024-10-24 04:10:01.640 [info] > git config --local branch.master.vscode-merge-base [8ms]
2024-10-24 04:10:01.647 [info] > git for-each-ref --format=%(refname)%00%(upstream:short)%00%(objectname)%00%(upstream:track)%00%(upstream:remotename)%00%(upstream:remoteref) refs/heads/master refs/remotes/master [8ms]
2024-10-24 04:10:01.654 [warning] [Git][revParse] Unable to read file: ENOENT: no such file or directory, open '/home/kit214/php_web_scraper/.git/refs/remotes/origin/master'
2024-10-24 04:10:01.654 [info] > git for-each-ref --format=%(refname)%00%(upstream:short)%00%(objectname)%00%(upstream:track)%00%(upstream:remotename)%00%(upstream:remoteref) refs/heads/origin/master refs/remotes/origin/master [8ms]
2024-10-24 04:10:01.665 [info] > git rev-parse refs/remotes/origin/master [11ms]
2024-10-24 04:10:01.682 [info] > git merge-base refs/heads/master refs/remotes/origin/master [21ms]
2024-10-24 04:10:01.690 [info] > git for-each-ref --sort -committerdate --format %(refname) %(objectname) %(*objectname) [8ms]
2024-10-24 04:10:01.693 [info] > git diff --name-status -z --diff-filter=ADMR 2b38783eea968fa879315155461ab44f19fd1411...refs/remotes/origin/master [4ms]
2024-10-24 04:10:01.876 [info] > git status -z -uall [204ms]
2024-10-24 04:11:02.024 [info] > git rev-parse --show-toplevel [3ms]
2024-10-24 04:11:02.025 [info] fatal: not a git repository (or any of the parent directories): .git
2024-10-24 04:11:02.030 [info] > git rev-parse --show-toplevel [1ms]
2024-10-24 04:11:02.030 [info] fatal: not a git repository (or any of the parent directories): .git
2024-10-24 04:11:02.050 [info] > git log --format=%H%n%aN%n%aE%n%at%n%ct%n%P%n%D%n%B -z --shortstat -n50 --skip=0 --topo-order --decorate=full --stdin [45ms]
2024-10-24 04:28:36.191 [info] > git rev-parse --show-toplevel [4ms]
2024-10-24 04:28:36.191 [info] fatal: not a git repository (or any of the parent directories): .git
2024-10-24 04:29:09.418 [info] > git rev-parse --show-toplevel [2ms]
2024-10-24 04:29:09.418 [info] fatal: not a git repository (or any of the parent directories): .git
2024-10-24 04:40:07.791 [info] > git rev-parse --show-toplevel [13ms]
2024-10-24 04:40:07.791 [info] fatal: not a git repository (or any of the parent directories): .git
2024-10-24 04:40:29.908 [info] > git rev-parse --show-toplevel [6ms]
2024-10-24 04:40:29.908 [info] fatal: not a git repository (or any of the parent directories): .git
2024-10-24 04:42:23.059 [info] > git rev-parse --show-toplevel [4ms]
2024-10-24 04:42:23.059 [info] fatal: not a git repository (or any of the parent directories): .git
2024-10-24 04:42:50.643 [info] > git rev-parse --show-toplevel [2ms]
2024-10-24 04:42:50.643 [info] fatal: not a git repository (or any of the parent directories): .git
2024-10-24 05:00:23.708 [info] > git rev-parse --show-toplevel [3ms]
2024-10-24 05:00:23.708 [info] fatal: not a git repository (or any of the parent directories): .git
2024-10-24 05:00:25.813 [info] > git rev-parse --show-toplevel [2ms]
2024-10-24 05:00:25.813 [info] fatal: not a git repository (or any of the parent directories): .git
2024-10-24 05:00:36.980 [info] > git rev-parse --show-toplevel [1ms]
2024-10-24 05:00:36.981 [info] fatal: not a git repository (or any of the parent directories): .git
2024-10-24 05:00:38.995 [info] > git rev-parse --show-toplevel [3ms]
2024-10-24 05:00:38.995 [info] fatal: not a git repository (or any of the parent directories): .git
2024-10-24 05:00:48.280 [info] > git rev-parse --show-toplevel [3ms]
2024-10-24 05:00:48.280 [info] fatal: not a git repository (or any of the parent directories): .git
2024-10-24 05:00:57.144 [info] > git rev-parse --show-toplevel [2ms]
2024-10-24 05:00:57.144 [info] fatal: not a git repository (or any of the parent directories): .git
2024-10-24 05:00:57.919 [info] > git rev-parse --show-toplevel [3ms]
2024-10-24 05:00:57.919 [info] fatal: not a git repository (or any of the parent directories): .git
2024-10-24 05:01:41.849 [info] > git rev-parse --show-toplevel [2ms]
2024-10-24 05:01:41.849 [info] fatal: not a git repository (or any of the parent directories): .git
2024-10-24 05:01:57.101 [info] > git rev-parse --show-toplevel [4ms]
2024-10-24 05:01:57.101 [info] fatal: not a git repository (or any of the parent directories): .git
2024-10-24 05:01:59.037 [info] > git rev-parse --show-toplevel [1ms]
2024-10-24 05:01:59.038 [info] fatal: not a git repository (or any of the parent directories): .git
2024-10-24 05:02:31.420 [info] > git rev-parse --show-toplevel [2ms]
2024-10-24 05:02:31.420 [info] fatal: not a git repository (or any of the parent directories): .git
2024-10-24 05:09:12.376 [info] > git rev-parse --show-toplevel [1ms]
2024-10-24 05:09:12.376 [info] fatal: not a git repository (or any of the parent directories): .git
2024-10-24 05:09:23.331 [info] > git rev-parse --show-toplevel [2ms]
2024-10-24 05:09:23.331 [info] fatal: not a git repository (or any of the parent directories): .git
2024-10-24 05:09:26.955 [info] > git rev-parse --show-toplevel [3ms]
2024-10-24 05:09:26.955 [info] fatal: not a git repository (or any of the parent directories): .git
2024-10-24 05:11:32.293 [info] > git rev-parse --show-toplevel [3ms]
2024-10-24 05:11:32.293 [info] fatal: not a git repository (or any of the parent directories): .git
2024-10-24 05:14:57.859 [info] > git rev-parse --show-toplevel [2ms]
2024-10-24 05:14:57.859 [info] fatal: not a git repository (or any of the parent directories): .git
2024-10-24 06:35:17.601 [info] > git rev-parse --show-toplevel [3ms]
2024-10-24 06:35:17.601 [info] fatal: not a git repository (or any of the parent directories): .git
2024-10-24 06:53:25.716 [info] > git rev-parse --show-toplevel [3ms]
2024-10-24 06:53:25.716 [info] fatal: not a git repository (or any of the parent directories): .git
2024-10-24 07:06:35.274 [info] > git rev-parse --show-toplevel [2ms]
2024-10-24 07:06:35.274 [info] fatal: not a git repository (or any of the parent directories): .git
2024-10-24 07:11:19.530 [info] > git rev-parse --show-toplevel [3ms]
2024-10-24 07:11:19.530 [info] fatal: not a git repository (or any of the parent directories): .git
2024-10-24 07:18:29.076 [info] > git rev-parse --show-toplevel [5ms]
2024-10-24 07:18:29.076 [info] fatal: not a git repository (or any of the parent directories): .git
2024-10-24 07:20:10.084 [info] > git show --textconv :guzzle_requests.php [7ms]
2024-10-24 07:20:10.085 [info] > git ls-files --stage -- /home/kit214/php_web_scraper/guzzle_requests.php [3ms]
2024-10-24 07:20:10.091 [info] > git cat-file -s 8a87cd3973c7600b1f082c6b06f9508ee6ed99cd [2ms]
2024-10-24 07:20:17.749 [info] > git config --get commit.template [6ms]
2024-10-24 07:20:17.750 [info] > git for-each-ref --format=%(refname)%00%(upstream:short)%00%(objectname)%00%(upstream:track)%00%(upstream:remotename)%00%(upstream:remoteref) refs/heads/master refs/remotes/master [2ms]
2024-10-24 07:20:17.754 [warning] [Git][revParse] Unable to read file: ENOENT: no such file or directory, open '/home/kit214/php_web_scraper/.git/refs/remotes/origin/master'
2024-10-24 07:20:17.755 [info] > git rev-parse refs/remotes/origin/master [1ms]
2024-10-24 07:20:17.768 [info] > git for-each-ref --sort -committerdate --format %(refname) %(objectname) %(*objectname) [2ms]
2024-10-24 07:20:17.831 [info] > git status -z -uall [72ms]
2024-10-24 07:23:22.540 [info] > git config --get commit.template [5ms]
2024-10-24 07:23:22.540 [info] > git for-each-ref --format=%(refname)%00%(upstream:short)%00%(objectname)%00%(upstream:track)%00%(upstream:remotename)%00%(upstream:remoteref) refs/heads/master refs/remotes/master [1ms]
2024-10-24 07:23:22.544 [warning] [Git][revParse] Unable to read file: ENOENT: no such file or directory, open '/home/kit214/php_web_scraper/.git/refs/remotes/origin/master'
2024-10-24 07:23:22.546 [info] > git rev-parse refs/remotes/origin/master [2ms]
2024-10-24 07:23:22.557 [info] > git for-each-ref --sort -committerdate --format %(refname) %(objectname) %(*objectname) [3ms]
2024-10-24 07:23:22.616 [info] > git rev-parse --show-toplevel [3ms]
2024-10-24 07:23:22.616 [info] fatal: not a git repository (or any of the parent directories): .git
2024-10-24 07:23:22.627 [info] > git status -z -uall [78ms]
2024-10-24 07:23:24.028 [info] > git rev-parse --show-toplevel [2ms]
2024-10-24 07:23:24.028 [info] fatal: not a git repository (or any of the parent directories): .git
