2024-11-03 04:09:19.363 [info] [main] Log level: Info
2024-11-03 04:09:19.363 [info] [main] Validating found git in: "git"
2024-11-03 04:09:19.363 [info] [main] Using git "2.25.1" from "git"
2024-11-03 04:09:19.363 [info] [Model][doInitialScan] Initial repository scan started
2024-11-03 04:09:19.363 [info] > git rev-parse --show-toplevel [163ms]
2024-11-03 04:09:19.363 [info] > git rev-parse --git-dir --git-common-dir [339ms]
2024-11-03 04:09:19.363 [info] [Model][openRepository] Opened repository: /home/kit214
2024-11-03 04:09:19.391 [info] > git config --get commit.template [70ms]
2024-11-03 04:09:19.998 [info] > git for-each-ref --format=%(refname)%00%(upstream:short)%00%(objectname)%00%(upstream:track)%00%(upstream:remotename)%00%(upstream:remoteref) refs/heads/master refs/remotes/master [203ms]
2024-11-03 04:09:20.792 [info] > git check-ignore -v -z --stdin [806ms]
2024-11-03 04:09:20.838 [info] > git for-each-ref --sort -committerdate --format %(refname) %(objectname) %(*objectname) [94ms]
2024-11-03 04:09:20.839 [info] > git rev-parse --show-toplevel [833ms]
2024-11-03 04:09:20.931 [info] > git rev-parse --show-toplevel [69ms]
2024-11-03 04:09:21.013 [info] > git rev-parse --show-toplevel [20ms]
2024-11-03 04:09:21.040 [info] > git rev-parse --show-toplevel [9ms]
2024-11-03 04:09:21.073 [info] > git rev-parse --show-toplevel [10ms]
2024-11-03 04:09:21.085 [info] > git rev-parse --show-toplevel [4ms]
2024-11-03 04:09:21.109 [info] > git status -z -uall [373ms]
2024-11-03 04:09:21.109 [info] > git rev-parse --show-toplevel [18ms]
2024-11-03 04:09:21.195 [info] > git rev-parse --git-dir --git-common-dir [18ms]
2024-11-03 04:09:21.201 [info] [Model][openRepository] Opened repository: /home/kit214/.nvm
2024-11-03 04:09:21.204 [info] > git for-each-ref --format=%(refname)%00%(upstream:short)%00%(objectname)%00%(upstream:track)%00%(upstream:remotename)%00%(upstream:remoteref) refs/heads/master refs/remotes/master [43ms]
2024-11-03 04:09:21.722 [info] > git config --local branch.master.vscode-merge-base [508ms]
2024-11-03 04:09:21.724 [warning] [Git][config] git config failed: Failed to execute git
2024-11-03 04:09:21.732 [info] > git config --get commit.template [546ms]
2024-11-03 04:09:21.753 [info] > git rev-parse --show-toplevel [43ms]
2024-11-03 04:09:21.754 [info] > git config --get commit.template [51ms]
2024-11-03 04:09:22.247 [info] > git reflog master --grep-reflog=branch: Created from *. [515ms]
2024-11-03 04:09:22.417 [info] > git check-ignore -v -z --stdin [161ms]
2024-11-03 04:09:22.418 [info] > git check-ignore -v -z --stdin [154ms]
2024-11-03 04:09:22.419 [info] > git symbolic-ref --short refs/remotes/origin/HEAD [166ms]
2024-11-03 04:09:22.419 [info] fatal: ref refs/remotes/origin/HEAD is not a symbolic ref
2024-11-03 04:09:22.419 [warning] [Repository][getDefaultBranch] Failed to get default branch details: Failed to execute git.
2024-11-03 04:09:22.429 [info] > git rev-parse --show-toplevel [182ms]
2024-11-03 04:09:22.429 [info] > git for-each-ref --format=%(refname)%00%(upstream:short)%00%(objectname)%00%(upstream:track)%00%(upstream:remotename)%00%(upstream:remoteref) refs/heads/master refs/remotes/master [683ms]
2024-11-03 04:09:22.457 [info] > git for-each-ref --format %(refname) %(objectname) %(*objectname) refs/tags [187ms]
2024-11-03 04:09:22.482 [info] > git status -z -uall [19ms]
2024-11-03 04:09:22.482 [info] > git rev-parse --show-toplevel [28ms]
2024-11-03 04:09:22.483 [info] > git merge-base refs/heads/master refs/remotes/origin/master [55ms]
2024-11-03 04:09:22.560 [info] > git for-each-ref --sort -committerdate --format %(refname) %(objectname) %(*objectname) [92ms]
2024-11-03 04:09:22.623 [info] > git rev-parse --show-toplevel [90ms]
2024-11-03 04:09:22.634 [info] [Model][doInitialScan] Initial repository scan completed - repositories (2), closed repositories (0), parent repositories (0), unsafe repositories (0)
2024-11-03 04:09:22.659 [info] > git diff --name-status -z --diff-filter=ADMR 0e5543c27140ccff0401e8cbdba7a2ff5a202009...refs/remotes/origin/master [169ms]
2024-11-03 04:09:22.666 [info] > git show --textconv :races.js [19ms]
2024-11-03 04:09:22.668 [info] > git config --get commit.template [51ms]
2024-11-03 04:09:22.668 [info] > git for-each-ref --sort -committerdate --format %(refname) %(objectname) %(*objectname) [67ms]
2024-11-03 04:09:22.698 [info] > git status -z -uall [103ms]
2024-11-03 04:09:22.698 [info] > git ls-files --stage -- /home/kit214/races.js [39ms]
2024-11-03 04:09:22.761 [info] > git for-each-ref --format %(refname) %(objectname) %(*objectname) refs/tags [25ms]
2024-11-03 04:09:22.778 [info] > git cat-file -s f367e57e92153392629acd7d772c89d3555b2b00 [74ms]
2024-11-03 04:09:22.794 [info] > git status -z -uall [26ms]
2024-11-03 04:09:22.798 [info] > git for-each-ref --sort -committerdate --format %(refname) %(objectname) %(*objectname) [20ms]
2024-11-03 04:09:43.523 [info] > git config --get commit.template [7ms]
2024-11-03 04:09:43.524 [info] > git for-each-ref --format=%(refname)%00%(upstream:short)%00%(objectname)%00%(upstream:track)%00%(upstream:remotename)%00%(upstream:remoteref) refs/heads/master refs/remotes/master [3ms]
2024-11-03 04:09:43.545 [info] > git for-each-ref --sort -committerdate --format %(refname) %(objectname) %(*objectname) [2ms]
2024-11-03 04:09:43.579 [info] > git status -z -uall [49ms]
2024-11-03 04:09:48.599 [info] > git config --get commit.template [8ms]
2024-11-03 04:09:48.600 [info] > git for-each-ref --format=%(refname)%00%(upstream:short)%00%(objectname)%00%(upstream:track)%00%(upstream:remotename)%00%(upstream:remoteref) refs/heads/master refs/remotes/master [2ms]
2024-11-03 04:09:48.621 [info] > git for-each-ref --sort -committerdate --format %(refname) %(objectname) %(*objectname) [3ms]
2024-11-03 04:09:48.654 [info] > git status -z -uall [49ms]
2024-11-03 04:09:53.672 [info] > git config --get commit.template [6ms]
2024-11-03 04:09:53.673 [info] > git for-each-ref --format=%(refname)%00%(upstream:short)%00%(objectname)%00%(upstream:track)%00%(upstream:remotename)%00%(upstream:remoteref) refs/heads/master refs/remotes/master [1ms]
2024-11-03 04:09:53.696 [info] > git for-each-ref --sort -committerdate --format %(refname) %(objectname) %(*objectname) [3ms]
2024-11-03 04:09:53.726 [info] > git status -z -uall [47ms]
2024-11-03 04:09:58.744 [info] > git config --get commit.template [6ms]
2024-11-03 04:09:58.744 [info] > git for-each-ref --format=%(refname)%00%(upstream:short)%00%(objectname)%00%(upstream:track)%00%(upstream:remotename)%00%(upstream:remoteref) refs/heads/master refs/remotes/master [2ms]
2024-11-03 04:09:58.764 [info] > git for-each-ref --sort -committerdate --format %(refname) %(objectname) %(*objectname) [7ms]
2024-11-03 04:09:58.798 [info] > git status -z -uall [48ms]
2024-11-03 04:10:21.972 [info] > git config --get commit.template [14ms]
2024-11-03 04:10:21.972 [info] > git for-each-ref --format=%(refname)%00%(upstream:short)%00%(objectname)%00%(upstream:track)%00%(upstream:remotename)%00%(upstream:remoteref) refs/heads/master refs/remotes/master [4ms]
2024-11-03 04:10:21.993 [info] > git for-each-ref --sort -committerdate --format %(refname) %(objectname) %(*objectname) [9ms]
2024-11-03 04:10:22.027 [info] > git status -z -uall [50ms]
2024-11-03 04:10:27.047 [info] > git config --get commit.template [7ms]
2024-11-03 04:10:27.048 [info] > git for-each-ref --format=%(refname)%00%(upstream:short)%00%(objectname)%00%(upstream:track)%00%(upstream:remotename)%00%(upstream:remoteref) refs/heads/master refs/remotes/master [2ms]
2024-11-03 04:10:27.069 [info] > git for-each-ref --sort -committerdate --format %(refname) %(objectname) %(*objectname) [9ms]
2024-11-03 04:10:27.105 [info] > git status -z -uall [51ms]
2024-11-03 04:10:32.128 [info] > git config --get commit.template [6ms]
2024-11-03 04:10:32.129 [info] > git for-each-ref --format=%(refname)%00%(upstream:short)%00%(objectname)%00%(upstream:track)%00%(upstream:remotename)%00%(upstream:remoteref) refs/heads/master refs/remotes/master [1ms]
2024-11-03 04:10:32.156 [info] > git for-each-ref --sort -committerdate --format %(refname) %(objectname) %(*objectname) [5ms]
2024-11-03 04:10:32.182 [info] > git status -z -uall [48ms]
2024-11-03 04:10:37.202 [info] > git config --get commit.template [7ms]
2024-11-03 04:10:37.202 [info] > git for-each-ref --format=%(refname)%00%(upstream:short)%00%(objectname)%00%(upstream:track)%00%(upstream:remotename)%00%(upstream:remoteref) refs/heads/master refs/remotes/master [2ms]
2024-11-03 04:10:37.224 [info] > git for-each-ref --sort -committerdate --format %(refname) %(objectname) %(*objectname) [3ms]
2024-11-03 04:10:37.255 [info] > git status -z -uall [48ms]
2024-11-03 04:10:42.270 [info] > git config --get commit.template [2ms]
2024-11-03 04:10:42.277 [info] > git for-each-ref --format=%(refname)%00%(upstream:short)%00%(objectname)%00%(upstream:track)%00%(upstream:remotename)%00%(upstream:remoteref) refs/heads/master refs/remotes/master [2ms]
2024-11-03 04:10:42.299 [info] > git for-each-ref --sort -committerdate --format %(refname) %(objectname) %(*objectname) [2ms]
2024-11-03 04:10:42.331 [info] > git status -z -uall [49ms]
2024-11-03 04:11:02.903 [info] > git config --get commit.template [3ms]
2024-11-03 04:11:02.910 [info] > git for-each-ref --format=%(refname)%00%(upstream:short)%00%(objectname)%00%(upstream:track)%00%(upstream:remotename)%00%(upstream:remoteref) refs/heads/master refs/remotes/master [2ms]
2024-11-03 04:11:02.936 [info] > git for-each-ref --sort -committerdate --format %(refname) %(objectname) %(*objectname) [4ms]
2024-11-03 04:11:02.968 [info] > git status -z -uall [53ms]
2024-11-03 04:11:07.993 [info] > git for-each-ref --format=%(refname)%00%(upstream:short)%00%(objectname)%00%(upstream:track)%00%(upstream:remotename)%00%(upstream:remoteref) refs/heads/master refs/remotes/master [2ms]
2024-11-03 04:11:07.993 [info] > git config --get commit.template [8ms]
2024-11-03 04:11:08.016 [info] > git for-each-ref --sort -committerdate --format %(refname) %(objectname) %(*objectname) [3ms]
2024-11-03 04:11:08.045 [info] > git status -z -uall [47ms]
2024-11-03 04:11:13.063 [info] > git config --get commit.template [7ms]
2024-11-03 04:11:13.064 [info] > git for-each-ref --format=%(refname)%00%(upstream:short)%00%(objectname)%00%(upstream:track)%00%(upstream:remotename)%00%(upstream:remoteref) refs/heads/master refs/remotes/master [2ms]
2024-11-03 04:11:13.085 [info] > git for-each-ref --sort -committerdate --format %(refname) %(objectname) %(*objectname) [2ms]
2024-11-03 04:11:13.117 [info] > git status -z -uall [48ms]
2024-11-03 04:11:18.137 [info] > git config --get commit.template [7ms]
2024-11-03 04:11:18.139 [info] > git for-each-ref --format=%(refname)%00%(upstream:short)%00%(objectname)%00%(upstream:track)%00%(upstream:remotename)%00%(upstream:remoteref) refs/heads/master refs/remotes/master [3ms]
2024-11-03 04:11:18.178 [info] > git for-each-ref --sort -committerdate --format %(refname) %(objectname) %(*objectname) [10ms]
2024-11-03 04:11:18.200 [info] > git status -z -uall [49ms]
2024-11-03 04:11:23.219 [info] > git config --get commit.template [6ms]
2024-11-03 04:11:23.220 [info] > git for-each-ref --format=%(refname)%00%(upstream:short)%00%(objectname)%00%(upstream:track)%00%(upstream:remotename)%00%(upstream:remoteref) refs/heads/master refs/remotes/master [1ms]
2024-11-03 04:11:23.242 [info] > git for-each-ref --sort -committerdate --format %(refname) %(objectname) %(*objectname) [3ms]
2024-11-03 04:11:23.271 [info] > git status -z -uall [46ms]
2024-11-03 04:11:28.286 [info] > git config --get commit.template [3ms]
2024-11-03 04:11:28.292 [info] > git for-each-ref --format=%(refname)%00%(upstream:short)%00%(objectname)%00%(upstream:track)%00%(upstream:remotename)%00%(upstream:remoteref) refs/heads/master refs/remotes/master [2ms]
2024-11-03 04:11:28.313 [info] > git for-each-ref --sort -committerdate --format %(refname) %(objectname) %(*objectname) [3ms]
2024-11-03 04:11:28.344 [info] > git status -z -uall [47ms]
2024-11-03 04:46:09.277 [info] > git config --get commit.template [3ms]
2024-11-03 04:46:09.288 [info] > git for-each-ref --format=%(refname)%00%(upstream:short)%00%(objectname)%00%(upstream:track)%00%(upstream:remotename)%00%(upstream:remoteref) refs/heads/master refs/remotes/master [1ms]
2024-11-03 04:46:09.314 [info] > git for-each-ref --sort -committerdate --format %(refname) %(objectname) %(*objectname) [8ms]
2024-11-03 04:46:09.355 [info] > git status -z -uall [61ms]
2024-11-03 04:46:14.372 [info] > git config --get commit.template [6ms]
2024-11-03 04:46:14.374 [info] > git for-each-ref --format=%(refname)%00%(upstream:short)%00%(objectname)%00%(upstream:track)%00%(upstream:remotename)%00%(upstream:remoteref) refs/heads/master refs/remotes/master [2ms]
2024-11-03 04:46:14.413 [info] > git for-each-ref --sort -committerdate --format %(refname) %(objectname) %(*objectname) [22ms]
2024-11-03 04:46:14.435 [info] > git status -z -uall [57ms]
2024-11-03 04:46:19.453 [info] > git config --get commit.template [6ms]
2024-11-03 04:46:19.454 [info] > git for-each-ref --format=%(refname)%00%(upstream:short)%00%(objectname)%00%(upstream:track)%00%(upstream:remotename)%00%(upstream:remoteref) refs/heads/master refs/remotes/master [2ms]
2024-11-03 04:46:19.474 [info] > git for-each-ref --sort -committerdate --format %(refname) %(objectname) %(*objectname) [3ms]
2024-11-03 04:46:19.505 [info] > git status -z -uall [47ms]
2024-11-03 04:46:24.520 [info] > git config --get commit.template [2ms]
2024-11-03 04:46:24.526 [info] > git for-each-ref --format=%(refname)%00%(upstream:short)%00%(objectname)%00%(upstream:track)%00%(upstream:remotename)%00%(upstream:remoteref) refs/heads/master refs/remotes/master [2ms]
2024-11-03 04:46:24.545 [info] > git for-each-ref --sort -committerdate --format %(refname) %(objectname) %(*objectname) [3ms]
2024-11-03 04:46:24.578 [info] > git status -z -uall [47ms]
2024-11-03 04:46:29.594 [info] > git config --get commit.template [6ms]
2024-11-03 04:46:29.595 [info] > git for-each-ref --format=%(refname)%00%(upstream:short)%00%(objectname)%00%(upstream:track)%00%(upstream:remotename)%00%(upstream:remoteref) refs/heads/master refs/remotes/master [1ms]
2024-11-03 04:46:29.613 [info] > git for-each-ref --sort -committerdate --format %(refname) %(objectname) %(*objectname) [7ms]
2024-11-03 04:46:29.649 [info] > git status -z -uall [49ms]
2024-11-03 04:46:34.665 [info] > git config --get commit.template [6ms]
2024-11-03 04:46:34.666 [info] > git for-each-ref --format=%(refname)%00%(upstream:short)%00%(objectname)%00%(upstream:track)%00%(upstream:remotename)%00%(upstream:remoteref) refs/heads/master refs/remotes/master [2ms]
2024-11-03 04:46:34.684 [info] > git for-each-ref --sort -committerdate --format %(refname) %(objectname) %(*objectname) [7ms]
2024-11-03 04:46:34.718 [info] > git status -z -uall [47ms]
2024-11-03 04:47:35.289 [info] > git config --get commit.template [5ms]
2024-11-03 04:47:35.289 [info] > git for-each-ref --format=%(refname)%00%(upstream:short)%00%(objectname)%00%(upstream:track)%00%(upstream:remotename)%00%(upstream:remoteref) refs/heads/master refs/remotes/master [1ms]
2024-11-03 04:47:35.310 [info] > git for-each-ref --sort -committerdate --format %(refname) %(objectname) %(*objectname) [3ms]
2024-11-03 04:47:35.343 [info] > git status -z -uall [49ms]
2024-11-03 04:47:40.361 [info] > git config --get commit.template [6ms]
2024-11-03 04:47:40.362 [info] > git for-each-ref --format=%(refname)%00%(upstream:short)%00%(objectname)%00%(upstream:track)%00%(upstream:remotename)%00%(upstream:remoteref) refs/heads/master refs/remotes/master [2ms]
2024-11-03 04:47:40.384 [info] > git for-each-ref --sort -committerdate --format %(refname) %(objectname) %(*objectname) [4ms]
2024-11-03 04:47:40.413 [info] > git status -z -uall [46ms]
2024-11-03 04:47:45.433 [info] > git config --get commit.template [6ms]
2024-11-03 04:47:45.434 [info] > git for-each-ref --format=%(refname)%00%(upstream:short)%00%(objectname)%00%(upstream:track)%00%(upstream:remotename)%00%(upstream:remoteref) refs/heads/master refs/remotes/master [1ms]
2024-11-03 04:47:45.456 [info] > git for-each-ref --sort -committerdate --format %(refname) %(objectname) %(*objectname) [3ms]
2024-11-03 04:47:45.488 [info] > git status -z -uall [49ms]
2024-11-03 04:47:50.506 [info] > git config --get commit.template [6ms]
2024-11-03 04:47:50.507 [info] > git for-each-ref --format=%(refname)%00%(upstream:short)%00%(objectname)%00%(upstream:track)%00%(upstream:remotename)%00%(upstream:remoteref) refs/heads/master refs/remotes/master [2ms]
2024-11-03 04:47:50.525 [info] > git for-each-ref --sort -committerdate --format %(refname) %(objectname) %(*objectname) [7ms]
2024-11-03 04:47:50.560 [info] > git status -z -uall [49ms]
2024-11-03 04:51:17.215 [info] > git config --get commit.template [6ms]
2024-11-03 04:51:17.216 [info] > git for-each-ref --format=%(refname)%00%(upstream:short)%00%(objectname)%00%(upstream:track)%00%(upstream:remotename)%00%(upstream:remoteref) refs/heads/master refs/remotes/master [1ms]
2024-11-03 04:51:17.237 [info] > git for-each-ref --sort -committerdate --format %(refname) %(objectname) %(*objectname) [4ms]
2024-11-03 04:51:17.267 [info] > git status -z -uall [47ms]
2024-11-03 04:51:22.283 [info] > git config --get commit.template [5ms]
2024-11-03 04:51:22.284 [info] > git for-each-ref --format=%(refname)%00%(upstream:short)%00%(objectname)%00%(upstream:track)%00%(upstream:remotename)%00%(upstream:remoteref) refs/heads/master refs/remotes/master [1ms]
2024-11-03 04:51:22.302 [info] > git for-each-ref --sort -committerdate --format %(refname) %(objectname) %(*objectname) [2ms]
2024-11-03 04:51:22.337 [info] > git status -z -uall [48ms]
2024-11-03 04:51:27.354 [info] > git config --get commit.template [6ms]
2024-11-03 04:51:27.355 [info] > git for-each-ref --format=%(refname)%00%(upstream:short)%00%(objectname)%00%(upstream:track)%00%(upstream:remotename)%00%(upstream:remoteref) refs/heads/master refs/remotes/master [2ms]
2024-11-03 04:51:27.372 [info] > git for-each-ref --sort -committerdate --format %(refname) %(objectname) %(*objectname) [7ms]
2024-11-03 04:51:27.406 [info] > git status -z -uall [47ms]
2024-11-03 04:51:32.424 [info] > git config --get commit.template [7ms]
2024-11-03 04:51:32.424 [info] > git for-each-ref --format=%(refname)%00%(upstream:short)%00%(objectname)%00%(upstream:track)%00%(upstream:remotename)%00%(upstream:remoteref) refs/heads/master refs/remotes/master [2ms]
2024-11-03 04:51:32.442 [info] > git for-each-ref --sort -committerdate --format %(refname) %(objectname) %(*objectname) [7ms]
2024-11-03 04:51:32.476 [info] > git status -z -uall [47ms]
2024-11-03 04:51:37.491 [info] > git config --get commit.template [2ms]
2024-11-03 04:51:37.497 [info] > git for-each-ref --format=%(refname)%00%(upstream:short)%00%(objectname)%00%(upstream:track)%00%(upstream:remotename)%00%(upstream:remoteref) refs/heads/master refs/remotes/master [1ms]
2024-11-03 04:51:37.515 [info] > git for-each-ref --sort -committerdate --format %(refname) %(objectname) %(*objectname) [7ms]
2024-11-03 04:51:37.549 [info] > git status -z -uall [47ms]
2024-11-03 04:53:57.292 [info] > git config --get commit.template [6ms]
2024-11-03 04:53:57.293 [info] > git for-each-ref --format=%(refname)%00%(upstream:short)%00%(objectname)%00%(upstream:track)%00%(upstream:remotename)%00%(upstream:remoteref) refs/heads/master refs/remotes/master [2ms]
2024-11-03 04:53:57.316 [info] > git for-each-ref --sort -committerdate --format %(refname) %(objectname) %(*objectname) [2ms]
2024-11-03 04:53:57.346 [info] > git status -z -uall [47ms]
2024-11-03 04:54:02.362 [info] > git config --get commit.template [6ms]
2024-11-03 04:54:02.363 [info] > git for-each-ref --format=%(refname)%00%(upstream:short)%00%(objectname)%00%(upstream:track)%00%(upstream:remotename)%00%(upstream:remoteref) refs/heads/master refs/remotes/master [1ms]
2024-11-03 04:54:02.382 [info] > git for-each-ref --sort -committerdate --format %(refname) %(objectname) %(*objectname) [8ms]
2024-11-03 04:54:02.416 [info] > git status -z -uall [49ms]
2024-11-03 04:54:07.433 [info] > git config --get commit.template [7ms]
2024-11-03 04:54:07.434 [info] > git for-each-ref --format=%(refname)%00%(upstream:short)%00%(objectname)%00%(upstream:track)%00%(upstream:remotename)%00%(upstream:remoteref) refs/heads/master refs/remotes/master [2ms]
2024-11-03 04:54:07.454 [info] > git for-each-ref --sort -committerdate --format %(refname) %(objectname) %(*objectname) [1ms]
2024-11-03 04:54:07.484 [info] > git status -z -uall [46ms]
2024-11-03 04:54:12.502 [info] > git config --get commit.template [7ms]
2024-11-03 04:54:12.503 [info] > git for-each-ref --format=%(refname)%00%(upstream:short)%00%(objectname)%00%(upstream:track)%00%(upstream:remotename)%00%(upstream:remoteref) refs/heads/master refs/remotes/master [1ms]
2024-11-03 04:54:12.525 [info] > git for-each-ref --sort -committerdate --format %(refname) %(objectname) %(*objectname) [5ms]
2024-11-03 04:54:12.558 [info] > git status -z -uall [50ms]
2024-11-03 04:54:17.575 [info] > git config --get commit.template [7ms]
2024-11-03 04:54:17.576 [info] > git for-each-ref --format=%(refname)%00%(upstream:short)%00%(objectname)%00%(upstream:track)%00%(upstream:remotename)%00%(upstream:remoteref) refs/heads/master refs/remotes/master [2ms]
2024-11-03 04:54:17.594 [info] > git for-each-ref --sort -committerdate --format %(refname) %(objectname) %(*objectname) [3ms]
2024-11-03 04:54:17.628 [info] > git status -z -uall [48ms]
2024-11-03 04:54:22.645 [info] > git config --get commit.template [6ms]
2024-11-03 04:54:22.646 [info] > git for-each-ref --format=%(refname)%00%(upstream:short)%00%(objectname)%00%(upstream:track)%00%(upstream:remotename)%00%(upstream:remoteref) refs/heads/master refs/remotes/master [2ms]
2024-11-03 04:54:22.663 [info] > git for-each-ref --sort -committerdate --format %(refname) %(objectname) %(*objectname) [6ms]
2024-11-03 04:54:22.698 [info] > git status -z -uall [48ms]
2024-11-03 04:54:27.714 [info] > git config --get commit.template [6ms]
2024-11-03 04:54:27.714 [info] > git for-each-ref --format=%(refname)%00%(upstream:short)%00%(objectname)%00%(upstream:track)%00%(upstream:remotename)%00%(upstream:remoteref) refs/heads/master refs/remotes/master [2ms]
2024-11-03 04:54:27.733 [info] > git for-each-ref --sort -committerdate --format %(refname) %(objectname) %(*objectname) [8ms]
2024-11-03 04:54:27.765 [info] > git status -z -uall [47ms]
2024-11-03 04:54:32.778 [info] > git config --get commit.template [2ms]
2024-11-03 04:54:32.784 [info] > git for-each-ref --format=%(refname)%00%(upstream:short)%00%(objectname)%00%(upstream:track)%00%(upstream:remotename)%00%(upstream:remoteref) refs/heads/master refs/remotes/master [1ms]
2024-11-03 04:54:32.805 [info] > git for-each-ref --sort -committerdate --format %(refname) %(objectname) %(*objectname) [2ms]
2024-11-03 04:54:32.836 [info] > git status -z -uall [47ms]
2024-11-03 04:55:08.603 [info] > git config --get commit.template [6ms]
2024-11-03 04:55:08.604 [info] > git for-each-ref --format=%(refname)%00%(upstream:short)%00%(objectname)%00%(upstream:track)%00%(upstream:remotename)%00%(upstream:remoteref) refs/heads/master refs/remotes/master [2ms]
2024-11-03 04:55:08.622 [info] > git for-each-ref --sort -committerdate --format %(refname) %(objectname) %(*objectname) [7ms]
2024-11-03 04:55:08.657 [info] > git status -z -uall [48ms]
2024-11-03 04:55:13.674 [info] > git config --get commit.template [6ms]
2024-11-03 04:55:13.675 [info] > git for-each-ref --format=%(refname)%00%(upstream:short)%00%(objectname)%00%(upstream:track)%00%(upstream:remotename)%00%(upstream:remoteref) refs/heads/master refs/remotes/master [3ms]
2024-11-03 04:55:13.694 [info] > git for-each-ref --sort -committerdate --format %(refname) %(objectname) %(*objectname) [7ms]
2024-11-03 04:55:13.727 [info] > git status -z -uall [47ms]
2024-11-03 04:55:18.744 [info] > git config --get commit.template [5ms]
2024-11-03 04:55:18.745 [info] > git for-each-ref --format=%(refname)%00%(upstream:short)%00%(objectname)%00%(upstream:track)%00%(upstream:remotename)%00%(upstream:remoteref) refs/heads/master refs/remotes/master [1ms]
2024-11-03 04:55:18.765 [info] > git for-each-ref --sort -committerdate --format %(refname) %(objectname) %(*objectname) [9ms]
2024-11-03 04:55:18.796 [info] > git status -z -uall [46ms]
2024-11-03 04:56:14.479 [info] > git config --get commit.template [6ms]
2024-11-03 04:56:14.480 [info] > git for-each-ref --format=%(refname)%00%(upstream:short)%00%(objectname)%00%(upstream:track)%00%(upstream:remotename)%00%(upstream:remoteref) refs/heads/master refs/remotes/master [1ms]
2024-11-03 04:56:14.500 [info] > git for-each-ref --sort -committerdate --format %(refname) %(objectname) %(*objectname) [9ms]
2024-11-03 04:56:14.532 [info] > git status -z -uall [47ms]
2024-11-03 04:56:44.728 [info] > git config --get commit.template [6ms]
2024-11-03 04:56:44.729 [info] > git for-each-ref --format=%(refname)%00%(upstream:short)%00%(objectname)%00%(upstream:track)%00%(upstream:remotename)%00%(upstream:remoteref) refs/heads/master refs/remotes/master [1ms]
2024-11-03 04:56:44.748 [info] > git for-each-ref --sort -committerdate --format %(refname) %(objectname) %(*objectname) [8ms]
2024-11-03 04:56:44.781 [info] > git status -z -uall [47ms]
2024-11-03 04:57:17.649 [info] > git config --get commit.template [7ms]
2024-11-03 04:57:17.650 [info] > git for-each-ref --format=%(refname)%00%(upstream:short)%00%(objectname)%00%(upstream:track)%00%(upstream:remotename)%00%(upstream:remoteref) refs/heads/master refs/remotes/master [2ms]
2024-11-03 04:57:17.669 [info] > git for-each-ref --sort -committerdate --format %(refname) %(objectname) %(*objectname) [9ms]
2024-11-03 04:57:17.708 [info] > git status -z -uall [54ms]
2024-11-03 04:57:22.725 [info] > git config --get commit.template [6ms]
2024-11-03 04:57:22.726 [info] > git for-each-ref --format=%(refname)%00%(upstream:short)%00%(objectname)%00%(upstream:track)%00%(upstream:remotename)%00%(upstream:remoteref) refs/heads/master refs/remotes/master [2ms]
2024-11-03 04:57:22.746 [info] > git for-each-ref --sort -committerdate --format %(refname) %(objectname) %(*objectname) [2ms]
2024-11-03 04:57:22.777 [info] > git status -z -uall [46ms]
2024-11-03 04:57:27.795 [info] > git config --get commit.template [6ms]
2024-11-03 04:57:27.796 [info] > git for-each-ref --format=%(refname)%00%(upstream:short)%00%(objectname)%00%(upstream:track)%00%(upstream:remotename)%00%(upstream:remoteref) refs/heads/master refs/remotes/master [1ms]
2024-11-03 04:57:27.815 [info] > git for-each-ref --sort -committerdate --format %(refname) %(objectname) %(*objectname) [8ms]
2024-11-03 04:57:27.848 [info] > git status -z -uall [48ms]
2024-11-03 04:57:32.863 [info] > git config --get commit.template [6ms]
2024-11-03 04:57:32.864 [info] > git for-each-ref --format=%(refname)%00%(upstream:short)%00%(objectname)%00%(upstream:track)%00%(upstream:remotename)%00%(upstream:remoteref) refs/heads/master refs/remotes/master [1ms]
2024-11-03 04:57:32.885 [info] > git for-each-ref --sort -committerdate --format %(refname) %(objectname) %(*objectname) [3ms]
2024-11-03 04:57:32.915 [info] > git status -z -uall [45ms]
2024-11-03 04:57:37.931 [info] > git config --get commit.template [6ms]
2024-11-03 04:57:37.932 [info] > git for-each-ref --format=%(refname)%00%(upstream:short)%00%(objectname)%00%(upstream:track)%00%(upstream:remotename)%00%(upstream:remoteref) refs/heads/master refs/remotes/master [2ms]
2024-11-03 04:57:37.951 [info] > git for-each-ref --sort -committerdate --format %(refname) %(objectname) %(*objectname) [8ms]
2024-11-03 04:57:37.985 [info] > git status -z -uall [48ms]
2024-11-03 04:57:42.997 [info] > git config --get commit.template [1ms]
2024-11-03 04:57:43.003 [info] > git for-each-ref --format=%(refname)%00%(upstream:short)%00%(objectname)%00%(upstream:track)%00%(upstream:remotename)%00%(upstream:remoteref) refs/heads/master refs/remotes/master [2ms]
2024-11-03 04:57:43.023 [info] > git for-each-ref --sort -committerdate --format %(refname) %(objectname) %(*objectname) [3ms]
2024-11-03 04:57:43.054 [info] > git status -z -uall [46ms]
2024-11-03 04:57:48.071 [info] > git config --get commit.template [6ms]
2024-11-03 04:57:48.072 [info] > git for-each-ref --format=%(refname)%00%(upstream:short)%00%(objectname)%00%(upstream:track)%00%(upstream:remotename)%00%(upstream:remoteref) refs/heads/master refs/remotes/master [2ms]
2024-11-03 04:57:48.091 [info] > git for-each-ref --sort -committerdate --format %(refname) %(objectname) %(*objectname) [8ms]
2024-11-03 04:57:48.123 [info] > git status -z -uall [47ms]
