2024-10-24 09:42:36.930 [info] [main] Log level: Info
2024-10-24 09:42:36.930 [info] [main] Validating found git in: "git"
2024-10-24 09:42:36.981 [info] [main] Using git "2.25.1" from "git"
2024-10-24 09:42:36.984 [info] [Model][doInitialScan] Initial repository scan started
2024-10-24 09:42:40.440 [info] > git rev-parse --show-toplevel [495ms]
2024-10-24 09:42:40.440 [info] fatal: not a git repository (or any of the parent directories): .git
2024-10-24 09:42:40.699 [info] > git rev-parse --show-toplevel [250ms]
2024-10-24 09:42:40.699 [info] fatal: not a git repository (or any of the parent directories): .git
2024-10-24 09:42:41.772 [info] > git rev-parse --show-toplevel [37ms]
2024-10-24 09:42:41.772 [info] fatal: not a git repository (or any of the parent directories): .git
2024-10-24 09:42:41.820 [info] > git rev-parse --show-toplevel [11ms]
2024-10-24 09:42:41.820 [info] fatal: not a git repository (or any of the parent directories): .git
2024-10-24 09:42:41.850 [info] > git rev-parse --show-toplevel [19ms]
2024-10-24 09:42:41.850 [info] fatal: not a git repository (or any of the parent directories): .git
2024-10-24 09:42:41.859 [info] > git rev-parse --show-toplevel [3ms]
2024-10-24 09:42:41.859 [info] fatal: not a git repository (or any of the parent directories): .git
2024-10-24 09:42:41.921 [info] > git rev-parse --show-toplevel [38ms]
2024-10-24 09:42:41.921 [info] fatal: not a git repository (or any of the parent directories): .git
2024-10-24 09:42:41.940 [info] > git rev-parse --show-toplevel [11ms]
2024-10-24 09:42:41.940 [info] fatal: not a git repository (or any of the parent directories): .git
2024-10-24 09:42:41.954 [info] > git rev-parse --show-toplevel [8ms]
2024-10-24 09:42:41.965 [info] > git rev-parse --git-dir --git-common-dir [1ms]
2024-10-24 09:42:41.980 [info] [Model][openRepository] Opened repository: /home/kit214/.nvm
2024-10-24 09:42:42.007 [info] > git rev-parse --show-toplevel [3ms]
2024-10-24 09:42:42.007 [info] fatal: not a git repository (or any of the parent directories): .git
2024-10-24 09:42:42.008 [info] > git config --get commit.template [19ms]
2024-10-24 09:42:42.023 [info] > git rev-parse --show-toplevel [8ms]
2024-10-24 09:42:42.023 [info] fatal: not a git repository (or any of the parent directories): .git
2024-10-24 09:42:42.121 [info] > git for-each-ref --format %(refname) %(objectname) %(*objectname) refs/tags [100ms]
2024-10-24 09:42:42.162 [info] > git rev-parse --show-toplevel [128ms]
2024-10-24 09:42:42.162 [info] fatal: not a git repository (or any of the parent directories): .git
2024-10-24 09:42:42.345 [info] > git status -z -uall [209ms]
2024-10-24 09:42:42.346 [info] > git for-each-ref --sort -committerdate --format %(refname) %(objectname) %(*objectname) [185ms]
2024-10-24 09:42:42.456 [info] > git rev-parse --show-toplevel [280ms]
2024-10-24 09:42:42.830 [info] > git rev-parse --git-dir --git-common-dir [17ms]
2024-10-24 09:42:42.850 [info] [Model][openRepository] Opened repository: /home/kit214/php_web_scraper
2024-10-24 09:42:42.852 [info] > git config --get commit.template [44ms]
2024-10-24 09:42:42.919 [info] > git rev-parse --show-toplevel [52ms]
2024-10-24 09:42:42.919 [info] fatal: not a git repository (or any of the parent directories): .git
2024-10-24 09:42:42.919 [info] > git config --get commit.template [60ms]
2024-10-24 09:42:42.940 [info] > git for-each-ref --format %(refname) %(objectname) %(*objectname) refs/tags [47ms]
2024-10-24 09:42:43.075 [info] > git status -z -uall [131ms]
2024-10-24 09:42:43.076 [info] > git rev-parse --show-toplevel [144ms]
2024-10-24 09:42:43.076 [info] fatal: not a git repository (or any of the parent directories): .git
2024-10-24 09:42:43.099 [info] > git for-each-ref --format=%(refname)%00%(upstream:short)%00%(objectname)%00%(upstream:track)%00%(upstream:remotename)%00%(upstream:remoteref) refs/heads/master refs/remotes/master [140ms]
2024-10-24 09:42:43.100 [info] > git for-each-ref --sort -committerdate --format %(refname) %(objectname) %(*objectname) [149ms]
2024-10-24 09:42:43.108 [warning] [Git][revParse] Unable to read file: ENOENT: no such file or directory, open '/home/kit214/php_web_scraper/.git/refs/remotes/origin/master'
2024-10-24 09:42:43.109 [info] > git rev-parse --show-toplevel [27ms]
2024-10-24 09:42:43.109 [info] fatal: not a git repository (or any of the parent directories): .git
2024-10-24 09:42:43.112 [info] [Model][doInitialScan] Initial repository scan completed - repositories (2), closed repositories (0), parent repositories (0), unsafe repositories (0)
2024-10-24 09:42:43.113 [info] > git rev-parse refs/remotes/origin/master [5ms]
2024-10-24 09:42:43.127 [info] > git for-each-ref --sort -committerdate --format %(refname) %(objectname) %(*objectname) [4ms]
2024-10-24 09:42:43.442 [info] > git check-ignore -v -z --stdin [2ms]
2024-10-24 09:42:43.650 [info] > git status -z -uall [532ms]
2024-10-24 09:42:43.686 [info] > git for-each-ref --format=%(refname)%00%(upstream:short)%00%(objectname)%00%(upstream:track)%00%(upstream:remotename)%00%(upstream:remoteref) refs/heads/master refs/remotes/master [17ms]
2024-10-24 09:42:43.694 [info] > git config --get commit.template [8ms]
2024-10-24 09:42:43.700 [info] > git config --local branch.master.vscode-merge-base [8ms]
2024-10-24 09:42:43.714 [info] > git for-each-ref --format=%(refname)%00%(upstream:short)%00%(objectname)%00%(upstream:track)%00%(upstream:remotename)%00%(upstream:remoteref) refs/heads/origin/master refs/remotes/origin/master [1ms]
2024-10-24 09:42:43.728 [info] > git for-each-ref --format=%(refname)%00%(upstream:short)%00%(objectname)%00%(upstream:track)%00%(upstream:remotename)%00%(upstream:remoteref) refs/heads/master refs/remotes/master [29ms]
2024-10-24 09:42:43.742 [warning] [Git][revParse] Unable to read file: ENOENT: no such file or directory, open '/home/kit214/php_web_scraper/.git/refs/remotes/origin/master'
2024-10-24 09:42:43.743 [info] > git merge-base refs/heads/master refs/remotes/origin/master [16ms]
2024-10-24 09:42:43.753 [info] > git rev-parse refs/remotes/origin/master [11ms]
2024-10-24 09:42:43.783 [info] > git diff --name-status -z --diff-filter=ADMR 2b38783eea968fa879315155461ab44f19fd1411...refs/remotes/origin/master [32ms]
2024-10-24 09:42:43.811 [info] > git for-each-ref --sort -committerdate --format %(refname) %(objectname) %(*objectname) [39ms]
2024-10-24 09:42:43.863 [info] > git status -z -uall [104ms]
