2024-11-03 00:49:01.119 [info] [main] Log level: Info
2024-11-03 00:49:01.119 [info] [main] Validating found git in: "git"
2024-11-03 00:49:01.119 [info] [main] Using git "2.25.1" from "git"
2024-11-03 00:49:01.119 [info] [Model][doInitialScan] Initial repository scan started
2024-11-03 00:49:01.119 [info] > git rev-parse --show-toplevel [129ms]
2024-11-03 00:49:01.119 [info] > git rev-parse --git-dir --git-common-dir [486ms]
2024-11-03 00:49:01.119 [info] [Model][openRepository] Opened repository: /home/kit214
2024-11-03 00:49:01.674 [info] > git config --get commit.template [711ms]
2024-11-03 00:49:02.063 [info] > git check-ignore -v -z --stdin [330ms]
2024-11-03 00:49:02.161 [info] > git for-each-ref --format=%(refname)%00%(upstream:short)%00%(objectname)%00%(upstream:track)%00%(upstream:remotename)%00%(upstream:remoteref) refs/heads/master refs/remotes/master [137ms]
2024-11-03 00:49:03.341 [info] > git rev-parse --show-toplevel [1137ms]
2024-11-03 00:49:03.375 [info] > git for-each-ref --sort -committerdate --format %(refname) %(objectname) %(*objectname) [120ms]
2024-11-03 00:49:03.448 [info] > git rev-parse --show-toplevel [97ms]
2024-11-03 00:49:03.513 [info] > git rev-parse --show-toplevel [56ms]
2024-11-03 00:49:03.626 [info] > git status -z -uall [389ms]
2024-11-03 00:49:03.721 [info] > git rev-parse --show-toplevel [186ms]
2024-11-03 00:49:04.482 [info] > git rev-parse --show-toplevel [740ms]
2024-11-03 00:49:04.490 [info] > git config --get commit.template [748ms]
2024-11-03 00:49:04.491 [info] > git for-each-ref --format=%(refname)%00%(upstream:short)%00%(objectname)%00%(upstream:track)%00%(upstream:remotename)%00%(upstream:remoteref) refs/heads/master refs/remotes/master [773ms]
2024-11-03 00:49:04.538 [info] > git config --local branch.master.vscode-merge-base [41ms]
2024-11-03 00:49:04.539 [warning] [Git][config] git config failed: Failed to execute git
2024-11-03 00:49:04.954 [info] > git for-each-ref --format=%(refname)%00%(upstream:short)%00%(objectname)%00%(upstream:track)%00%(upstream:remotename)%00%(upstream:remoteref) refs/heads/master refs/remotes/master [417ms]
2024-11-03 00:49:04.959 [info] > git rev-parse --show-toplevel [439ms]
2024-11-03 00:49:05.022 [info] > git reflog master --grep-reflog=branch: Created from *. [473ms]
2024-11-03 00:49:05.112 [info] > git rev-parse --show-toplevel [105ms]
2024-11-03 00:49:05.746 [info] > git symbolic-ref --short refs/remotes/origin/HEAD [686ms]
2024-11-03 00:49:05.746 [info] fatal: ref refs/remotes/origin/HEAD is not a symbolic ref
2024-11-03 00:49:05.746 [warning] [Repository][getDefaultBranch] Failed to get default branch details: Failed to execute git.
2024-11-03 00:49:05.803 [info] > git rev-parse --git-dir --git-common-dir [71ms]
2024-11-03 00:49:05.809 [info] [Model][openRepository] Opened repository: /home/kit214/.nvm
2024-11-03 00:49:05.893 [info] > git status -z -uall [107ms]
2024-11-03 00:49:05.897 [info] > git for-each-ref --sort -committerdate --format %(refname) %(objectname) %(*objectname) [99ms]
2024-11-03 00:49:05.898 [info] > git merge-base refs/heads/master refs/remotes/origin/master [144ms]
2024-11-03 00:49:05.951 [info] > git rev-parse --show-toplevel [71ms]
2024-11-03 00:49:05.951 [info] > git config --get commit.template [78ms]
2024-11-03 00:49:06.021 [info] > git diff --name-status -z --diff-filter=ADMR b2a6cdf0726442b7d2d35997a8004ec00932e19b...refs/remotes/origin/master [85ms]
2024-11-03 00:49:06.030 [info] > git rev-parse --show-toplevel [18ms]
2024-11-03 00:49:06.030 [info] > git merge-base refs/heads/master refs/remotes/origin/master [30ms]
2024-11-03 00:49:06.061 [info] > git for-each-ref --format %(refname) %(objectname) %(*objectname) refs/tags [33ms]
2024-11-03 00:49:06.413 [info] > git status -z -uall [338ms]
2024-11-03 00:49:06.434 [info] > git for-each-ref --sort -committerdate --format %(refname) %(objectname) %(*objectname) [341ms]
2024-11-03 00:49:06.439 [info] > git rev-parse --show-toplevel [385ms]
2024-11-03 00:49:06.439 [info] > git diff --name-status -z --diff-filter=ADMR b2a6cdf0726442b7d2d35997a8004ec00932e19b...refs/remotes/origin/master [401ms]
2024-11-03 00:49:06.493 [info] > git check-ignore -v -z --stdin [45ms]
2024-11-03 00:49:06.494 [info] > git check-ignore -v -z --stdin [33ms]
2024-11-03 00:49:06.498 [info] > git config --get commit.template [23ms]
2024-11-03 00:49:06.506 [info] > git rev-parse --show-toplevel [21ms]
2024-11-03 00:49:06.516 [info] [Model][doInitialScan] Initial repository scan completed - repositories (2), closed repositories (0), parent repositories (0), unsafe repositories (0)
2024-11-03 00:49:06.587 [info] > git show --textconv :tracks.js [57ms]
2024-11-03 00:49:06.587 [info] > git show --textconv :races.js [45ms]
2024-11-03 00:49:06.588 [info] > git ls-files --stage -- /home/kit214/tracks.js [36ms]
2024-11-03 00:49:06.598 [info] > git for-each-ref --format %(refname) %(objectname) %(*objectname) refs/tags [26ms]
2024-11-03 00:49:06.617 [info] > git ls-files --stage -- /home/kit214/races.js [55ms]
2024-11-03 00:49:06.634 [info] > git status -z -uall [28ms]
2024-11-03 00:49:06.636 [info] > git for-each-ref --sort -committerdate --format %(refname) %(objectname) %(*objectname) [18ms]
2024-11-03 00:49:06.639 [info] > git cat-file -s d2f5db5aaf3be96ca198628fac5c119ae2146b6e [45ms]
2024-11-03 00:49:06.652 [info] > git cat-file -s 675b6f0b8f567744fa5cd3637a5636d8e7909c80 [26ms]
2024-11-03 00:49:10.091 [info] > git for-each-ref --format=%(refname)%00%(upstream:short)%00%(objectname)%00%(upstream:track)%00%(upstream:remotename)%00%(upstream:remoteref) refs/heads/master refs/remotes/master [54ms]
2024-11-03 00:49:10.091 [info] > git config --get commit.template [65ms]
2024-11-03 00:49:10.112 [info] > git for-each-ref --sort -committerdate --format %(refname) %(objectname) %(*objectname) [3ms]
2024-11-03 00:49:10.160 [info] > git status -z -uall [63ms]
2024-11-03 00:49:11.541 [info] > git show --textconv :.sudo_as_admin_successful [16ms]
2024-11-03 00:49:11.550 [info] > git ls-files --stage -- /home/kit214/.sudo_as_admin_successful [16ms]
2024-11-03 00:49:11.570 [info] > git cat-file -s e69de29bb2d1d6434b8b29ae775ad8c2e48c5391 [13ms]
2024-11-03 00:49:12.224 [info] > git show --textconv :tracks.js [10ms]
2024-11-03 00:49:12.226 [info] > git ls-files --stage -- /home/kit214/tracks.js [5ms]
2024-11-03 00:49:12.232 [info] > git cat-file -s d2f5db5aaf3be96ca198628fac5c119ae2146b6e [2ms]
2024-11-03 01:28:06.564 [info] > git config --get commit.template [2ms]
2024-11-03 01:28:06.568 [info] > git for-each-ref --format=%(refname)%00%(upstream:short)%00%(objectname)%00%(upstream:track)%00%(upstream:remotename)%00%(upstream:remoteref) refs/heads/master refs/remotes/master [1ms]
2024-11-03 01:28:06.579 [info] > git for-each-ref --sort -committerdate --format %(refname) %(objectname) %(*objectname) [3ms]
2024-11-03 01:28:06.620 [info] > git status -z -uall [48ms]
2024-11-03 01:28:13.337 [info] > git config --get commit.template [4ms]
2024-11-03 01:28:13.338 [info] > git for-each-ref --format=%(refname)%00%(upstream:short)%00%(objectname)%00%(upstream:track)%00%(upstream:remotename)%00%(upstream:remoteref) refs/heads/master refs/remotes/master [2ms]
2024-11-03 01:28:13.350 [info] > git for-each-ref --sort -committerdate --format %(refname) %(objectname) %(*objectname) [5ms]
2024-11-03 01:28:15.079 [info] > git status -z -uall [1738ms]
2024-11-03 01:28:26.828 [info] > git config --get commit.template [4ms]
2024-11-03 01:28:26.829 [info] > git for-each-ref --format=%(refname)%00%(upstream:short)%00%(objectname)%00%(upstream:track)%00%(upstream:remotename)%00%(upstream:remoteref) refs/heads/master refs/remotes/master [2ms]
2024-11-03 01:28:26.841 [info] > git for-each-ref --sort -committerdate --format %(refname) %(objectname) %(*objectname) [4ms]
2024-11-03 01:28:26.874 [info] > git status -z -uall [42ms]
2024-11-03 01:28:26.891 [info] > git merge-base refs/heads/master refs/remotes/origin/master [2ms]
2024-11-03 01:28:26.896 [info] > git diff --name-status -z --diff-filter=ADMR b2a6cdf0726442b7d2d35997a8004ec00932e19b...refs/remotes/origin/master [2ms]
2024-11-03 01:28:43.194 [info] > git config --get commit.template [5ms]
2024-11-03 01:28:43.194 [info] > git for-each-ref --format=%(refname)%00%(upstream:short)%00%(objectname)%00%(upstream:track)%00%(upstream:remotename)%00%(upstream:remoteref) refs/heads/master refs/remotes/master [1ms]
2024-11-03 01:28:43.213 [info] > git for-each-ref --sort -committerdate --format %(refname) %(objectname) %(*objectname) [10ms]
2024-11-03 01:28:43.240 [info] > git status -z -uall [42ms]
2024-11-03 01:28:43.248 [info] > git merge-base refs/heads/master refs/remotes/origin/master [3ms]
2024-11-03 01:28:43.252 [info] > git diff --name-status -z --diff-filter=ADMR 0e5543c27140ccff0401e8cbdba7a2ff5a202009...refs/remotes/origin/master [1ms]
2024-11-03 01:28:44.375 [info] > git config --get commit.template [5ms]
2024-11-03 01:28:44.376 [info] > git for-each-ref --format=%(refname)%00%(upstream:short)%00%(objectname)%00%(upstream:track)%00%(upstream:remotename)%00%(upstream:remoteref) refs/heads/master refs/remotes/master [1ms]
2024-11-03 01:28:44.393 [info] > git for-each-ref --sort -committerdate --format %(refname) %(objectname) %(*objectname) [9ms]
2024-11-03 01:28:44.421 [info] > git status -z -uall [42ms]
2024-11-03 01:28:44.507 [info] > git ls-files --stage -- /home/kit214/races.js [3ms]
2024-11-03 01:28:44.513 [info] > git cat-file -s f367e57e92153392629acd7d772c89d3555b2b00 [1ms]
2024-11-03 01:28:44.574 [info] > git show --textconv :races.js [3ms]
2024-11-03 01:28:48.879 [info] > git check-ignore -v -z --stdin [5ms]
