Listening on 127.0.0.1:34523
[2024-08-14 07:55:32] info Disposed of connection to running server.
looking for token 874dd6f6-e540-4189-92d9-88dcafd6d052, got Some("874dd6f6-e540-4189-92d9-88dcafd6d052")
[2024-08-14 07:55:32] info Checking /home/kit214/.vscode-server/cli/servers/Stable-b1c0a14de1414fcdaa400695b4db1c0799bc3124/log.txt and /home/kit214/.vscode-server/cli/servers/Stable-b1c0a14de1414fcdaa400695b4db1c0799bc3124/pid.txt for a running server...
[2024-08-14 07:55:32] info Starting server...
[2024-08-14 07:55:33] info Server started
[2024-08-14 07:59:39] warn error handling call: NoAttachedServerError(NoAttachedServerError)
[2024-08-14 07:59:39] warn error handling call: NoAttachedServerError(NoAttachedServerError)
[2024-08-14 07:59:39] warn error handling call: NoAttachedServerError(NoAttachedServerError)
[2024-08-14 07:59:40] warn error handling call: NoAttachedServerError(NoAttachedServerError)
[2024-08-14 07:59:40] warn error handling call: NoAttachedServerError(NoAttachedServerError)
[2024-08-14 07:59:40] warn error handling call: NoAttachedServerError(NoAttachedServerError)
[2024-08-14 07:59:40] warn error handling call: NoAttachedServerError(NoAttachedServerError)
[2024-08-14 07:59:40] warn error handling call: NoAttachedServerError(NoAttachedServerError)
[2024-08-14 07:59:40] warn error handling call: NoAttachedServerError(NoAttachedServerError)
[2024-08-14 07:59:41] warn error handling call: NoAttachedServerError(NoAttachedServerError)
[2024-08-14 07:59:41] warn error handling call: NoAttachedServerError(NoAttachedServerError)
[2024-08-14 07:59:41] warn error handling call: NoAttachedServerError(NoAttachedServerError)
[2024-08-14 07:59:41] warn error handling call: NoAttachedServerError(NoAttachedServerError)
[2024-08-14 07:59:41] warn error handling call: NoAttachedServerError(NoAttachedServerError)
[2024-08-14 07:59:41] warn error handling call: NoAttachedServerError(NoAttachedServerError)
[2024-08-14 07:59:42] warn error handling call: NoAttachedServerError(NoAttachedServerError)
[2024-08-14 07:59:42] warn error handling call: NoAttachedServerError(NoAttachedServerError)
[2024-08-14 07:59:42] warn error handling call: NoAttachedServerError(NoAttachedServerError)
[2024-08-14 07:59:42] warn error handling call: NoAttachedServerError(NoAttachedServerError)
[2024-08-14 07:59:42] warn error handling call: NoAttachedServerError(NoAttachedServerError)
[2024-08-14 07:59:42] warn error handling call: NoAttachedServerError(NoAttachedServerError)
[2024-08-14 07:59:43] warn error handling call: NoAttachedServerError(NoAttachedServerError)
[2024-08-14 07:59:43] warn error handling call: NoAttachedServerError(NoAttachedServerError)
[2024-08-14 07:59:43] warn error handling call: NoAttachedServerError(NoAttachedServerError)
[2024-08-14 07:59:43] warn error handling call: NoAttachedServerError(NoAttachedServerError)
[2024-08-14 07:59:43] warn error handling call: NoAttachedServerError(NoAttachedServerError)
[2024-08-14 07:59:43] warn error handling call: NoAttachedServerError(NoAttachedServerError)
[2024-08-14 07:59:43] warn error handling call: NoAttachedServerError(NoAttachedServerError)
[2024-08-14 07:59:44] warn error handling call: NoAttachedServerError(NoAttachedServerError)
[2024-08-14 07:59:44] warn error handling call: NoAttachedServerError(NoAttachedServerError)
[2024-08-14 07:59:44] warn error handling call: NoAttachedServerError(NoAttachedServerError)
[2024-08-14 07:59:44] warn error handling call: NoAttachedServerError(NoAttachedServerError)
[2024-08-14 07:59:44] warn error handling call: NoAttachedServerError(NoAttachedServerError)
[2024-08-14 07:59:44] warn error handling call: NoAttachedServerError(NoAttachedServerError)
[2024-08-14 07:59:44] warn error handling call: NoAttachedServerError(NoAttachedServerError)
[2024-08-14 07:59:45] warn error handling call: NoAttachedServerError(NoAttachedServerError)
[2024-08-14 07:59:45] warn error handling call: NoAttachedServerError(NoAttachedServerError)
[2024-08-14 07:59:45] warn error handling call: NoAttachedServerError(NoAttachedServerError)
[2024-08-14 07:59:45] warn error handling call: NoAttachedServerError(NoAttachedServerError)
[2024-08-14 07:59:45] warn error handling call: NoAttachedServerError(NoAttachedServerError)
[2024-08-14 07:59:45] warn error handling call: NoAttachedServerError(NoAttachedServerError)
[2024-08-14 07:59:46] warn error handling call: NoAttachedServerError(NoAttachedServerError)
[2024-08-14 07:59:46] warn error handling call: NoAttachedServerError(NoAttachedServerError)
[2024-08-14 07:59:46] warn error handling call: NoAttachedServerError(NoAttachedServerError)
[2024-08-14 07:59:46] warn error handling call: NoAttachedServerError(NoAttachedServerError)
[2024-08-14 07:59:46] warn error handling call: NoAttachedServerError(NoAttachedServerError)
[2024-08-14 07:59:46] warn error handling call: NoAttachedServerError(NoAttachedServerError)
[2024-08-14 07:59:46] warn error handling call: NoAttachedServerError(NoAttachedServerError)
[2024-08-14 07:59:46] warn error handling call: NoAttachedServerError(NoAttachedServerError)
[2024-08-14 07:59:47] warn error handling call: NoAttachedServerError(NoAttachedServerError)
[2024-08-14 07:59:47] warn error handling call: NoAttachedServerError(NoAttachedServerError)
[2024-08-14 07:59:47] warn error handling call: NoAttachedServerError(NoAttachedServerError)
[2024-08-14 07:59:47] warn error handling call: NoAttachedServerError(NoAttachedServerError)
[2024-08-14 07:59:47] warn error handling call: NoAttachedServerError(NoAttachedServerError)
[2024-08-14 07:59:47] warn error handling call: NoAttachedServerError(NoAttachedServerError)
[2024-08-14 07:59:47] warn error handling call: NoAttachedServerError(NoAttachedServerError)
[2024-08-14 07:59:48] warn error handling call: NoAttachedServerError(NoAttachedServerError)
[2024-08-14 07:59:48] warn error handling call: NoAttachedServerError(NoAttachedServerError)
[2024-08-14 07:59:48] warn error handling call: NoAttachedServerError(NoAttachedServerError)
[2024-08-14 07:59:48] warn error handling call: NoAttachedServerError(NoAttachedServerError)
[2024-08-14 07:59:48] warn error handling call: NoAttachedServerError(NoAttachedServerError)
[2024-08-14 07:59:48] warn error handling call: NoAttachedServerError(NoAttachedServerError)
[2024-08-14 07:59:48] warn error handling call: NoAttachedServerError(NoAttachedServerError)
[2024-08-14 07:59:48] warn error handling call: NoAttachedServerError(NoAttachedServerError)
[2024-08-14 07:59:48] warn error handling call: NoAttachedServerError(NoAttachedServerError)
[2024-08-14 07:59:48] warn error handling call: NoAttachedServerError(NoAttachedServerError)
[2024-08-14 07:59:49] warn error handling call: NoAttachedServerError(NoAttachedServerError)
[2024-08-14 07:59:49] warn error handling call: NoAttachedServerError(NoAttachedServerError)
[2024-08-14 07:59:49] warn error handling call: NoAttachedServerError(NoAttachedServerError)
[2024-08-14 07:59:49] warn error handling call: NoAttachedServerError(NoAttachedServerError)
[2024-08-14 07:59:49] warn error handling call: NoAttachedServerError(NoAttachedServerError)
[2024-08-14 07:59:49] warn error handling call: NoAttachedServerError(NoAttachedServerError)
[2024-08-14 07:59:49] warn error handling call: NoAttachedServerError(NoAttachedServerError)
[2024-08-14 07:59:49] warn error handling call: NoAttachedServerError(NoAttachedServerError)
[2024-08-14 07:59:50] warn error handling call: NoAttachedServerError(NoAttachedServerError)
[2024-08-14 07:59:50] warn error handling call: NoAttachedServerError(NoAttachedServerError)
[2024-08-14 07:59:50] warn error handling call: NoAttachedServerError(NoAttachedServerError)
[2024-08-14 07:59:50] warn error handling call: NoAttachedServerError(NoAttachedServerError)
[2024-08-14 07:59:50] warn error handling call: NoAttachedServerError(NoAttachedServerError)
[2024-08-14 07:59:50] warn error handling call: NoAttachedServerError(NoAttachedServerError)
[2024-08-14 07:59:50] warn error handling call: NoAttachedServerError(NoAttachedServerError)
[2024-08-14 07:59:50] warn error handling call: NoAttachedServerError(NoAttachedServerError)
[2024-08-14 07:59:51] warn error handling call: NoAttachedServerError(NoAttachedServerError)
[2024-08-14 07:59:51] warn error handling call: NoAttachedServerError(NoAttachedServerError)
[2024-08-14 07:59:51] warn error handling call: NoAttachedServerError(NoAttachedServerError)
[2024-08-14 07:59:51] warn error handling call: NoAttachedServerError(NoAttachedServerError)
[2024-08-14 07:59:51] warn error handling call: NoAttachedServerError(NoAttachedServerError)
[2024-08-14 07:59:51] warn error handling call: NoAttachedServerError(NoAttachedServerError)
[2024-08-14 07:59:51] warn error handling call: NoAttachedServerError(NoAttachedServerError)
[2024-08-14 07:59:51] warn error handling call: NoAttachedServerError(NoAttachedServerError)
[2024-08-14 07:59:51] warn error handling call: NoAttachedServerError(NoAttachedServerError)
[2024-08-14 07:59:51] warn error handling call: NoAttachedServerError(NoAttachedServerError)
[2024-08-14 07:59:52] warn error handling call: NoAttachedServerError(NoAttachedServerError)
[2024-08-14 07:59:52] warn error handling call: NoAttachedServerError(NoAttachedServerError)
[2024-08-14 07:59:52] warn error handling call: NoAttachedServerError(NoAttachedServerError)
[2024-08-14 07:59:52] warn error handling call: NoAttachedServerError(NoAttachedServerError)
[2024-08-14 07:59:52] warn error handling call: NoAttachedServerError(NoAttachedServerError)
[2024-08-14 07:59:52] warn error handling call: NoAttachedServerError(NoAttachedServerError)
[2024-08-14 07:59:52] warn error handling call: NoAttachedServerError(NoAttachedServerError)
[2024-08-14 07:59:52] warn error handling call: NoAttachedServerError(NoAttachedServerError)
[2024-08-14 07:59:53] warn error handling call: NoAttachedServerError(NoAttachedServerError)
[2024-08-14 07:59:53] warn error handling call: NoAttachedServerError(NoAttachedServerError)
[2024-08-14 07:59:53] warn error handling call: NoAttachedServerError(NoAttachedServerError)
[2024-08-14 07:59:53] warn error handling call: NoAttachedServerError(NoAttachedServerError)
[2024-08-14 07:59:53] warn error handling call: NoAttachedServerError(NoAttachedServerError)
[2024-08-14 07:59:53] warn error handling call: NoAttachedServerError(NoAttachedServerError)
[2024-08-14 07:59:53] warn error handling call: NoAttachedServerError(NoAttachedServerError)
[2024-08-14 07:59:53] warn error handling call: NoAttachedServerError(NoAttachedServerError)
[2024-08-14 07:59:53] warn error handling call: NoAttachedServerError(NoAttachedServerError)
[2024-08-14 07:59:53] warn error handling call: NoAttachedServerError(NoAttachedServerError)
[2024-08-14 07:59:54] warn error handling call: NoAttachedServerError(NoAttachedServerError)
[2024-08-14 07:59:54] warn error handling call: NoAttachedServerError(NoAttachedServerError)
[2024-08-14 07:59:54] warn error handling call: NoAttachedServerError(NoAttachedServerError)
[2024-08-14 07:59:54] warn error handling call: NoAttachedServerError(NoAttachedServerError)
[2024-08-14 07:59:54] warn error handling call: NoAttachedServerError(NoAttachedServerError)
[2024-08-14 07:59:54] warn error handling call: NoAttachedServerError(NoAttachedServerError)
[2024-08-14 07:59:55] warn error handling call: NoAttachedServerError(NoAttachedServerError)
[2024-08-14 07:59:55] warn error handling call: NoAttachedServerError(NoAttachedServerError)
[2024-08-14 07:59:55] warn error handling call: NoAttachedServerError(NoAttachedServerError)
[2024-08-14 08:01:33] warn error handling call: NoAttachedServerError(NoAttachedServerError)
[2024-08-14 08:01:33] warn error handling call: NoAttachedServerError(NoAttachedServerError)
[2024-08-14 08:01:33] warn error handling call: NoAttachedServerError(NoAttachedServerError)
[2024-08-14 08:01:33] warn error handling call: NoAttachedServerError(NoAttachedServerError)
[2024-08-14 08:01:33] warn error handling call: NoAttachedServerError(NoAttachedServerError)
[2024-08-14 08:01:33] warn error handling call: NoAttachedServerError(NoAttachedServerError)
[2024-08-14 08:01:33] warn error handling call: NoAttachedServerError(NoAttachedServerError)
[2024-08-14 08:01:33] warn error handling call: NoAttachedServerError(NoAttachedServerError)
[2024-08-14 08:01:34] warn error handling call: NoAttachedServerError(NoAttachedServerError)
[2024-08-14 08:01:34] warn error handling call: NoAttachedServerError(NoAttachedServerError)
[2024-08-14 08:01:34] warn error handling call: NoAttachedServerError(NoAttachedServerError)
[2024-08-14 08:01:34] warn error handling call: NoAttachedServerError(NoAttachedServerError)
[2024-08-14 08:01:34] warn error handling call: NoAttachedServerError(NoAttachedServerError)
[2024-08-14 08:01:34] warn error handling call: NoAttachedServerError(NoAttachedServerError)
[2024-08-14 08:01:34] warn error handling call: NoAttachedServerError(NoAttachedServerError)
[2024-08-14 08:01:34] warn error handling call: NoAttachedServerError(NoAttachedServerError)
[2024-08-14 08:01:34] warn error handling call: NoAttachedServerError(NoAttachedServerError)
[2024-08-14 08:01:34] warn error handling call: NoAttachedServerError(NoAttachedServerError)
[2024-08-14 08:01:34] warn error handling call: NoAttachedServerError(NoAttachedServerError)
[2024-08-14 08:01:35] warn error handling call: NoAttachedServerError(NoAttachedServerError)
[2024-08-14 08:01:35] warn error handling call: NoAttachedServerError(NoAttachedServerError)
[2024-08-14 08:01:35] warn error handling call: NoAttachedServerError(NoAttachedServerError)
[2024-08-14 08:01:35] warn error handling call: NoAttachedServerError(NoAttachedServerError)
[2024-08-14 08:01:35] warn error handling call: NoAttachedServerError(NoAttachedServerError)
[2024-08-14 08:01:35] warn error handling call: NoAttachedServerError(NoAttachedServerError)
[2024-08-14 08:01:35] warn error handling call: NoAttachedServerError(NoAttachedServerError)
[2024-08-14 08:01:35] warn error handling call: NoAttachedServerError(NoAttachedServerError)
[2024-08-14 08:01:35] warn error handling call: NoAttachedServerError(NoAttachedServerError)
[2024-08-14 08:01:35] warn error handling call: NoAttachedServerError(NoAttachedServerError)
[2024-08-14 08:01:36] warn error handling call: NoAttachedServerError(NoAttachedServerError)
[2024-08-14 08:01:36] warn error handling call: NoAttachedServerError(NoAttachedServerError)
[2024-08-14 08:01:36] warn error handling call: NoAttachedServerError(NoAttachedServerError)
[2024-08-14 08:01:36] warn error handling call: NoAttachedServerError(NoAttachedServerError)
[2024-08-14 08:01:36] warn error handling call: NoAttachedServerError(NoAttachedServerError)
[2024-08-14 08:01:36] warn error handling call: NoAttachedServerError(NoAttachedServerError)
[2024-08-14 08:01:37] warn error handling call: NoAttachedServerError(NoAttachedServerError)
[2024-08-14 08:01:37] warn error handling call: NoAttachedServerError(NoAttachedServerError)
[2024-08-14 08:01:37] warn error handling call: NoAttachedServerError(NoAttachedServerError)
[2024-08-14 08:01:37] warn error handling call: NoAttachedServerError(NoAttachedServerError)
[2024-08-14 08:01:37] warn error handling call: NoAttachedServerError(NoAttachedServerError)
[2024-08-14 08:01:37] warn error handling call: NoAttachedServerError(NoAttachedServerError)
[2024-08-14 08:01:37] warn error handling call: NoAttachedServerError(NoAttachedServerError)
[2024-08-14 08:01:38] warn error handling call: NoAttachedServerError(NoAttachedServerError)
[2024-08-14 08:01:38] warn error handling call: NoAttachedServerError(NoAttachedServerError)
[2024-08-14 08:01:38] warn error handling call: NoAttachedServerError(NoAttachedServerError)
[2024-08-14 08:01:38] warn error handling call: NoAttachedServerError(NoAttachedServerError)
[2024-08-14 08:01:38] warn error handling call: NoAttachedServerError(NoAttachedServerError)
[2024-08-14 08:01:38] warn error handling call: NoAttachedServerError(NoAttachedServerError)
[2024-08-14 08:01:39] warn error handling call: NoAttachedServerError(NoAttachedServerError)
[2024-08-14 08:01:39] warn error handling call: NoAttachedServerError(NoAttachedServerError)
[2024-08-14 08:01:39] warn error handling call: NoAttachedServerError(NoAttachedServerError)
[2024-08-14 08:01:39] warn error handling call: NoAttachedServerError(NoAttachedServerError)
[2024-08-14 08:01:39] warn error handling call: NoAttachedServerError(NoAttachedServerError)
[2024-08-14 08:01:39] warn error handling call: NoAttachedServerError(NoAttachedServerError)
[2024-08-14 08:01:40] warn error handling call: NoAttachedServerError(NoAttachedServerError)
[2024-08-14 08:01:40] warn error handling call: NoAttachedServerError(NoAttachedServerError)
[2024-08-14 08:01:40] warn error handling call: NoAttachedServerError(NoAttachedServerError)
[2024-08-14 08:01:40] warn error handling call: NoAttachedServerError(NoAttachedServerError)
[2024-08-14 08:01:40] warn error handling call: NoAttachedServerError(NoAttachedServerError)
[2024-08-14 08:01:40] warn error handling call: NoAttachedServerError(NoAttachedServerError)
[2024-08-14 08:01:40] warn error handling call: NoAttachedServerError(NoAttachedServerError)
[2024-08-14 08:01:41] warn error handling call: NoAttachedServerError(NoAttachedServerError)
[2024-08-14 08:01:41] warn error handling call: NoAttachedServerError(NoAttachedServerError)
[2024-08-14 08:01:41] warn error handling call: NoAttachedServerError(NoAttachedServerError)
[2024-08-14 08:01:41] warn error handling call: NoAttachedServerError(NoAttachedServerError)
[2024-08-14 08:01:41] warn error handling call: NoAttachedServerError(NoAttachedServerError)
[2024-08-14 08:01:41] warn error handling call: NoAttachedServerError(NoAttachedServerError)
[2024-08-14 08:01:42] warn error handling call: NoAttachedServerError(NoAttachedServerError)
[2024-08-14 08:01:42] warn error handling call: NoAttachedServerError(NoAttachedServerError)
[2024-08-14 08:01:42] warn error handling call: NoAttachedServerError(NoAttachedServerError)
[2024-08-14 08:01:42] warn error handling call: NoAttachedServerError(NoAttachedServerError)
[2024-08-14 08:01:42] warn error handling call: NoAttachedServerError(NoAttachedServerError)
[2024-08-14 08:01:42] warn error handling call: NoAttachedServerError(NoAttachedServerError)
[2024-08-14 08:01:43] warn error handling call: NoAttachedServerError(NoAttachedServerError)
[2024-08-14 08:01:43] warn error handling call: NoAttachedServerError(NoAttachedServerError)
[2024-08-14 08:01:43] warn error handling call: NoAttachedServerError(NoAttachedServerError)
[2024-08-14 08:01:43] warn error handling call: NoAttachedServerError(NoAttachedServerError)
[2024-08-14 08:01:43] warn error handling call: NoAttachedServerError(NoAttachedServerError)
[2024-08-14 08:01:43] warn error handling call: NoAttachedServerError(NoAttachedServerError)
[2024-08-14 08:01:43] warn error handling call: NoAttachedServerError(NoAttachedServerError)
[2024-08-14 08:01:44] warn error handling call: NoAttachedServerError(NoAttachedServerError)
[2024-08-14 08:01:44] warn error handling call: NoAttachedServerError(NoAttachedServerError)
[2024-08-14 08:01:44] warn error handling call: NoAttachedServerError(NoAttachedServerError)
[2024-08-14 08:01:44] warn error handling call: NoAttachedServerError(NoAttachedServerError)
[2024-08-14 08:01:44] warn error handling call: NoAttachedServerError(NoAttachedServerError)
[2024-08-14 08:01:44] warn error handling call: NoAttachedServerError(NoAttachedServerError)
[2024-08-14 08:01:45] warn error handling call: NoAttachedServerError(NoAttachedServerError)
[2024-08-14 08:01:45] warn error handling call: NoAttachedServerError(NoAttachedServerError)
[2024-08-14 08:01:45] warn error handling call: NoAttachedServerError(NoAttachedServerError)
[2024-08-14 08:01:45] warn error handling call: NoAttachedServerError(NoAttachedServerError)
[2024-08-14 08:01:45] warn error handling call: NoAttachedServerError(NoAttachedServerError)
[2024-08-14 08:01:45] warn error handling call: NoAttachedServerError(NoAttachedServerError)
[2024-08-14 08:01:45] warn error handling call: NoAttachedServerError(NoAttachedServerError)
[2024-08-14 08:01:46] warn error handling call: NoAttachedServerError(NoAttachedServerError)
[2024-08-14 08:01:46] warn error handling call: NoAttachedServerError(NoAttachedServerError)
[2024-08-14 08:01:46] warn error handling call: NoAttachedServerError(NoAttachedServerError)
[2024-08-14 08:01:46] warn error handling call: NoAttachedServerError(NoAttachedServerError)
[2024-08-14 08:01:46] warn error handling call: NoAttachedServerError(NoAttachedServerError)
[2024-08-14 08:01:46] warn error handling call: NoAttachedServerError(NoAttachedServerError)
[2024-08-14 08:01:47] warn error handling call: NoAttachedServerError(NoAttachedServerError)
[2024-08-14 08:01:47] warn error handling call: NoAttachedServerError(NoAttachedServerError)
[2024-08-14 08:01:47] warn error handling call: NoAttachedServerError(NoAttachedServerError)
[2024-08-14 08:01:47] warn error handling call: NoAttachedServerError(NoAttachedServerError)
[2024-08-14 08:01:47] warn error handling call: NoAttachedServerError(NoAttachedServerError)
[2024-08-14 08:01:47] warn error handling call: NoAttachedServerError(NoAttachedServerError)
[2024-08-14 08:01:47] warn error handling call: NoAttachedServerError(NoAttachedServerError)
[2024-08-14 08:01:47] warn error handling call: NoAttachedServerError(NoAttachedServerError)
[2024-08-14 08:01:47] warn error handling call: NoAttachedServerError(NoAttachedServerError)
[2024-08-14 08:01:47] warn error handling call: NoAttachedServerError(NoAttachedServerError)
[2024-08-14 08:01:47] warn error handling call: NoAttachedServerError(NoAttachedServerError)
[2024-08-14 08:01:48] warn error handling call: NoAttachedServerError(NoAttachedServerError)
[2024-08-14 08:01:48] warn error handling call: NoAttachedServerError(NoAttachedServerError)
[2024-08-14 08:01:48] warn error handling call: NoAttachedServerError(NoAttachedServerError)
[2024-08-14 08:01:48] warn error handling call: NoAttachedServerError(NoAttachedServerError)
[2024-08-14 08:01:48] warn error handling call: NoAttachedServerError(NoAttachedServerError)
[2024-08-14 08:01:48] warn error handling call: NoAttachedServerError(NoAttachedServerError)
[2024-08-14 08:01:48] warn error handling call: NoAttachedServerError(NoAttachedServerError)
[2024-08-14 08:01:48] warn error handling call: NoAttachedServerError(NoAttachedServerError)
[2024-08-14 08:01:48] warn error handling call: NoAttachedServerError(NoAttachedServerError)
[2024-08-14 08:01:48] warn error handling call: NoAttachedServerError(NoAttachedServerError)
[2024-08-14 08:01:49] warn error handling call: NoAttachedServerError(NoAttachedServerError)
[2024-08-14 08:01:49] warn error handling call: NoAttachedServerError(NoAttachedServerError)
[2024-08-14 08:01:49] warn error handling call: NoAttachedServerError(NoAttachedServerError)
[2024-08-14 08:01:49] warn error handling call: NoAttachedServerError(NoAttachedServerError)
[2024-08-14 08:01:49] warn error handling call: NoAttachedServerError(NoAttachedServerError)
[2024-08-14 08:01:49] warn error handling call: NoAttachedServerError(NoAttachedServerError)
[2024-08-14 08:01:50] warn error handling call: NoAttachedServerError(NoAttachedServerError)
[2024-08-14 08:01:50] warn error handling call: NoAttachedServerError(NoAttachedServerError)
[2024-08-14 08:01:50] warn error handling call: NoAttachedServerError(NoAttachedServerError)
[2024-08-14 08:01:50] warn error handling call: NoAttachedServerError(NoAttachedServerError)
[2024-08-14 08:01:50] warn error handling call: NoAttachedServerError(NoAttachedServerError)
[2024-08-14 08:01:50] warn error handling call: NoAttachedServerError(NoAttachedServerError)
[2024-08-14 08:01:50] warn error handling call: NoAttachedServerError(NoAttachedServerError)
[2024-08-14 08:01:51] warn error handling call: NoAttachedServerError(NoAttachedServerError)
[2024-08-14 08:01:51] warn error handling call: NoAttachedServerError(NoAttachedServerError)
[2024-08-14 08:01:51] warn error handling call: NoAttachedServerError(NoAttachedServerError)
[2024-08-14 08:01:51] warn error handling call: NoAttachedServerError(NoAttachedServerError)
[2024-08-14 08:01:51] warn error handling call: NoAttachedServerError(NoAttachedServerError)
[2024-08-14 08:12:34] info Disposed of connection to running server.
